[[  5.0250972    5.09169391   1.        ]
 [  6.05126291   5.07274788   1.        ]
 [  7.01775618   5.02615668   1.        ]
 [  8.0664949    5.00375925   1.        ]
 [  9.00595727   5.09025734   1.        ]
 [ 10.08942135   5.04923887   1.        ]
 [ 11.07932292   5.08984882   1.        ]
 [ 12.09323924   5.03824529   1.        ]
 [ 13.003873     5.02133686   1.        ]
 [ 14.06058959   5.04722955   1.        ]]
Running basin hopping with paramerters:
PARAMETERS BEGIN

epsilon=1.000000
r0=1.400000
sigma=0.141421
PARAMETERS END


E: -16.5788 accepted 1
E: -16.5250 accepted 1
E: -16.3131 accepted 1
E: -17.5471 accepted 1
E: -16.7988 accepted 0
E: -16.7801 accepted 1
E: -17.2585 accepted 1
E: -16.8620 accepted 1
E: -16.7556 accepted 1
E: -17.3026 accepted 1
Runtime = 5.360900


