[[  5.01238389   5.09624215   1.        ]
 [  6.04789887   5.06219352   1.        ]
 [  7.06985165   5.00939878   1.        ]
 [  8.02464001   5.05914561   1.        ]
 [  9.04301467   5.06700764   1.        ]
 [ 10.00891967   5.0068157    1.        ]
 [ 11.07207939   5.0052472    1.        ]
 [ 12.03822046   5.01947352   1.        ]
 [ 13.005604     5.02439555   1.        ]
 [ 14.01279501   5.02186719   1.        ]]
Running basin hopping with paramerters:
PARAMETERS BEGIN

epsilon=1.450000
r0=1.520000
sigma=0.141421
PARAMETERS END


E: -22.5473 accepted 1
E: -21.3404 accepted 0
E: -21.9491 accepted 1
E: -20.7873 accepted 0
E: -22.5474 accepted 1
E: -21.3708 accepted 0
E: -20.1483 accepted 0
E: -22.5474 accepted 1
E: -20.7813 accepted 0
E: -20.7484 accepted 0
E: -20.7502 accepted 1
Runtime = 6.458016


