[[  5.06331088   5.05760651   1.        ]
 [  6.07767002   5.01210623   1.        ]
 [  7.0787118    5.010636     1.        ]
 [  8.06410502   5.08188479   1.        ]
 [  9.06282117   5.0841578    1.        ]
 [ 10.01995979   5.04603671   1.        ]
 [ 11.00093785   5.0781799    1.        ]
 [ 12.09408588   5.06621229   1.        ]
 [ 13.07259824   5.06471053   1.        ]
 [ 14.06204696   5.03991376   1.        ]]
Running basin hopping with paramerters:
PARAMETERS BEGIN

epsilon=1.450000
r0=1.560000
sigma=0.141421
PARAMETERS END


E: -21.0791 accepted 1
E: -22.2290 accepted 1
E: -21.6566 accepted 1
E: -20.4966 accepted 0
E: -21.6438 accepted 1
E: -20.4865 accepted 0
E: -20.4988 accepted 0
E: -21.0643 accepted 0
Runtime = 4.713525


