[[  5.0483728    5.05021579   1.        ]
 [  6.08883833   5.00151236   1.        ]
 [  7.05179232   5.02080446   1.        ]
 [  8.09881446   5.01484445   1.        ]
 [  9.04351792   5.09853923   1.        ]
 [ 10.03314685   5.04272074   1.        ]
 [ 11.02099993   5.04705705   1.        ]
 [ 12.02087587   5.03808824   1.        ]
 [ 13.04442252   5.00865143   1.        ]
 [ 14.00304305   5.08522851   1.        ]]
Running basin hopping with paramerters:
PARAMETERS BEGIN

epsilon=1.450000
r0=1.660000
sigma=0.141421
PARAMETERS END


E: -19.5474 accepted 1
E: -21.1120 accepted 1
E: -20.5679 accepted 1
E: -20.7517 accepted 1
E: -23.2348 accepted 1
E: -22.6688 accepted 1
E: -22.6618 accepted 1
E: -23.1405 accepted 1
E: -23.5057 accepted 1
E: -23.8168 accepted 1
E: -19.7657 accepted 0
E: -24.5867 accepted 1
E: -21.0361 accepted 0
E: -21.0158 accepted 0
E: -25.1310 accepted 1
E: -20.4597 accepted 0
E: -20.5344 accepted 0
E: -20.5809 accepted 0
E: -24.7278 accepted 1
E: -20.2235 accepted 0
E: -21.9990 accepted 0
Runtime = 9.118393


