[[  5.06226814   5.0472598    1.        ]
 [  6.01384873   5.02514337   1.        ]
 [  7.0691873    5.04295965   1.        ]
 [  8.08337024   5.08271401   1.        ]
 [  9.03481383   5.04313779   1.        ]
 [ 10.02798763   5.09396241   1.        ]
 [ 11.01289586   5.04442737   1.        ]
 [ 12.01221464   5.02403753   1.        ]
 [ 13.02300619   5.02417256   1.        ]
 [ 14.03764358   5.07051618   1.        ]]
Running basin hopping with paramerters:
PARAMETERS BEGIN

epsilon=2.200000
r0=1.100000
sigma=0.141421
PARAMETERS END


E: -42.8479 accepted 1
E: -42.8940 accepted 1
E: -45.9750 accepted 1
E: -42.9101 accepted 0
E: -45.9749 accepted 1
E: -42.9101 accepted 0
E: -45.9749 accepted 1
E: -42.8942 accepted 0
E: -42.9101 accepted 0
Runtime = 5.110938


