[[  5.05002      5.08980352   1.        ]
 [  6.07691846   5.06070938   1.        ]
 [  7.00714311   5.04736188   1.        ]
 [  8.07962047   5.05264669   1.        ]
 [  9.04330281   5.03724687   1.        ]
 [ 10.0999333    5.03704927   1.        ]
 [ 11.03031582   5.04566222   1.        ]
 [ 12.08653027   5.03205212   1.        ]
 [ 13.03778782   5.04334915   1.        ]
 [ 14.0085045    5.00186832   1.        ]]
Running basin hopping with paramerters:
PARAMETERS BEGIN

epsilon=2.200000
r0=1.400000
sigma=0.141421
PARAMETERS END


E: -32.9870 accepted 0
E: -34.4025 accepted 1
E: -34.3927 accepted 1
E: -34.3926 accepted 1
E: -32.9870 accepted 0
E: -34.3926 accepted 1
E: -29.4892 accepted 0
E: -33.0521 accepted 0
Runtime = 5.097505


