[[  5.02503729   5.07655072   1.        ]
 [  6.07435055   5.05404434   1.        ]
 [  7.06344534   5.07256064   1.        ]
 [  8.03127849   5.01782036   1.        ]
 [  9.07039799   5.04024857   1.        ]
 [ 10.08022202   5.05927749   1.        ]
 [ 11.06010194   5.09624919   1.        ]
 [ 12.01421738   5.06390211   1.        ]
 [ 13.05898986   5.07563559   1.        ]
 [ 14.01057382   5.06648748   1.        ]]
Running basin hopping with paramerters:
PARAMETERS BEGIN

epsilon=2.200000
r0=1.520000
sigma=0.141421
PARAMETERS END


E: -27.6593 accepted 1
E: -25.0027 accepted 0
E: -30.3391 accepted 1
E: -30.3748 accepted 1
E: -33.0406 accepted 1
E: -30.3528 accepted 0
E: -27.6770 accepted 0
E: -28.4003 accepted 0
E: -30.3919 accepted 0
E: -31.6860 accepted 0
E: -31.7070 accepted 0
Runtime = 6.866464


