[[  5.05580582   5.0572799    1.        ]
 [  6.06562091   5.07809284   1.        ]
 [  7.01898179   5.00082822   1.        ]
 [  8.06143315   5.01713181   1.        ]
 [  9.07426108   5.09649577   1.        ]
 [ 10.09211606   5.06128118   1.        ]
 [ 11.06275454   5.04359677   1.        ]
 [ 12.0666041    5.00641671   1.        ]
 [ 13.02745754   5.06376907   1.        ]
 [ 14.0961284    5.03561429   1.        ]]
Running basin hopping with paramerters:
PARAMETERS BEGIN

epsilon=1.000000
r0=1.500000
sigma=0.141421
PARAMETERS END


E: -15.8256 accepted 1
E: -17.2613 accepted 1
E: -17.5905 accepted 1
E: -16.5350 accepted 1
E: -15.7060 accepted 0
E: -16.7971 accepted 1
E: -15.8895 accepted 1
E: -16.8486 accepted 1
E: -17.0734 accepted 1
Runtime = 5.317000


