[[  5.04675294   5.04386827   1.        ]
 [  6.00519546   5.08663083   1.        ]
 [  7.00935943   5.09810185   1.        ]
 [  8.00633082   5.01946801   1.        ]
 [  9.00699195   5.0618225    1.        ]
 [ 10.03847881   5.08918789   1.        ]
 [ 11.01341746   5.05830117   1.        ]
 [ 12.06025768   5.06575479   1.        ]
 [ 13.09127489   5.05479618   1.        ]
 [ 14.05181877   5.04204116   1.        ]]
Running basin hopping with paramerters:
PARAMETERS BEGIN

epsilon=2.200000
r0=1.560000
sigma=0.141421
PARAMETERS END


E: -30.4608 accepted 1
E: -30.1317 accepted 1
E: -28.7375 accepted 0
E: -30.0614 accepted 1
E: -32.7203 accepted 1
E: -30.0593 accepted 0
E: -30.0572 accepted 0
E: -31.4036 accepted 0
E: -31.3860 accepted 0
E: -31.3860 accepted 0
E: -30.0720 accepted 0
Runtime = 5.603927


