[[  5.06010694   5.02576879   1.        ]
 [  6.07730699   5.03717373   1.        ]
 [  7.08047027   5.06670817   1.        ]
 [  8.0292686    5.03176118   1.        ]
 [  9.06413979   5.00356948   1.        ]
 [ 10.08851649   5.08045487   1.        ]
 [ 11.03835099   5.0314903    1.        ]
 [ 12.07370647   5.07407317   1.        ]
 [ 13.06124174   5.02507549   1.        ]
 [ 14.08637459   5.05937653   1.        ]]
Running basin hopping with paramerters:
PARAMETERS BEGIN

epsilon=2.200000
r0=1.660000
sigma=0.141421
PARAMETERS END


E: -30.7575 accepted 1
E: -30.3187 accepted 0
E: -29.2527 accepted 0
E: -29.6614 accepted 0
E: -30.1723 accepted 1
E: -32.9286 accepted 1
E: -27.9564 accepted 0
E: -28.5144 accepted 0
E: -28.1798 accepted 0
E: -27.7657 accepted 0
E: -28.2663 accepted 0
E: -32.2860 accepted 1
Runtime = 7.571957


