[[  5.02150714   5.07596781   1.        ]
 [  6.06885965   5.02998416   1.        ]
 [  7.08740766   5.06773923   1.        ]
 [  8.06153596   5.01903138   1.        ]
 [  9.02904169   5.00053759   1.        ]
 [ 10.09896029   5.0971426    1.        ]
 [ 11.01836853   5.07688235   1.        ]
 [ 12.01784085   5.02697179   1.        ]
 [ 13.04302502   5.01036178   1.        ]
 [ 14.07269843   5.09392117   1.        ]]
Running basin hopping with paramerters:
PARAMETERS BEGIN

epsilon=4.700000
r0=1.100000
sigma=0.141421
PARAMETERS END


E: -60.8282 accepted 1
E: -60.8274 accepted 1
E: -60.8265 accepted 1
E: -60.8257 accepted 1
E: -60.8257 accepted 1
E: -49.7748 accepted 0
E: -60.8259 accepted 1
Runtime = 4.869148


