[[  5.04672292   5.03913617   1.        ]
 [  6.03541132   5.06006206   1.        ]
 [  7.04626145   5.09044834   1.        ]
 [  8.09697472   5.09970501   1.        ]
 [  9.0461057    5.06706701   1.        ]
 [ 10.01219374   5.09923751   1.        ]
 [ 11.01290603   5.09343921   1.        ]
 [ 12.02384715   5.00873711   1.        ]
 [ 13.03762158   5.06786831   1.        ]
 [ 14.08383267   5.03911016   1.        ]]
Running basin hopping with paramerters:
PARAMETERS BEGIN

epsilon=4.700000
r0=1.520000
sigma=0.141421
PARAMETERS END


E: -48.5811 accepted 1
E: -68.0223 accepted 1
E: -68.0222 accepted 1
E: -61.1231 accepted 0
E: -56.4964 accepted 0
E: -68.0222 accepted 1
E: -64.1795 accepted 0
E: -56.4912 accepted 0
Runtime = 4.675183


