[[  5.00945445   5.07147918   1.        ]
 [  6.00612727   5.0229695    1.        ]
 [  7.04227023   5.08376633   1.        ]
 [  8.00897006   5.06362981   1.        ]
 [  9.08341451   5.07161531   1.        ]
 [ 10.00489987   5.02448724   1.        ]
 [ 11.0744529    5.08985485   1.        ]
 [ 12.09159601   5.01635583   1.        ]
 [ 13.04733985   5.00881692   1.        ]
 [ 14.08604848   5.0255456    1.        ]]
Running basin hopping with paramerters:
PARAMETERS BEGIN

epsilon=4.700000
r0=1.660000
sigma=0.141421
PARAMETERS END


E: -43.1551 accepted 1
E: -48.9495 accepted 1
E: -63.3358 accepted 1
E: -63.3567 accepted 1
E: -60.5234 accepted 0
E: -54.5579 accepted 0
E: -59.5529 accepted 0
E: -59.5691 accepted 0
E: -60.5233 accepted 0
E: -59.5528 accepted 0
Runtime = 6.486613


