[[  5.03159438   5.09285124   1.        ]
 [  6.03875453   5.07050097   1.        ]
 [  7.01997714   5.01630008   1.        ]
 [  8.05995083   5.09404991   1.        ]
 [  9.08993488   5.07837334   1.        ]
 [ 10.06634001   5.0056318    1.        ]
 [ 11.0001513    5.04899505   1.        ]
 [ 12.0540682    5.01300724   1.        ]
 [ 13.07742204   5.06464636   1.        ]
 [ 14.02578959   5.08581049   1.        ]]
Running basin hopping with paramerters:
PARAMETERS BEGIN

epsilon=1.000000
r0=1.520000
sigma=0.141421
PARAMETERS END


E: -15.7901 accepted 1
E: -16.2704 accepted 1
E: -15.9910 accepted 1
E: -15.5737 accepted 1
E: -15.8901 accepted 1
E: -15.7459 accepted 1
E: -16.2528 accepted 1
E: -15.2790 accepted 0
Runtime = 5.731447


