[[  5.05864457   5.05390352   1.        ]
 [  6.04068533   5.08378138   1.        ]
 [  7.0588543    5.07234591   1.        ]
 [  8.02502301   5.01985667   1.        ]
 [  9.00385401   5.09556152   1.        ]
 [ 10.0383403    5.00178836   1.        ]
 [ 11.01777279   5.01590573   1.        ]
 [ 12.09891008   5.06562452   1.        ]
 [ 13.00181667   5.09416      1.        ]
 [ 14.03513587   5.07233081   1.        ]]
Running basin hopping with paramerters:
PARAMETERS BEGIN

epsilon=1.000000
r0=1.660000
sigma=0.141421
PARAMETERS END


E: -15.2620 accepted 0
E: -15.1838 accepted 0
E: -15.9701 accepted 1
E: -15.9617 accepted 1
E: -15.8464 accepted 0
E: -17.4846 accepted 1
E: -15.9893 accepted 0
E: -16.0946 accepted 0
E: -17.8422 accepted 1
E: -16.5331 accepted 0
E: -18.4195 accepted 1
E: -23.8685 accepted 1
E: -25.3287 accepted 1
E: -26.8881 accepted 1
E: -23.1007 accepted 0
E: -23.8722 accepted 0
E: -24.8379 accepted 0
E: -23.8571 accepted 0
E: -24.9991 accepted 1
E: -21.2772 accepted 0
Runtime = 9.626786


