[[  5.01163914   5.06408645   1.        ]
 [  6.04595274   5.07593305   1.        ]
 [  7.06603642   5.09330783   1.        ]
 [  8.07503373   5.00216149   1.        ]
 [  9.02069592   5.07997017   1.        ]
 [ 10.08294569   5.02097061   1.        ]
 [ 11.04907567   5.0750237    1.        ]
 [ 12.01007162   5.07835876   1.        ]
 [ 13.07122239   5.05918673   1.        ]
 [ 14.0473116    5.07250757   1.        ]]
Running basin hopping with paramerters:
PARAMETERS BEGIN

epsilon=1.000000
r0=1.900000
sigma=0.141421
PARAMETERS END


E: -20.6959 accepted 1
E: -18.9450 accepted 0
E: -20.6945 accepted 1
E: -17.8439 accepted 0
E: -23.8498 accepted 1
E: -26.7250 accepted 1
E: -26.5418 accepted 1
E: -24.6516 accepted 0
E: -28.1276 accepted 1
E: -27.8705 accepted 1
E: -26.8173 accepted 0
E: -26.1787 accepted 0
E: -26.3721 accepted 0
E: -28.2662 accepted 1
E: -25.9356 accepted 0
E: -31.0255 accepted 1
E: -28.8653 accepted 0
E: -30.1094 accepted 0
E: -28.9302 accepted 1
E: -28.8653 accepted 1
E: -29.7356 accepted 1
E: -28.2693 accepted 0
Runtime = 12.837146


