[[  5.05963072   5.02979674   1.        ]
 [  6.07121333   5.00858848   1.        ]
 [  7.07352095   5.06380453   1.        ]
 [  8.00279154   5.08709861   1.        ]
 [  9.08470315   5.07818764   1.        ]
 [ 10.04317645   5.03088559   1.        ]
 [ 11.08952743   5.06299495   1.        ]
 [ 12.06406222   5.00902928   1.        ]
 [ 13.03585614   5.09835203   1.        ]
 [ 14.06273433   5.00783944   1.        ]]
Running basin hopping with paramerters:
PARAMETERS BEGIN

epsilon=1.450000
r0=1.400000
sigma=0.141421
PARAMETERS END


E: -23.2690 accepted 1
E: -23.3116 accepted 1
E: -23.3011 accepted 1
E: -23.9435 accepted 1
E: -23.2832 accepted 0
E: -23.3011 accepted 1
E: -23.9434 accepted 1
E: -23.3022 accepted 0
E: -23.4549 accepted 1
E: -23.9434 accepted 1
Runtime = 5.574210


