[[  5.03490198   5.00140417   1.        ]
 [  6.0699892    5.02306921   1.        ]
 [  7.0772957    5.02222281   1.        ]
 [  8.04582098   5.05444504   1.        ]
 [  9.01037361   5.08627565   1.        ]
 [ 10.02224852   5.07531527   1.        ]
 [ 11.08421331   5.08153414   1.        ]
 [ 12.00466307   5.00684302   1.        ]
 [ 13.09096372   5.00753079   1.        ]
 [ 14.06929442   5.07757855   1.        ]
 [  5.07396363   6.01769645   1.        ]
 [  6.08782216   6.08639552   1.        ]
 [  7.09076013   6.02588966   1.        ]
 [  8.0442147    6.05715186   1.        ]
 [  9.08718809   6.00724121   1.        ]
 [ 10.04253843   6.0051872    1.        ]
 [ 11.04657805   6.02762897   1.        ]
 [ 12.07050524   6.05919567   1.        ]
 [ 13.07016058   6.00915976   1.        ]
 [ 14.07363003   6.00116641   1.        ]
 [  5.08939909   7.02044317   1.        ]
 [  6.01748124   7.03514658   1.        ]
 [  7.01778574   7.03405473   1.        ]
 [  8.03569027   7.09579421   1.        ]
 [  9.00757646   7.093351     1.        ]
 [ 10.0667123    7.09425759   1.        ]
 [ 11.07758283   7.01281055   1.        ]
 [ 12.03356603   7.02834889   1.        ]
 [ 13.06450619   7.08500945   1.        ]
 [ 14.07523504   7.02533357   1.        ]
 [  5.00146914   8.02775215   1.        ]
 [  6.02611988   8.09371117   1.        ]
 [  7.03878615   8.00979801   1.        ]
 [  8.05745579   8.04094714   1.        ]
 [  9.07328007   8.0230572    1.        ]
 [ 10.03782091   8.00866319   1.        ]
 [ 11.07054956   8.09796521   1.        ]
 [ 12.08039579   8.00879602   1.        ]
 [ 13.06314639   8.0641381    1.        ]
 [ 14.09618933   8.07877637   1.        ]
 [  5.02841887   9.04848099   1.        ]
 [  6.01682651   9.00203954   1.        ]
 [  7.00939696   9.03146235   1.        ]
 [  8.00168987   9.03195456   1.        ]
 [  9.07947565   9.02649658   1.        ]
 [ 10.03963265   9.03157643   1.        ]
 [ 11.06617105   9.058219     1.        ]
 [ 12.04196211   9.0000487    1.        ]
 [ 13.06350416   9.08637264   1.        ]
 [ 14.02713953   9.03062777   1.        ]
 [  5.03108055  10.0564694    1.        ]
 [  6.01375332  10.0670013    1.        ]
 [  7.09824287  10.00396209   1.        ]
 [  8.00144505  10.07401185   1.        ]
 [  9.08755927  10.07567747   1.        ]
 [ 10.05092302  10.0895262    1.        ]
 [ 11.06570183  10.06343372   1.        ]
 [ 12.0945036   10.02040263   1.        ]
 [ 13.01979002  10.01811432   1.        ]
 [ 14.03145657  10.06643418   1.        ]
 [  5.08725071  11.04708349   1.        ]
 [  6.04138397  11.09781272   1.        ]
 [  7.06355692  11.05358524   1.        ]
 [  8.01363689  11.06691255   1.        ]
 [  9.09916142  11.00238866   1.        ]
 [ 10.01825812  11.06011533   1.        ]
 [ 11.09958789  11.04728074   1.        ]
 [ 12.01432374  11.05117196   1.        ]
 [ 13.00781579  11.09813067   1.        ]
 [ 14.09507448  11.02256756   1.        ]
 [  5.03619046  12.04765741   1.        ]
 [  6.07173537  12.07146922   1.        ]
 [  7.09163386  12.01617262   1.        ]
 [  8.03909434  12.04687681   1.        ]
 [  9.01502777  12.00218614   1.        ]
 [ 10.04580845  12.09147829   1.        ]
 [ 11.09523658  12.03292104   1.        ]
 [ 12.09551197  12.0765641    1.        ]
 [ 13.07737382  12.08099709   1.        ]
 [ 14.03644505  12.06730445   1.        ]
 [  5.04530297  13.00174955   1.        ]
 [  6.00943313  13.0715196    1.        ]
 [  7.02301746  13.0150272    1.        ]
 [  8.0279015   13.02247012   1.        ]
 [  9.0469853   13.0633266    1.        ]
 [ 10.00154197  13.04475609   1.        ]
 [ 11.00325912  13.05520954   1.        ]
 [ 12.02400989  13.02294631   1.        ]
 [ 13.06567009  13.0861684    1.        ]
 [ 14.04922529  13.02593853   1.        ]
 [  5.07581286  14.05274954   1.        ]
 [  6.01461399  14.07965044   1.        ]
 [  7.0319191   14.02882751   1.        ]
 [  8.09889464  14.00027681   1.        ]
 [  9.04183591  14.07928535   1.        ]
 [ 10.07613263  14.03088156   1.        ]
 [ 11.0889812   14.09223293   1.        ]
 [ 12.09393483  14.06974907   1.        ]
 [ 13.04112019  14.06850632   1.        ]
 [ 14.07975865  14.0718173    1.        ]]
Running basin hopping with paramerters:
PARAMETERS BEGIN

epsilon=3.203359
r0=1.157757
sigma=0.141421
PARAMETERS END


E: -834.9530 accepted 1
E: -840.8654 accepted 1
E: -832.7888 accepted 0
E: -839.9450 accepted 0
E: -845.9102 accepted 1
E: -858.0682 accepted 1
E: -849.5837 accepted 0
E: -844.7272 accepted 0
E: -860.2622 accepted 1
E: -882.3329 accepted 1
E: -878.8534 accepted 0
E: -863.5201 accepted 0
E: -880.0163 accepted 0
E: -895.0434 accepted 1
E: -879.8235 accepted 0
E: -863.1117 accepted 0
E: -866.0767 accepted 0
E: -894.9868 accepted 1
E: -873.9349 accepted 0
E: -883.3284 accepted 0
Runtime = 2873.319877


