[[  5.09515026   5.00621737   1.        ]
 [  6.07479843   5.00541488   1.        ]
 [  7.04968076   5.02819951   1.        ]
 [  8.0123765    5.06311312   1.        ]
 [  9.06814596   5.05321126   1.        ]
 [ 10.09388257   5.08137448   1.        ]
 [ 11.0865709    5.04460794   1.        ]
 [ 12.05207915   5.00541094   1.        ]
 [ 13.01406479   5.02768038   1.        ]
 [ 14.02743482   5.05522094   1.        ]
 [  5.03564437   6.02373676   1.        ]
 [  6.07220547   6.00357698   1.        ]
 [  7.07487634   6.09912148   1.        ]
 [  8.08174906   6.04022803   1.        ]
 [  9.08319921   6.07201882   1.        ]
 [ 10.08378926   6.09934295   1.        ]
 [ 11.04185278   6.04484899   1.        ]
 [ 12.00001468   6.04403794   1.        ]
 [ 13.04505481   6.05872164   1.        ]
 [ 14.03262039   6.07296161   1.        ]
 [  5.01342681   7.07745879   1.        ]
 [  6.04326014   7.0843395    1.        ]
 [  7.03011267   7.02076175   1.        ]
 [  8.05046456   7.04642317   1.        ]
 [  9.03583256   7.00766524   1.        ]
 [ 10.09090347   7.01278885   1.        ]
 [ 11.08146563   7.09122899   1.        ]
 [ 12.02407647   7.01958202   1.        ]
 [ 13.0739946    7.0369088    1.        ]
 [ 14.0378336    7.038526     1.        ]
 [  5.09904748   8.05213515   1.        ]
 [  6.04382249   8.00580651   1.        ]
 [  7.07810456   8.01137427   1.        ]
 [  8.01687696   8.0821588    1.        ]
 [  9.00178816   8.08446253   1.        ]
 [ 10.0224062    8.04931989   1.        ]
 [ 11.06390476   8.07661258   1.        ]
 [ 12.04401522   8.09323099   1.        ]
 [ 13.042401     8.02227454   1.        ]
 [ 14.03636738   8.05945726   1.        ]
 [  5.03960925   9.07741336   1.        ]
 [  6.02308224   9.01645386   1.        ]
 [  7.01750812   9.06490665   1.        ]
 [  8.05041031   9.0474545    1.        ]
 [  9.0359035    9.02596313   1.        ]
 [ 10.02985607   9.09886575   1.        ]
 [ 11.08138835   9.09762425   1.        ]
 [ 12.00717862   9.09223284   1.        ]
 [ 13.01348258   9.05582186   1.        ]
 [ 14.08043476   9.06396138   1.        ]
 [  5.00186898  10.03345016   1.        ]
 [  6.05675561  10.00092949   1.        ]
 [  7.06625406  10.08762677   1.        ]
 [  8.06426966  10.0058787    1.        ]
 [  9.07312511  10.06387185   1.        ]
 [ 10.00695828  10.07757846   1.        ]
 [ 11.04288489  10.08096414   1.        ]
 [ 12.03369665  10.01740311   1.        ]
 [ 13.00788252  10.03467707   1.        ]
 [ 14.09563753  10.06550002   1.        ]
 [  5.063689    11.09511139   1.        ]
 [  6.02211406  11.07757104   1.        ]
 [  7.05035373  11.00024346   1.        ]
 [  8.01897952  11.06254962   1.        ]
 [  9.01042609  11.08445032   1.        ]
 [ 10.09302849  11.09176476   1.        ]
 [ 11.02523813  11.03575281   1.        ]
 [ 12.05291377  11.0086859    1.        ]
 [ 13.04346629  11.07845984   1.        ]
 [ 14.08281127  11.0802622    1.        ]
 [  5.09302883  12.09467021   1.        ]
 [  6.02514418  12.08896661   1.        ]
 [  7.0010461   12.09326915   1.        ]
 [  8.07606188  12.07305788   1.        ]
 [  9.03539864  12.0644258    1.        ]
 [ 10.05218768  12.089814     1.        ]
 [ 11.021206    12.03446234   1.        ]
 [ 12.09006267  12.04642851   1.        ]
 [ 13.08468043  12.09775087   1.        ]
 [ 14.06348685  12.00537399   1.        ]
 [  5.01793954  13.0326571    1.        ]
 [  6.00174534  13.02027285   1.        ]
 [  7.00659021  13.08325679   1.        ]
 [  8.03811214  13.05307762   1.        ]
 [  9.08601146  13.07353792   1.        ]
 [ 10.01681516  13.01336839   1.        ]
 [ 11.02269291  13.02925032   1.        ]
 [ 12.08702186  13.03922655   1.        ]
 [ 13.05980475  13.01630065   1.        ]
 [ 14.05943359  13.061763     1.        ]
 [  5.00897933  14.08710615   1.        ]
 [  6.07812957  14.06639194   1.        ]
 [  7.00829945  14.04376062   1.        ]
 [  8.04385017  14.02316494   1.        ]
 [  9.08849236  14.07017429   1.        ]
 [ 10.04690137  14.08213587   1.        ]
 [ 11.05663666  14.09345111   1.        ]
 [ 12.08190943  14.03880234   1.        ]
 [ 13.06502338  14.02716249   1.        ]
 [ 14.03282663  14.07176083   1.        ]]
Running basin hopping with paramerters:
PARAMETERS BEGIN

epsilon=3.466178
r0=1.164712
sigma=0.141421
PARAMETERS END


E: -942.1273 accepted 1
E: -951.1076 accepted 1
E: -956.7297 accepted 1
E: -979.8439 accepted 1
E: -984.9959 accepted 1
E: -970.5883 accepted 0
E: -986.6350 accepted 1
E: -984.5405 accepted 0
E: -991.1422 accepted 1
E: -975.8341 accepted 0
E: -1010.0397 accepted 1
E: -985.8000 accepted 0
E: -980.7854 accepted 0
E: -1021.6846 accepted 1
E: -979.0084 accepted 0
E: -982.3302 accepted 0
E: -1001.1459 accepted 0
E: -1010.1336 accepted 0
E: -1005.9947 accepted 0
E: -1001.4938 accepted 0
Runtime = 1798.725092


