[[  5.04347398   5.00565923   1.        ]
 [  6.08923125   5.00425384   1.        ]
 [  7.04356968   5.08833722   1.        ]
 [  8.05399725   5.06808657   1.        ]
 [  9.02159072   5.05656777   1.        ]
 [ 10.00229518   5.05704162   1.        ]
 [ 11.00576591   5.04945886   1.        ]
 [ 12.05859756   5.07889891   1.        ]
 [ 13.08730722   5.05909639   1.        ]
 [ 14.02133592   5.04693909   1.        ]
 [  5.09148947   6.00965451   1.        ]
 [  6.03007007   6.03448925   1.        ]
 [  7.05763457   6.04003042   1.        ]
 [  8.05048124   6.07239227   1.        ]
 [  9.04113545   6.0626342    1.        ]
 [ 10.07506078   6.05734066   1.        ]
 [ 11.011513     6.05487247   1.        ]
 [ 12.02193682   6.00246659   1.        ]
 [ 13.02266911   6.07531384   1.        ]
 [ 14.03257069   6.04985048   1.        ]
 [  5.03424192   7.08994669   1.        ]
 [  6.05079061   7.01317563   1.        ]
 [  7.09579514   7.02766065   1.        ]
 [  8.06995933   7.07486728   1.        ]
 [  9.08641716   7.05457658   1.        ]
 [ 10.01377748   7.02693213   1.        ]
 [ 11.03808121   7.00095067   1.        ]
 [ 12.05186739   7.02329346   1.        ]
 [ 13.07724242   7.08628028   1.        ]
 [ 14.09047916   7.07037369   1.        ]
 [  5.07528256   8.00988423   1.        ]
 [  6.04540988   8.00048346   1.        ]
 [  7.02836299   8.05883765   1.        ]
 [  8.0515208    8.02896704   1.        ]
 [  9.06763805   8.09563564   1.        ]
 [ 10.05149168   8.06691475   1.        ]
 [ 11.05345069   8.03672296   1.        ]
 [ 12.04006672   8.01411437   1.        ]
 [ 13.09138292   8.08756616   1.        ]
 [ 14.09727384   8.0996538    1.        ]
 [  5.01550952   9.01181381   1.        ]
 [  6.02098179   9.09442011   1.        ]
 [  7.06108632   9.07390592   1.        ]
 [  8.00650407   9.07046667   1.        ]
 [  9.06270838   9.07105667   1.        ]
 [ 10.09387478   9.0785092    1.        ]
 [ 11.06788728   9.09851954   1.        ]
 [ 12.01468412   9.09543261   1.        ]
 [ 13.00555299   9.07433155   1.        ]
 [ 14.00105695   9.09994069   1.        ]
 [  5.09751795  10.01875176   1.        ]
 [  6.00639182  10.03990961   1.        ]
 [  7.035252    10.05385153   1.        ]
 [  8.00439472  10.02866415   1.        ]
 [  9.00299576  10.05472642   1.        ]
 [ 10.03193626  10.05982655   1.        ]
 [ 11.05106765  10.06245994   1.        ]
 [ 12.09628148  10.07679084   1.        ]
 [ 13.09020362  10.09482512   1.        ]
 [ 14.05289484  10.05227684   1.        ]
 [  5.08078369  11.0685366    1.        ]
 [  6.02981816  11.05249151   1.        ]
 [  7.08584245  11.09417835   1.        ]
 [  8.03339253  11.0951617    1.        ]
 [  9.03919884  11.02884324   1.        ]
 [ 10.05520168  11.0727237    1.        ]
 [ 11.02694652  11.09777307   1.        ]
 [ 12.01354324  11.01486271   1.        ]
 [ 13.03419354  11.00521431   1.        ]
 [ 14.09875171  11.08614439   1.        ]
 [  5.041205    12.09496387   1.        ]
 [  6.05902327  12.01264026   1.        ]
 [  7.03807591  12.05883116   1.        ]
 [  8.05492243  12.01777654   1.        ]
 [  9.0424226   12.0080686    1.        ]
 [ 10.08162382  12.00185687   1.        ]
 [ 11.04948656  12.02077967   1.        ]
 [ 12.01899624  12.07660294   1.        ]
 [ 13.02305334  12.04504034   1.        ]
 [ 14.07817727  12.07470285   1.        ]
 [  5.02244122  13.04340164   1.        ]
 [  6.01119254  13.09856406   1.        ]
 [  7.0004071   13.09745934   1.        ]
 [  8.01213572  13.05267965   1.        ]
 [  9.05184172  13.07232818   1.        ]
 [ 10.01059557  13.09827663   1.        ]
 [ 11.04489201  13.0826008    1.        ]
 [ 12.07573176  13.05981273   1.        ]
 [ 13.06380308  13.08758321   1.        ]
 [ 14.0000031   13.06484389   1.        ]
 [  5.09579189  14.05446734   1.        ]
 [  6.01686737  14.0943373    1.        ]
 [  7.00432311  14.08150021   1.        ]
 [  8.04390057  14.03624847   1.        ]
 [  9.04594183  14.03181824   1.        ]
 [ 10.07019668  14.07520226   1.        ]
 [ 11.03872949  14.05308551   1.        ]
 [ 12.0654656   14.04170311   1.        ]
 [ 13.07116572  14.04996598   1.        ]
 [ 14.02321239  14.03029067   1.        ]]
Running basin hopping with paramerters:
PARAMETERS BEGIN

epsilon=3.646302
r0=1.230960
sigma=0.141421
PARAMETERS END


E: -892.0004 accepted 1
E: -919.7619 accepted 1
E: -977.9433 accepted 1
E: -973.7010 accepted 0
E: -967.1700 accepted 0
E: -977.6424 accepted 0
E: -970.0211 accepted 0
E: -984.3201 accepted 1
E: -971.9237 accepted 0
E: -982.2555 accepted 0
E: -970.3869 accepted 0
E: -974.3443 accepted 0
E: -982.4007 accepted 0
E: -1011.5271 accepted 1
E: -1020.0555 accepted 1
E: -1015.8456 accepted 0
E: -1025.3928 accepted 1
E: -1017.0232 accepted 0
E: -978.1563 accepted 0
E: -1012.9521 accepted 0
E: -980.2681 accepted 0
E: -1012.9492 accepted 0
E: -1029.4368 accepted 1
E: -1013.1444 accepted 0
E: -999.2020 accepted 0
E: -1016.2617 accepted 0
E: -1036.8244 accepted 1
E: -982.5571 accepted 0
E: -1017.9786 accepted 0
E: -1024.2683 accepted 0
E: -1036.8244 accepted 1
E: -1036.8602 accepted 1
E: -999.7000 accepted 0
E: -1028.5656 accepted 0
E: -980.3525 accepted 0
E: -1036.8603 accepted 1
E: -1004.6961 accepted 0
E: -1036.8244 accepted 1
E: -1036.8244 accepted 1
E: -1006.7644 accepted 0
E: -1018.0119 accepted 0
E: -1024.6190 accepted 0
Runtime = 5828.452772


