[[  5.04712777   5.059608     1.        ]
 [  6.03575261   5.044108     1.        ]
 [  7.05179905   5.03316637   1.        ]
 [  8.05369607   5.07477888   1.        ]
 [  9.09353409   5.03963286   1.        ]
 [ 10.09938333   5.0306914    1.        ]
 [ 11.01551414   5.06289727   1.        ]
 [ 12.04137541   5.03048399   1.        ]
 [ 13.0503574    5.01131777   1.        ]
 [ 14.03747316   5.01632569   1.        ]
 [  5.0204171    6.05642714   1.        ]
 [  6.03761626   6.02417095   1.        ]
 [  7.04298156   6.08815899   1.        ]
 [  8.05008981   6.09589663   1.        ]
 [  9.04017681   6.07716219   1.        ]
 [ 10.05318278   6.03183068   1.        ]
 [ 11.05749027   6.09591244   1.        ]
 [ 12.02327871   6.04186701   1.        ]
 [ 13.0810446    6.04092452   1.        ]
 [ 14.05561822   6.00565868   1.        ]
 [  5.01389889   7.01174893   1.        ]
 [  6.03575466   7.0426801    1.        ]
 [  7.06027879   7.02594428   1.        ]
 [  8.02144368   7.04638295   1.        ]
 [  9.03690158   7.00321893   1.        ]
 [ 10.0056327    7.01059023   1.        ]
 [ 11.02209602   7.03229846   1.        ]
 [ 12.02925954   7.09575745   1.        ]
 [ 13.05159415   7.04353933   1.        ]
 [ 14.04743259   7.06122308   1.        ]
 [  5.07831719   8.01323044   1.        ]
 [  6.09707917   8.09835112   1.        ]
 [  7.01808648   8.04810117   1.        ]
 [  8.01973221   8.09351566   1.        ]
 [  9.07763429   8.05101437   1.        ]
 [ 10.05983424   8.04008058   1.        ]
 [ 11.01268805   8.01894497   1.        ]
 [ 12.02974152   8.07498024   1.        ]
 [ 13.06623284   8.03662054   1.        ]
 [ 14.02153077   8.0010383    1.        ]
 [  5.08177898   9.03156931   1.        ]
 [  6.06757493   9.0360168    1.        ]
 [  7.01337206   9.07325126   1.        ]
 [  8.07174887   9.00997256   1.        ]
 [  9.08124781   9.01225352   1.        ]
 [ 10.03643954   9.0438766    1.        ]
 [ 11.06259921   9.01989102   1.        ]
 [ 12.04318832   9.00174029   1.        ]
 [ 13.06228788   9.07697273   1.        ]
 [ 14.04957985   9.03120686   1.        ]
 [  5.0958508   10.05447944   1.        ]
 [  6.02141892  10.09197692   1.        ]
 [  7.07081619  10.01948769   1.        ]
 [  8.09377988  10.04239572   1.        ]
 [  9.02578491  10.02781143   1.        ]
 [ 10.08613652  10.09947278   1.        ]
 [ 11.04439958  10.03200511   1.        ]
 [ 12.02991804  10.01719134   1.        ]
 [ 13.00015519  10.00849287   1.        ]
 [ 14.04265606  10.07649739   1.        ]
 [  5.05152112  11.06841116   1.        ]
 [  6.03692083  11.08018468   1.        ]
 [  7.00643348  11.00623971   1.        ]
 [  8.00024025  11.04426078   1.        ]
 [  9.00725643  11.05013017   1.        ]
 [ 10.09343694  11.0831007    1.        ]
 [ 11.04154266  11.02729455   1.        ]
 [ 12.04362272  11.05816329   1.        ]
 [ 13.03423469  11.0268556    1.        ]
 [ 14.00114419  11.04199599   1.        ]
 [  5.07454536  12.06517113   1.        ]
 [  6.08156437  12.04434329   1.        ]
 [  7.02447328  12.01638275   1.        ]
 [  8.0141325   12.07817187   1.        ]
 [  9.003379    12.04374481   1.        ]
 [ 10.0020331   12.0206707    1.        ]
 [ 11.01875594  12.09826424   1.        ]
 [ 12.00668318  12.08114597   1.        ]
 [ 13.09228961  12.03966108   1.        ]
 [ 14.06722645  12.05453876   1.        ]
 [  5.01281937  13.01679557   1.        ]
 [  6.04072514  13.03364408   1.        ]
 [  7.01373345  13.07688885   1.        ]
 [  8.06514739  13.06885153   1.        ]
 [  9.07488939  13.01786488   1.        ]
 [ 10.03732232  13.07363139   1.        ]
 [ 11.00350586  13.04238232   1.        ]
 [ 12.08196428  13.04565844   1.        ]
 [ 13.02568699  13.01868151   1.        ]
 [ 14.08894222  13.07056335   1.        ]
 [  5.01905873  14.02839895   1.        ]
 [  6.047418    14.01509102   1.        ]
 [  7.04999849  14.07317037   1.        ]
 [  8.04037645  14.01519011   1.        ]
 [  9.01987869  14.05918037   1.        ]
 [ 10.04689084  14.04037175   1.        ]
 [ 11.03941817  14.00138798   1.        ]
 [ 12.03659153  14.01122729   1.        ]
 [ 13.03319586  14.00216357   1.        ]
 [ 14.00197165  14.01436121   1.        ]]
Running basin hopping with paramerters:
PARAMETERS BEGIN

epsilon=4.101472
r0=1.345484
sigma=0.141421
PARAMETERS END


E: -945.7923 accepted 1
E: -974.6845 accepted 1
E: -1013.1125 accepted 1
E: -1038.0066 accepted 1
E: -1065.8381 accepted 1
E: -1082.6123 accepted 1
E: -1060.1459 accepted 0
E: -1036.0328 accepted 0
E: -1035.2683 accepted 0
E: -1067.4915 accepted 0
E: -1076.0539 accepted 0
E: -1042.5032 accepted 0
Runtime = 1763.507915


