[[  5.0435367    5.00153774   1.        ]
 [  6.07300439   5.0965662    1.        ]
 [  7.03762344   5.04473534   1.        ]
 [  8.06546058   5.00222218   1.        ]
 [  9.02200769   5.0394172    1.        ]
 [ 10.03807353   5.0886648    1.        ]
 [ 11.0913811    5.06744377   1.        ]
 [ 12.0778385    5.00194902   1.        ]
 [ 13.05627621   5.02533905   1.        ]
 [ 14.03111694   5.01104125   1.        ]
 [  5.07133379   6.03863248   1.        ]
 [  6.08357684   6.02715406   1.        ]
 [  7.038684     6.07645358   1.        ]
 [  8.00521272   6.02241579   1.        ]
 [  9.00005474   6.02912764   1.        ]
 [ 10.0895485    6.06112382   1.        ]
 [ 11.01454632   6.03549416   1.        ]
 [ 12.05399801   6.0380446    1.        ]
 [ 13.09259941   6.03180903   1.        ]
 [ 14.01296332   6.00869717   1.        ]
 [  5.06871503   7.03489394   1.        ]
 [  6.07907905   7.06998354   1.        ]
 [  7.03473332   7.01844013   1.        ]
 [  8.0093448    7.07482809   1.        ]
 [  9.01612268   7.01449813   1.        ]
 [ 10.06516355   7.07695672   1.        ]
 [ 11.06350342   7.02340988   1.        ]
 [ 12.02487005   7.07206897   1.        ]
 [ 13.00682024   7.04433141   1.        ]
 [ 14.01048283   7.08309411   1.        ]
 [  5.08742628   8.05825706   1.        ]
 [  6.06775677   8.06351686   1.        ]
 [  7.02790597   8.03818752   1.        ]
 [  8.00421341   8.08305427   1.        ]
 [  9.00843471   8.05384051   1.        ]
 [ 10.08084201   8.04168673   1.        ]
 [ 11.07281235   8.08312636   1.        ]
 [ 12.03167216   8.02442629   1.        ]
 [ 13.03360248   8.01422625   1.        ]
 [ 14.09054288   8.03074163   1.        ]
 [  5.05105335   9.02810877   1.        ]
 [  6.0954457    9.02662126   1.        ]
 [  7.06185273   9.04097535   1.        ]
 [  8.05168635   9.09211484   1.        ]
 [  9.01647935   9.04959634   1.        ]
 [ 10.07012771   9.07603285   1.        ]
 [ 11.02134446   9.04065397   1.        ]
 [ 12.08117446   9.04057527   1.        ]
 [ 13.07110524   9.05292381   1.        ]
 [ 14.01476192   9.02172277   1.        ]
 [  5.05488688  10.0385876    1.        ]
 [  6.04793359  10.00688671   1.        ]
 [  7.01476052  10.03348927   1.        ]
 [  8.06963986  10.02143748   1.        ]
 [  9.05984719  10.01346802   1.        ]
 [ 10.00567032  10.04066519   1.        ]
 [ 11.09862283  10.05732061   1.        ]
 [ 12.05965045  10.02529384   1.        ]
 [ 13.01045852  10.074847     1.        ]
 [ 14.01240609  10.01655814   1.        ]
 [  5.07128857  11.09127289   1.        ]
 [  6.04756212  11.08993009   1.        ]
 [  7.09582576  11.06844869   1.        ]
 [  8.08327191  11.02015697   1.        ]
 [  9.00248829  11.04692838   1.        ]
 [ 10.00841762  11.09182854   1.        ]
 [ 11.03350791  11.03236796   1.        ]
 [ 12.06802219  11.02154774   1.        ]
 [ 13.03774878  11.06125599   1.        ]
 [ 14.05248628  11.07395229   1.        ]
 [  5.0685886   12.05643142   1.        ]
 [  6.05119477  12.02896428   1.        ]
 [  7.09586262  12.05661049   1.        ]
 [  8.09611161  12.01030322   1.        ]
 [  9.0718403   12.06386281   1.        ]
 [ 10.03901298  12.0658224    1.        ]
 [ 11.07477012  12.07024884   1.        ]
 [ 12.04286946  12.02493446   1.        ]
 [ 13.05194097  12.04134734   1.        ]
 [ 14.08743088  12.09063317   1.        ]
 [  5.07714828  13.03987677   1.        ]
 [  6.03018043  13.0025835    1.        ]
 [  7.03314981  13.02179974   1.        ]
 [  8.04751258  13.06937212   1.        ]
 [  9.00359557  13.0262465    1.        ]
 [ 10.06780106  13.07637857   1.        ]
 [ 11.05281736  13.00906633   1.        ]
 [ 12.03736333  13.0843025    1.        ]
 [ 13.00250816  13.00727619   1.        ]
 [ 14.02807078  13.06501911   1.        ]
 [  5.02806603  14.06802916   1.        ]
 [  6.00313282  14.08323841   1.        ]
 [  7.05080952  14.06304089   1.        ]
 [  8.06042271  14.01131902   1.        ]
 [  9.08572162  14.08450992   1.        ]
 [ 10.08893037  14.0096417    1.        ]
 [ 11.07015455  14.09841219   1.        ]
 [ 12.02236144  14.02854285   1.        ]
 [ 13.01219075  14.07035972   1.        ]
 [ 14.06074706  14.06592327   1.        ]]
Running basin hopping with paramerters:
PARAMETERS BEGIN

epsilon=4.367198
r0=1.318459
sigma=0.141421
PARAMETERS END


E: -1020.2635 accepted 1
E: -1013.1592 accepted 0
E: -1052.3991 accepted 1
E: -1030.0731 accepted 0
E: -1038.7604 accepted 0
E: -1064.8604 accepted 1
E: -1039.8062 accepted 0
E: -1056.3481 accepted 0
E: -1079.6850 accepted 1
E: -1088.4416 accepted 1
E: -1098.9465 accepted 1
E: -1075.6436 accepted 0
E: -1103.5027 accepted 1
E: -1104.6249 accepted 1
E: -1098.1239 accepted 0
E: -1104.2017 accepted 0
E: -1104.1071 accepted 1
E: -1108.5323 accepted 1
E: -1090.4542 accepted 0
E: -1131.8305 accepted 1
E: -1100.7556 accepted 0
E: -1076.9896 accepted 0
E: -1131.8173 accepted 1
E: -1131.8174 accepted 1
E: -1090.9881 accepted 0
E: -1131.8174 accepted 1
Runtime = 4606.423864


