[[  5.01270719   5.0502694    1.        ]
 [  6.04818003   5.08157385   1.        ]
 [  7.05309169   5.0666247    1.        ]
 [  8.04267996   5.0102267    1.        ]
 [  9.06076359   5.03765453   1.        ]
 [ 10.06074707   5.07602634   1.        ]
 [ 11.08225269   5.01846787   1.        ]
 [ 12.02478368   5.02198653   1.        ]
 [ 13.03572804   5.09249938   1.        ]
 [ 14.00438432   5.06303094   1.        ]
 [  5.09548897   6.04317731   1.        ]
 [  6.08436404   6.0405642    1.        ]
 [  7.05112376   6.08138331   1.        ]
 [  8.09272609   6.06135729   1.        ]
 [  9.05055276   6.06015302   1.        ]
 [ 10.08089363   6.06987333   1.        ]
 [ 11.01720633   6.00157919   1.        ]
 [ 12.00016891   6.00723171   1.        ]
 [ 13.00921609   6.08556881   1.        ]
 [ 14.08171386   6.08607879   1.        ]
 [  5.07512693   7.06878832   1.        ]
 [  6.09217567   7.04173576   1.        ]
 [  7.05456998   7.05234108   1.        ]
 [  8.05113397   7.08229499   1.        ]
 [  9.06270136   7.05991214   1.        ]
 [ 10.05630077   7.0538364    1.        ]
 [ 11.04629069   7.0066052    1.        ]
 [ 12.05199821   7.09001851   1.        ]
 [ 13.02253855   7.03700784   1.        ]
 [ 14.07749137   7.09835046   1.        ]
 [  5.08259692   8.05181499   1.        ]
 [  6.06140987   8.05314159   1.        ]
 [  7.03936773   8.0334795    1.        ]
 [  8.09973954   8.04323846   1.        ]
 [  9.07776051   8.02856916   1.        ]
 [ 10.09084524   8.09627799   1.        ]
 [ 11.06851345   8.01716977   1.        ]
 [ 12.06129915   8.03793498   1.        ]
 [ 13.05953978   8.01018302   1.        ]
 [ 14.07647378   8.00397929   1.        ]
 [  5.0977126    9.05139839   1.        ]
 [  6.03335335   9.08859848   1.        ]
 [  7.0687203    9.02963834   1.        ]
 [  8.06140241   9.0078309    1.        ]
 [  9.060867     9.06020604   1.        ]
 [ 10.0429419    9.03745232   1.        ]
 [ 11.08723327   9.0951521    1.        ]
 [ 12.07528424   9.05923734   1.        ]
 [ 13.03015242   9.04063969   1.        ]
 [ 14.08954599   9.02712617   1.        ]
 [  5.011756    10.05330451   1.        ]
 [  6.03688214  10.06839622   1.        ]
 [  7.03254189  10.00831906   1.        ]
 [  8.01804836  10.03381644   1.        ]
 [  9.04036724  10.08201839   1.        ]
 [ 10.08134563  10.07850095   1.        ]
 [ 11.07315612  10.00274998   1.        ]
 [ 12.02449224  10.03664012   1.        ]
 [ 13.09331981  10.02317283   1.        ]
 [ 14.07918821  10.08089862   1.        ]
 [  5.07516327  11.03767258   1.        ]
 [  6.03925118  11.06435842   1.        ]
 [  7.07811343  11.08286865   1.        ]
 [  8.06745637  11.04763035   1.        ]
 [  9.07800733  11.01197162   1.        ]
 [ 10.0149099   11.02569467   1.        ]
 [ 11.02414646  11.04342364   1.        ]
 [ 12.07191047  11.06833756   1.        ]
 [ 13.08038079  11.08001653   1.        ]
 [ 14.08584594  11.00182249   1.        ]
 [  5.07567113  12.08082383   1.        ]
 [  6.04853461  12.07140551   1.        ]
 [  7.04518434  12.03052814   1.        ]
 [  8.07513614  12.06696743   1.        ]
 [  9.04633046  12.05416205   1.        ]
 [ 10.03814344  12.08817383   1.        ]
 [ 11.01145581  12.08217405   1.        ]
 [ 12.0454636   12.03780537   1.        ]
 [ 13.01575319  12.09663823   1.        ]
 [ 14.03596925  12.08211026   1.        ]
 [  5.01654789  13.08392541   1.        ]
 [  6.02122219  13.05379911   1.        ]
 [  7.08621322  13.0626963    1.        ]
 [  8.02625325  13.05609168   1.        ]
 [  9.03632148  13.09988542   1.        ]
 [ 10.01612091  13.01081543   1.        ]
 [ 11.09629919  13.04658621   1.        ]
 [ 12.00094857  13.07707296   1.        ]
 [ 13.09444     13.08341558   1.        ]
 [ 14.0786564   13.00404918   1.        ]
 [  5.01432597  14.05317263   1.        ]
 [  6.04758853  14.00356755   1.        ]
 [  7.06926665  14.08012297   1.        ]
 [  8.06060875  14.0647393    1.        ]
 [  9.07965969  14.09613702   1.        ]
 [ 10.07241724  14.01684048   1.        ]
 [ 11.08139806  14.08025545   1.        ]
 [ 12.04309116  14.00626683   1.        ]
 [ 13.08348531  14.07514094   1.        ]
 [ 14.09616852  14.00759831   1.        ]]
Running basin hopping with paramerters:
PARAMETERS BEGIN

epsilon=4.308842
r0=1.190829
sigma=0.141421
PARAMETERS END


E: -1105.4764 accepted 1
E: -1107.9998 accepted 1
E: -1134.4033 accepted 1
E: -1109.3657 accepted 0
E: -1185.0793 accepted 1
E: -1160.6128 accepted 0
E: -1161.7541 accepted 0
E: -1136.0982 accepted 0
E: -1158.6545 accepted 0
E: -1181.7515 accepted 0
E: -1194.9551 accepted 1
E: -1179.5653 accepted 0
E: -1185.8172 accepted 0
E: -1136.2360 accepted 0
E: -1209.8425 accepted 1
E: -1209.7530 accepted 1
E: -1224.8379 accepted 1
E: -1168.8812 accepted 0
E: -1200.0441 accepted 0
E: -1170.8151 accepted 0
E: -1207.5372 accepted 0
E: -1201.3651 accepted 0
E: -1214.9896 accepted 0
Runtime = 3451.815303


