[[  5.03756117   5.07438311   1.        ]
 [  6.05913753   5.05833092   1.        ]
 [  7.09435904   5.0478748    1.        ]
 [  8.04765387   5.08701987   1.        ]
 [  9.0215368    5.09159403   1.        ]
 [ 10.04862283   5.09644217   1.        ]
 [ 11.09637794   5.01999495   1.        ]
 [ 12.07193105   5.08003322   1.        ]
 [ 13.02145294   5.05569675   1.        ]
 [ 14.03977715   5.06054053   1.        ]
 [  5.05584401   6.0383166    1.        ]
 [  6.09462853   6.08410606   1.        ]
 [  7.03908917   6.03052451   1.        ]
 [  8.07505813   6.00360776   1.        ]
 [  9.09272703   6.00703889   1.        ]
 [ 10.0390589    6.06334431   1.        ]
 [ 11.00719032   6.02315791   1.        ]
 [ 12.0566258    6.02316767   1.        ]
 [ 13.01453309   6.0007777    1.        ]
 [ 14.01619255   6.03096856   1.        ]
 [  5.04254485   7.09975299   1.        ]
 [  6.02998824   7.09239188   1.        ]
 [  7.09662524   7.00490496   1.        ]
 [  8.07539955   7.00174155   1.        ]
 [  9.02039254   7.05060272   1.        ]
 [ 10.06137445   7.01255095   1.        ]
 [ 11.04832633   7.04833602   1.        ]
 [ 12.06872206   7.00636963   1.        ]
 [ 13.05056164   7.03157213   1.        ]
 [ 14.00432538   7.03752902   1.        ]
 [  5.08778465   8.00238909   1.        ]
 [  6.04527172   8.02151379   1.        ]
 [  7.01254159   8.03734447   1.        ]
 [  8.04495479   8.01691207   1.        ]
 [  9.01998799   8.04901752   1.        ]
 [ 10.07582026   8.00747891   1.        ]
 [ 11.02882777   8.09964794   1.        ]
 [ 12.05636665   8.02079044   1.        ]
 [ 13.01420133   8.09201536   1.        ]
 [ 14.04368657   8.09580866   1.        ]
 [  5.02371797   9.02619425   1.        ]
 [  6.0617333    9.06930979   1.        ]
 [  7.02542137   9.01608232   1.        ]
 [  8.06856916   9.06772021   1.        ]
 [  9.06808083   9.01916451   1.        ]
 [ 10.09708468   9.02031984   1.        ]
 [ 11.05991875   9.01864559   1.        ]
 [ 12.04681857   9.0204998    1.        ]
 [ 13.04754407   9.06390899   1.        ]
 [ 14.02625912   9.02248086   1.        ]
 [  5.02369893  10.06121179   1.        ]
 [  6.01006314  10.0386821    1.        ]
 [  7.02780512  10.00234326   1.        ]
 [  8.084439    10.03107686   1.        ]
 [  9.01393201  10.0586762    1.        ]
 [ 10.09540042  10.05436445   1.        ]
 [ 11.06352744  10.0615385    1.        ]
 [ 12.00491299  10.05155435   1.        ]
 [ 13.0246792   10.08460531   1.        ]
 [ 14.05754663  10.0869899    1.        ]
 [  5.034985    11.07068368   1.        ]
 [  6.04830532  11.09021763   1.        ]
 [  7.00686043  11.08644579   1.        ]
 [  8.05304121  11.0055705    1.        ]
 [  9.09342641  11.06722083   1.        ]
 [ 10.02956567  11.0767349    1.        ]
 [ 11.02789911  11.09290184   1.        ]
 [ 12.07740413  11.04682996   1.        ]
 [ 13.0854309   11.02545507   1.        ]
 [ 14.02798312  11.09244732   1.        ]
 [  5.03886853  12.07108654   1.        ]
 [  6.0693297   12.02380514   1.        ]
 [  7.05425173  12.06544464   1.        ]
 [  8.08490156  12.04133828   1.        ]
 [  9.031528    12.04048328   1.        ]
 [ 10.04824983  12.05870508   1.        ]
 [ 11.09406154  12.03008952   1.        ]
 [ 12.0511115   12.02233702   1.        ]
 [ 13.00821092  12.04969619   1.        ]
 [ 14.09886373  12.08008673   1.        ]
 [  5.04828638  13.02146824   1.        ]
 [  6.01463887  13.09412235   1.        ]
 [  7.08417421  13.00851407   1.        ]
 [  8.01903522  13.05070185   1.        ]
 [  9.073031    13.03052396   1.        ]
 [ 10.02551942  13.09685446   1.        ]
 [ 11.01879559  13.01455998   1.        ]
 [ 12.08816887  13.0107942    1.        ]
 [ 13.00529508  13.04520239   1.        ]
 [ 14.01929022  13.03839848   1.        ]
 [  5.08222478  14.04086532   1.        ]
 [  6.03289257  14.07668044   1.        ]
 [  7.08571336  14.05140281   1.        ]
 [  8.08588825  14.04389517   1.        ]
 [  9.04318329  14.05246974   1.        ]
 [ 10.00392917  14.02085466   1.        ]
 [ 11.07324508  14.06756922   1.        ]
 [ 12.0905016   14.09409034   1.        ]
 [ 13.04401272  14.03824253   1.        ]
 [ 14.00109581  14.0702346    1.        ]]
Running basin hopping with paramerters:
PARAMETERS BEGIN

epsilon=3.768145
r0=1.181453
sigma=0.141421
PARAMETERS END


E: -952.2018 accepted 1
E: -992.5651 accepted 1
E: -984.1623 accepted 0
E: -968.6570 accepted 0
E: -981.2465 accepted 0
E: -992.5650 accepted 1
E: -975.4206 accepted 0
E: -1006.0390 accepted 1
E: -1024.9637 accepted 1
E: -1025.0859 accepted 1
E: -1013.7065 accepted 0
E: -1013.4852 accepted 0
E: -1009.9856 accepted 0
E: -1029.9395 accepted 1
E: -1037.1176 accepted 1
E: -1061.5451 accepted 1
E: -1074.9603 accepted 1
E: -1057.9345 accepted 0
E: -1074.2830 accepted 0
E: -1043.3372 accepted 0
E: -1068.8634 accepted 0
E: -1055.1557 accepted 0
E: -1064.0501 accepted 0
Runtime = 4297.493476


