[[  5.08234491   5.08049343   1.        ]
 [  6.0253183    5.0327525    1.        ]
 [  7.04596083   5.00532341   1.        ]
 [  8.06934757   5.07619321   1.        ]
 [  9.00935208   5.0007925    1.        ]
 [ 10.07633028   5.06434203   1.        ]
 [ 11.09121901   5.04446641   1.        ]
 [ 12.00619604   5.04972309   1.        ]
 [ 13.03157021   5.07246037   1.        ]
 [ 14.08047334   5.00984476   1.        ]
 [  5.03119226   6.02213731   1.        ]
 [  6.04671901   6.00973988   1.        ]
 [  7.01889694   6.09678039   1.        ]
 [  8.02001134   6.07156844   1.        ]
 [  9.05890342   6.03855293   1.        ]
 [ 10.03672415   6.09983708   1.        ]
 [ 11.03759114   6.07986365   1.        ]
 [ 12.07361528   6.055115     1.        ]
 [ 13.05864528   6.03500743   1.        ]
 [ 14.04037097   6.07148056   1.        ]
 [  5.00964756   7.04046051   1.        ]
 [  6.07184251   7.01630308   1.        ]
 [  7.01168168   7.03020034   1.        ]
 [  8.04701236   7.09774636   1.        ]
 [  9.07591324   7.01333911   1.        ]
 [ 10.01434656   7.00377699   1.        ]
 [ 11.03982493   7.02499313   1.        ]
 [ 12.07900928   7.07034339   1.        ]
 [ 13.01677955   7.06430479   1.        ]
 [ 14.01210825   7.09358926   1.        ]
 [  5.06405852   8.00826707   1.        ]
 [  6.02726489   8.02460567   1.        ]
 [  7.06723797   8.07081335   1.        ]
 [  8.04133659   8.0105487    1.        ]
 [  9.00442716   8.06330891   1.        ]
 [ 10.06640125   8.00953064   1.        ]
 [ 11.00873193   8.09389683   1.        ]
 [ 12.00612565   8.06624606   1.        ]
 [ 13.08779132   8.04109805   1.        ]
 [ 14.09949123   8.06348358   1.        ]
 [  5.05552929   9.0905032    1.        ]
 [  6.01089165   9.00890473   1.        ]
 [  7.09837146   9.03930316   1.        ]
 [  8.07232557   9.04004898   1.        ]
 [  9.00793856   9.03726184   1.        ]
 [ 10.05210737   9.01266153   1.        ]
 [ 11.00977116   9.02511612   1.        ]
 [ 12.00195469   9.0621195    1.        ]
 [ 13.02584345   9.08933429   1.        ]
 [ 14.04951734   9.03047594   1.        ]
 [  5.02134866  10.09983458   1.        ]
 [  6.05241113  10.07204095   1.        ]
 [  7.00039782  10.03074226   1.        ]
 [  8.07353718  10.00116551   1.        ]
 [  9.01102553  10.01127322   1.        ]
 [ 10.01143875  10.00740923   1.        ]
 [ 11.09669423  10.03603405   1.        ]
 [ 12.03152446  10.06894007   1.        ]
 [ 13.07595782  10.04548022   1.        ]
 [ 14.09477157  10.06184742   1.        ]
 [  5.0418219   11.0656523    1.        ]
 [  6.09961012  11.04458423   1.        ]
 [  7.02759243  11.08516284   1.        ]
 [  8.00864765  11.0498203    1.        ]
 [  9.00746822  11.00503638   1.        ]
 [ 10.06334791  11.04689779   1.        ]
 [ 11.07191757  11.00217425   1.        ]
 [ 12.00866455  11.02851518   1.        ]
 [ 13.05545049  11.0764981    1.        ]
 [ 14.03942757  11.05586002   1.        ]
 [  5.09910965  12.03856857   1.        ]
 [  6.08828565  12.08681398   1.        ]
 [  7.03030173  12.01037313   1.        ]
 [  8.09236363  12.04589858   1.        ]
 [  9.06355597  12.00910074   1.        ]
 [ 10.00011644  12.04234389   1.        ]
 [ 11.00445996  12.07463357   1.        ]
 [ 12.09941786  12.07842949   1.        ]
 [ 13.07872648  12.01973082   1.        ]
 [ 14.03777888  12.01222944   1.        ]
 [  5.01067298  13.0015287    1.        ]
 [  6.07765993  13.02036243   1.        ]
 [  7.02799492  13.02755625   1.        ]
 [  8.06264284  13.05720268   1.        ]
 [  9.06808869  13.03571548   1.        ]
 [ 10.0597421   13.06821949   1.        ]
 [ 11.08315261  13.02197419   1.        ]
 [ 12.08151237  13.09587796   1.        ]
 [ 13.04949749  13.09625786   1.        ]
 [ 14.03833684  13.02147919   1.        ]
 [  5.02910766  14.02885947   1.        ]
 [  6.09205992  14.09353152   1.        ]
 [  7.09079033  14.01583271   1.        ]
 [  8.0356961   14.03092212   1.        ]
 [  9.03626483  14.04215225   1.        ]
 [ 10.0800277   14.03785503   1.        ]
 [ 11.06342946  14.08119551   1.        ]
 [ 12.00875732  14.07340905   1.        ]
 [ 13.03655804  14.07950792   1.        ]
 [ 14.07195279  14.05509311   1.        ]]
Running basin hopping with paramerters:
PARAMETERS BEGIN

epsilon=3.943439
r0=1.303255
sigma=0.141421
PARAMETERS END


E: -933.5708 accepted 1
E: -929.2067 accepted 0
E: -928.5099 accepted 0
E: -932.5078 accepted 1
E: -920.4201 accepted 0
E: -967.4921 accepted 1
E: -982.5793 accepted 1
E: -992.3215 accepted 1
E: -996.0026 accepted 1
E: -964.9835 accepted 0
E: -1040.7946 accepted 1
E: -991.4638 accepted 0
E: -978.1564 accepted 0
E: -1023.5303 accepted 0
E: -1021.9785 accepted 0
E: -1004.8098 accepted 0
E: -1015.3870 accepted 0
Runtime = 2882.949605


