[[  5.0455948    5.02627873   1.        ]
 [  6.09827065   5.07187425   1.        ]
 [  7.07589926   5.05731232   1.        ]
 [  8.03326944   5.0863924    1.        ]
 [  9.06625491   5.04729766   1.        ]
 [ 10.0084518    5.06135623   1.        ]
 [ 11.00164856   5.07878293   1.        ]
 [ 12.06039593   5.09899342   1.        ]
 [ 13.03222454   5.07217209   1.        ]
 [ 14.0665692    5.0565833    1.        ]
 [  5.03707032   6.07276006   1.        ]
 [  6.01592114   6.05427343   1.        ]
 [  7.09042322   6.0728096    1.        ]
 [  8.08111045   6.01891417   1.        ]
 [  9.02959566   6.00642532   1.        ]
 [ 10.0515751    6.09164011   1.        ]
 [ 11.00604904   6.09583494   1.        ]
 [ 12.04022299   6.05898957   1.        ]
 [ 13.0476862    6.09149066   1.        ]
 [ 14.03023936   6.09329759   1.        ]
 [  5.01669623   7.05441854   1.        ]
 [  6.08907233   7.04334319   1.        ]
 [  7.01926052   7.02284379   1.        ]
 [  8.04338052   7.0713669    1.        ]
 [  9.0121778    7.04863597   1.        ]
 [ 10.04509316   7.09207786   1.        ]
 [ 11.04670102   7.05194544   1.        ]
 [ 12.04891893   7.01344391   1.        ]
 [ 13.06996679   7.03710527   1.        ]
 [ 14.008086     7.01416416   1.        ]
 [  5.04323379   8.08725079   1.        ]
 [  6.00240535   8.07373716   1.        ]
 [  7.0814419    8.00265307   1.        ]
 [  8.08929698   8.00448868   1.        ]
 [  9.07984195   8.03106385   1.        ]
 [ 10.0546284    8.07699393   1.        ]
 [ 11.05363104   8.01057212   1.        ]
 [ 12.0088796    8.06755487   1.        ]
 [ 13.07434237   8.02683461   1.        ]
 [ 14.06594969   8.03580889   1.        ]
 [  5.00423631   9.00125279   1.        ]
 [  6.06282403   9.00558511   1.        ]
 [  7.02993729   9.09469498   1.        ]
 [  8.07740826   9.04662888   1.        ]
 [  9.04735748   9.06724944   1.        ]
 [ 10.03652854   9.00385894   1.        ]
 [ 11.06682093   9.0612951    1.        ]
 [ 12.0932935    9.04245035   1.        ]
 [ 13.05216146   9.02487874   1.        ]
 [ 14.06615558   9.06253196   1.        ]
 [  5.06586836  10.02235859   1.        ]
 [  6.05333852  10.0928588    1.        ]
 [  7.00566495  10.05633092   1.        ]
 [  8.00947784  10.06668193   1.        ]
 [  9.0954386   10.04963707   1.        ]
 [ 10.0266977   10.03042197   1.        ]
 [ 11.04452548  10.05809614   1.        ]
 [ 12.05313812  10.0162175    1.        ]
 [ 13.02244311  10.00079382   1.        ]
 [ 14.01135407  10.02454514   1.        ]
 [  5.03152159  11.05799175   1.        ]
 [  6.04146115  11.01589516   1.        ]
 [  7.09488585  11.09057241   1.        ]
 [  8.05071898  11.07894411   1.        ]
 [  9.05212468  11.03325852   1.        ]
 [ 10.02902427  11.0932398    1.        ]
 [ 11.0640506   11.07075726   1.        ]
 [ 12.06766883  11.09649648   1.        ]
 [ 13.09487977  11.03329316   1.        ]
 [ 14.08694076  11.07912714   1.        ]
 [  5.0104126   12.06510885   1.        ]
 [  6.02130638  12.07167157   1.        ]
 [  7.00030144  12.04537558   1.        ]
 [  8.02231564  12.00438829   1.        ]
 [  9.06529334  12.01855347   1.        ]
 [ 10.09907935  12.02331278   1.        ]
 [ 11.03233712  12.02000923   1.        ]
 [ 12.07977948  12.08706434   1.        ]
 [ 13.05494359  12.09278943   1.        ]
 [ 14.08240014  12.01493671   1.        ]
 [  5.04176708  13.03469553   1.        ]
 [  6.03489904  13.00068604   1.        ]
 [  7.00296446  13.02893638   1.        ]
 [  8.0560271   13.070638     1.        ]
 [  9.03840765  13.06830671   1.        ]
 [ 10.02835491  13.04213801   1.        ]
 [ 11.09545401  13.04449581   1.        ]
 [ 12.00621778  13.00969629   1.        ]
 [ 13.09813649  13.07052232   1.        ]
 [ 14.08721155  13.00285864   1.        ]
 [  5.09413193  14.03356942   1.        ]
 [  6.0189839   14.02500888   1.        ]
 [  7.00250357  14.07997751   1.        ]
 [  8.08665921  14.05078267   1.        ]
 [  9.07968613  14.05796075   1.        ]
 [ 10.00364903  14.0370166    1.        ]
 [ 11.01056664  14.00388868   1.        ]
 [ 12.03110324  14.02007482   1.        ]
 [ 13.02810127  14.02144347   1.        ]
 [ 14.03707925  14.0302559    1.        ]]
Running basin hopping with paramerters:
PARAMETERS BEGIN

epsilon=4.396872
r0=1.328876
sigma=0.141421
PARAMETERS END


E: -1030.2314 accepted 1
E: -1022.9423 accepted 0
E: -1054.1047 accepted 1
E: -1052.5011 accepted 0
E: -1055.5449 accepted 1
E: -1066.5009 accepted 1
E: -1070.3484 accepted 1
E: -1049.3790 accepted 0
E: -1088.3129 accepted 1
E: -1094.5409 accepted 1
E: -1099.1760 accepted 1
E: -1085.7839 accepted 0
E: -1122.6286 accepted 1
E: -1086.4369 accepted 0
E: -1140.5630 accepted 1
E: -1135.6326 accepted 0
E: -1105.8244 accepted 0
E: -1132.3097 accepted 0
E: -1123.2550 accepted 0
E: -1127.4327 accepted 0
E: -1139.0949 accepted 0
Runtime = 3353.372110


