[[  5.01774611   5.03925258   1.        ]
 [  6.09862737   5.00035235   1.        ]
 [  7.00943947   5.03248858   1.        ]
 [  8.07368665   5.08755626   1.        ]
 [  9.02073129   5.04453273   1.        ]
 [ 10.03549428   5.06879144   1.        ]
 [ 11.01695848   5.00227158   1.        ]
 [ 12.08515737   5.07259569   1.        ]
 [ 13.00736022   5.09286581   1.        ]
 [ 14.02923008   5.00775144   1.        ]
 [  5.0639397    6.07483251   1.        ]
 [  6.07377174   6.06949943   1.        ]
 [  7.02037122   6.09382485   1.        ]
 [  8.04716688   6.00792151   1.        ]
 [  9.07972742   6.00932949   1.        ]
 [ 10.08851128   6.07833656   1.        ]
 [ 11.00603202   6.04109339   1.        ]
 [ 12.07205105   6.00026228   1.        ]
 [ 13.09333695   6.09563353   1.        ]
 [ 14.01070715   6.01609167   1.        ]
 [  5.06196261   7.04993634   1.        ]
 [  6.06852054   7.03236278   1.        ]
 [  7.00412111   7.08157396   1.        ]
 [  8.03782314   7.01586087   1.        ]
 [  9.02861524   7.08579374   1.        ]
 [ 10.07999781   7.01985534   1.        ]
 [ 11.07460093   7.04802148   1.        ]
 [ 12.09322657   7.06297762   1.        ]
 [ 13.07610778   7.0079321    1.        ]
 [ 14.0375612    7.02121966   1.        ]
 [  5.00862152   8.05131808   1.        ]
 [  6.09208424   8.0525707    1.        ]
 [  7.08549166   8.05076398   1.        ]
 [  8.05315289   8.05732611   1.        ]
 [  9.06428508   8.01568355   1.        ]
 [ 10.07342018   8.02810566   1.        ]
 [ 11.04480444   8.08184655   1.        ]
 [ 12.03596712   8.09495672   1.        ]
 [ 13.08546433   8.00141965   1.        ]
 [ 14.06668605   8.08970128   1.        ]
 [  5.0286191    9.06343578   1.        ]
 [  6.05342053   9.01442604   1.        ]
 [  7.09092461   9.06634115   1.        ]
 [  8.03210755   9.07992741   1.        ]
 [  9.08827633   9.08967432   1.        ]
 [ 10.06374807   9.00844349   1.        ]
 [ 11.0652582    9.00447055   1.        ]
 [ 12.08609245   9.07332964   1.        ]
 [ 13.02199796   9.07549001   1.        ]
 [ 14.0929615    9.05734731   1.        ]
 [  5.07347851  10.00976925   1.        ]
 [  6.01490957  10.08055698   1.        ]
 [  7.04406186  10.00943352   1.        ]
 [  8.01095195  10.09625806   1.        ]
 [  9.06371909  10.0709778    1.        ]
 [ 10.00142724  10.01729716   1.        ]
 [ 11.0951194   10.0335479    1.        ]
 [ 12.06134641  10.03159201   1.        ]
 [ 13.05750098  10.04304211   1.        ]
 [ 14.01534     10.08177761   1.        ]
 [  5.03928405  11.0408957    1.        ]
 [  6.09539757  11.05748697   1.        ]
 [  7.07401709  11.03704582   1.        ]
 [  8.05385014  11.02626882   1.        ]
 [  9.00443736  11.01290248   1.        ]
 [ 10.08086661  11.08317699   1.        ]
 [ 11.06138633  11.00395503   1.        ]
 [ 12.04348755  11.06296779   1.        ]
 [ 13.05310827  11.05683893   1.        ]
 [ 14.03868686  11.02423639   1.        ]
 [  5.00671783  12.03473193   1.        ]
 [  6.06848393  12.07021402   1.        ]
 [  7.06010915  12.03638705   1.        ]
 [  8.03420621  12.0618603    1.        ]
 [  9.09104694  12.02095489   1.        ]
 [ 10.08558224  12.0034965    1.        ]
 [ 11.01572113  12.038161     1.        ]
 [ 12.09754785  12.04243508   1.        ]
 [ 13.07293206  12.06867841   1.        ]
 [ 14.05953909  12.00897757   1.        ]
 [  5.08788561  13.02180336   1.        ]
 [  6.03975547  13.06576043   1.        ]
 [  7.05043445  13.07727511   1.        ]
 [  8.08630896  13.09039099   1.        ]
 [  9.00464978  13.07345324   1.        ]
 [ 10.08613143  13.07088948   1.        ]
 [ 11.06200411  13.09297088   1.        ]
 [ 12.06871115  13.09374243   1.        ]
 [ 13.06001402  13.07726365   1.        ]
 [ 14.01991023  13.0397858    1.        ]
 [  5.02096076  14.05444053   1.        ]
 [  6.09803363  14.01306347   1.        ]
 [  7.06395859  14.05730244   1.        ]
 [  8.02606814  14.08390401   1.        ]
 [  9.06954655  14.01223006   1.        ]
 [ 10.01730018  14.05832077   1.        ]
 [ 11.06986752  14.0859734    1.        ]
 [ 12.02381468  14.00600873   1.        ]
 [ 13.04762743  14.05501417   1.        ]
 [ 14.00626861  14.06594236   1.        ]]
Running basin hopping with paramerters:
PARAMETERS BEGIN

epsilon=3.712523
r0=1.304002
sigma=0.141421
PARAMETERS END


E: -865.7956 accepted 1
E: -862.5672 accepted 0
E: -883.1245 accepted 1
E: -923.0479 accepted 1
E: -962.3353 accepted 1
E: -962.3351 accepted 1
E: -958.8799 accepted 0
E: -959.3532 accepted 0
E: -959.9863 accepted 0
E: -949.9697 accepted 0
E: -953.8147 accepted 0
Runtime = 2906.582384


