[[  5.00096452   5.05145191   1.        ]
 [  6.04984975   5.01879033   1.        ]
 [  7.00260933   5.03743483   1.        ]
 [  8.06065131   5.02786608   1.        ]
 [  9.04960925   5.09814531   1.        ]
 [ 10.03821501   5.07085735   1.        ]
 [ 11.06829464   5.01006781   1.        ]
 [ 12.00093312   5.08155279   1.        ]
 [ 13.06455819   5.07484751   1.        ]
 [ 14.08676604   5.0870133    1.        ]
 [  5.08261494   6.06152876   1.        ]
 [  6.07635825   6.03666094   1.        ]
 [  7.05130754   6.08040843   1.        ]
 [  8.05845183   6.08611236   1.        ]
 [  9.09743155   6.06710673   1.        ]
 [ 10.09671117   6.0445841    1.        ]
 [ 11.0180078    6.07410496   1.        ]
 [ 12.081182     6.06462822   1.        ]
 [ 13.02301065   6.01366564   1.        ]
 [ 14.05835016   6.06655687   1.        ]
 [  5.07600656   7.06472221   1.        ]
 [  6.04299261   7.00478417   1.        ]
 [  7.04459528   7.02538697   1.        ]
 [  8.00396914   7.07777752   1.        ]
 [  9.08703546   7.0295504    1.        ]
 [ 10.09087511   7.06149369   1.        ]
 [ 11.09589874   7.09463147   1.        ]
 [ 12.02283957   7.06670432   1.        ]
 [ 13.04039456   7.05021164   1.        ]
 [ 14.07263958   7.0112655    1.        ]
 [  5.006147     8.04940005   1.        ]
 [  6.05207694   8.03616948   1.        ]
 [  7.07628606   8.0673502    1.        ]
 [  8.02430542   8.03371135   1.        ]
 [  9.0536291    8.08330181   1.        ]
 [ 10.0601365    8.01257417   1.        ]
 [ 11.07219298   8.06046858   1.        ]
 [ 12.01323024   8.00883681   1.        ]
 [ 13.06257675   8.03491962   1.        ]
 [ 14.067794     8.0062886    1.        ]
 [  5.08611757   9.02716881   1.        ]
 [  6.05147879   9.08472225   1.        ]
 [  7.01251249   9.05571912   1.        ]
 [  8.00045594   9.09702413   1.        ]
 [  9.04165307   9.01911867   1.        ]
 [ 10.02331084   9.04220452   1.        ]
 [ 11.04450068   9.04551354   1.        ]
 [ 12.04358789   9.02778584   1.        ]
 [ 13.07509728   9.02174071   1.        ]
 [ 14.06845597   9.06536081   1.        ]
 [  5.05633058  10.00794961   1.        ]
 [  6.09127855  10.03158114   1.        ]
 [  7.04330399  10.08144122   1.        ]
 [  8.06333851  10.08124654   1.        ]
 [  9.07297798  10.05777698   1.        ]
 [ 10.08401418  10.02416887   1.        ]
 [ 11.00925065  10.04344997   1.        ]
 [ 12.01694152  10.06139294   1.        ]
 [ 13.01613905  10.07675553   1.        ]
 [ 14.09229415  10.08501846   1.        ]
 [  5.01367057  11.08958707   1.        ]
 [  6.00981194  11.02847056   1.        ]
 [  7.03394853  11.04789838   1.        ]
 [  8.06929172  11.02385881   1.        ]
 [  9.0960462   11.00971061   1.        ]
 [ 10.07537338  11.03660558   1.        ]
 [ 11.09556173  11.06086239   1.        ]
 [ 12.07091826  11.07808277   1.        ]
 [ 13.04246846  11.06306781   1.        ]
 [ 14.06958183  11.01386635   1.        ]
 [  5.04878745  12.08232225   1.        ]
 [  6.04091114  12.04135892   1.        ]
 [  7.03209491  12.06067518   1.        ]
 [  8.06475256  12.07625591   1.        ]
 [  9.05694722  12.05735839   1.        ]
 [ 10.0479818   12.06194832   1.        ]
 [ 11.00177738  12.04873867   1.        ]
 [ 12.01586569  12.04694867   1.        ]
 [ 13.09550126  12.02984458   1.        ]
 [ 14.07232584  12.04056088   1.        ]
 [  5.02555264  13.04965375   1.        ]
 [  6.03076397  13.09260715   1.        ]
 [  7.03164711  13.05896568   1.        ]
 [  8.0363007   13.05742222   1.        ]
 [  9.04996866  13.08872859   1.        ]
 [ 10.09224397  13.03547218   1.        ]
 [ 11.06615304  13.08304818   1.        ]
 [ 12.01588363  13.05927686   1.        ]
 [ 13.08744105  13.046586     1.        ]
 [ 14.07416939  13.00615147   1.        ]
 [  5.08307271  14.07098008   1.        ]
 [  6.05343113  14.03346239   1.        ]
 [  7.08520979  14.02497321   1.        ]
 [  8.01298325  14.03847316   1.        ]
 [  9.02256697  14.00417121   1.        ]
 [ 10.06487601  14.08744228   1.        ]
 [ 11.09476173  14.08848436   1.        ]
 [ 12.04340512  14.08527305   1.        ]
 [ 13.01564376  14.022167     1.        ]
 [ 14.00028152  14.07690485   1.        ]]
Running basin hopping with paramerters:
PARAMETERS BEGIN

epsilon=3.215708
r0=1.286717
sigma=0.141421
PARAMETERS END


E: -766.0335 accepted 1
E: -760.6436 accepted 0
E: -754.1404 accepted 0
E: -750.0813 accepted 0
E: -802.8151 accepted 1
E: -823.3919 accepted 1
E: -819.6925 accepted 0
E: -816.8904 accepted 0
E: -801.1396 accepted 0
E: -824.4874 accepted 1
E: -834.7229 accepted 1
E: -833.3320 accepted 0
E: -819.8838 accepted 0
E: -848.4126 accepted 1
E: -837.5302 accepted 0
E: -836.8352 accepted 0
E: -842.2939 accepted 0
E: -856.6855 accepted 1
E: -835.6800 accepted 0
E: -851.0241 accepted 0
E: -859.7662 accepted 1
E: -857.3449 accepted 0
E: -827.1896 accepted 0
E: -861.6279 accepted 1
E: -861.3781 accepted 1
E: -857.0588 accepted 0
E: -880.6282 accepted 1
E: -842.7227 accepted 0
E: -895.3035 accepted 1
E: -870.8689 accepted 0
E: -845.1813 accepted 0
E: -886.1962 accepted 0
E: -872.8551 accepted 0
E: -873.6512 accepted 0
E: -878.5245 accepted 0
Runtime = 6036.661937


