[[  5.02561618   5.0042863    1.        ]
 [  6.00355787   5.08952955   1.        ]
 [  7.04286932   5.06043617   1.        ]
 [  8.0837511    5.05481055   1.        ]
 [  9.03678797   5.07814136   1.        ]
 [ 10.05272138   5.06575777   1.        ]
 [ 11.08142622   5.03528843   1.        ]
 [ 12.00643496   5.09785357   1.        ]
 [ 13.01806399   5.09246146   1.        ]
 [ 14.09533659   5.0553349    1.        ]
 [  5.05502908   6.03798357   1.        ]
 [  6.06290015   6.05767531   1.        ]
 [  7.01783989   6.00217828   1.        ]
 [  8.09687715   6.06537176   1.        ]
 [  9.04746528   6.07261198   1.        ]
 [ 10.00666526   6.03626411   1.        ]
 [ 11.04017854   6.04870491   1.        ]
 [ 12.0387295    6.00097522   1.        ]
 [ 13.09097886   6.00062103   1.        ]
 [ 14.09489068   6.02879497   1.        ]
 [  5.03503597   7.03432461   1.        ]
 [  6.07987488   7.03423148   1.        ]
 [  7.00623106   7.06113771   1.        ]
 [  8.06054604   7.01391863   1.        ]
 [  9.08023629   7.06867907   1.        ]
 [ 10.05033713   7.09435977   1.        ]
 [ 11.0103405    7.02337368   1.        ]
 [ 12.01480262   7.09539163   1.        ]
 [ 13.09030756   7.04006099   1.        ]
 [ 14.01870391   7.01149313   1.        ]
 [  5.03980598   8.0671375    1.        ]
 [  6.02776236   8.07167116   1.        ]
 [  7.03982426   8.0175448    1.        ]
 [  8.0145989    8.08814359   1.        ]
 [  9.0247895    8.02954252   1.        ]
 [ 10.03668702   8.05236371   1.        ]
 [ 11.02621224   8.0117751    1.        ]
 [ 12.05477019   8.03039925   1.        ]
 [ 13.01173933   8.08158181   1.        ]
 [ 14.01017836   8.09784872   1.        ]
 [  5.05211885   9.07060472   1.        ]
 [  6.06059434   9.07152758   1.        ]
 [  7.08811349   9.03959227   1.        ]
 [  8.01802551   9.04750294   1.        ]
 [  9.04405927   9.02790315   1.        ]
 [ 10.01322293   9.03779384   1.        ]
 [ 11.02301184   9.02931296   1.        ]
 [ 12.02860067   9.08408469   1.        ]
 [ 13.00363334   9.06586286   1.        ]
 [ 14.04847806   9.05314889   1.        ]
 [  5.01816088  10.01032223   1.        ]
 [  6.06683707  10.09282369   1.        ]
 [  7.01049131  10.05300968   1.        ]
 [  8.08635698  10.04821477   1.        ]
 [  9.03222851  10.06396453   1.        ]
 [ 10.05005821  10.06899942   1.        ]
 [ 11.03208143  10.02780536   1.        ]
 [ 12.0321447   10.08031538   1.        ]
 [ 13.05132146  10.09327246   1.        ]
 [ 14.05801076  10.07003195   1.        ]
 [  5.06762866  11.01394787   1.        ]
 [  6.03718974  11.07814956   1.        ]
 [  7.07048272  11.07291846   1.        ]
 [  8.01853453  11.09050145   1.        ]
 [  9.07115637  11.09255126   1.        ]
 [ 10.02244463  11.08517846   1.        ]
 [ 11.09551124  11.07507126   1.        ]
 [ 12.04863888  11.07125654   1.        ]
 [ 13.05241663  11.05547395   1.        ]
 [ 14.01802764  11.0732802    1.        ]
 [  5.02143632  12.02860654   1.        ]
 [  6.04814179  12.0433977    1.        ]
 [  7.03027923  12.04749847   1.        ]
 [  8.02544383  12.03392829   1.        ]
 [  9.07332511  12.05338306   1.        ]
 [ 10.06566012  12.03135286   1.        ]
 [ 11.08520023  12.00806672   1.        ]
 [ 12.08841423  12.0079827    1.        ]
 [ 13.0531527   12.02358843   1.        ]
 [ 14.05089326  12.03754719   1.        ]
 [  5.09317879  13.07346455   1.        ]
 [  6.03479447  13.06637279   1.        ]
 [  7.02932265  13.01515524   1.        ]
 [  8.0284596   13.0392549    1.        ]
 [  9.06802659  13.00092683   1.        ]
 [ 10.03549265  13.07656947   1.        ]
 [ 11.02139429  13.01486287   1.        ]
 [ 12.0428527   13.01595028   1.        ]
 [ 13.09089551  13.05686727   1.        ]
 [ 14.05933151  13.0124277    1.        ]
 [  5.01082301  14.0368995    1.        ]
 [  6.04276146  14.06340055   1.        ]
 [  7.03028301  14.09941494   1.        ]
 [  8.03393671  14.04978942   1.        ]
 [  9.02964761  14.02860923   1.        ]
 [ 10.05503126  14.00766067   1.        ]
 [ 11.03247538  14.04180256   1.        ]
 [ 12.03573669  14.09976783   1.        ]
 [ 13.02632374  14.00053797   1.        ]
 [ 14.0698176   14.08859755   1.        ]]
Running basin hopping with paramerters:
PARAMETERS BEGIN

epsilon=4.510292
r0=1.205306
sigma=0.141421
PARAMETERS END


E: -1097.4924 accepted 1
E: -1120.5999 accepted 1
E: -1140.0363 accepted 1
E: -1137.4258 accepted 0
E: -1145.6658 accepted 1
E: -1163.4080 accepted 1
E: -1178.2140 accepted 1
E: -1178.2007 accepted 1
E: -1188.5156 accepted 1
E: -1184.7947 accepted 0
E: -1179.2417 accepted 0
E: -1187.5208 accepted 0
E: -1239.6241 accepted 1
E: -1186.3893 accepted 0
E: -1239.6238 accepted 1
E: -1235.7515 accepted 0
E: -1234.6080 accepted 0
E: -1219.9489 accepted 0
E: -1202.2824 accepted 0
Runtime = 4672.882869


