[[  5.05859729   5.08953089   1.        ]
 [  6.07129164   5.04383088   1.        ]
 [  7.03696829   5.09273646   1.        ]
 [  8.03013861   5.09089752   1.        ]
 [  9.07892282   5.09202249   1.        ]
 [ 10.09241264   5.03819865   1.        ]
 [ 11.03543205   5.05224428   1.        ]
 [ 12.08493358   5.07076525   1.        ]
 [ 13.09301927   5.06613139   1.        ]
 [ 14.06692445   5.04571643   1.        ]
 [  5.01349316   6.0858037    1.        ]
 [  6.09088027   6.08651568   1.        ]
 [  7.07144753   6.08103178   1.        ]
 [  8.02608567   6.08231955   1.        ]
 [  9.03924824   6.04166298   1.        ]
 [ 10.06960695   6.09808693   1.        ]
 [ 11.09355645   6.05471087   1.        ]
 [ 12.09037828   6.04493041   1.        ]
 [ 13.09737038   6.03483793   1.        ]
 [ 14.08221859   6.0490756    1.        ]
 [  5.01955888   7.04319129   1.        ]
 [  6.03826966   7.0659423    1.        ]
 [  7.01151061   7.03678633   1.        ]
 [  8.0629054    7.06655361   1.        ]
 [  9.08412207   7.01564156   1.        ]
 [ 10.09861404   7.02795359   1.        ]
 [ 11.01536844   7.08109039   1.        ]
 [ 12.07424197   7.02665217   1.        ]
 [ 13.05331749   7.08287679   1.        ]
 [ 14.08618543   7.08699124   1.        ]
 [  5.00774026   8.0221179    1.        ]
 [  6.00871598   8.0188926    1.        ]
 [  7.09835143   8.07045292   1.        ]
 [  8.02420073   8.01125901   1.        ]
 [  9.06383397   8.05775964   1.        ]
 [ 10.07687094   8.07348702   1.        ]
 [ 11.04974876   8.08771503   1.        ]
 [ 12.07280288   8.06000607   1.        ]
 [ 13.06383879   8.08623562   1.        ]
 [ 14.00935208   8.01851005   1.        ]
 [  5.09841259   9.04472469   1.        ]
 [  6.08231915   9.07677834   1.        ]
 [  7.02351943   9.04506277   1.        ]
 [  8.07693438   9.06199083   1.        ]
 [  9.03164903   9.07855125   1.        ]
 [ 10.08273995   9.03915299   1.        ]
 [ 11.09920963   9.09107208   1.        ]
 [ 12.07218544   9.03210742   1.        ]
 [ 13.08849041   9.03982952   1.        ]
 [ 14.07540155   9.07066871   1.        ]
 [  5.09111124  10.000253     1.        ]
 [  6.04806376  10.00573938   1.        ]
 [  7.06684252  10.02115605   1.        ]
 [  8.01334036  10.01840635   1.        ]
 [  9.06094949  10.03853689   1.        ]
 [ 10.05187066  10.04306903   1.        ]
 [ 11.0754248   10.01884708   1.        ]
 [ 12.06368246  10.04290884   1.        ]
 [ 13.05746797  10.064514     1.        ]
 [ 14.08802632  10.04432396   1.        ]
 [  5.00446406  11.06521041   1.        ]
 [  6.02222026  11.06805409   1.        ]
 [  7.09863496  11.00893122   1.        ]
 [  8.07441227  11.02800148   1.        ]
 [  9.01856426  11.09142005   1.        ]
 [ 10.02383968  11.01042097   1.        ]
 [ 11.04515909  11.06332962   1.        ]
 [ 12.07229235  11.01207357   1.        ]
 [ 13.02895937  11.08735432   1.        ]
 [ 14.0950836   11.02620019   1.        ]
 [  5.06552581  12.06792953   1.        ]
 [  6.08881402  12.06493208   1.        ]
 [  7.08168077  12.00803457   1.        ]
 [  8.09657732  12.07519267   1.        ]
 [  9.04069944  12.01790138   1.        ]
 [ 10.0107593   12.04745739   1.        ]
 [ 11.08652009  12.0658887    1.        ]
 [ 12.09513461  12.09288064   1.        ]
 [ 13.01522707  12.0109905    1.        ]
 [ 14.08945349  12.02378296   1.        ]
 [  5.01152211  13.07134327   1.        ]
 [  6.07389977  13.06193739   1.        ]
 [  7.03753421  13.06683529   1.        ]
 [  8.0472717   13.03391427   1.        ]
 [  9.09041492  13.01570754   1.        ]
 [ 10.03538206  13.04708403   1.        ]
 [ 11.08018433  13.00920952   1.        ]
 [ 12.09017863  13.08946988   1.        ]
 [ 13.07147272  13.03551458   1.        ]
 [ 14.00175225  13.02828552   1.        ]
 [  5.04581578  14.02797682   1.        ]
 [  6.09651388  14.03544856   1.        ]
 [  7.06518976  14.00088381   1.        ]
 [  8.04892969  14.01366045   1.        ]
 [  9.04830639  14.02775943   1.        ]
 [ 10.05338605  14.05490185   1.        ]
 [ 11.0963878   14.00572016   1.        ]
 [ 12.02203912  14.03354259   1.        ]
 [ 13.06773344  14.016153     1.        ]
 [ 14.05754569  14.02675531   1.        ]]
Running basin hopping with paramerters:
PARAMETERS BEGIN

epsilon=3.588963
r0=1.289414
sigma=0.141421
PARAMETERS END


E: -847.4365 accepted 1
E: -834.4231 accepted 0
E: -828.9037 accepted 0
E: -850.0167 accepted 1
E: -856.0167 accepted 1
E: -866.7002 accepted 1
E: -832.2209 accepted 0
E: -847.2690 accepted 0
E: -864.1157 accepted 0
E: -853.8747 accepted 0
E: -856.6792 accepted 0
E: -795.0906 accepted 0
Runtime = 4140.285874


