[[  5.09148932   5.03013906   1.        ]
 [  6.04279147   5.04679437   1.        ]
 [  7.01603969   5.06144235   1.        ]
 [  8.06909157   5.01655929   1.        ]
 [  9.04285369   5.06327619   1.        ]
 [ 10.01318211   5.05218782   1.        ]
 [ 11.00655345   5.01828219   1.        ]
 [ 12.06398442   5.09787881   1.        ]
 [ 13.07640809   5.08791635   1.        ]
 [ 14.0831162    5.00962159   1.        ]
 [  5.07595641   6.00075737   1.        ]
 [  6.06860102   6.0820008    1.        ]
 [  7.00951551   6.03034151   1.        ]
 [  8.03442907   6.06808025   1.        ]
 [  9.02538703   6.04601021   1.        ]
 [ 10.07956633   6.05868697   1.        ]
 [ 11.04090891   6.06878231   1.        ]
 [ 12.07112361   6.04397959   1.        ]
 [ 13.06539379   6.09081366   1.        ]
 [ 14.0492431    6.07356998   1.        ]
 [  5.01774352   7.00262033   1.        ]
 [  6.00118995   7.02716344   1.        ]
 [  7.07680063   7.00664099   1.        ]
 [  8.08616962   7.05379767   1.        ]
 [  9.05293611   7.05281325   1.        ]
 [ 10.02629286   7.03948867   1.        ]
 [ 11.06868488   7.08385295   1.        ]
 [ 12.02076469   7.07170834   1.        ]
 [ 13.07420616   7.05212175   1.        ]
 [ 14.05149398   7.03346918   1.        ]
 [  5.03717293   8.04632294   1.        ]
 [  6.07636187   8.05922007   1.        ]
 [  7.09215601   8.05472549   1.        ]
 [  8.06487028   8.04113906   1.        ]
 [  9.02861625   8.05576715   1.        ]
 [ 10.0535176    8.04573321   1.        ]
 [ 11.04755159   8.089319     1.        ]
 [ 12.0491626    8.09786116   1.        ]
 [ 13.08864664   8.06043513   1.        ]
 [ 14.01146035   8.07148486   1.        ]
 [  5.04830076   9.07735538   1.        ]
 [  6.08520089   9.0533224    1.        ]
 [  7.04875979   9.05979184   1.        ]
 [  8.02711543   9.04065388   1.        ]
 [  9.08034431   9.04602802   1.        ]
 [ 10.06523349   9.04979837   1.        ]
 [ 11.07702388   9.02537859   1.        ]
 [ 12.05307621   9.04631127   1.        ]
 [ 13.01327691   9.01623552   1.        ]
 [ 14.00281841   9.05958566   1.        ]
 [  5.06422967  10.07371985   1.        ]
 [  6.02899307  10.08968027   1.        ]
 [  7.03778583  10.00629472   1.        ]
 [  8.08935852  10.09901376   1.        ]
 [  9.0064151   10.00087099   1.        ]
 [ 10.09050667  10.09538444   1.        ]
 [ 11.0170796   10.05964115   1.        ]
 [ 12.05846825  10.06798217   1.        ]
 [ 13.02373106  10.01359725   1.        ]
 [ 14.07725386  10.03207281   1.        ]
 [  5.08619012  11.02324851   1.        ]
 [  6.06654821  11.03018787   1.        ]
 [  7.03544139  11.08934033   1.        ]
 [  8.01843768  11.05775428   1.        ]
 [  9.04213505  11.05578769   1.        ]
 [ 10.02420214  11.09571765   1.        ]
 [ 11.00412766  11.09732472   1.        ]
 [ 12.07944465  11.03823515   1.        ]
 [ 13.0365388   11.04474331   1.        ]
 [ 14.08702218  11.00534269   1.        ]
 [  5.0394644   12.00103495   1.        ]
 [  6.03568912  12.05148068   1.        ]
 [  7.01637674  12.05015165   1.        ]
 [  8.05375036  12.01455099   1.        ]
 [  9.06859313  12.07897431   1.        ]
 [ 10.04403482  12.00147635   1.        ]
 [ 11.07254896  12.01395511   1.        ]
 [ 12.0788513   12.0944491    1.        ]
 [ 13.04908974  12.01495352   1.        ]
 [ 14.02171702  12.05833325   1.        ]
 [  5.07238686  13.04949267   1.        ]
 [  6.0684906   13.02600766   1.        ]
 [  7.01528863  13.02596539   1.        ]
 [  8.07799697  13.07747935   1.        ]
 [  9.03360162  13.08381875   1.        ]
 [ 10.07708657  13.02921678   1.        ]
 [ 11.08080294  13.01914782   1.        ]
 [ 12.05319053  13.09119363   1.        ]
 [ 13.06844504  13.02761569   1.        ]
 [ 14.09140136  13.02577281   1.        ]
 [  5.01742427  14.04297562   1.        ]
 [  6.00686925  14.05893438   1.        ]
 [  7.04942353  14.05936104   1.        ]
 [  8.07694343  14.09081576   1.        ]
 [  9.07301208  14.06374199   1.        ]
 [ 10.00449352  14.01697825   1.        ]
 [ 11.09454614  14.00858414   1.        ]
 [ 12.06629377  14.01620506   1.        ]
 [ 13.02249099  14.04495553   1.        ]
 [ 14.09562325  14.02207564   1.        ]]
Running basin hopping with paramerters:
PARAMETERS BEGIN

epsilon=4.765782
r0=1.183489
sigma=0.141421
PARAMETERS END


E: -1215.9064 accepted 1
E: -1217.2130 accepted 1
E: -1187.2629 accepted 0
E: -1184.8275 accepted 0
E: -1201.0514 accepted 0
E: -1215.4740 accepted 0
E: -1181.3527 accepted 0
E: -1199.4251 accepted 0
Runtime = 2439.644094


