[[  5.09043642   5.08338848   1.        ]
 [  6.07782929   5.04402894   1.        ]
 [  7.0485918    5.07261481   1.        ]
 [  8.06160973   5.04545968   1.        ]
 [  9.08542319   5.09564884   1.        ]
 [ 10.03057904   5.06113258   1.        ]
 [ 11.05002745   5.03577104   1.        ]
 [ 12.03980477   5.08024791   1.        ]
 [ 13.08337297   5.00077537   1.        ]
 [ 14.01437995   5.0692454    1.        ]
 [  5.00834285   6.02858085   1.        ]
 [  6.0415078    6.04544972   1.        ]
 [  7.09259351   6.01172719   1.        ]
 [  8.07948239   6.01872821   1.        ]
 [  9.01514091   6.03351509   1.        ]
 [ 10.09626088   6.02587742   1.        ]
 [ 11.01827733   6.05099139   1.        ]
 [ 12.08901074   6.07064616   1.        ]
 [ 13.01640366   6.0353572    1.        ]
 [ 14.05696425   6.09832852   1.        ]
 [  5.08885497   7.09423308   1.        ]
 [  6.07638736   7.03732858   1.        ]
 [  7.09501578   7.04979112   1.        ]
 [  8.00228927   7.0742791    1.        ]
 [  9.02785389   7.0986891    1.        ]
 [ 10.05892981   7.03967612   1.        ]
 [ 11.05365638   7.01703691   1.        ]
 [ 12.01757473   7.08898096   1.        ]
 [ 13.01925022   7.08045949   1.        ]
 [ 14.02933274   7.09332989   1.        ]
 [  5.04767249   8.0522265    1.        ]
 [  6.05069534   8.04863941   1.        ]
 [  7.00882929   8.07409145   1.        ]
 [  8.01505216   8.0695269    1.        ]
 [  9.01843122   8.04154164   1.        ]
 [ 10.08112343   8.05820457   1.        ]
 [ 11.01644274   8.00116572   1.        ]
 [ 12.02372188   8.08064552   1.        ]
 [ 13.07042567   8.04078407   1.        ]
 [ 14.04795869   8.0805517    1.        ]
 [  5.02815866   9.02093886   1.        ]
 [  6.06009273   9.03290817   1.        ]
 [  7.07592173   9.06913299   1.        ]
 [  8.02302564   9.03429874   1.        ]
 [  9.05092574   9.08433906   1.        ]
 [ 10.08436274   9.09811744   1.        ]
 [ 11.08761197   9.06082273   1.        ]
 [ 12.0354982    9.01379471   1.        ]
 [ 13.05919447   9.06192995   1.        ]
 [ 14.09596223   9.08877963   1.        ]
 [  5.06708805  10.00227953   1.        ]
 [  6.04378574  10.00677256   1.        ]
 [  7.05822252  10.04193055   1.        ]
 [  8.02110923  10.01320601   1.        ]
 [  9.06474713  10.02119572   1.        ]
 [ 10.0561987   10.04490631   1.        ]
 [ 11.09264757  10.00479958   1.        ]
 [ 12.04140919  10.07832386   1.        ]
 [ 13.07312069  10.01501564   1.        ]
 [ 14.02318986  10.02509654   1.        ]
 [  5.04639547  11.06313095   1.        ]
 [  6.05568311  11.07187559   1.        ]
 [  7.08487523  11.06251246   1.        ]
 [  8.03180758  11.08858194   1.        ]
 [  9.09638329  11.02956749   1.        ]
 [ 10.06850125  11.04427641   1.        ]
 [ 11.06462862  11.02276785   1.        ]
 [ 12.00318989  11.07236462   1.        ]
 [ 13.0098542   11.09730822   1.        ]
 [ 14.04026159  11.03606607   1.        ]
 [  5.01393238  12.06893418   1.        ]
 [  6.04539362  12.01082816   1.        ]
 [  7.06100091  12.09908059   1.        ]
 [  8.08112482  12.0442118    1.        ]
 [  9.07099365  12.02770396   1.        ]
 [ 10.00062315  12.03616569   1.        ]
 [ 11.05853357  12.00042959   1.        ]
 [ 12.05209066  12.09833767   1.        ]
 [ 13.07260456  12.03252383   1.        ]
 [ 14.07779167  12.00248395   1.        ]
 [  5.05271113  13.05115358   1.        ]
 [  6.03751893  13.09029829   1.        ]
 [  7.08586521  13.06124026   1.        ]
 [  8.05065162  13.04953887   1.        ]
 [  9.06165639  13.01454184   1.        ]
 [ 10.03858901  13.09271029   1.        ]
 [ 11.0646237   13.06490918   1.        ]
 [ 12.05131286  13.0955671    1.        ]
 [ 13.03015789  13.0710764    1.        ]
 [ 14.01350588  13.08507145   1.        ]
 [  5.02285299  14.06026126   1.        ]
 [  6.0954629   14.07926496   1.        ]
 [  7.0585438   14.01874996   1.        ]
 [  8.02565603  14.087588     1.        ]
 [  9.0193284   14.02556551   1.        ]
 [ 10.0540904   14.05529588   1.        ]
 [ 11.07566805  14.01653857   1.        ]
 [ 12.09914102  14.06691346   1.        ]
 [ 13.0998166   14.06629696   1.        ]
 [ 14.09990294  14.05769913   1.        ]]
Running basin hopping with paramerters:
PARAMETERS BEGIN

epsilon=3.454044
r0=1.208111
sigma=0.141421
PARAMETERS END


E: -831.2050 accepted 1
E: -906.4651 accepted 1
E: -932.0299 accepted 1
E: -962.4837 accepted 1
E: -975.7936 accepted 1
E: -989.7185 accepted 1
E: -998.3730 accepted 1
E: -989.0123 accepted 0
E: -978.0858 accepted 0
E: -994.5652 accepted 0
E: -977.9514 accepted 0
E: -1002.8013 accepted 1
E: -987.8576 accepted 0
E: -969.2397 accepted 0
E: -977.8202 accepted 0
E: -998.7836 accepted 0
E: -962.8411 accepted 0
E: -1002.7767 accepted 1
Runtime = 1864.900582


