[[  5.02834916   5.0641395    1.        ]
 [  6.0085573    5.02849283   1.        ]
 [  7.08255886   5.09930687   1.        ]
 [  8.06242048   5.00817095   1.        ]
 [  9.081758     5.03154792   1.        ]
 [ 10.01486165   5.01171483   1.        ]
 [ 11.04003168   5.0686276    1.        ]
 [ 12.02929978   5.02101878   1.        ]
 [ 13.02471241   5.02225052   1.        ]
 [ 14.02180417   5.06567777   1.        ]
 [  5.02214557   6.07885792   1.        ]
 [  6.07696196   6.05314475   1.        ]
 [  7.03526097   6.02615612   1.        ]
 [  8.05402325   6.06285542   1.        ]
 [  9.00838269   6.02857593   1.        ]
 [ 10.01458209   6.04504677   1.        ]
 [ 11.01782729   6.07603177   1.        ]
 [ 12.04721451   6.01007981   1.        ]
 [ 13.07408726   6.09458632   1.        ]
 [ 14.03970625   6.02056808   1.        ]
 [  5.05049534   7.07408874   1.        ]
 [  6.09862032   7.08117071   1.        ]
 [  7.01739547   7.06378204   1.        ]
 [  8.06976653   7.03005362   1.        ]
 [  9.04778291   7.03535587   1.        ]
 [ 10.03042596   7.02213103   1.        ]
 [ 11.05100561   7.09701109   1.        ]
 [ 12.03614141   7.04571735   1.        ]
 [ 13.09747294   7.00997517   1.        ]
 [ 14.09779719   7.01879241   1.        ]
 [  5.02066129   8.05194614   1.        ]
 [  6.05528765   8.00404666   1.        ]
 [  7.080096     8.01804062   1.        ]
 [  8.06741305   8.09265059   1.        ]
 [  9.09294995   8.00228807   1.        ]
 [ 10.09892578   8.06490334   1.        ]
 [ 11.01288907   8.08988553   1.        ]
 [ 12.01482878   8.05630906   1.        ]
 [ 13.07974265   8.06598324   1.        ]
 [ 14.0393804    8.02342716   1.        ]
 [  5.03573313   9.00649505   1.        ]
 [  6.02766904   9.03960091   1.        ]
 [  7.05359754   9.04061706   1.        ]
 [  8.08828118   9.0038416    1.        ]
 [  9.01165791   9.07452017   1.        ]
 [ 10.05780259   9.09483616   1.        ]
 [ 11.05466892   9.0760179    1.        ]
 [ 12.07233672   9.08211134   1.        ]
 [ 13.06238466   9.084064     1.        ]
 [ 14.06344943   9.03125306   1.        ]
 [  5.07886945  10.03075026   1.        ]
 [  6.09528686  10.02778725   1.        ]
 [  7.00232418  10.05051477   1.        ]
 [  8.04112004  10.02034147   1.        ]
 [  9.0907683   10.04034053   1.        ]
 [ 10.04021597  10.00844594   1.        ]
 [ 11.09531676  10.00402337   1.        ]
 [ 12.01197349  10.08983005   1.        ]
 [ 13.06628711  10.08290989   1.        ]
 [ 14.01211033  10.00959882   1.        ]
 [  5.06017474  11.09827115   1.        ]
 [  6.02600724  11.0590232    1.        ]
 [  7.01190655  11.0654513    1.        ]
 [  8.02806378  11.00886232   1.        ]
 [  9.06821957  11.07759737   1.        ]
 [ 10.00722132  11.09717858   1.        ]
 [ 11.01233822  11.06529973   1.        ]
 [ 12.03024538  11.07115922   1.        ]
 [ 13.01458302  11.0338236    1.        ]
 [ 14.04542392  11.08431982   1.        ]
 [  5.01419917  12.08681321   1.        ]
 [  6.07251121  12.04944512   1.        ]
 [  7.06964907  12.02277629   1.        ]
 [  8.02846032  12.01129134   1.        ]
 [  9.08675409  12.07149029   1.        ]
 [ 10.07006015  12.06845101   1.        ]
 [ 11.03193418  12.08478128   1.        ]
 [ 12.04920564  12.03813453   1.        ]
 [ 13.04075973  12.08879774   1.        ]
 [ 14.04518317  12.03801043   1.        ]
 [  5.07565362  13.00863722   1.        ]
 [  6.03743327  13.01893395   1.        ]
 [  7.04221502  13.04052254   1.        ]
 [  8.02079468  13.03473229   1.        ]
 [  9.05211206  13.00792851   1.        ]
 [ 10.02377229  13.07207056   1.        ]
 [ 11.05005632  13.00067198   1.        ]
 [ 12.07846663  13.04123147   1.        ]
 [ 13.05958922  13.07056322   1.        ]
 [ 14.0592287   13.09143363   1.        ]
 [  5.04944888  14.09617283   1.        ]
 [  6.014923    14.03912693   1.        ]
 [  7.00400357  14.00003648   1.        ]
 [  8.09898888  14.03033147   1.        ]
 [  9.02766591  14.03278236   1.        ]
 [ 10.07195514  14.06088267   1.        ]
 [ 11.01360099  14.02048464   1.        ]
 [ 12.08170044  14.08047817   1.        ]
 [ 13.03765809  14.07527474   1.        ]
 [ 14.06524036  14.04689506   1.        ]]
Running basin hopping with paramerters:
PARAMETERS BEGIN

epsilon=4.399804
r0=1.209412
sigma=0.141421
PARAMETERS END


E: -1001.9860 accepted 1
E: -1035.2318 accepted 1
E: -1024.9435 accepted 0
E: -1012.3658 accepted 0
E: -1054.6299 accepted 1
E: -1040.4541 accepted 0
E: -1063.7243 accepted 1
E: -1059.4269 accepted 0
E: -1066.0354 accepted 1
E: -1079.3930 accepted 1
E: -1090.1585 accepted 1
E: -1043.9401 accepted 0
E: -1063.5254 accepted 0
E: -1076.1607 accepted 0
E: -1085.9808 accepted 0
E: -1100.0706 accepted 1
E: -1053.1444 accepted 0
E: -1083.1181 accepted 0
E: -1032.0341 accepted 0
E: -1066.1113 accepted 0
E: -1105.3883 accepted 1
E: -1105.3865 accepted 1
E: -1065.3129 accepted 0
E: -1090.3996 accepted 0
E: -1063.7582 accepted 0
E: -1105.3886 accepted 1
E: -1093.4143 accepted 0
E: -1105.3891 accepted 1
E: -1072.1642 accepted 0
E: -1100.4600 accepted 0
E: -1105.3703 accepted 1
E: -1065.0673 accepted 0
E: -1096.2804 accepted 0
E: -1105.4148 accepted 1
E: -1093.5164 accepted 0
E: -1068.9561 accepted 0
E: -1105.4111 accepted 1
E: -1090.6783 accepted 0
E: -1089.9417 accepted 0
E: -1090.6031 accepted 0
Runtime = 4016.287838


