[[  5.04891856   5.03894087   1.        ]
 [  6.04103664   5.06976175   1.        ]
 [  7.00426854   5.00336677   1.        ]
 [  8.08912341   5.06749275   1.        ]
 [  9.06157844   5.06289319   1.        ]
 [ 10.00276252   5.03310567   1.        ]
 [ 11.03380273   5.045721     1.        ]
 [ 12.0514003    5.03229916   1.        ]
 [ 13.0006573    5.05680453   1.        ]
 [ 14.07598284   5.0776337    1.        ]
 [  5.04294468   6.06532244   1.        ]
 [  6.09379097   6.00397288   1.        ]
 [  7.0291119    6.05589141   1.        ]
 [  8.08570432   6.06747604   1.        ]
 [  9.00088846   6.02869319   1.        ]
 [ 10.03931225   6.05688955   1.        ]
 [ 11.07813382   6.09282307   1.        ]
 [ 12.08936244   6.07302546   1.        ]
 [ 13.07004998   6.03523444   1.        ]
 [ 14.00287767   6.01777186   1.        ]
 [  5.08601576   7.09689277   1.        ]
 [  6.03934973   7.08044375   1.        ]
 [  7.07112135   7.08698129   1.        ]
 [  8.0480342    7.02341408   1.        ]
 [  9.07077426   7.09192622   1.        ]
 [ 10.02415944   7.01846372   1.        ]
 [ 11.04813406   7.04331698   1.        ]
 [ 12.0559174    7.06453365   1.        ]
 [ 13.01844773   7.01034612   1.        ]
 [ 14.06748201   7.07276704   1.        ]
 [  5.06236844   8.03579955   1.        ]
 [  6.0467091    8.06962422   1.        ]
 [  7.00825989   8.07756373   1.        ]
 [  8.07192784   8.07352161   1.        ]
 [  9.07859971   8.04660196   1.        ]
 [ 10.04214365   8.08876067   1.        ]
 [ 11.00725721   8.09153273   1.        ]
 [ 12.08714038   8.01861703   1.        ]
 [ 13.06696445   8.08153182   1.        ]
 [ 14.08738319   8.04108215   1.        ]
 [  5.02931361   9.0325332    1.        ]
 [  6.07177409   9.09956319   1.        ]
 [  7.0522687    9.00977224   1.        ]
 [  8.09204877   9.0137038    1.        ]
 [  9.01067929   9.05852135   1.        ]
 [ 10.01803042   9.00524554   1.        ]
 [ 11.05310247   9.08492147   1.        ]
 [ 12.08195048   9.02786462   1.        ]
 [ 13.03523843   9.0716289    1.        ]
 [ 14.08912768   9.09989502   1.        ]
 [  5.09976558  10.09763264   1.        ]
 [  6.02111772  10.08403508   1.        ]
 [  7.09740014  10.076492     1.        ]
 [  8.05219083  10.05314067   1.        ]
 [  9.00242074  10.06556763   1.        ]
 [ 10.05044154  10.03235301   1.        ]
 [ 11.03429144  10.04442077   1.        ]
 [ 12.02960099  10.01810622   1.        ]
 [ 13.0925952   10.05990718   1.        ]
 [ 14.09181604  10.06608238   1.        ]
 [  5.07854366  11.07353398   1.        ]
 [  6.03645862  11.08788764   1.        ]
 [  7.02934752  11.00049374   1.        ]
 [  8.00177474  11.08549801   1.        ]
 [  9.04317774  11.08294269   1.        ]
 [ 10.00837813  11.03973202   1.        ]
 [ 11.07615255  11.05678736   1.        ]
 [ 12.0832764   11.00111726   1.        ]
 [ 13.04566535  11.05920327   1.        ]
 [ 14.0833321   11.04218024   1.        ]
 [  5.08960258  12.03016276   1.        ]
 [  6.02633368  12.08999008   1.        ]
 [  7.0126624   12.02487383   1.        ]
 [  8.04201308  12.08158862   1.        ]
 [  9.039667    12.00618928   1.        ]
 [ 10.09590973  12.05149103   1.        ]
 [ 11.05815256  12.04912532   1.        ]
 [ 12.08568117  12.01070568   1.        ]
 [ 13.01110302  12.06529795   1.        ]
 [ 14.039659    12.03995523   1.        ]
 [  5.07651213  13.06048377   1.        ]
 [  6.06060932  13.04457242   1.        ]
 [  7.07048517  13.05672834   1.        ]
 [  8.09050509  13.01487635   1.        ]
 [  9.02645954  13.02998695   1.        ]
 [ 10.05407747  13.09310606   1.        ]
 [ 11.08407177  13.00815158   1.        ]
 [ 12.04732722  13.06360009   1.        ]
 [ 13.01802713  13.04066859   1.        ]
 [ 14.07865481  13.05157371   1.        ]
 [  5.02802641  14.08556999   1.        ]
 [  6.04277792  14.08862682   1.        ]
 [  7.00257598  14.09780696   1.        ]
 [  8.01322975  14.0801149    1.        ]
 [  9.09204028  14.08897382   1.        ]
 [ 10.09285285  14.07219188   1.        ]
 [ 11.00869963  14.04538219   1.        ]
 [ 12.02001657  14.06106567   1.        ]
 [ 13.04129839  14.04042046   1.        ]
 [ 14.00484604  14.07060324   1.        ]]
Running basin hopping with paramerters:
PARAMETERS BEGIN

epsilon=3.577397
r0=1.284899
sigma=0.141421
PARAMETERS END


E: -833.7608 accepted 1
E: -891.7562 accepted 1
E: -868.0467 accepted 0
E: -863.2880 accepted 0
E: -869.6358 accepted 0
E: -884.2287 accepted 0
E: -875.8353 accepted 0
E: -869.8234 accepted 0
Runtime = 2760.227614


