[[  5.07191547   5.04483454   1.        ]
 [  6.08857473   5.07174659   1.        ]
 [  7.00827194   5.02936922   1.        ]
 [  8.00416538   5.02694543   1.        ]
 [  9.06981184   5.02302513   1.        ]
 [ 10.00662539   5.05012756   1.        ]
 [ 11.08667231   5.04595548   1.        ]
 [ 12.00353639   5.03379461   1.        ]
 [ 13.08065633   5.04382773   1.        ]
 [ 14.00881909   5.05327016   1.        ]
 [  5.0231503    6.00548697   1.        ]
 [  6.08735007   6.00503922   1.        ]
 [  7.04119088   6.0939283    1.        ]
 [  8.02417666   6.03892008   1.        ]
 [  9.07055957   6.05258729   1.        ]
 [ 10.08442849   6.01512374   1.        ]
 [ 11.04750227   6.0059079    1.        ]
 [ 12.01486412   6.03533257   1.        ]
 [ 13.04362857   6.07854004   1.        ]
 [ 14.09380022   6.01965388   1.        ]
 [  5.04330253   7.00956061   1.        ]
 [  6.04258114   7.02319622   1.        ]
 [  7.03295614   7.07537248   1.        ]
 [  8.07204726   7.0822663    1.        ]
 [  9.03620429   7.03630262   1.        ]
 [ 10.08492771   7.09516121   1.        ]
 [ 11.07707641   7.08646073   1.        ]
 [ 12.01240844   7.03184364   1.        ]
 [ 13.08140967   7.01097009   1.        ]
 [ 14.0867602    7.04685586   1.        ]
 [  5.04783751   8.01231875   1.        ]
 [  6.03802889   8.07300783   1.        ]
 [  7.01049748   8.02790999   1.        ]
 [  8.05465701   8.00064004   1.        ]
 [  9.06500344   8.06051753   1.        ]
 [ 10.02949003   8.04934034   1.        ]
 [ 11.08054159   8.06449092   1.        ]
 [ 12.02039852   8.08847028   1.        ]
 [ 13.0770604    8.09894456   1.        ]
 [ 14.03275137   8.08068787   1.        ]
 [  5.02240003   9.04524994   1.        ]
 [  6.00793326   9.06185304   1.        ]
 [  7.0023349    9.0673885    1.        ]
 [  8.09946871   9.09474934   1.        ]
 [  9.09319346   9.05126075   1.        ]
 [ 10.02917234   9.05409862   1.        ]
 [ 11.03991127   9.08871405   1.        ]
 [ 12.02684647   9.07061833   1.        ]
 [ 13.04133868   9.01159661   1.        ]
 [ 14.08077424   9.00544197   1.        ]
 [  5.0326987   10.02840383   1.        ]
 [  6.07614357  10.08643919   1.        ]
 [  7.07372788  10.01449091   1.        ]
 [  8.0079197   10.09072631   1.        ]
 [  9.03507493  10.00286481   1.        ]
 [ 10.07065603  10.09256151   1.        ]
 [ 11.08571169  10.09992057   1.        ]
 [ 12.07171614  10.0080636    1.        ]
 [ 13.02463286  10.05377332   1.        ]
 [ 14.00881547  10.08188722   1.        ]
 [  5.0060866   11.01184575   1.        ]
 [  6.01080613  11.02305036   1.        ]
 [  7.02980975  11.01508325   1.        ]
 [  8.02141421  11.00612039   1.        ]
 [  9.02902891  11.07815399   1.        ]
 [ 10.02780068  11.08911322   1.        ]
 [ 11.07539979  11.07640845   1.        ]
 [ 12.02156293  11.0003319    1.        ]
 [ 13.02637936  11.06326699   1.        ]
 [ 14.07950005  11.05858579   1.        ]
 [  5.04228492  12.02035203   1.        ]
 [  6.02211143  12.00309217   1.        ]
 [  7.00648678  12.07680461   1.        ]
 [  8.04520329  12.03300326   1.        ]
 [  9.03379514  12.02187749   1.        ]
 [ 10.00842636  12.03779658   1.        ]
 [ 11.0537712   12.03383809   1.        ]
 [ 12.07596665  12.02296262   1.        ]
 [ 13.04538072  12.02931523   1.        ]
 [ 14.06625426  12.01363172   1.        ]
 [  5.09861995  13.02788232   1.        ]
 [  6.00173517  13.01771016   1.        ]
 [  7.00353071  13.0392782    1.        ]
 [  8.03524895  13.01157691   1.        ]
 [  9.03224792  13.04981939   1.        ]
 [ 10.08338131  13.00642254   1.        ]
 [ 11.05877789  13.0355865    1.        ]
 [ 12.03103637  13.09286888   1.        ]
 [ 13.09877527  13.0044111    1.        ]
 [ 14.06876439  13.01444838   1.        ]
 [  5.09627494  14.06706416   1.        ]
 [  6.07008489  14.04214821   1.        ]
 [  7.00121421  14.00237429   1.        ]
 [  8.00002379  14.01368692   1.        ]
 [  9.03392974  14.06508718   1.        ]
 [ 10.06194015  14.00899081   1.        ]
 [ 11.04317176  14.08165309   1.        ]
 [ 12.00083332  14.03403919   1.        ]
 [ 13.01347792  14.01455389   1.        ]
 [ 14.0063565   14.08954016   1.        ]]
Running basin hopping with paramerters:
PARAMETERS BEGIN

epsilon=4.424141
r0=1.315163
sigma=0.141421
PARAMETERS END


E: -1076.0114 accepted 1
E: -1046.9959 accepted 0
E: -1049.5280 accepted 0
E: -1060.6454 accepted 0
E: -1059.1837 accepted 0
E: -1078.3950 accepted 1
E: -1117.4419 accepted 1
E: -1137.1803 accepted 1
E: -1111.4855 accepted 0
E: -1146.0722 accepted 1
E: -1141.6028 accepted 0
E: -1124.3513 accepted 0
E: -1142.3534 accepted 0
E: -1156.3255 accepted 1
E: -1156.3254 accepted 1
E: -1136.0671 accepted 0
E: -1151.5193 accepted 0
E: -1156.3249 accepted 1
E: -1185.1791 accepted 1
E: -1189.9896 accepted 1
E: -1180.4132 accepted 0
E: -1169.9512 accepted 0
E: -1165.4995 accepted 0
E: -1179.1388 accepted 0
E: -1180.3959 accepted 0
E: -1128.6940 accepted 0
Runtime = 2565.813917


