[[  5.06388652   5.05400921   1.        ]
 [  6.03021353   5.09020938   1.        ]
 [  7.09491695   5.05934313   1.        ]
 [  8.09109825   5.09789501   1.        ]
 [  9.03833329   5.04694424   1.        ]
 [ 10.00526501   5.0471668    1.        ]
 [ 11.0319535    5.04403603   1.        ]
 [ 12.09013144   5.02892532   1.        ]
 [ 13.09506238   5.03011681   1.        ]
 [ 14.07020725   5.09300905   1.        ]
 [  5.04383548   6.0958168    1.        ]
 [  6.04403313   6.04604675   1.        ]
 [  7.06034415   6.08906202   1.        ]
 [  8.05985966   6.00219904   1.        ]
 [  9.07290221   6.044601     1.        ]
 [ 10.01203793   6.06082305   1.        ]
 [ 11.00739124   6.00249337   1.        ]
 [ 12.00457811   6.09380537   1.        ]
 [ 13.06885205   6.07962448   1.        ]
 [ 14.0654691    6.05416653   1.        ]
 [  5.02961754   7.08053297   1.        ]
 [  6.07259288   7.0521369    1.        ]
 [  7.09424097   7.02955299   1.        ]
 [  8.0055888    7.0188219    1.        ]
 [  9.04361058   7.00800193   1.        ]
 [ 10.08962317   7.07500541   1.        ]
 [ 11.09100491   7.00229678   1.        ]
 [ 12.05950663   7.00642591   1.        ]
 [ 13.06237748   7.02752965   1.        ]
 [ 14.07713813   7.05378384   1.        ]
 [  5.02353084   8.08719702   1.        ]
 [  6.00436987   8.06042517   1.        ]
 [  7.04141706   8.06046448   1.        ]
 [  8.05169504   8.01211222   1.        ]
 [  9.0446366    8.03309094   1.        ]
 [ 10.0221796    8.00003903   1.        ]
 [ 11.03748887   8.02234554   1.        ]
 [ 12.04090453   8.06675091   1.        ]
 [ 13.0258305    8.02333769   1.        ]
 [ 14.0162214    8.06815149   1.        ]
 [  5.00750764   9.08572657   1.        ]
 [  6.02556062   9.01699897   1.        ]
 [  7.00584323   9.06319226   1.        ]
 [  8.01147499   9.03951948   1.        ]
 [  9.09651457   9.09801982   1.        ]
 [ 10.03795414   9.05418967   1.        ]
 [ 11.03867972   9.07471674   1.        ]
 [ 12.04008279   9.03655231   1.        ]
 [ 13.05900539   9.04154266   1.        ]
 [ 14.03039339   9.00578474   1.        ]
 [  5.09286298  10.04863371   1.        ]
 [  6.0403312   10.01612014   1.        ]
 [  7.08628417  10.08483772   1.        ]
 [  8.03995736  10.0574086    1.        ]
 [  9.04952827  10.03639148   1.        ]
 [ 10.07989464  10.02197729   1.        ]
 [ 11.04374668  10.03205268   1.        ]
 [ 12.00654376  10.05704707   1.        ]
 [ 13.01196634  10.00126887   1.        ]
 [ 14.03170378  10.09157042   1.        ]
 [  5.00940356  11.00046039   1.        ]
 [  6.04454083  11.0961005    1.        ]
 [  7.09682649  11.07361375   1.        ]
 [  8.05408774  11.0873057    1.        ]
 [  9.05053686  11.04722694   1.        ]
 [ 10.03374241  11.00090389   1.        ]
 [ 11.08118065  11.00993117   1.        ]
 [ 12.04527794  11.09223881   1.        ]
 [ 13.0974675   11.0080744    1.        ]
 [ 14.0357232   11.08882641   1.        ]
 [  5.06455309  12.03019767   1.        ]
 [  6.01697229  12.05386061   1.        ]
 [  7.05891566  12.06059727   1.        ]
 [  8.06059944  12.04102579   1.        ]
 [  9.01561181  12.00775923   1.        ]
 [ 10.00424375  12.09252892   1.        ]
 [ 11.0902544   12.09185958   1.        ]
 [ 12.06265711  12.06959569   1.        ]
 [ 13.09436248  12.03595598   1.        ]
 [ 14.06818437  12.01476305   1.        ]
 [  5.05889335  13.02460113   1.        ]
 [  6.05236851  13.07561131   1.        ]
 [  7.0628018   13.05363486   1.        ]
 [  8.07836471  13.02769792   1.        ]
 [  9.08369045  13.01566629   1.        ]
 [ 10.09973361  13.06837254   1.        ]
 [ 11.02238163  13.09816289   1.        ]
 [ 12.05208804  13.08540383   1.        ]
 [ 13.0484769   13.0635236    1.        ]
 [ 14.06565113  13.0151958    1.        ]
 [  5.06861544  14.07859245   1.        ]
 [  6.09550964  14.03820528   1.        ]
 [  7.0079459   14.06576603   1.        ]
 [  8.08957425  14.03888194   1.        ]
 [  9.08651167  14.06285662   1.        ]
 [ 10.016449    14.05185762   1.        ]
 [ 11.0922973   14.00362335   1.        ]
 [ 12.04758069  14.02749216   1.        ]
 [ 13.03889863  14.03698198   1.        ]
 [ 14.039525    14.05977496   1.        ]]
Running basin hopping with paramerters:
PARAMETERS BEGIN

epsilon=3.425817
r0=1.193014
sigma=0.141421
PARAMETERS END


E: -810.9988 accepted 1
E: -879.5578 accepted 1
E: -927.2827 accepted 1
E: -980.5461 accepted 1
E: -954.0401 accepted 0
E: -980.9384 accepted 1
E: -988.8116 accepted 1
E: -1000.9791 accepted 1
E: -978.9686 accepted 0
E: -985.1920 accepted 0
E: -985.9894 accepted 0
E: -1001.0755 accepted 1
E: -1009.1236 accepted 1
E: -1003.0334 accepted 0
E: -992.6361 accepted 0
E: -988.8122 accepted 0
E: -1009.1236 accepted 1
E: -988.5662 accepted 0
E: -1009.1780 accepted 1
E: -1013.3085 accepted 1
E: -991.6957 accepted 0
E: -1005.5427 accepted 0
E: -1021.4057 accepted 1
E: -1005.0753 accepted 0
E: -1025.4735 accepted 1
E: -997.7408 accepted 0
E: -1025.4735 accepted 1
E: -1002.7477 accepted 0
E: -993.6950 accepted 0
E: -1007.0509 accepted 0
E: -1018.6183 accepted 0
Runtime = 4181.502860


