[[  5.08074908   5.02722891   1.        ]
 [  6.00352657   5.0461347    1.        ]
 [  7.05467348   5.06774393   1.        ]
 [  8.06347272   5.02940114   1.        ]
 [  9.0313639    5.0646405    1.        ]
 [ 10.02062893   5.03580186   1.        ]
 [ 11.01219539   5.07551221   1.        ]
 [ 12.07008761   5.0139176    1.        ]
 [ 13.08853452   5.03949024   1.        ]
 [ 14.08604896   5.0349034    1.        ]
 [  5.0958163    6.03584119   1.        ]
 [  6.06846213   6.02043972   1.        ]
 [  7.05235924   6.07070768   1.        ]
 [  8.03612021   6.02167265   1.        ]
 [  9.07581835   6.0183681    1.        ]
 [ 10.03903494   6.07082887   1.        ]
 [ 11.05719974   6.08710508   1.        ]
 [ 12.06799807   6.09123749   1.        ]
 [ 13.09935802   6.01028537   1.        ]
 [ 14.06083731   6.071317     1.        ]
 [  5.04676009   7.04434581   1.        ]
 [  6.01006323   7.00660128   1.        ]
 [  7.0263315    7.06672527   1.        ]
 [  8.02512456   7.06816477   1.        ]
 [  9.01673937   7.00094411   1.        ]
 [ 10.0837243    7.03300241   1.        ]
 [ 11.00480986   7.05662498   1.        ]
 [ 12.0933744    7.08412452   1.        ]
 [ 13.02915025   7.04197211   1.        ]
 [ 14.09658624   7.01939517   1.        ]
 [  5.0775601    8.05663542   1.        ]
 [  6.04213486   8.02409225   1.        ]
 [  7.0161269    8.03060643   1.        ]
 [  8.03216681   8.03072503   1.        ]
 [  9.09150935   8.02908877   1.        ]
 [ 10.01028646   8.0070833    1.        ]
 [ 11.03163748   8.05681802   1.        ]
 [ 12.05638611   8.05946063   1.        ]
 [ 13.09060524   8.07320378   1.        ]
 [ 14.01176469   8.03973568   1.        ]
 [  5.03160426   9.0301316    1.        ]
 [  6.01879852   9.00087427   1.        ]
 [  7.04853321   9.03056989   1.        ]
 [  8.02018852   9.08333383   1.        ]
 [  9.0597928    9.06122473   1.        ]
 [ 10.0168372    9.0541117    1.        ]
 [ 11.00328741   9.07763129   1.        ]
 [ 12.08104148   9.02707578   1.        ]
 [ 13.04204494   9.03611804   1.        ]
 [ 14.08000492   9.02471199   1.        ]
 [  5.00118786  10.04053785   1.        ]
 [  6.06329665  10.02017842   1.        ]
 [  7.0600627   10.04196519   1.        ]
 [  8.00603406  10.06584743   1.        ]
 [  9.0174387   10.08360141   1.        ]
 [ 10.02399111  10.02478578   1.        ]
 [ 11.00603137  10.05172458   1.        ]
 [ 12.00253484  10.07332337   1.        ]
 [ 13.01506165  10.01922353   1.        ]
 [ 14.09325678  10.02171436   1.        ]
 [  5.09390704  11.07879089   1.        ]
 [  6.04114133  11.03528986   1.        ]
 [  7.06997008  11.0787664    1.        ]
 [  8.02988445  11.0235399    1.        ]
 [  9.06209307  11.04708253   1.        ]
 [ 10.08292111  11.03223194   1.        ]
 [ 11.03506274  11.06781475   1.        ]
 [ 12.06736376  11.09087953   1.        ]
 [ 13.04793263  11.04801623   1.        ]
 [ 14.08593288  11.03222798   1.        ]
 [  5.01712574  12.01032046   1.        ]
 [  6.04161632  12.06383656   1.        ]
 [  7.02312548  12.02648148   1.        ]
 [  8.01217328  12.04120872   1.        ]
 [  9.08031384  12.09348577   1.        ]
 [ 10.07908606  12.00498186   1.        ]
 [ 11.03211199  12.03498497   1.        ]
 [ 12.07304828  12.03042577   1.        ]
 [ 13.03058079  12.07501933   1.        ]
 [ 14.09991306  12.05508406   1.        ]
 [  5.07258267  13.08126917   1.        ]
 [  6.02737833  13.08622717   1.        ]
 [  7.02593339  13.02461139   1.        ]
 [  8.05923755  13.01960039   1.        ]
 [  9.00454096  13.07781042   1.        ]
 [ 10.08943666  13.09224025   1.        ]
 [ 11.01755997  13.02897446   1.        ]
 [ 12.09890865  13.01324236   1.        ]
 [ 13.03246053  13.05628565   1.        ]
 [ 14.00329797  13.06758553   1.        ]
 [  5.03072355  14.00930477   1.        ]
 [  6.06066132  14.00527016   1.        ]
 [  7.0935411   14.03609277   1.        ]
 [  8.03758762  14.07145113   1.        ]
 [  9.06523558  14.01334482   1.        ]
 [ 10.02321496  14.01592493   1.        ]
 [ 11.01269367  14.09437447   1.        ]
 [ 12.086609    14.06828253   1.        ]
 [ 13.06414142  14.06275109   1.        ]
 [ 14.03047076  14.04786511   1.        ]]
Running basin hopping with paramerters:
PARAMETERS BEGIN

epsilon=3.839075
r0=1.225242
sigma=0.141421
PARAMETERS END


E: -950.5405 accepted 1
E: -953.1487 accepted 1
E: -973.7159 accepted 1
E: -974.9682 accepted 1
E: -1025.3700 accepted 1
E: -1021.6776 accepted 0
E: -1014.7203 accepted 0
E: -993.5622 accepted 0
E: -1026.9301 accepted 1
E: -1007.8892 accepted 0
E: -1036.9141 accepted 1
E: -1032.5965 accepted 1
E: -1048.5758 accepted 1
E: -1045.2470 accepted 0
E: -1023.5489 accepted 0
E: -1002.7443 accepted 0
E: -1034.8451 accepted 0
E: -1012.3767 accepted 0
E: -1023.8161 accepted 0
Runtime = 3107.678142


