[[  5.03195677   5.08593138   1.        ]
 [  6.00287963   5.01339781   1.        ]
 [  7.07390967   5.05838229   1.        ]
 [  8.03351999   5.0843958    1.        ]
 [  9.09800319   5.04991211   1.        ]
 [ 10.01136487   5.01663028   1.        ]
 [ 11.06538106   5.02326385   1.        ]
 [ 12.00816732   5.02264701   1.        ]
 [ 13.02646859   5.05248244   1.        ]
 [ 14.07600789   5.09830771   1.        ]
 [  5.09645153   6.04738638   1.        ]
 [  6.01621441   6.00959332   1.        ]
 [  7.05006525   6.08649792   1.        ]
 [  8.01416919   6.0045858    1.        ]
 [  9.09338846   6.08714022   1.        ]
 [ 10.05728098   6.07849691   1.        ]
 [ 11.00461847   6.0904122    1.        ]
 [ 12.00633928   6.04129889   1.        ]
 [ 13.0058159    6.08502371   1.        ]
 [ 14.0565444    6.09095396   1.        ]
 [  5.04905494   7.05079998   1.        ]
 [  6.05891614   7.03646095   1.        ]
 [  7.08806826   7.07188254   1.        ]
 [  8.09805488   7.094335     1.        ]
 [  9.06309968   7.0965765    1.        ]
 [ 10.02516823   7.06394929   1.        ]
 [ 11.0932008    7.02099694   1.        ]
 [ 12.02419103   7.07259357   1.        ]
 [ 13.00851732   7.0716972    1.        ]
 [ 14.0538723    7.0112574    1.        ]
 [  5.08908842   8.0046683    1.        ]
 [  6.05752705   8.01717535   1.        ]
 [  7.00092624   8.06796714   1.        ]
 [  8.01550401   8.05597129   1.        ]
 [  9.06316781   8.00452556   1.        ]
 [ 10.05096125   8.01367255   1.        ]
 [ 11.06953504   8.05422599   1.        ]
 [ 12.09885133   8.07597136   1.        ]
 [ 13.06542478   8.09888409   1.        ]
 [ 14.03359185   8.09194457   1.        ]
 [  5.00442286   9.05708448   1.        ]
 [  6.03210391   9.07068086   1.        ]
 [  7.09671657   9.08711554   1.        ]
 [  8.03596355   9.06342014   1.        ]
 [  9.06335174   9.060139     1.        ]
 [ 10.04014089   9.0335175    1.        ]
 [ 11.05321407   9.08243392   1.        ]
 [ 12.003506     9.06554419   1.        ]
 [ 13.02613447   9.03281635   1.        ]
 [ 14.03992391   9.03435988   1.        ]
 [  5.00725913  10.04177043   1.        ]
 [  6.09534564  10.03678446   1.        ]
 [  7.09313705  10.03878236   1.        ]
 [  8.06930604  10.07340097   1.        ]
 [  9.0863003   10.02803312   1.        ]
 [ 10.09832775  10.02055675   1.        ]
 [ 11.07252827  10.0682412    1.        ]
 [ 12.00256571  10.08052023   1.        ]
 [ 13.06085866  10.09197766   1.        ]
 [ 14.03440776  10.01146529   1.        ]
 [  5.0730516   11.05117335   1.        ]
 [  6.04600761  11.04165975   1.        ]
 [  7.02443298  11.06145937   1.        ]
 [  8.05946217  11.03180379   1.        ]
 [  9.04550715  11.01344734   1.        ]
 [ 10.04336623  11.08851621   1.        ]
 [ 11.05087818  11.02083685   1.        ]
 [ 12.05629203  11.03772206   1.        ]
 [ 13.0084933   11.04365613   1.        ]
 [ 14.08941402  11.02889351   1.        ]
 [  5.01695807  12.00594577   1.        ]
 [  6.0773817   12.02526096   1.        ]
 [  7.0702178   12.07803257   1.        ]
 [  8.03376303  12.0246522    1.        ]
 [  9.00399379  12.03876008   1.        ]
 [ 10.08596556  12.09600945   1.        ]
 [ 11.03894895  12.04539574   1.        ]
 [ 12.09160773  12.0311543    1.        ]
 [ 13.01133347  12.01354097   1.        ]
 [ 14.09128951  12.04997248   1.        ]
 [  5.02437272  13.05252106   1.        ]
 [  6.01409754  13.07092878   1.        ]
 [  7.08452657  13.01167154   1.        ]
 [  8.06197883  13.02881355   1.        ]
 [  9.0566684   13.04415947   1.        ]
 [ 10.06006804  13.03765139   1.        ]
 [ 11.0858503   13.0041288    1.        ]
 [ 12.04685084  13.09804421   1.        ]
 [ 13.08658176  13.00531688   1.        ]
 [ 14.07762991  13.04920368   1.        ]
 [  5.05192096  14.08987518   1.        ]
 [  6.0301579   14.0597958    1.        ]
 [  7.05527585  14.09987763   1.        ]
 [  8.08146954  14.03017457   1.        ]
 [  9.0686621   14.01062738   1.        ]
 [ 10.01485677  14.03041412   1.        ]
 [ 11.02956427  14.08125129   1.        ]
 [ 12.04408132  14.00841788   1.        ]
 [ 13.09712421  14.07497693   1.        ]
 [ 14.00310242  14.06480575   1.        ]]
Running basin hopping with paramerters:
PARAMETERS BEGIN

epsilon=4.144935
r0=1.165440
sigma=0.141421
PARAMETERS END


E: -1070.2568 accepted 1
E: -1124.4791 accepted 1
E: -1103.4027 accepted 0
E: -1142.3381 accepted 1
E: -1084.3170 accepted 0
E: -1132.7559 accepted 0
E: -1109.0107 accepted 0
E: -1104.8164 accepted 0
E: -1161.8519 accepted 1
E: -1176.4172 accepted 1
E: -1162.6963 accepted 0
E: -1186.1702 accepted 1
E: -1186.1700 accepted 1
E: -1126.0637 accepted 0
E: -1186.1698 accepted 1
E: -1186.1696 accepted 1
E: -1142.0413 accepted 0
E: -1186.1694 accepted 1
Runtime = 3106.428823


