[[  5.06285282   5.00825196   1.        ]
 [  6.00560086   5.00041672   1.        ]
 [  7.05895507   5.05665134   1.        ]
 [  8.03112399   5.01434264   1.        ]
 [  9.00721143   5.07438126   1.        ]
 [ 10.08544177   5.02752665   1.        ]
 [ 11.01766469   5.01864179   1.        ]
 [ 12.07839806   5.0233663    1.        ]
 [ 13.00530709   5.00125951   1.        ]
 [ 14.04957204   5.02485722   1.        ]
 [  5.07687385   6.09140653   1.        ]
 [  6.00580077   6.07392718   1.        ]
 [  7.04683552   6.06135219   1.        ]
 [  8.02492669   6.09234847   1.        ]
 [  9.00841816   6.04603672   1.        ]
 [ 10.02874546   6.09536931   1.        ]
 [ 11.09748592   6.09406139   1.        ]
 [ 12.09402945   6.07793413   1.        ]
 [ 13.04486731   6.06443447   1.        ]
 [ 14.03604526   6.07405381   1.        ]
 [  5.05945545   7.07746221   1.        ]
 [  6.09890618   7.0065987    1.        ]
 [  7.00060696   7.06711812   1.        ]
 [  8.06068434   7.00739628   1.        ]
 [  9.09726804   7.08837521   1.        ]
 [ 10.04237696   7.04843643   1.        ]
 [ 11.00164574   7.09082235   1.        ]
 [ 12.07046386   7.04483526   1.        ]
 [ 13.05564065   7.09788035   1.        ]
 [ 14.01454324   7.04705719   1.        ]
 [  5.04504362   8.01555201   1.        ]
 [  6.09266111   8.0815356    1.        ]
 [  7.02528494   8.02152421   1.        ]
 [  8.05163768   8.04734083   1.        ]
 [  9.07273163   8.07289065   1.        ]
 [ 10.03044485   8.00642549   1.        ]
 [ 11.00918253   8.08096434   1.        ]
 [ 12.08500714   8.03410824   1.        ]
 [ 13.08929659   8.04232753   1.        ]
 [ 14.04785811   8.05159752   1.        ]
 [  5.02314048   9.04685342   1.        ]
 [  6.06634029   9.01651121   1.        ]
 [  7.03160899   9.05441149   1.        ]
 [  8.0285206    9.00944601   1.        ]
 [  9.00127279   9.08541708   1.        ]
 [ 10.04392412   9.03743167   1.        ]
 [ 11.09101493   9.03961917   1.        ]
 [ 12.03395649   9.02054714   1.        ]
 [ 13.08323576   9.07913949   1.        ]
 [ 14.09790271   9.02746782   1.        ]
 [  5.04904327  10.01180466   1.        ]
 [  6.05659767  10.04767323   1.        ]
 [  7.065683    10.03884976   1.        ]
 [  8.02041672  10.03988017   1.        ]
 [  9.00422568  10.00578079   1.        ]
 [ 10.03800307  10.07661699   1.        ]
 [ 11.01037685  10.06887147   1.        ]
 [ 12.02153488  10.01253268   1.        ]
 [ 13.08828379  10.08228524   1.        ]
 [ 14.07411898  10.01051813   1.        ]
 [  5.00887235  11.03205313   1.        ]
 [  6.0513489   11.02960717   1.        ]
 [  7.05019212  11.09757015   1.        ]
 [  8.01114635  11.05061719   1.        ]
 [  9.06897811  11.03936704   1.        ]
 [ 10.06022268  11.04350194   1.        ]
 [ 11.0288003   11.03407639   1.        ]
 [ 12.0854696   11.01251155   1.        ]
 [ 13.09479102  11.01567575   1.        ]
 [ 14.0569517   11.07035781   1.        ]
 [  5.05174991  12.01176747   1.        ]
 [  6.0244535   12.05457188   1.        ]
 [  7.02776968  12.04233673   1.        ]
 [  8.09913882  12.0407831    1.        ]
 [  9.04039704  12.06191244   1.        ]
 [ 10.09250754  12.01679982   1.        ]
 [ 11.02984594  12.0404166    1.        ]
 [ 12.09505783  12.02754763   1.        ]
 [ 13.06052108  12.09657911   1.        ]
 [ 14.02741725  12.04867133   1.        ]
 [  5.06953664  13.06882507   1.        ]
 [  6.01516835  13.08968879   1.        ]
 [  7.0754435   13.00004406   1.        ]
 [  8.04694946  13.05357995   1.        ]
 [  9.02528204  13.00985081   1.        ]
 [ 10.04142682  13.00928979   1.        ]
 [ 11.09484674  13.05142135   1.        ]
 [ 12.07555492  13.01814661   1.        ]
 [ 13.07843269  13.00326531   1.        ]
 [ 14.09471189  13.06819549   1.        ]
 [  5.06869107  14.02740768   1.        ]
 [  6.05523835  14.01306061   1.        ]
 [  7.04243851  14.08024508   1.        ]
 [  8.07174765  14.07849881   1.        ]
 [  9.08241136  14.03742762   1.        ]
 [ 10.04943591  14.07062557   1.        ]
 [ 11.05395264  14.01726629   1.        ]
 [ 12.07341525  14.08353889   1.        ]
 [ 13.04183564  14.04806108   1.        ]
 [ 14.08498894  14.09394063   1.        ]]
Running basin hopping with paramerters:
PARAMETERS BEGIN

epsilon=4.064635
r0=1.185559
sigma=0.141421
PARAMETERS END


E: -1026.4903 accepted 1
E: -1027.6270 accepted 1
E: -1040.1377 accepted 1
E: -1059.3502 accepted 1
E: -1127.6373 accepted 1
E: -1134.3403 accepted 1
E: -1129.1502 accepted 0
E: -1125.2225 accepted 0
E: -1099.0179 accepted 0
E: -1123.4867 accepted 0
E: -1144.0306 accepted 1
E: -1130.1664 accepted 0
E: -1127.1009 accepted 0
E: -1153.4557 accepted 1
E: -1162.8878 accepted 1
E: -1132.2779 accepted 0
E: -1167.5416 accepted 1
E: -1167.5410 accepted 1
E: -1130.9957 accepted 0
E: -1162.9401 accepted 0
E: -1142.2099 accepted 0
E: -1167.6888 accepted 1
E: -1155.6072 accepted 0
E: -1148.3840 accepted 0
E: -1145.0402 accepted 0
E: -1164.3999 accepted 0
E: -1158.3331 accepted 0
E: -1167.6888 accepted 1
Runtime = 4478.262109


