[[  5.07952808   5.00900552   1.        ]
 [  6.00313164   5.05104128   1.        ]
 [  7.07260419   5.05263123   1.        ]
 [  8.05346612   5.08395035   1.        ]
 [  9.01519757   5.07866789   1.        ]
 [ 10.09346697   5.08518389   1.        ]
 [ 11.0976201    5.03658873   1.        ]
 [ 12.09630372   5.08007429   1.        ]
 [ 13.02708237   5.08917294   1.        ]
 [ 14.03769261   5.05421783   1.        ]
 [  5.05537215   6.04102434   1.        ]
 [  6.04805955   6.05621365   1.        ]
 [  7.03966727   6.09904691   1.        ]
 [  8.06770028   6.06353456   1.        ]
 [  9.02579862   6.0946137    1.        ]
 [ 10.01000593   6.0358294    1.        ]
 [ 11.03597497   6.03693529   1.        ]
 [ 12.07280998   6.01310488   1.        ]
 [ 13.07617373   6.01624731   1.        ]
 [ 14.08875846   6.01142203   1.        ]
 [  5.0959949    7.07608524   1.        ]
 [  6.07442089   7.03930251   1.        ]
 [  7.06672257   7.03555417   1.        ]
 [  8.07577443   7.01902043   1.        ]
 [  9.02034601   7.04478058   1.        ]
 [ 10.06458869   7.00671368   1.        ]
 [ 11.01724635   7.02236095   1.        ]
 [ 12.09514474   7.09603288   1.        ]
 [ 13.00492598   7.0585627    1.        ]
 [ 14.02714636   7.03930862   1.        ]
 [  5.0789331    8.06066521   1.        ]
 [  6.08663842   8.01167384   1.        ]
 [  7.05012469   8.08719476   1.        ]
 [  8.00420914   8.0722019    1.        ]
 [  9.09607765   8.09391425   1.        ]
 [ 10.01751383   8.00488774   1.        ]
 [ 11.04641117   8.03175904   1.        ]
 [ 12.08366422   8.08670348   1.        ]
 [ 13.03810463   8.00912559   1.        ]
 [ 14.00893578   8.09696103   1.        ]
 [  5.00088176   9.05075742   1.        ]
 [  6.06840246   9.01416841   1.        ]
 [  7.04098999   9.07305631   1.        ]
 [  8.04054976   9.08509468   1.        ]
 [  9.03985017   9.01127669   1.        ]
 [ 10.08518983   9.01313433   1.        ]
 [ 11.02932185   9.03867468   1.        ]
 [ 12.08367504   9.007149     1.        ]
 [ 13.04388728   9.08523275   1.        ]
 [ 14.09266653   9.00295543   1.        ]
 [  5.03870221  10.01589067   1.        ]
 [  6.00447449  10.01067496   1.        ]
 [  7.01167813  10.00501327   1.        ]
 [  8.06416885  10.06018892   1.        ]
 [  9.00723723  10.03945684   1.        ]
 [ 10.07747907  10.07599227   1.        ]
 [ 11.03074968  10.04711383   1.        ]
 [ 12.09550437  10.0336605    1.        ]
 [ 13.07188705  10.06626331   1.        ]
 [ 14.08668936  10.04944342   1.        ]
 [  5.08846293  11.01911318   1.        ]
 [  6.04849269  11.05860369   1.        ]
 [  7.06590902  11.04929752   1.        ]
 [  8.02100144  11.09707674   1.        ]
 [  9.03498464  11.09868442   1.        ]
 [ 10.05742024  11.01732624   1.        ]
 [ 11.04598455  11.07533233   1.        ]
 [ 12.06575361  11.04019733   1.        ]
 [ 13.07498761  11.00717528   1.        ]
 [ 14.05156935  11.05709479   1.        ]
 [  5.02425272  12.07925521   1.        ]
 [  6.05962835  12.00763755   1.        ]
 [  7.09468575  12.06001278   1.        ]
 [  8.07410541  12.08816927   1.        ]
 [  9.03884871  12.02642894   1.        ]
 [ 10.01364884  12.02093325   1.        ]
 [ 11.07645085  12.03518896   1.        ]
 [ 12.0677114   12.0837663    1.        ]
 [ 13.09039541  12.08821642   1.        ]
 [ 14.03470097  12.04490441   1.        ]
 [  5.04713201  13.00130864   1.        ]
 [  6.00774637  13.08145544   1.        ]
 [  7.08546649  13.00410626   1.        ]
 [  8.02798236  13.01331139   1.        ]
 [  9.05867317  13.07222274   1.        ]
 [ 10.04219136  13.04624388   1.        ]
 [ 11.02888953  13.05933153   1.        ]
 [ 12.05327716  13.09748612   1.        ]
 [ 13.08349394  13.06323447   1.        ]
 [ 14.0089122   13.05137169   1.        ]
 [  5.06420117  14.07432442   1.        ]
 [  6.04214872  14.04419902   1.        ]
 [  7.08297195  14.07968165   1.        ]
 [  8.02064931  14.04363614   1.        ]
 [  9.02292009  14.01859587   1.        ]
 [ 10.09996262  14.00712925   1.        ]
 [ 11.04586246  14.0396418    1.        ]
 [ 12.04394877  14.09904909   1.        ]
 [ 13.03144672  14.07975652   1.        ]
 [ 14.00577045  14.06489773   1.        ]]
Running basin hopping with paramerters:
PARAMETERS BEGIN

epsilon=3.771435
r0=1.267297
sigma=0.141421
PARAMETERS END


E: -879.1939 accepted 1
E: -913.3336 accepted 1
E: -911.6491 accepted 0
E: -910.5706 accepted 0
E: -920.7943 accepted 1
E: -947.5814 accepted 1
E: -926.3037 accepted 0
E: -958.7787 accepted 1
E: -967.0068 accepted 1
E: -964.5992 accepted 0
E: -972.8031 accepted 1
E: -994.8216 accepted 1
E: -1003.4057 accepted 1
E: -985.3876 accepted 0
E: -995.6968 accepted 0
E: -999.0688 accepted 0
E: -993.3515 accepted 0
E: -998.0473 accepted 0
E: -994.9736 accepted 0
Runtime = 4063.296105


