[[  5.04451377   5.07459211   1.        ]
 [  6.07128385   5.03097353   1.        ]
 [  7.00495064   5.05152847   1.        ]
 [  8.02122079   5.00544363   1.        ]
 [  9.04429805   5.02237078   1.        ]
 [ 10.05983364   5.00302784   1.        ]
 [ 11.08609728   5.0087264    1.        ]
 [ 12.08913894   5.06555309   1.        ]
 [ 13.04767202   5.09515495   1.        ]
 [ 14.08985904   5.09934182   1.        ]
 [  5.0034294    6.07006328   1.        ]
 [  6.08421806   6.06683651   1.        ]
 [  7.0345807    6.04681714   1.        ]
 [  8.05109422   6.07976096   1.        ]
 [  9.06613378   6.03722989   1.        ]
 [ 10.08189155   6.04025684   1.        ]
 [ 11.07498409   6.02143178   1.        ]
 [ 12.07170708   6.00152198   1.        ]
 [ 13.08728428   6.04835446   1.        ]
 [ 14.03894668   6.09174933   1.        ]
 [  5.01254243   7.01176205   1.        ]
 [  6.08294982   7.09121517   1.        ]
 [  7.04683646   7.05963231   1.        ]
 [  8.00632617   7.09390914   1.        ]
 [  9.06385939   7.09775364   1.        ]
 [ 10.00320026   7.0368988    1.        ]
 [ 11.02663025   7.07496094   1.        ]
 [ 12.0097445    7.00126855   1.        ]
 [ 13.07954064   7.04677134   1.        ]
 [ 14.08714533   7.04811439   1.        ]
 [  5.03790794   8.0377048    1.        ]
 [  6.05593996   8.0565218    1.        ]
 [  7.01007394   8.04041928   1.        ]
 [  8.05231447   8.03068986   1.        ]
 [  9.08153194   8.08845884   1.        ]
 [ 10.05803082   8.0304704    1.        ]
 [ 11.04531053   8.07644083   1.        ]
 [ 12.01416715   8.03080217   1.        ]
 [ 13.0589566    8.02165151   1.        ]
 [ 14.08770178   8.03990667   1.        ]
 [  5.01924462   9.06821163   1.        ]
 [  6.01226785   9.0721983    1.        ]
 [  7.09716314   9.04848408   1.        ]
 [  8.03677672   9.0207042    1.        ]
 [  9.00575776   9.0554078    1.        ]
 [ 10.07585508   9.0204342    1.        ]
 [ 11.05258126   9.00242217   1.        ]
 [ 12.03349174   9.03360633   1.        ]
 [ 13.01017037   9.03715441   1.        ]
 [ 14.04459912   9.01105879   1.        ]
 [  5.00964528  10.05592635   1.        ]
 [  6.02548358  10.00407898   1.        ]
 [  7.08734179  10.07994852   1.        ]
 [  8.01850193  10.06276449   1.        ]
 [  9.01605318  10.00740883   1.        ]
 [ 10.02224068  10.03084944   1.        ]
 [ 11.07061236  10.03054788   1.        ]
 [ 12.08378178  10.01590068   1.        ]
 [ 13.00669053  10.0525073    1.        ]
 [ 14.01763029  10.06777194   1.        ]
 [  5.08802823  11.09698176   1.        ]
 [  6.09207883  11.00456065   1.        ]
 [  7.09983244  11.09737184   1.        ]
 [  8.08103834  11.0507966    1.        ]
 [  9.04974687  11.0661422    1.        ]
 [ 10.00992053  11.03894032   1.        ]
 [ 11.08737804  11.04633447   1.        ]
 [ 12.06824359  11.04878755   1.        ]
 [ 13.04435399  11.08027756   1.        ]
 [ 14.04156137  11.00684049   1.        ]
 [  5.08587329  12.09474734   1.        ]
 [  6.06890092  12.00262816   1.        ]
 [  7.07687378  12.02885569   1.        ]
 [  8.00539861  12.00244363   1.        ]
 [  9.04273148  12.02978933   1.        ]
 [ 10.05066162  12.01890203   1.        ]
 [ 11.03013816  12.06937548   1.        ]
 [ 12.08346675  12.02101791   1.        ]
 [ 13.03920906  12.07471715   1.        ]
 [ 14.07087481  12.06735295   1.        ]
 [  5.08375115  13.01993389   1.        ]
 [  6.01270403  13.01620435   1.        ]
 [  7.0912908   13.07128674   1.        ]
 [  8.09024266  13.08435763   1.        ]
 [  9.0662126   13.02089028   1.        ]
 [ 10.06394088  13.09857254   1.        ]
 [ 11.0353848   13.01497355   1.        ]
 [ 12.05246805  13.08098164   1.        ]
 [ 13.01946191  13.07096049   1.        ]
 [ 14.09072799  13.01734198   1.        ]
 [  5.09706231  14.0927318    1.        ]
 [  6.08234863  14.08721535   1.        ]
 [  7.01947077  14.05351987   1.        ]
 [  8.06390508  14.09885228   1.        ]
 [  9.00151936  14.00156218   1.        ]
 [ 10.08129639  14.06034131   1.        ]
 [ 11.03615579  14.00446618   1.        ]
 [ 12.03245545  14.00808886   1.        ]
 [ 13.01739099  14.08464654   1.        ]
 [ 14.06396343  14.05076152   1.        ]]
Running basin hopping with paramerters:
PARAMETERS BEGIN

epsilon=4.491499
r0=1.200619
sigma=0.141421
PARAMETERS END


E: -1145.2593 accepted 1
E: -1197.2468 accepted 1
E: -1238.0128 accepted 1
E: -1258.2283 accepted 1
E: -1237.8839 accepted 0
E: -1258.2283 accepted 1
E: -1258.2283 accepted 1
E: -1253.2357 accepted 0
E: -1215.5140 accepted 0
E: -1234.9923 accepted 0
E: -1233.0056 accepted 0
E: -1248.1960 accepted 0
E: -1233.7364 accepted 0
Runtime = 2397.818985


