[[  5.04247638   5.07438547   1.        ]
 [  6.08477054   5.03355146   1.        ]
 [  7.09535375   5.00519172   1.        ]
 [  8.00741589   5.0829151    1.        ]
 [  9.07488524   5.07322553   1.        ]
 [ 10.03465356   5.08796837   1.        ]
 [ 11.07606808   5.06028313   1.        ]
 [ 12.06826742   5.0587854    1.        ]
 [ 13.05180496   5.01138242   1.        ]
 [ 14.04202058   5.03316783   1.        ]
 [  5.06840642   6.02823527   1.        ]
 [  6.08716745   6.0924298    1.        ]
 [  7.02971018   6.09540031   1.        ]
 [  8.03465325   6.07631862   1.        ]
 [  9.02318348   6.05536248   1.        ]
 [ 10.02621604   6.09938051   1.        ]
 [ 11.07366803   6.0167082    1.        ]
 [ 12.0133       6.07820246   1.        ]
 [ 13.05924646   6.02638623   1.        ]
 [ 14.06345838   6.07398471   1.        ]
 [  5.04055797   7.06356601   1.        ]
 [  6.09490219   7.03550761   1.        ]
 [  7.0931189    7.06617494   1.        ]
 [  8.01162303   7.06152708   1.        ]
 [  9.07732247   7.06249918   1.        ]
 [ 10.06637972   7.06034233   1.        ]
 [ 11.06193075   7.05052743   1.        ]
 [ 12.08265769   7.0901163    1.        ]
 [ 13.04381611   7.00965739   1.        ]
 [ 14.05864446   7.04709803   1.        ]
 [  5.07480779   8.04761053   1.        ]
 [  6.0516934    8.07214757   1.        ]
 [  7.03597072   8.06573461   1.        ]
 [  8.00909235   8.01512061   1.        ]
 [  9.0892331    8.02000207   1.        ]
 [ 10.06097636   8.08223446   1.        ]
 [ 11.00188541   8.05669088   1.        ]
 [ 12.06403355   8.02158006   1.        ]
 [ 13.01733886   8.02581807   1.        ]
 [ 14.0086028    8.09260876   1.        ]
 [  5.05917914   9.06016689   1.        ]
 [  6.09168376   9.09694749   1.        ]
 [  7.0053322    9.09344512   1.        ]
 [  8.04125127   9.07585944   1.        ]
 [  9.0043711    9.00436631   1.        ]
 [ 10.02446883   9.00513689   1.        ]
 [ 11.04803567   9.08718736   1.        ]
 [ 12.04394652   9.01742468   1.        ]
 [ 13.0939558    9.07389604   1.        ]
 [ 14.07751966   9.04564718   1.        ]
 [  5.01379036  10.02348766   1.        ]
 [  6.06446964  10.07561535   1.        ]
 [  7.03336584  10.02788292   1.        ]
 [  8.09791269  10.04866416   1.        ]
 [  9.07410385  10.06916041   1.        ]
 [ 10.05792614  10.07680079   1.        ]
 [ 11.03197814  10.03591598   1.        ]
 [ 12.01792261  10.0568577    1.        ]
 [ 13.03562953  10.09070851   1.        ]
 [ 14.02554219  10.05811715   1.        ]
 [  5.07872551  11.08486273   1.        ]
 [  6.00395437  11.05010436   1.        ]
 [  7.03742545  11.08705403   1.        ]
 [  8.09472199  11.02666976   1.        ]
 [  9.06569139  11.09771188   1.        ]
 [ 10.08057862  11.08210189   1.        ]
 [ 11.05853743  11.00762761   1.        ]
 [ 12.01831643  11.00760051   1.        ]
 [ 13.07820921  11.00179115   1.        ]
 [ 14.03571991  11.05813554   1.        ]
 [  5.05802375  12.08082449   1.        ]
 [  6.00685228  12.04210319   1.        ]
 [  7.04241003  12.04590469   1.        ]
 [  8.02901634  12.03331183   1.        ]
 [  9.03126497  12.021255     1.        ]
 [ 10.02218793  12.03847872   1.        ]
 [ 11.06499041  12.07221079   1.        ]
 [ 12.05483156  12.09005409   1.        ]
 [ 13.06599275  12.09527969   1.        ]
 [ 14.09195078  12.06972435   1.        ]
 [  5.02334806  13.01563899   1.        ]
 [  6.01649657  13.04882551   1.        ]
 [  7.03471688  13.09812082   1.        ]
 [  8.09818679  13.05160337   1.        ]
 [  9.05266741  13.02154741   1.        ]
 [ 10.04501611  13.05963557   1.        ]
 [ 11.05549293  13.0492904    1.        ]
 [ 12.00567034  13.03898824   1.        ]
 [ 13.04658413  13.02185612   1.        ]
 [ 14.03367429  13.04276533   1.        ]
 [  5.05978696  14.01772412   1.        ]
 [  6.01496259  14.0978312    1.        ]
 [  7.08094703  14.09302723   1.        ]
 [  8.02967167  14.0821181    1.        ]
 [  9.04484683  14.0647718    1.        ]
 [ 10.09126815  14.07764147   1.        ]
 [ 11.03086585  14.09474984   1.        ]
 [ 12.07578182  14.08546768   1.        ]
 [ 13.07392696  14.05798331   1.        ]
 [ 14.05895108  14.0664489    1.        ]]
Running basin hopping with paramerters:
PARAMETERS BEGIN

epsilon=3.785502
r0=1.257880
sigma=0.141421
PARAMETERS END


E: -887.8728 accepted 1
E: -895.3993 accepted 1
E: -897.3681 accepted 1
E: -908.9131 accepted 1
E: -892.4425 accepted 0
E: -898.4832 accepted 0
E: -937.8464 accepted 1
E: -940.0231 accepted 1
E: -960.8618 accepted 1
E: -975.4775 accepted 1
E: -972.4527 accepted 0
E: -1001.3978 accepted 1
E: -983.7871 accepted 0
E: -1020.9328 accepted 1
E: -1017.9610 accepted 0
E: -1031.5971 accepted 1
E: -1031.6271 accepted 1
E: -1030.5979 accepted 0
E: -1024.2390 accepted 0
E: -1038.6176 accepted 1
E: -1032.1935 accepted 0
E: -1048.6876 accepted 1
E: -1048.6875 accepted 1
E: -1040.0302 accepted 0
E: -1019.5599 accepted 0
E: -967.5976 accepted 0
E: -1019.4963 accepted 0
E: -1036.5223 accepted 0
Runtime = 4657.751113


