[[  5.03631283   5.07595072   1.        ]
 [  6.07591715   5.04131852   1.        ]
 [  7.06860878   5.08109214   1.        ]
 [  8.0377298    5.08043039   1.        ]
 [  9.03762313   5.09839264   1.        ]
 [ 10.06365825   5.00289544   1.        ]
 [ 11.03387562   5.04722131   1.        ]
 [ 12.08283783   5.02736412   1.        ]
 [ 13.00513032   5.09089508   1.        ]
 [ 14.025108     5.03463144   1.        ]
 [  5.06353352   6.09210026   1.        ]
 [  6.07987799   6.07674729   1.        ]
 [  7.05925679   6.02871713   1.        ]
 [  8.081573     6.0958739    1.        ]
 [  9.03722212   6.08838616   1.        ]
 [ 10.07426432   6.02444302   1.        ]
 [ 11.08386421   6.07133146   1.        ]
 [ 12.02905481   6.04354364   1.        ]
 [ 13.06444229   6.07838165   1.        ]
 [ 14.08103793   6.00395759   1.        ]
 [  5.01796126   7.07150661   1.        ]
 [  6.09673626   7.09070444   1.        ]
 [  7.02302664   7.00964817   1.        ]
 [  8.07736157   7.08576623   1.        ]
 [  9.01572861   7.00681319   1.        ]
 [ 10.0825785    7.00768855   1.        ]
 [ 11.08701003   7.05418127   1.        ]
 [ 12.07350963   7.06054837   1.        ]
 [ 13.01699732   7.00205704   1.        ]
 [ 14.06744229   7.06088176   1.        ]
 [  5.01814063   8.046104     1.        ]
 [  6.06726061   8.05121779   1.        ]
 [  7.01153956   8.00691915   1.        ]
 [  8.09302696   8.04361782   1.        ]
 [  9.02283988   8.05464713   1.        ]
 [ 10.08233795   8.09645291   1.        ]
 [ 11.08002976   8.09997206   1.        ]
 [ 12.04103816   8.07403965   1.        ]
 [ 13.07207833   8.09141671   1.        ]
 [ 14.04772642   8.03180263   1.        ]
 [  5.01371318   9.07115356   1.        ]
 [  6.07906599   9.03222539   1.        ]
 [  7.06232846   9.04008901   1.        ]
 [  8.04926554   9.09653769   1.        ]
 [  9.0268629    9.00363993   1.        ]
 [ 10.07477188   9.05095472   1.        ]
 [ 11.04446287   9.00497676   1.        ]
 [ 12.08789904   9.06290107   1.        ]
 [ 13.05061886   9.05502969   1.        ]
 [ 14.03180887   9.09611341   1.        ]
 [  5.08973238  10.06251641   1.        ]
 [  6.09415262  10.06620612   1.        ]
 [  7.04825815  10.08615564   1.        ]
 [  8.02954459  10.0477365    1.        ]
 [  9.07259823  10.08037396   1.        ]
 [ 10.00946531  10.01776474   1.        ]
 [ 11.03972659  10.00766086   1.        ]
 [ 12.04463559  10.00029398   1.        ]
 [ 13.08265221  10.05331557   1.        ]
 [ 14.06634712  10.09811991   1.        ]
 [  5.03719556  11.06411856   1.        ]
 [  6.09367998  11.00112898   1.        ]
 [  7.01966993  11.01951954   1.        ]
 [  8.0315987   11.09796402   1.        ]
 [  9.083334    11.09837057   1.        ]
 [ 10.08781782  11.03813233   1.        ]
 [ 11.04739328  11.01032035   1.        ]
 [ 12.0876555   11.04149661   1.        ]
 [ 13.02808664  11.06342827   1.        ]
 [ 14.00603322  11.02304409   1.        ]
 [  5.09950262  12.00281526   1.        ]
 [  6.02218032  12.01187141   1.        ]
 [  7.00338304  12.05573889   1.        ]
 [  8.01949514  12.05504589   1.        ]
 [  9.08304192  12.06830647   1.        ]
 [ 10.00356583  12.0830778    1.        ]
 [ 11.05082139  12.09464513   1.        ]
 [ 12.0515827   12.07946209   1.        ]
 [ 13.05884055  12.03744556   1.        ]
 [ 14.02884011  12.09718137   1.        ]
 [  5.053487    13.04985025   1.        ]
 [  6.05564096  13.03968068   1.        ]
 [  7.07013136  13.02263411   1.        ]
 [  8.0946384   13.09014707   1.        ]
 [  9.02889467  13.0362329    1.        ]
 [ 10.06721026  13.01404495   1.        ]
 [ 11.06629933  13.04709563   1.        ]
 [ 12.02456176  13.07758501   1.        ]
 [ 13.06605071  13.02481608   1.        ]
 [ 14.01523661  13.03928436   1.        ]
 [  5.08512025  14.08541557   1.        ]
 [  6.04192448  14.08885844   1.        ]
 [  7.08599089  14.02616389   1.        ]
 [  8.04621461  14.03881091   1.        ]
 [  9.04655686  14.04912587   1.        ]
 [ 10.0358374   14.0250921    1.        ]
 [ 11.0646698   14.01013384   1.        ]
 [ 12.04879608  14.07641367   1.        ]
 [ 13.05885522  14.09213051   1.        ]
 [ 14.04737532  14.09063696   1.        ]]
Running basin hopping with paramerters:
PARAMETERS BEGIN

epsilon=4.127571
r0=1.336966
sigma=0.141421
PARAMETERS END


E: -974.7652 accepted 1
E: -972.8529 accepted 1
E: -994.0267 accepted 1
E: -989.3901 accepted 0
E: -1000.3270 accepted 1
E: -981.2326 accepted 0
E: -964.8196 accepted 0
E: -981.4855 accepted 0
E: -1005.9183 accepted 1
E: -1040.0236 accepted 1
E: -1058.3394 accepted 1
E: -1045.8946 accepted 0
E: -1024.6238 accepted 0
E: -1065.5322 accepted 1
E: -1061.0263 accepted 0
E: -1051.1855 accepted 0
E: -1069.9402 accepted 1
E: -1059.0893 accepted 0
E: -1073.4255 accepted 1
E: -1063.3949 accepted 0
E: -1082.3532 accepted 1
E: -1082.3771 accepted 1
E: -1073.4826 accepted 0
E: -1061.5385 accepted 0
E: -1071.9929 accepted 0
E: -1082.3568 accepted 1
E: -1082.4286 accepted 1
E: -1082.4474 accepted 1
E: -1073.3873 accepted 0
E: -1082.4148 accepted 1
E: -1091.3241 accepted 1
E: -1086.9327 accepted 0
E: -1100.2762 accepted 1
E: -1100.2762 accepted 1
E: -1070.1253 accepted 0
E: -1100.3683 accepted 1
E: -1100.3604 accepted 1
E: -1100.3448 accepted 1
E: -1100.3448 accepted 1
E: -1100.3448 accepted 1
E: -1090.5018 accepted 0
E: -1100.0751 accepted 1
Runtime = 4530.718676


