[[  5.08354427   5.04018204   1.        ]
 [  6.05064755   5.01718618   1.        ]
 [  7.00686782   5.02831728   1.        ]
 [  8.06194797   5.09475986   1.        ]
 [  9.04781945   5.01343383   1.        ]
 [ 10.07313371   5.07155267   1.        ]
 [ 11.00709873   5.02396168   1.        ]
 [ 12.00292723   5.07544132   1.        ]
 [ 13.09736883   5.00301139   1.        ]
 [ 14.08870756   5.0769519    1.        ]
 [  5.08934009   6.04958656   1.        ]
 [  6.07431709   6.02822016   1.        ]
 [  7.03223897   6.03893178   1.        ]
 [  8.08090333   6.00767173   1.        ]
 [  9.02674983   6.07113578   1.        ]
 [ 10.07653486   6.05052369   1.        ]
 [ 11.0172545    6.07090568   1.        ]
 [ 12.04369922   6.02752897   1.        ]
 [ 13.02995159   6.09214355   1.        ]
 [ 14.03671292   6.08952816   1.        ]
 [  5.0914272    7.02060209   1.        ]
 [  6.05367414   7.01546444   1.        ]
 [  7.07532858   7.04058941   1.        ]
 [  8.02739072   7.02698109   1.        ]
 [  9.01517506   7.02634742   1.        ]
 [ 10.09865744   7.0343229    1.        ]
 [ 11.01095964   7.00385924   1.        ]
 [ 12.08683748   7.00875319   1.        ]
 [ 13.02379779   7.07663471   1.        ]
 [ 14.08809715   7.02583085   1.        ]
 [  5.06744422   8.06896638   1.        ]
 [  6.07978033   8.0295374    1.        ]
 [  7.05458475   8.01301788   1.        ]
 [  8.03601069   8.01338917   1.        ]
 [  9.04336558   8.00748313   1.        ]
 [ 10.01374534   8.09235015   1.        ]
 [ 11.05041635   8.01056975   1.        ]
 [ 12.00695582   8.06183149   1.        ]
 [ 13.0094401    8.04905878   1.        ]
 [ 14.03449363   8.01315741   1.        ]
 [  5.06107767   9.07752393   1.        ]
 [  6.07482212   9.03629793   1.        ]
 [  7.0616923    9.0535476    1.        ]
 [  8.02958464   9.02768469   1.        ]
 [  9.07504084   9.01504946   1.        ]
 [ 10.02334773   9.06351183   1.        ]
 [ 11.05188836   9.02447739   1.        ]
 [ 12.07757534   9.01740442   1.        ]
 [ 13.04736799   9.0129368    1.        ]
 [ 14.01206092   9.04317609   1.        ]
 [  5.07427641  10.02871991   1.        ]
 [  6.04840644  10.04887576   1.        ]
 [  7.02204386  10.06911786   1.        ]
 [  8.00288186  10.01604393   1.        ]
 [  9.09381198  10.08776638   1.        ]
 [ 10.03171884  10.01504715   1.        ]
 [ 11.09810481  10.05787611   1.        ]
 [ 12.07812739  10.06129108   1.        ]
 [ 13.08790082  10.04272874   1.        ]
 [ 14.09520569  10.01580344   1.        ]
 [  5.04493922  11.00798398   1.        ]
 [  6.00306829  11.05620965   1.        ]
 [  7.03664917  11.04572015   1.        ]
 [  8.04736536  11.09240765   1.        ]
 [  9.09369528  11.01855452   1.        ]
 [ 10.0010315   11.042673     1.        ]
 [ 11.00390409  11.01913351   1.        ]
 [ 12.05482904  11.05055474   1.        ]
 [ 13.05717921  11.09377587   1.        ]
 [ 14.00854362  11.01310727   1.        ]
 [  5.02445769  12.00613368   1.        ]
 [  6.05682842  12.02074456   1.        ]
 [  7.08908414  12.0326177    1.        ]
 [  8.08165594  12.00179208   1.        ]
 [  9.07642092  12.06237835   1.        ]
 [ 10.00174976  12.01216376   1.        ]
 [ 11.0560036   12.0637191    1.        ]
 [ 12.08573289  12.04776401   1.        ]
 [ 13.01644064  12.01080825   1.        ]
 [ 14.05599038  12.04326905   1.        ]
 [  5.0552684   13.08540203   1.        ]
 [  6.01730435  13.09600381   1.        ]
 [  7.05202274  13.07640558   1.        ]
 [  8.02847831  13.08271466   1.        ]
 [  9.04501135  13.02985475   1.        ]
 [ 10.05014638  13.09216255   1.        ]
 [ 11.00221344  13.07884597   1.        ]
 [ 12.01810861  13.06864449   1.        ]
 [ 13.08211471  13.06169503   1.        ]
 [ 14.01393237  13.05477901   1.        ]
 [  5.02625871  14.03999893   1.        ]
 [  6.02536858  14.08757388   1.        ]
 [  7.0352437   14.03163226   1.        ]
 [  8.09422225  14.03930455   1.        ]
 [  9.01506165  14.08281815   1.        ]
 [ 10.03703558  14.02727841   1.        ]
 [ 11.02799549  14.0008298    1.        ]
 [ 12.04982317  14.06222675   1.        ]
 [ 13.02513925  14.09260831   1.        ]
 [ 14.09382399  14.09803412   1.        ]]
Running basin hopping with paramerters:
PARAMETERS BEGIN

epsilon=4.715237
r0=1.282665
sigma=0.141421
PARAMETERS END


E: -1070.1191 accepted 1
E: -1086.3737 accepted 1
E: -1115.0737 accepted 1
E: -1154.2628 accepted 1
E: -1161.1600 accepted 1
E: -1198.6862 accepted 1
E: -1193.3532 accepted 0
E: -1203.8490 accepted 1
E: -1229.7924 accepted 1
E: -1225.7687 accepted 0
E: -1228.5393 accepted 0
E: -1228.0706 accepted 0
E: -1206.7619 accepted 0
E: -1229.8687 accepted 1
E: -1206.7816 accepted 0
E: -1229.4821 accepted 0
E: -1199.7938 accepted 0
E: -1193.4131 accepted 0
E: -1205.0084 accepted 0
E: -1232.0956 accepted 1
E: -1231.4869 accepted 1
E: -1228.8879 accepted 0
E: -1239.7265 accepted 1
E: -1224.9264 accepted 0
E: -1232.8765 accepted 0
E: -1263.2091 accepted 1
E: -1275.7406 accepted 1
E: -1214.8975 accepted 0
E: -1242.5795 accepted 0
E: -1230.9807 accepted 0
E: -1245.5338 accepted 0
E: -1218.4977 accepted 0
E: -1260.3353 accepted 0
Runtime = 4458.927148


