[[  5.07551863   5.03771541   1.        ]
 [  6.09858251   5.03572094   1.        ]
 [  7.03531728   5.07706804   1.        ]
 [  8.08373304   5.01144659   1.        ]
 [  9.09521167   5.03514992   1.        ]
 [ 10.05066419   5.04780833   1.        ]
 [ 11.0998464    5.07700459   1.        ]
 [ 12.06720066   5.08125888   1.        ]
 [ 13.00426595   5.06882602   1.        ]
 [ 14.09869853   5.09710673   1.        ]
 [  5.00388095   6.09034045   1.        ]
 [  6.01619933   6.04414663   1.        ]
 [  7.02888198   6.08778433   1.        ]
 [  8.09555591   6.08109357   1.        ]
 [  9.00166814   6.06263834   1.        ]
 [ 10.09128205   6.04042053   1.        ]
 [ 11.06378448   6.06670097   1.        ]
 [ 12.07462204   6.0352091    1.        ]
 [ 13.09843898   6.01756388   1.        ]
 [ 14.0786507    6.00291805   1.        ]
 [  5.02613954   7.04258455   1.        ]
 [  6.03157442   7.03869468   1.        ]
 [  7.02934898   7.07706933   1.        ]
 [  8.01474915   7.03870592   1.        ]
 [  9.00288685   7.09484619   1.        ]
 [ 10.00823692   7.0734319    1.        ]
 [ 11.04514317   7.05491241   1.        ]
 [ 12.00001313   7.06473313   1.        ]
 [ 13.09296512   7.06497836   1.        ]
 [ 14.00543993   7.01027838   1.        ]
 [  5.03983304   8.09654499   1.        ]
 [  6.07773429   8.0237348    1.        ]
 [  7.03314444   8.03256489   1.        ]
 [  8.00413304   8.06684736   1.        ]
 [  9.06411126   8.08703092   1.        ]
 [ 10.03165423   8.06638298   1.        ]
 [ 11.0801892    8.01608667   1.        ]
 [ 12.00077577   8.06701008   1.        ]
 [ 13.09200766   8.02438355   1.        ]
 [ 14.06423395   8.09795286   1.        ]
 [  5.01507739   9.01833433   1.        ]
 [  6.02004221   9.0726387    1.        ]
 [  7.04111183   9.07023699   1.        ]
 [  8.08781479   9.01718058   1.        ]
 [  9.04294139   9.00987033   1.        ]
 [ 10.0982777    9.09620465   1.        ]
 [ 11.0695063    9.08077553   1.        ]
 [ 12.08919549   9.07911268   1.        ]
 [ 13.05131448   9.02939505   1.        ]
 [ 14.06290437   9.03089846   1.        ]
 [  5.09173914  10.05536729   1.        ]
 [  6.07663604  10.03453591   1.        ]
 [  7.06562496  10.02129589   1.        ]
 [  8.00753441  10.00623702   1.        ]
 [  9.00083003  10.04196611   1.        ]
 [ 10.04526015  10.07521113   1.        ]
 [ 11.04515572  10.07773346   1.        ]
 [ 12.00489257  10.07484437   1.        ]
 [ 13.09638264  10.0730985    1.        ]
 [ 14.02793053  10.01643701   1.        ]
 [  5.00414368  11.00471458   1.        ]
 [  6.09458623  11.08426318   1.        ]
 [  7.04463644  11.09471859   1.        ]
 [  8.09468872  11.02968416   1.        ]
 [  9.03591431  11.00030369   1.        ]
 [ 10.09804511  11.03693777   1.        ]
 [ 11.06640365  11.07927308   1.        ]
 [ 12.01995389  11.0983071    1.        ]
 [ 13.06651078  11.05364463   1.        ]
 [ 14.02859788  11.06323469   1.        ]
 [  5.09309867  12.01473864   1.        ]
 [  6.09273643  12.05998011   1.        ]
 [  7.05896569  12.01864228   1.        ]
 [  8.08286754  12.09517235   1.        ]
 [  9.07489045  12.04419263   1.        ]
 [ 10.06846226  12.01774296   1.        ]
 [ 11.05250409  12.04497397   1.        ]
 [ 12.01967958  12.0075141    1.        ]
 [ 13.0848154   12.07645366   1.        ]
 [ 14.02410072  12.07383527   1.        ]
 [  5.03041037  13.06909554   1.        ]
 [  6.05825064  13.0922499    1.        ]
 [  7.07173396  13.07940073   1.        ]
 [  8.046771    13.01624661   1.        ]
 [  9.06288877  13.01782678   1.        ]
 [ 10.00784456  13.02841863   1.        ]
 [ 11.01514254  13.04092343   1.        ]
 [ 12.0714309   13.08526955   1.        ]
 [ 13.05049023  13.0082876    1.        ]
 [ 14.00193143  13.00203839   1.        ]
 [  5.0445107   14.04378258   1.        ]
 [  6.07061425  14.09178814   1.        ]
 [  7.09717443  14.08476499   1.        ]
 [  8.00155509  14.00768487   1.        ]
 [  9.02527551  14.06091013   1.        ]
 [ 10.07666452  14.06259089   1.        ]
 [ 11.05559052  14.04869125   1.        ]
 [ 12.00751268  14.0872825    1.        ]
 [ 13.02614944  14.08112056   1.        ]
 [ 14.05353475  14.05447262   1.        ]]
Running basin hopping with paramerters:
PARAMETERS BEGIN

epsilon=4.367126
r0=1.314082
sigma=0.141421
PARAMETERS END


E: -1027.7175 accepted 1
E: -1065.1986 accepted 1
E: -1084.0756 accepted 1
E: -1033.2992 accepted 0
E: -1108.7041 accepted 1
E: -1086.5754 accepted 0
E: -1086.0541 accepted 0
E: -1096.7677 accepted 0
E: -1096.2412 accepted 0
E: -1093.8098 accepted 0
E: -1077.7557 accepted 0
Runtime = 1283.684498


