[[  5.0677429    5.07786001   1.        ]
 [  6.08015711   5.06903541   1.        ]
 [  7.00636924   5.04372006   1.        ]
 [  8.0905047    5.02168523   1.        ]
 [  9.05727732   5.08319522   1.        ]
 [ 10.01362961   5.00707477   1.        ]
 [ 11.08607626   5.05316172   1.        ]
 [ 12.09560629   5.07292981   1.        ]
 [ 13.08229562   5.05718328   1.        ]
 [ 14.08744946   5.02872381   1.        ]
 [  5.0472905    6.05117862   1.        ]
 [  6.07605997   6.09150992   1.        ]
 [  7.00680395   6.09193993   1.        ]
 [  8.04115824   6.0862196    1.        ]
 [  9.0806885    6.00679352   1.        ]
 [ 10.08386277   6.09321434   1.        ]
 [ 11.02371187   6.02946969   1.        ]
 [ 12.05549774   6.0822582    1.        ]
 [ 13.04031722   6.05443279   1.        ]
 [ 14.08948505   6.03272583   1.        ]
 [  5.07505028   7.00418604   1.        ]
 [  6.02489254   7.04316258   1.        ]
 [  7.07702702   7.0185416    1.        ]
 [  8.02184784   7.06392315   1.        ]
 [  9.09346894   7.07836492   1.        ]
 [ 10.04931024   7.09142161   1.        ]
 [ 11.06450048   7.02216251   1.        ]
 [ 12.0618831    7.06058962   1.        ]
 [ 13.04594954   7.04807345   1.        ]
 [ 14.02485549   7.06599568   1.        ]
 [  5.05417448   8.07071351   1.        ]
 [  6.09616874   8.02254091   1.        ]
 [  7.07708145   8.01980311   1.        ]
 [  8.0798357    8.00497731   1.        ]
 [  9.01708348   8.08403353   1.        ]
 [ 10.05860216   8.00016145   1.        ]
 [ 11.00412427   8.01774617   1.        ]
 [ 12.09985121   8.04228199   1.        ]
 [ 13.0948775    8.09556832   1.        ]
 [ 14.0039208    8.06229474   1.        ]
 [  5.06773178   9.05985002   1.        ]
 [  6.03325643   9.00703078   1.        ]
 [  7.04348209   9.09385122   1.        ]
 [  8.05411257   9.01793209   1.        ]
 [  9.03018294   9.0530077    1.        ]
 [ 10.03346788   9.02716924   1.        ]
 [ 11.00129754   9.01720305   1.        ]
 [ 12.07039963   9.07752491   1.        ]
 [ 13.08374982   9.00879827   1.        ]
 [ 14.09672375   9.04995615   1.        ]
 [  5.01538742  10.06105984   1.        ]
 [  6.09654159  10.08730101   1.        ]
 [  7.09179405  10.05881193   1.        ]
 [  8.02258595  10.02370556   1.        ]
 [  9.05246048  10.086931     1.        ]
 [ 10.00409531  10.00204264   1.        ]
 [ 11.09969381  10.0197433    1.        ]
 [ 12.06785742  10.05056766   1.        ]
 [ 13.01061238  10.04381997   1.        ]
 [ 14.02601488  10.07403402   1.        ]
 [  5.06262797  11.08352038   1.        ]
 [  6.02603714  11.00581456   1.        ]
 [  7.00156536  11.01023236   1.        ]
 [  8.09443084  11.08559698   1.        ]
 [  9.09760957  11.06702789   1.        ]
 [ 10.09799479  11.0007636    1.        ]
 [ 11.09311595  11.03059446   1.        ]
 [ 12.00455899  11.08163      1.        ]
 [ 13.09009959  11.09255897   1.        ]
 [ 14.09759967  11.01708175   1.        ]
 [  5.07458366  12.05152477   1.        ]
 [  6.06922498  12.05672307   1.        ]
 [  7.01489552  12.06728075   1.        ]
 [  8.03315268  12.07915546   1.        ]
 [  9.03213556  12.07368966   1.        ]
 [ 10.05805915  12.09559672   1.        ]
 [ 11.09479246  12.0240289    1.        ]
 [ 12.08527869  12.0421316    1.        ]
 [ 13.06534696  12.00506826   1.        ]
 [ 14.08705988  12.03187384   1.        ]
 [  5.07615096  13.02564312   1.        ]
 [  6.08193164  13.02649081   1.        ]
 [  7.09769407  13.0306351    1.        ]
 [  8.01228622  13.04128011   1.        ]
 [  9.03676312  13.05423331   1.        ]
 [ 10.01364386  13.09010321   1.        ]
 [ 11.08378435  13.03810429   1.        ]
 [ 12.02548561  13.01316514   1.        ]
 [ 13.01901346  13.01563839   1.        ]
 [ 14.03109591  13.01873058   1.        ]
 [  5.08104109  14.07800112   1.        ]
 [  6.07533809  14.09331967   1.        ]
 [  7.05870815  14.00930234   1.        ]
 [  8.04898298  14.00086837   1.        ]
 [  9.08305815  14.04864682   1.        ]
 [ 10.02307269  14.0225914    1.        ]
 [ 11.01945761  14.02030077   1.        ]
 [ 12.05249014  14.04212579   1.        ]
 [ 13.06493305  14.06858264   1.        ]
 [ 14.07388776  14.09427608   1.        ]]
Running basin hopping with paramerters:
PARAMETERS BEGIN

epsilon=4.001317
r0=1.151841
sigma=0.141421
PARAMETERS END


E: -994.8236 accepted 1
E: -1046.2869 accepted 1
E: -1045.1893 accepted 1
E: -1113.3979 accepted 1
E: -1113.5476 accepted 1
E: -1113.7627 accepted 1
E: -1113.4717 accepted 1
E: -1122.9864 accepted 1
E: -1094.9392 accepted 0
E: -1121.9659 accepted 0
E: -1118.1471 accepted 0
E: -1110.9157 accepted 0
E: -1106.8171 accepted 0
E: -1119.8456 accepted 0
Runtime = 1918.588775


