[[  5.0449123    5.07459487   1.        ]
 [  6.04966385   5.08969244   1.        ]
 [  7.0793803    5.06333977   1.        ]
 [  8.0251606    5.09074265   1.        ]
 [  9.09205752   5.00605163   1.        ]
 [ 10.01044973   5.01249541   1.        ]
 [ 11.00743954   5.05976939   1.        ]
 [ 12.07613669   5.00669976   1.        ]
 [ 13.08736428   5.01354199   1.        ]
 [ 14.01679883   5.0564794    1.        ]
 [  5.04620551   6.05337603   1.        ]
 [  6.03136955   6.0289118    1.        ]
 [  7.05627846   6.0513104    1.        ]
 [  8.04990414   6.00864066   1.        ]
 [  9.0330783    6.02627707   1.        ]
 [ 10.08474216   6.0068608    1.        ]
 [ 11.06856846   6.09533826   1.        ]
 [ 12.03648462   6.03405397   1.        ]
 [ 13.02414664   6.08060865   1.        ]
 [ 14.08897061   6.04780418   1.        ]
 [  5.07447672   7.06963537   1.        ]
 [  6.03045463   7.03152419   1.        ]
 [  7.04449177   7.02314667   1.        ]
 [  8.07795245   7.00591756   1.        ]
 [  9.07756834   7.06009609   1.        ]
 [ 10.04658425   7.07569392   1.        ]
 [ 11.01802754   7.04416428   1.        ]
 [ 12.00089032   7.04475482   1.        ]
 [ 13.01155694   7.03295419   1.        ]
 [ 14.09229275   7.02881827   1.        ]
 [  5.09558608   8.02423008   1.        ]
 [  6.01180127   8.08723529   1.        ]
 [  7.05575907   8.03345754   1.        ]
 [  8.00248552   8.05136312   1.        ]
 [  9.06921082   8.04378511   1.        ]
 [ 10.02306324   8.01082233   1.        ]
 [ 11.08038225   8.02561077   1.        ]
 [ 12.03823171   8.01595088   1.        ]
 [ 13.00683639   8.03304158   1.        ]
 [ 14.05886246   8.08456948   1.        ]
 [  5.08465671   9.05669451   1.        ]
 [  6.06601643   9.06934975   1.        ]
 [  7.09826583   9.07414175   1.        ]
 [  8.03710644   9.0195865    1.        ]
 [  9.00136213   9.09139873   1.        ]
 [ 10.0350152    9.00593332   1.        ]
 [ 11.04498228   9.09470496   1.        ]
 [ 12.08404513   9.0594928    1.        ]
 [ 13.09366834   9.0304307    1.        ]
 [ 14.03074027   9.05976024   1.        ]
 [  5.02905241  10.05855325   1.        ]
 [  6.00944775  10.04460459   1.        ]
 [  7.0841238   10.0597803    1.        ]
 [  8.08863662  10.09425757   1.        ]
 [  9.06165222  10.05719789   1.        ]
 [ 10.0920188   10.0026552    1.        ]
 [ 11.0243041   10.00317167   1.        ]
 [ 12.0933726   10.001007     1.        ]
 [ 13.02588111  10.04515972   1.        ]
 [ 14.08723058  10.0019223    1.        ]
 [  5.03216846  11.09325734   1.        ]
 [  6.04903226  11.09747396   1.        ]
 [  7.06729994  11.04854264   1.        ]
 [  8.00494759  11.04116292   1.        ]
 [  9.0275641   11.03471232   1.        ]
 [ 10.06927443  11.0301848    1.        ]
 [ 11.07322444  11.06909083   1.        ]
 [ 12.01163866  11.05815593   1.        ]
 [ 13.09999663  11.01637836   1.        ]
 [ 14.02920413  11.01358289   1.        ]
 [  5.02718522  12.09465902   1.        ]
 [  6.04776212  12.03094499   1.        ]
 [  7.00313382  12.05258039   1.        ]
 [  8.07410272  12.02299414   1.        ]
 [  9.07869663  12.09668862   1.        ]
 [ 10.04583598  12.01464466   1.        ]
 [ 11.0024884   12.06320726   1.        ]
 [ 12.04639378  12.02773885   1.        ]
 [ 13.00010418  12.07116487   1.        ]
 [ 14.00605542  12.03739397   1.        ]
 [  5.03757675  13.03141487   1.        ]
 [  6.09266399  13.08202699   1.        ]
 [  7.04094439  13.05872041   1.        ]
 [  8.04060056  13.03862796   1.        ]
 [  9.0629071   13.01079228   1.        ]
 [ 10.06379274  13.0541193    1.        ]
 [ 11.01410538  13.04189579   1.        ]
 [ 12.06674791  13.05261939   1.        ]
 [ 13.0168066   13.03394614   1.        ]
 [ 14.0525942   13.0872778    1.        ]
 [  5.07305898  14.02597093   1.        ]
 [  6.04570374  14.02315147   1.        ]
 [  7.0201831   14.01906437   1.        ]
 [  8.01282487  14.01883904   1.        ]
 [  9.08677065  14.03769724   1.        ]
 [ 10.05963607  14.03088077   1.        ]
 [ 11.04501967  14.07949042   1.        ]
 [ 12.01521142  14.0369014    1.        ]
 [ 13.09918561  14.00098533   1.        ]
 [ 14.0349365   14.03402758   1.        ]]
Running basin hopping with paramerters:
PARAMETERS BEGIN

epsilon=4.665049
r0=1.238056
sigma=0.141421
PARAMETERS END


E: -1109.0583 accepted 1
E: -1189.2806 accepted 1
E: -1176.2214 accepted 0
E: -1167.3301 accepted 0
E: -1147.3877 accepted 0
E: -1143.4185 accepted 0
E: -1179.2147 accepted 0
E: -1166.2051 accepted 0
Runtime = 2412.630883


