[[  5.06553343   5.04989543   1.        ]
 [  6.07313217   5.00031548   1.        ]
 [  7.02891968   5.05232258   1.        ]
 [  8.00727797   5.00452486   1.        ]
 [  9.01475551   5.03951836   1.        ]
 [ 10.01178856   5.01664257   1.        ]
 [ 11.06624161   5.01812309   1.        ]
 [ 12.00417675   5.02074637   1.        ]
 [ 13.06017532   5.0360773    1.        ]
 [ 14.05387846   5.08274953   1.        ]
 [  5.03026503   6.06441844   1.        ]
 [  6.03018735   6.00290671   1.        ]
 [  7.01396146   6.05839896   1.        ]
 [  8.02168784   6.03427477   1.        ]
 [  9.08994733   6.01966292   1.        ]
 [ 10.06341653   6.03040991   1.        ]
 [ 11.06495153   6.0162461    1.        ]
 [ 12.01585975   6.04303276   1.        ]
 [ 13.01533992   6.0121267    1.        ]
 [ 14.07651659   6.04480194   1.        ]
 [  5.04028923   7.06732664   1.        ]
 [  6.08775298   7.09885222   1.        ]
 [  7.09038729   7.07032154   1.        ]
 [  8.01723933   7.08796375   1.        ]
 [  9.02478204   7.0142347    1.        ]
 [ 10.04867881   7.07110627   1.        ]
 [ 11.03370011   7.04816914   1.        ]
 [ 12.09103675   7.03892477   1.        ]
 [ 13.08905064   7.07706433   1.        ]
 [ 14.08715409   7.01342158   1.        ]
 [  5.02189523   8.05163      1.        ]
 [  6.09060071   8.05304883   1.        ]
 [  7.04553696   8.04025387   1.        ]
 [  8.03195181   8.07096393   1.        ]
 [  9.01299678   8.099218     1.        ]
 [ 10.08317601   8.05052759   1.        ]
 [ 11.09428205   8.06747277   1.        ]
 [ 12.0887874    8.0870091    1.        ]
 [ 13.06241774   8.01406296   1.        ]
 [ 14.01507425   8.05451099   1.        ]
 [  5.02656123   9.08937031   1.        ]
 [  6.01706984   9.04593921   1.        ]
 [  7.07345489   9.09843548   1.        ]
 [  8.08135481   9.01238187   1.        ]
 [  9.07539101   9.01256868   1.        ]
 [ 10.00934941   9.00518799   1.        ]
 [ 11.04034483   9.07311697   1.        ]
 [ 12.06883425   9.09259831   1.        ]
 [ 13.07636891   9.00733377   1.        ]
 [ 14.01709075   9.00407395   1.        ]
 [  5.03034129  10.09483701   1.        ]
 [  6.0533166   10.0446046    1.        ]
 [  7.02207488  10.01065583   1.        ]
 [  8.09920379  10.05937234   1.        ]
 [  9.02071456  10.05423075   1.        ]
 [ 10.02436972  10.02887864   1.        ]
 [ 11.08944807  10.03576317   1.        ]
 [ 12.00308288  10.01611955   1.        ]
 [ 13.02093772  10.09357323   1.        ]
 [ 14.06114429  10.0379471    1.        ]
 [  5.0344849   11.09184989   1.        ]
 [  6.04221673  11.07027891   1.        ]
 [  7.05852728  11.02937631   1.        ]
 [  8.03351196  11.07087584   1.        ]
 [  9.01374159  11.02775415   1.        ]
 [ 10.01000272  11.07925403   1.        ]
 [ 11.09290803  11.07458323   1.        ]
 [ 12.02346081  11.07379048   1.        ]
 [ 13.06655061  11.0609653    1.        ]
 [ 14.03429136  11.05649897   1.        ]
 [  5.01810239  12.00445799   1.        ]
 [  6.07679625  12.08784806   1.        ]
 [  7.05753583  12.03211029   1.        ]
 [  8.04829762  12.01307322   1.        ]
 [  9.05071129  12.01506956   1.        ]
 [ 10.00490842  12.0219218    1.        ]
 [ 11.08868452  12.00427625   1.        ]
 [ 12.0394243   12.08936386   1.        ]
 [ 13.04944327  12.09531183   1.        ]
 [ 14.07041599  12.04336545   1.        ]
 [  5.04934753  13.0990606    1.        ]
 [  6.00371783  13.05997589   1.        ]
 [  7.07779624  13.07962459   1.        ]
 [  8.09649485  13.01936559   1.        ]
 [  9.04708649  13.04919152   1.        ]
 [ 10.02159233  13.08321285   1.        ]
 [ 11.05651066  13.05489222   1.        ]
 [ 12.05933966  13.09817925   1.        ]
 [ 13.09096946  13.06999475   1.        ]
 [ 14.07126376  13.09019307   1.        ]
 [  5.00244078  14.09133106   1.        ]
 [  6.02437534  14.0823204    1.        ]
 [  7.06198059  14.0179282    1.        ]
 [  8.08774002  14.01817361   1.        ]
 [  9.09763882  14.07606326   1.        ]
 [ 10.02105988  14.06648166   1.        ]
 [ 11.05498959  14.08478696   1.        ]
 [ 12.07051696  14.03981613   1.        ]
 [ 13.04626072  14.01489168   1.        ]
 [ 14.04818806  14.08539802   1.        ]]
Running basin hopping with paramerters:
PARAMETERS BEGIN

epsilon=4.297241
r0=1.281787
sigma=0.141421
PARAMETERS END


E: -1008.5614 accepted 1
E: -1011.1801 accepted 1
E: -998.0000 accepted 0
E: -1036.0027 accepted 1
E: -1050.7071 accepted 1
E: -1029.7964 accepted 0
E: -1040.0080 accepted 0
E: -1033.2761 accepted 0
E: -1040.4509 accepted 0
E: -1040.0693 accepted 0
E: -1076.2956 accepted 1
E: -1076.3293 accepted 1
E: -1089.0191 accepted 1
E: -1105.0021 accepted 1
E: -1096.3639 accepted 0
E: -1124.7624 accepted 1
E: -1108.5540 accepted 0
E: -1109.8300 accepted 0
E: -1116.0072 accepted 0
E: -1103.9635 accepted 0
E: -1096.8643 accepted 0
E: -1132.1101 accepted 1
E: -1126.3984 accepted 0
E: -1167.7643 accepted 1
E: -1157.5982 accepted 0
E: -1167.7644 accepted 1
E: -1153.6288 accepted 0
E: -1167.7765 accepted 1
E: -1146.3386 accepted 0
E: -1148.6765 accepted 0
E: -1167.7765 accepted 1
E: -1115.8468 accepted 0
E: -1144.3265 accepted 0
E: -1157.3926 accepted 0
Runtime = 4853.588737


