[[  5.08198764   5.02228403   1.        ]
 [  6.06507337   5.07831534   1.        ]
 [  7.050391     5.0027408    1.        ]
 [  8.06387613   5.02911542   1.        ]
 [  9.09669719   5.07516774   1.        ]
 [ 10.01101967   5.0214053    1.        ]
 [ 11.03786953   5.03809398   1.        ]
 [ 12.07770275   5.01883454   1.        ]
 [ 13.01232068   5.08914827   1.        ]
 [ 14.0622937    5.06806434   1.        ]
 [  5.06829206   6.05730212   1.        ]
 [  6.0465569    6.0761789    1.        ]
 [  7.0751666    6.01800359   1.        ]
 [  8.06000791   6.05078744   1.        ]
 [  9.09638531   6.07348454   1.        ]
 [ 10.0523318    6.06241356   1.        ]
 [ 11.04206986   6.05049276   1.        ]
 [ 12.09276561   6.03161965   1.        ]
 [ 13.08715577   6.07025545   1.        ]
 [ 14.07469521   6.09848564   1.        ]
 [  5.01018357   7.01328299   1.        ]
 [  6.09255894   7.0105352    1.        ]
 [  7.01248464   7.05087587   1.        ]
 [  8.08642945   7.0945986    1.        ]
 [  9.02695228   7.08774656   1.        ]
 [ 10.05057465   7.07306902   1.        ]
 [ 11.05663323   7.06863128   1.        ]
 [ 12.04267152   7.00996388   1.        ]
 [ 13.08304492   7.09622528   1.        ]
 [ 14.08431975   7.05579994   1.        ]
 [  5.00406696   8.0780973    1.        ]
 [  6.02989323   8.05391513   1.        ]
 [  7.07267309   8.04477079   1.        ]
 [  8.02843017   8.01701661   1.        ]
 [  9.02663518   8.05773985   1.        ]
 [ 10.08032515   8.07124951   1.        ]
 [ 11.0636727    8.07842335   1.        ]
 [ 12.06492961   8.07968303   1.        ]
 [ 13.05174314   8.05653483   1.        ]
 [ 14.01030351   8.03168291   1.        ]
 [  5.09034731   9.07505703   1.        ]
 [  6.09022117   9.05677543   1.        ]
 [  7.08601563   9.07608291   1.        ]
 [  8.06054198   9.09410606   1.        ]
 [  9.04554661   9.07347732   1.        ]
 [ 10.03491802   9.07565213   1.        ]
 [ 11.05117895   9.07492432   1.        ]
 [ 12.03632837   9.06109546   1.        ]
 [ 13.07852906   9.03205755   1.        ]
 [ 14.0584852    9.04711995   1.        ]
 [  5.08513826  10.09737525   1.        ]
 [  6.00395466  10.07697682   1.        ]
 [  7.08899558  10.03936639   1.        ]
 [  8.06409978  10.01688355   1.        ]
 [  9.03696289  10.09272185   1.        ]
 [ 10.01315116  10.03023417   1.        ]
 [ 11.04488166  10.08762068   1.        ]
 [ 12.08460776  10.0294507    1.        ]
 [ 13.0419368   10.07510479   1.        ]
 [ 14.07391504  10.00377424   1.        ]
 [  5.01090733  11.01080816   1.        ]
 [  6.03391015  11.09526942   1.        ]
 [  7.06429014  11.0904695    1.        ]
 [  8.04427223  11.00103318   1.        ]
 [  9.03770422  11.00413679   1.        ]
 [ 10.08243281  11.03257951   1.        ]
 [ 11.05338207  11.04860025   1.        ]
 [ 12.08111172  11.0847652    1.        ]
 [ 13.02884503  11.0860959    1.        ]
 [ 14.02219794  11.09556378   1.        ]
 [  5.08826038  12.06301336   1.        ]
 [  6.07440975  12.04798696   1.        ]
 [  7.09409198  12.07661335   1.        ]
 [  8.04615967  12.03830699   1.        ]
 [  9.07922006  12.0261376    1.        ]
 [ 10.02428577  12.04129936   1.        ]
 [ 11.03393941  12.08950423   1.        ]
 [ 12.06646458  12.0047394    1.        ]
 [ 13.03288431  12.08473344   1.        ]
 [ 14.01745687  12.04908178   1.        ]
 [  5.06517668  13.08848756   1.        ]
 [  6.07422286  13.04039162   1.        ]
 [  7.03781119  13.02828811   1.        ]
 [  8.07364837  13.07517361   1.        ]
 [  9.07806188  13.03695829   1.        ]
 [ 10.07421087  13.01751743   1.        ]
 [ 11.01453176  13.02397651   1.        ]
 [ 12.07094056  13.05452224   1.        ]
 [ 13.05323616  13.09880831   1.        ]
 [ 14.09892866  13.02722219   1.        ]
 [  5.06795961  14.07873817   1.        ]
 [  6.09601277  14.02930713   1.        ]
 [  7.09247495  14.05249465   1.        ]
 [  8.08164571  14.03243799   1.        ]
 [  9.00834099  14.03117891   1.        ]
 [ 10.03711818  14.06062455   1.        ]
 [ 11.06635816  14.03936446   1.        ]
 [ 12.09205608  14.08858298   1.        ]
 [ 13.00909323  14.02384552   1.        ]
 [ 14.09753939  14.04568756   1.        ]]
Running basin hopping with paramerters:
PARAMETERS BEGIN

epsilon=4.473823
r0=1.327216
sigma=0.141421
PARAMETERS END


E: -1007.2014 accepted 1
E: -1040.0171 accepted 1
E: -1045.8169 accepted 1
E: -1054.6126 accepted 1
E: -1101.9130 accepted 1
E: -1085.7225 accepted 0
E: -1109.4826 accepted 1
E: -1116.6522 accepted 1
E: -1123.1686 accepted 1
E: -1116.9299 accepted 0
E: -1149.0255 accepted 1
E: -1161.1559 accepted 1
E: -1140.4204 accepted 0
E: -1164.7566 accepted 1
E: -1159.5832 accepted 0
E: -1163.2967 accepted 0
E: -1164.7057 accepted 1
E: -1159.4212 accepted 0
E: -1160.6805 accepted 0
E: -1164.7057 accepted 1
Runtime = 2785.369090


