[[  5.02470709   5.06263773   1.        ]
 [  6.04941165   5.03893979   1.        ]
 [  7.01820845   5.07523269   1.        ]
 [  8.01296522   5.02184296   1.        ]
 [  9.07767491   5.02432764   1.        ]
 [ 10.03497407   5.07661967   1.        ]
 [ 11.05490895   5.06042447   1.        ]
 [ 12.06047083   5.06911602   1.        ]
 [ 13.0521849    5.06517342   1.        ]
 [ 14.03634962   5.01329722   1.        ]
 [  5.05795539   6.0874483    1.        ]
 [  6.0667418    6.09270948   1.        ]
 [  7.01990416   6.03613254   1.        ]
 [  8.00796122   6.08329378   1.        ]
 [  9.09229772   6.03211646   1.        ]
 [ 10.07117431   6.00135643   1.        ]
 [ 11.08581409   6.0895971    1.        ]
 [ 12.07657446   6.03707106   1.        ]
 [ 13.02335441   6.06258052   1.        ]
 [ 14.02856274   6.03387645   1.        ]
 [  5.02285867   7.06312475   1.        ]
 [  6.03759385   7.00171806   1.        ]
 [  7.08956225   7.03086664   1.        ]
 [  8.0397374    7.01108002   1.        ]
 [  9.04376506   7.07849618   1.        ]
 [ 10.04326607   7.08860126   1.        ]
 [ 11.05651907   7.07849542   1.        ]
 [ 12.03480386   7.0103242    1.        ]
 [ 13.01423413   7.05914298   1.        ]
 [ 14.04711765   7.00493026   1.        ]
 [  5.06434864   8.07095881   1.        ]
 [  6.07175244   8.03074105   1.        ]
 [  7.05852761   8.00085305   1.        ]
 [  8.05086958   8.01537199   1.        ]
 [  9.0938909    8.06896767   1.        ]
 [ 10.04754491   8.03868098   1.        ]
 [ 11.05477886   8.07434404   1.        ]
 [ 12.01649644   8.01278568   1.        ]
 [ 13.0484533    8.05679927   1.        ]
 [ 14.04567989   8.04543046   1.        ]
 [  5.04785399   9.07985331   1.        ]
 [  6.05177439   9.00532667   1.        ]
 [  7.07670744   9.09190905   1.        ]
 [  8.08275536   9.01388923   1.        ]
 [  9.08347577   9.06074018   1.        ]
 [ 10.05791861   9.04846972   1.        ]
 [ 11.00403704   9.09989958   1.        ]
 [ 12.08924728   9.06106119   1.        ]
 [ 13.01776895   9.08473459   1.        ]
 [ 14.01428569   9.00905047   1.        ]
 [  5.04674965  10.09153724   1.        ]
 [  6.07343259  10.0525479    1.        ]
 [  7.09056432  10.09565216   1.        ]
 [  8.07963334  10.00567932   1.        ]
 [  9.0225144   10.02017769   1.        ]
 [ 10.09445806  10.00292599   1.        ]
 [ 11.08637532  10.03085593   1.        ]
 [ 12.04517578  10.09812246   1.        ]
 [ 13.03950806  10.07762971   1.        ]
 [ 14.06371777  10.08084385   1.        ]
 [  5.00010455  11.03015767   1.        ]
 [  6.0139693   11.06978715   1.        ]
 [  7.05893283  11.08040101   1.        ]
 [  8.02955228  11.07922223   1.        ]
 [  9.02462127  11.03242358   1.        ]
 [ 10.02256455  11.03898575   1.        ]
 [ 11.04874229  11.08075995   1.        ]
 [ 12.03469007  11.045194     1.        ]
 [ 13.07167335  11.0121398    1.        ]
 [ 14.03347196  11.02462392   1.        ]
 [  5.07760925  12.00204952   1.        ]
 [  6.04184497  12.07027286   1.        ]
 [  7.0068613   12.07799598   1.        ]
 [  8.08404673  12.0344278    1.        ]
 [  9.01934145  12.05871159   1.        ]
 [ 10.04205281  12.06521398   1.        ]
 [ 11.09399528  12.0754476    1.        ]
 [ 12.05896067  12.05059999   1.        ]
 [ 13.09106408  12.04511873   1.        ]
 [ 14.0903497   12.05741293   1.        ]
 [  5.0764084   13.06563766   1.        ]
 [  6.00498451  13.05258453   1.        ]
 [  7.0912994   13.09299925   1.        ]
 [  8.07247303  13.02045539   1.        ]
 [  9.08682924  13.04338576   1.        ]
 [ 10.03586771  13.02724099   1.        ]
 [ 11.01825845  13.0647587    1.        ]
 [ 12.01203337  13.08685826   1.        ]
 [ 13.02045076  13.03990064   1.        ]
 [ 14.02691091  13.07576516   1.        ]
 [  5.0630166   14.08587044   1.        ]
 [  6.01636384  14.03434292   1.        ]
 [  7.0619119   14.05594446   1.        ]
 [  8.07488969  14.06646591   1.        ]
 [  9.01619252  14.04565573   1.        ]
 [ 10.03916637  14.09790931   1.        ]
 [ 11.01055279  14.06389975   1.        ]
 [ 12.01216055  14.07662228   1.        ]
 [ 13.03582466  14.07167406   1.        ]
 [ 14.02875104  14.00127005   1.        ]]
Running basin hopping with paramerters:
PARAMETERS BEGIN

epsilon=3.403904
r0=1.324155
sigma=0.141421
PARAMETERS END


E: -807.3443 accepted 1
E: -816.9606 accepted 1
E: -841.0485 accepted 1
E: -852.9919 accepted 1
E: -858.9891 accepted 1
E: -813.7290 accepted 0
E: -855.2735 accepted 0
E: -868.2538 accepted 1
E: -853.5842 accepted 0
E: -873.2276 accepted 1
E: -876.1608 accepted 1
E: -867.1339 accepted 0
E: -877.3949 accepted 1
E: -877.6648 accepted 1
E: -885.4456 accepted 1
E: -856.9144 accepted 0
E: -873.1901 accepted 0
E: -888.1572 accepted 1
E: -888.5866 accepted 1
E: -884.2147 accepted 0
E: -873.1199 accepted 0
E: -888.5864 accepted 1
E: -884.3836 accepted 0
E: -896.2704 accepted 1
E: -890.1389 accepted 0
E: -896.2704 accepted 1
E: -896.2704 accepted 1
E: -885.0366 accepted 0
E: -861.4417 accepted 0
E: -888.2078 accepted 0
Runtime = 4202.316854


