[[  5.06422221   5.07079172   1.        ]
 [  6.01068369   5.02599541   1.        ]
 [  7.06201462   5.09972324   1.        ]
 [  8.02042969   5.0078715    1.        ]
 [  9.00092225   5.05544468   1.        ]
 [ 10.08231644   5.04021642   1.        ]
 [ 11.0134182    5.0900817    1.        ]
 [ 12.08846436   5.03324499   1.        ]
 [ 13.01015166   5.03898179   1.        ]
 [ 14.00767546   5.03305847   1.        ]
 [  5.01729361   6.01660817   1.        ]
 [  6.06310878   6.01617974   1.        ]
 [  7.09548766   6.03595183   1.        ]
 [  8.0238503    6.07061195   1.        ]
 [  9.07339111   6.03054032   1.        ]
 [ 10.09944377   6.073417     1.        ]
 [ 11.09821432   6.05400833   1.        ]
 [ 12.03683366   6.04475638   1.        ]
 [ 13.03412217   6.07552363   1.        ]
 [ 14.0020573    6.09838001   1.        ]
 [  5.05863805   7.01208453   1.        ]
 [  6.00176405   7.09275205   1.        ]
 [  7.02439444   7.01794492   1.        ]
 [  8.08445393   7.00057361   1.        ]
 [  9.03546354   7.02186871   1.        ]
 [ 10.03240356   7.00947816   1.        ]
 [ 11.02000606   7.06590175   1.        ]
 [ 12.03292066   7.00555691   1.        ]
 [ 13.05380917   7.08113857   1.        ]
 [ 14.05519793   7.09513266   1.        ]
 [  5.06046889   8.05550722   1.        ]
 [  6.08873324   8.07598394   1.        ]
 [  7.03605169   8.03515323   1.        ]
 [  8.07623482   8.03245372   1.        ]
 [  9.04860379   8.08017892   1.        ]
 [ 10.04023093   8.0170521    1.        ]
 [ 11.05714313   8.03535511   1.        ]
 [ 12.06615276   8.09269152   1.        ]
 [ 13.03019159   8.01372913   1.        ]
 [ 14.08102073   8.02014262   1.        ]
 [  5.00905805   9.0413733    1.        ]
 [  6.08030081   9.00796836   1.        ]
 [  7.01964136   9.07158305   1.        ]
 [  8.05060531   9.04975931   1.        ]
 [  9.04333699   9.06844475   1.        ]
 [ 10.00464698   9.00306707   1.        ]
 [ 11.0444964    9.06173518   1.        ]
 [ 12.00839835   9.00855504   1.        ]
 [ 13.09070263   9.08872112   1.        ]
 [ 14.048116     9.02764966   1.        ]
 [  5.00391108  10.02277709   1.        ]
 [  6.06177594  10.06193627   1.        ]
 [  7.09732773  10.02522735   1.        ]
 [  8.07397807  10.03849659   1.        ]
 [  9.03401477  10.08756695   1.        ]
 [ 10.07817995  10.05686461   1.        ]
 [ 11.0719404   10.06571037   1.        ]
 [ 12.06550592  10.0949093    1.        ]
 [ 13.08243907  10.08324904   1.        ]
 [ 14.03842466  10.05494474   1.        ]
 [  5.02748188  11.01068104   1.        ]
 [  6.09093103  11.08329606   1.        ]
 [  7.09138958  11.07878642   1.        ]
 [  8.07008906  11.05898799   1.        ]
 [  9.08246557  11.08141287   1.        ]
 [ 10.03491233  11.07323668   1.        ]
 [ 11.03726699  11.01752975   1.        ]
 [ 12.03148377  11.08068393   1.        ]
 [ 13.09768392  11.03710118   1.        ]
 [ 14.04096611  11.08651871   1.        ]
 [  5.09101227  12.01958254   1.        ]
 [  6.001066    12.02092446   1.        ]
 [  7.03064401  12.06980435   1.        ]
 [  8.08668909  12.06659312   1.        ]
 [  9.01640811  12.05070139   1.        ]
 [ 10.03930495  12.06759766   1.        ]
 [ 11.02097734  12.08431322   1.        ]
 [ 12.05389218  12.08739519   1.        ]
 [ 13.09902375  12.08404829   1.        ]
 [ 14.09998731  12.05120567   1.        ]
 [  5.01852834  13.02216548   1.        ]
 [  6.02110641  13.06276165   1.        ]
 [  7.04563235  13.05359171   1.        ]
 [  8.01906116  13.04751414   1.        ]
 [  9.07968735  13.04865692   1.        ]
 [ 10.01718876  13.06815699   1.        ]
 [ 11.05654559  13.07111704   1.        ]
 [ 12.0688196   13.0456063    1.        ]
 [ 13.05240112  13.0160824    1.        ]
 [ 14.0828591   13.07508722   1.        ]
 [  5.02465987  14.05157567   1.        ]
 [  6.09811618  14.08483178   1.        ]
 [  7.05318986  14.03947168   1.        ]
 [  8.00327851  14.01381082   1.        ]
 [  9.02447419  14.06113359   1.        ]
 [ 10.01103406  14.00380521   1.        ]
 [ 11.06307178  14.09980729   1.        ]
 [ 12.07457029  14.0042285    1.        ]
 [ 13.02477633  14.00128259   1.        ]
 [ 14.01951741  14.01427206   1.        ]]
Running basin hopping with paramerters:
PARAMETERS BEGIN

epsilon=4.301687
r0=1.202657
sigma=0.141421
PARAMETERS END


E: -1097.4447 accepted 1
E: -1122.7868 accepted 1
E: -1140.0634 accepted 1
E: -1147.4050 accepted 1
E: -1174.3182 accepted 1
E: -1112.6382 accepted 0
E: -1164.0306 accepted 0
E: -1183.6930 accepted 1
E: -1172.0725 accepted 0
E: -1168.5646 accepted 0
E: -1182.4858 accepted 1
E: -1194.4162 accepted 1
E: -1173.6097 accepted 0
E: -1194.2393 accepted 1
E: -1183.5843 accepted 0
E: -1162.6966 accepted 0
E: -1198.2557 accepted 1
E: -1208.0114 accepted 1
E: -1215.5027 accepted 1
E: -1193.5225 accepted 0
E: -1211.4818 accepted 0
E: -1215.5253 accepted 1
E: -1179.1656 accepted 0
E: -1210.0703 accepted 0
E: -1214.7594 accepted 0
E: -1185.5433 accepted 0
E: -1206.5577 accepted 0
E: -1225.4209 accepted 1
E: -1225.4170 accepted 1
E: -1240.1063 accepted 1
E: -1183.2953 accepted 0
E: -1226.2342 accepted 0
E: -1229.7611 accepted 0
E: -1228.7319 accepted 0
E: -1240.1903 accepted 1
E: -1234.6029 accepted 0
E: -1208.3195 accepted 0
E: -1182.7051 accepted 0
E: -1245.0583 accepted 1
E: -1249.9485 accepted 1
E: -1249.9485 accepted 1
E: -1220.2900 accepted 0
E: -1245.0408 accepted 0
E: -1249.9485 accepted 1
E: -1190.3360 accepted 0
E: -1216.8241 accepted 0
Runtime = 4533.894816


