[[  5.0248885    5.00672195   1.        ]
 [  6.01463353   5.08786741   1.        ]
 [  7.06793865   5.02584417   1.        ]
 [  8.09877688   5.05803905   1.        ]
 [  9.08422184   5.0781306    1.        ]
 [ 10.00538394   5.05266419   1.        ]
 [ 11.01901352   5.04577499   1.        ]
 [ 12.01887403   5.03158066   1.        ]
 [ 13.09344952   5.06559439   1.        ]
 [ 14.05969615   5.05695249   1.        ]
 [  5.01728263   6.07689991   1.        ]
 [  6.00369238   6.00538556   1.        ]
 [  7.0933416    6.05415528   1.        ]
 [  8.01503888   6.06637279   1.        ]
 [  9.06343265   6.02970341   1.        ]
 [ 10.081239     6.04341743   1.        ]
 [ 11.04352029   6.07518566   1.        ]
 [ 12.09124184   6.08912667   1.        ]
 [ 13.05070982   6.00509256   1.        ]
 [ 14.00577358   6.07691513   1.        ]
 [  5.09259373   7.08819096   1.        ]
 [  6.07123457   7.04931299   1.        ]
 [  7.03727045   7.06428905   1.        ]
 [  8.00313508   7.05361865   1.        ]
 [  9.00614438   7.09462503   1.        ]
 [ 10.09089149   7.00852061   1.        ]
 [ 11.01759849   7.00023051   1.        ]
 [ 12.00854752   7.01720554   1.        ]
 [ 13.05307248   7.03539111   1.        ]
 [ 14.09373047   7.09299963   1.        ]
 [  5.05581772   8.05840082   1.        ]
 [  6.00731267   8.0589198    1.        ]
 [  7.05859283   8.08810405   1.        ]
 [  8.09824645   8.07916579   1.        ]
 [  9.05837281   8.03867797   1.        ]
 [ 10.04554613   8.05982098   1.        ]
 [ 11.07697397   8.05692738   1.        ]
 [ 12.07646637   8.0482847    1.        ]
 [ 13.0308718    8.07542859   1.        ]
 [ 14.00057765   8.08537826   1.        ]
 [  5.09153063   9.0584361    1.        ]
 [  6.09934994   9.09776907   1.        ]
 [  7.06498374   9.07927376   1.        ]
 [  8.06194015   9.04279514   1.        ]
 [  9.0618179    9.06086744   1.        ]
 [ 10.04810797   9.04566351   1.        ]
 [ 11.06439083   9.09419636   1.        ]
 [ 12.00282239   9.07778616   1.        ]
 [ 13.07753094   9.05506088   1.        ]
 [ 14.08217891   9.00521532   1.        ]
 [  5.00756466  10.0202403    1.        ]
 [  6.09017543  10.04860334   1.        ]
 [  7.02110809  10.07870024   1.        ]
 [  8.06967313  10.08041189   1.        ]
 [  9.00401062  10.07132299   1.        ]
 [ 10.09256317  10.02504672   1.        ]
 [ 11.01152889  10.031231     1.        ]
 [ 12.04795046  10.08029343   1.        ]
 [ 13.00564489  10.05318529   1.        ]
 [ 14.00898226  10.00717185   1.        ]
 [  5.02951855  11.05195518   1.        ]
 [  6.06164198  11.03792742   1.        ]
 [  7.00083454  11.01015349   1.        ]
 [  8.00054197  11.07300636   1.        ]
 [  9.06561015  11.02977287   1.        ]
 [ 10.08441553  11.08869475   1.        ]
 [ 11.07965719  11.04711287   1.        ]
 [ 12.07955513  11.01054673   1.        ]
 [ 13.09394419  11.03417463   1.        ]
 [ 14.09199746  11.02621205   1.        ]
 [  5.02813894  12.01228949   1.        ]
 [  6.0766845   12.07219815   1.        ]
 [  7.0494058   12.08295357   1.        ]
 [  8.05052346  12.09777831   1.        ]
 [  9.02198024  12.00637185   1.        ]
 [ 10.00575502  12.05541668   1.        ]
 [ 11.07374613  12.04970886   1.        ]
 [ 12.09540849  12.03990569   1.        ]
 [ 13.06291654  12.09207632   1.        ]
 [ 14.01837741  12.02854773   1.        ]
 [  5.07191544  13.00168191   1.        ]
 [  6.01996809  13.02269102   1.        ]
 [  7.02757957  13.01794295   1.        ]
 [  8.05587915  13.0913297    1.        ]
 [  9.06257324  13.0365408    1.        ]
 [ 10.03817705  13.05854137   1.        ]
 [ 11.04098752  13.09723538   1.        ]
 [ 12.00145366  13.01438912   1.        ]
 [ 13.01008267  13.04533124   1.        ]
 [ 14.05861405  13.05815685   1.        ]
 [  5.01275567  14.0887373    1.        ]
 [  6.08252472  14.06982166   1.        ]
 [  7.02848925  14.06312532   1.        ]
 [  8.04967583  14.09945423   1.        ]
 [  9.02767354  14.01056714   1.        ]
 [ 10.00690506  14.09548949   1.        ]
 [ 11.07789602  14.00401415   1.        ]
 [ 12.06747833  14.02554656   1.        ]
 [ 13.02558889  14.0090103    1.        ]
 [ 14.04302164  14.01548937   1.        ]]
Running basin hopping with paramerters:
PARAMETERS BEGIN

epsilon=3.927129
r0=1.217319
sigma=0.141421
PARAMETERS END


E: -984.0944 accepted 1
E: -989.7021 accepted 1
E: -1006.2797 accepted 1
E: -1018.7626 accepted 1
E: -1033.4763 accepted 1
E: -1024.6135 accepted 0
E: -1036.8430 accepted 1
E: -1027.2366 accepted 0
E: -1028.2955 accepted 0
E: -1046.2797 accepted 1
E: -1032.7314 accepted 0
E: -1030.8070 accepted 0
E: -1041.7442 accepted 0
E: -1010.4447 accepted 0
E: -1042.0280 accepted 0
E: -1042.7410 accepted 0
Runtime = 2963.165406


