[[  5.07166246   5.01657548   1.        ]
 [  6.04186437   5.0724636    1.        ]
 [  7.0859415    5.07518926   1.        ]
 [  8.01284077   5.08259139   1.        ]
 [  9.03923363   5.0866994    1.        ]
 [ 10.0337525    5.08353933   1.        ]
 [ 11.07081716   5.03347891   1.        ]
 [ 12.0421821    5.07844602   1.        ]
 [ 13.00604726   5.05771389   1.        ]
 [ 14.05973875   5.09380982   1.        ]
 [  5.01131336   6.03791035   1.        ]
 [  6.06451284   6.05445634   1.        ]
 [  7.00841999   6.03025398   1.        ]
 [  8.05356785   6.02202371   1.        ]
 [  9.08908892   6.09393659   1.        ]
 [ 10.03732389   6.09239709   1.        ]
 [ 11.04107963   6.06275736   1.        ]
 [ 12.00947586   6.05322611   1.        ]
 [ 13.00046761   6.05686785   1.        ]
 [ 14.08228361   6.0586452    1.        ]
 [  5.0583739    7.01943019   1.        ]
 [  6.09353334   7.01190333   1.        ]
 [  7.04072161   7.06964702   1.        ]
 [  8.0464442    7.05684353   1.        ]
 [  9.07774965   7.0722819    1.        ]
 [ 10.05850379   7.00733824   1.        ]
 [ 11.08183053   7.01876801   1.        ]
 [ 12.00535025   7.06880355   1.        ]
 [ 13.0278461    7.07564601   1.        ]
 [ 14.00171547   7.06606013   1.        ]
 [  5.01379829   8.05040255   1.        ]
 [  6.01266247   8.04527357   1.        ]
 [  7.00963969   8.03417856   1.        ]
 [  8.0768723    8.00076632   1.        ]
 [  9.07873612   8.05200935   1.        ]
 [ 10.02541736   8.09816145   1.        ]
 [ 11.02983456   8.05358466   1.        ]
 [ 12.06681947   8.06252735   1.        ]
 [ 13.00327642   8.02848396   1.        ]
 [ 14.08082088   8.03378472   1.        ]
 [  5.09496144   9.00500418   1.        ]
 [  6.062982     9.08555061   1.        ]
 [  7.01207998   9.07263865   1.        ]
 [  8.07338055   9.07947489   1.        ]
 [  9.04069343   9.0098712    1.        ]
 [ 10.07068556   9.08430413   1.        ]
 [ 11.06136938   9.08240495   1.        ]
 [ 12.05728607   9.05231123   1.        ]
 [ 13.00871109   9.00112775   1.        ]
 [ 14.04861399   9.05070361   1.        ]
 [  5.01280234  10.08646083   1.        ]
 [  6.09245507  10.03206076   1.        ]
 [  7.01798088  10.09732951   1.        ]
 [  8.08758711  10.01080274   1.        ]
 [  9.0411046   10.09440043   1.        ]
 [ 10.0213608   10.06078441   1.        ]
 [ 11.0119972   10.01853819   1.        ]
 [ 12.03428126  10.01450789   1.        ]
 [ 13.06546629  10.08856911   1.        ]
 [ 14.06850652  10.05704129   1.        ]
 [  5.02047228  11.02099502   1.        ]
 [  6.09907108  11.04078463   1.        ]
 [  7.0311076   11.06321222   1.        ]
 [  8.0905135   11.05799825   1.        ]
 [  9.0088678   11.04968289   1.        ]
 [ 10.04686349  11.01541402   1.        ]
 [ 11.03008634  11.0444169    1.        ]
 [ 12.00923037  11.09905965   1.        ]
 [ 13.07059541  11.07803644   1.        ]
 [ 14.0254245   11.09966362   1.        ]
 [  5.05018749  12.03154853   1.        ]
 [  6.06672246  12.09289092   1.        ]
 [  7.04930918  12.02853123   1.        ]
 [  8.06341718  12.00157787   1.        ]
 [  9.06390689  12.01949154   1.        ]
 [ 10.05856524  12.06241429   1.        ]
 [ 11.04291616  12.07378129   1.        ]
 [ 12.06472767  12.02153312   1.        ]
 [ 13.08182948  12.03908345   1.        ]
 [ 14.03360707  12.06483794   1.        ]
 [  5.02594952  13.03067507   1.        ]
 [  6.02244013  13.07253924   1.        ]
 [  7.035392    13.08398953   1.        ]
 [  8.06228731  13.07896172   1.        ]
 [  9.05418623  13.02060445   1.        ]
 [ 10.01311618  13.01354063   1.        ]
 [ 11.08151126  13.05664154   1.        ]
 [ 12.06424479  13.05415061   1.        ]
 [ 13.09026201  13.09142996   1.        ]
 [ 14.07238868  13.01046358   1.        ]
 [  5.05576886  14.04333638   1.        ]
 [  6.05601573  14.07732682   1.        ]
 [  7.04237519  14.05600077   1.        ]
 [  8.00445528  14.07474213   1.        ]
 [  9.04905874  14.09586735   1.        ]
 [ 10.05485764  14.04468364   1.        ]
 [ 11.02545505  14.02812194   1.        ]
 [ 12.07479017  14.02392741   1.        ]
 [ 13.01897777  14.06408536   1.        ]
 [ 14.01053617  14.07198213   1.        ]]
Running basin hopping with paramerters:
PARAMETERS BEGIN

epsilon=4.603340
r0=1.244297
sigma=0.141421
PARAMETERS END


E: -1064.3344 accepted 1
E: -1075.4242 accepted 1
E: -1103.6650 accepted 1
E: -1122.2118 accepted 1
E: -1118.5130 accepted 0
E: -1104.4373 accepted 0
E: -1136.5591 accepted 1
E: -1136.7655 accepted 1
E: -1151.3200 accepted 1
E: -1170.0646 accepted 1
E: -1160.4505 accepted 0
E: -1149.0978 accepted 0
E: -1159.6412 accepted 0
E: -1174.8883 accepted 1
E: -1181.3448 accepted 1
E: -1174.1620 accepted 0
E: -1156.8599 accepted 0
E: -1179.0233 accepted 0
E: -1174.8479 accepted 0
E: -1148.7110 accepted 0
E: -1174.2296 accepted 0
Runtime = 3878.560417


