[[  5.06836836   5.02067884   1.        ]
 [  6.00213046   5.09028331   1.        ]
 [  7.01380908   5.06646718   1.        ]
 [  8.09665194   5.01750252   1.        ]
 [  9.08862666   5.0865753    1.        ]
 [ 10.00254612   5.08259543   1.        ]
 [ 11.04914071   5.0917741    1.        ]
 [ 12.04376813   5.03888119   1.        ]
 [ 13.00992053   5.0679327    1.        ]
 [ 14.07229611   5.0984057    1.        ]
 [  5.089101     6.04610081   1.        ]
 [  6.09640821   6.04962705   1.        ]
 [  7.0691953    6.09632024   1.        ]
 [  8.034034     6.00002817   1.        ]
 [  9.0657632    6.02733306   1.        ]
 [ 10.04196765   6.07584201   1.        ]
 [ 11.0838516    6.02890446   1.        ]
 [ 12.04411335   6.05245226   1.        ]
 [ 13.05048829   6.06552441   1.        ]
 [ 14.0579173    6.04313724   1.        ]
 [  5.04057464   7.00375766   1.        ]
 [  6.00522908   7.00290709   1.        ]
 [  7.01967552   7.0904284    1.        ]
 [  8.08548254   7.00802921   1.        ]
 [  9.09957016   7.06036807   1.        ]
 [ 10.09347097   7.0690322    1.        ]
 [ 11.00045346   7.03287669   1.        ]
 [ 12.0040751    7.08729736   1.        ]
 [ 13.0577269    7.0742781    1.        ]
 [ 14.06876082   7.08465218   1.        ]
 [  5.04384796   8.05816885   1.        ]
 [  6.08431301   8.05779666   1.        ]
 [  7.07535291   8.00306198   1.        ]
 [  8.00354885   8.0431489    1.        ]
 [  9.02036297   8.0194029    1.        ]
 [ 10.05475172   8.03871948   1.        ]
 [ 11.05774096   8.09290352   1.        ]
 [ 12.02538769   8.02399466   1.        ]
 [ 13.03735396   8.00729068   1.        ]
 [ 14.09819306   8.09333577   1.        ]
 [  5.05805051   9.06877874   1.        ]
 [  6.0826508    9.07178093   1.        ]
 [  7.03567919   9.02630641   1.        ]
 [  8.00044171   9.0939466    1.        ]
 [  9.02935075   9.07914414   1.        ]
 [ 10.03919821   9.0266025    1.        ]
 [ 11.0319467    9.06900535   1.        ]
 [ 12.04323708   9.03646615   1.        ]
 [ 13.08176502   9.02482268   1.        ]
 [ 14.01110745   9.07265579   1.        ]
 [  5.00141301  10.02094575   1.        ]
 [  6.04910976  10.04927603   1.        ]
 [  7.05928872  10.00651584   1.        ]
 [  8.03252528  10.05637083   1.        ]
 [  9.04985432  10.03640241   1.        ]
 [ 10.08560048  10.03467967   1.        ]
 [ 11.05222247  10.03247156   1.        ]
 [ 12.0441041   10.06518892   1.        ]
 [ 13.06696422  10.08748991   1.        ]
 [ 14.03200298  10.07718217   1.        ]
 [  5.06631077  11.07884777   1.        ]
 [  6.04658925  11.00969867   1.        ]
 [  7.0566588   11.0825377    1.        ]
 [  8.02156237  11.08306733   1.        ]
 [  9.09716805  11.03104947   1.        ]
 [ 10.0947819   11.02782142   1.        ]
 [ 11.03005281  11.07148664   1.        ]
 [ 12.09993588  11.03806215   1.        ]
 [ 13.047946    11.0191282    1.        ]
 [ 14.06031426  11.02867913   1.        ]
 [  5.05740201  12.02777456   1.        ]
 [  6.0201501   12.03409448   1.        ]
 [  7.01601025  12.03449149   1.        ]
 [  8.00198314  12.03107515   1.        ]
 [  9.00298495  12.02091573   1.        ]
 [ 10.01730511  12.01016524   1.        ]
 [ 11.04870592  12.071741     1.        ]
 [ 12.06240723  12.06260167   1.        ]
 [ 13.01395898  12.07207778   1.        ]
 [ 14.06210497  12.02519138   1.        ]
 [  5.05724849  13.04472848   1.        ]
 [  6.09987129  13.03988257   1.        ]
 [  7.01117426  13.07328206   1.        ]
 [  8.0960156   13.0530278    1.        ]
 [  9.09829931  13.08245444   1.        ]
 [ 10.05713535  13.0415528    1.        ]
 [ 11.00579802  13.03179346   1.        ]
 [ 12.02478341  13.02839767   1.        ]
 [ 13.09620202  13.074409     1.        ]
 [ 14.05736748  13.02219906   1.        ]
 [  5.05832049  14.08077439   1.        ]
 [  6.05252856  14.02882101   1.        ]
 [  7.00250451  14.04869272   1.        ]
 [  8.0659769   14.05591092   1.        ]
 [  9.00650222  14.04767048   1.        ]
 [ 10.08858115  14.08766721   1.        ]
 [ 11.086932    14.04077482   1.        ]
 [ 12.04413835  14.01335832   1.        ]
 [ 13.06047641  14.05522744   1.        ]
 [ 14.03322771  14.06902206   1.        ]]
Running basin hopping with paramerters:
PARAMETERS BEGIN

epsilon=3.710715
r0=1.162272
sigma=0.141421
PARAMETERS END


E: -980.5228 accepted 1
E: -1020.4318 accepted 1
E: -1030.1398 accepted 1
E: -1031.7930 accepted 1
E: -1038.2988 accepted 1
E: -1034.8486 accepted 0
E: -1052.0438 accepted 1
E: -1064.0565 accepted 1
E: -1060.4051 accepted 0
E: -1030.8661 accepted 0
E: -1060.2345 accepted 0
E: -1062.6151 accepted 0
E: -1059.7621 accepted 0
E: -1049.0203 accepted 0
Runtime = 1621.974503


