[[  5.06849188   5.0783208    1.        ]
 [  6.01597727   5.05195921   1.        ]
 [  7.07878947   5.03449539   1.        ]
 [  8.06777502   5.09150735   1.        ]
 [  9.08509296   5.04893949   1.        ]
 [ 10.0890669    5.0403426    1.        ]
 [ 11.06209232   5.05986747   1.        ]
 [ 12.09085428   5.08076848   1.        ]
 [ 13.05066718   5.0217732    1.        ]
 [ 14.07793071   5.04534627   1.        ]
 [  5.0928318    6.07535633   1.        ]
 [  6.07994967   6.02455966   1.        ]
 [  7.04508615   6.09541598   1.        ]
 [  8.07585764   6.02500733   1.        ]
 [  9.08154479   6.02873303   1.        ]
 [ 10.03016262   6.04797074   1.        ]
 [ 11.03827056   6.0030209    1.        ]
 [ 12.01002502   6.07043812   1.        ]
 [ 13.02074642   6.02363853   1.        ]
 [ 14.08583215   6.06662705   1.        ]
 [  5.09349964   7.05805793   1.        ]
 [  6.01367204   7.04058022   1.        ]
 [  7.00425379   7.07795815   1.        ]
 [  8.04567194   7.02836166   1.        ]
 [  9.01126763   7.08100366   1.        ]
 [ 10.01235787   7.02447884   1.        ]
 [ 11.06625373   7.00564075   1.        ]
 [ 12.03042164   7.08234284   1.        ]
 [ 13.00336586   7.07270186   1.        ]
 [ 14.0009259    7.00588754   1.        ]
 [  5.00705857   8.03164773   1.        ]
 [  6.04598311   8.02465383   1.        ]
 [  7.07970125   8.01485462   1.        ]
 [  8.06219984   8.08946714   1.        ]
 [  9.03358272   8.00219641   1.        ]
 [ 10.00455255   8.08926373   1.        ]
 [ 11.08007226   8.04278143   1.        ]
 [ 12.02386817   8.00209991   1.        ]
 [ 13.03009131   8.07002602   1.        ]
 [ 14.04197709   8.05080272   1.        ]
 [  5.030495     9.07060804   1.        ]
 [  6.00168656   9.0741748    1.        ]
 [  7.00489176   9.08886606   1.        ]
 [  8.03345447   9.078034     1.        ]
 [  9.00738019   9.03826234   1.        ]
 [ 10.01336004   9.04609208   1.        ]
 [ 11.08012598   9.05969156   1.        ]
 [ 12.01839497   9.05215926   1.        ]
 [ 13.03919593   9.02775165   1.        ]
 [ 14.09995622   9.00561384   1.        ]
 [  5.0537323   10.0195606    1.        ]
 [  6.09783878  10.02966159   1.        ]
 [  7.07790818  10.01012346   1.        ]
 [  8.04467081  10.08444433   1.        ]
 [  9.04775044  10.00778353   1.        ]
 [ 10.05309895  10.01172825   1.        ]
 [ 11.01443592  10.06847358   1.        ]
 [ 12.03065843  10.04876876   1.        ]
 [ 13.05869225  10.01139142   1.        ]
 [ 14.01183796  10.04963085   1.        ]
 [  5.01326951  11.02051028   1.        ]
 [  6.02583712  11.02183984   1.        ]
 [  7.02710682  11.01785941   1.        ]
 [  8.05470074  11.06076516   1.        ]
 [  9.01696343  11.03797256   1.        ]
 [ 10.05390941  11.06757656   1.        ]
 [ 11.06743063  11.0708289    1.        ]
 [ 12.06288432  11.04714092   1.        ]
 [ 13.08422582  11.09136181   1.        ]
 [ 14.05777163  11.09696238   1.        ]
 [  5.01443591  12.04928126   1.        ]
 [  6.04668147  12.03976161   1.        ]
 [  7.00523513  12.09820925   1.        ]
 [  8.07319815  12.03964645   1.        ]
 [  9.02312482  12.03679571   1.        ]
 [ 10.0452016   12.05432656   1.        ]
 [ 11.04389031  12.03040481   1.        ]
 [ 12.0878331   12.08928004   1.        ]
 [ 13.04607001  12.07832168   1.        ]
 [ 14.03013926  12.02430105   1.        ]
 [  5.02104568  13.03414289   1.        ]
 [  6.06618008  13.04749574   1.        ]
 [  7.03752397  13.09029409   1.        ]
 [  8.08166106  13.04633413   1.        ]
 [  9.04877098  13.07387883   1.        ]
 [ 10.0957504   13.02560835   1.        ]
 [ 11.07321835  13.074344     1.        ]
 [ 12.09755795  13.03568801   1.        ]
 [ 13.03718637  13.0829075    1.        ]
 [ 14.08441419  13.06574927   1.        ]
 [  5.01083945  14.08505299   1.        ]
 [  6.06773269  14.08724745   1.        ]
 [  7.01871406  14.02513559   1.        ]
 [  8.05006868  14.06232163   1.        ]
 [  9.08329202  14.07723893   1.        ]
 [ 10.07938791  14.07211803   1.        ]
 [ 11.00048837  14.07696884   1.        ]
 [ 12.08579756  14.05015652   1.        ]
 [ 13.05927189  14.03333451   1.        ]
 [ 14.03430723  14.08602984   1.        ]]
Running basin hopping with paramerters:
PARAMETERS BEGIN

epsilon=3.976662
r0=1.274716
sigma=0.141421
PARAMETERS END


E: -945.7248 accepted 1
E: -944.7282 accepted 1
E: -949.0715 accepted 1
E: -960.7452 accepted 1
E: -967.4852 accepted 1
E: -989.5676 accepted 1
E: -997.6963 accepted 1
E: -1016.7129 accepted 1
E: -1021.0496 accepted 1
E: -1034.2907 accepted 1
E: -1060.8169 accepted 1
E: -1051.9706 accepted 0
E: -1054.8067 accepted 0
E: -1065.2666 accepted 1
E: -1050.1298 accepted 0
E: -1056.8736 accepted 0
E: -1027.3861 accepted 0
E: -1053.3962 accepted 0
E: -1011.3692 accepted 0
E: -1065.2779 accepted 1
E: -1068.2625 accepted 1
E: -1072.1127 accepted 1
E: -1047.2361 accepted 0
E: -1082.7629 accepted 1
E: -1101.0232 accepted 1
E: -1071.7203 accepted 0
E: -1096.1502 accepted 0
E: -1101.0232 accepted 1
E: -1086.0408 accepted 0
E: -1039.3854 accepted 0
E: -1088.5565 accepted 0
Runtime = 5468.470043


