[[  5.04376529   5.02600913   1.        ]
 [  6.00302744   5.04209439   1.        ]
 [  7.08902673   5.08092775   1.        ]
 [  8.00852329   5.0598414    1.        ]
 [  9.09010802   5.06728739   1.        ]
 [ 10.05902143   5.02605238   1.        ]
 [ 11.09539537   5.04708674   1.        ]
 [ 12.04223499   5.0133102    1.        ]
 [ 13.03237682   5.02534468   1.        ]
 [ 14.04921374   5.07338142   1.        ]
 [  5.04001606   6.05505416   1.        ]
 [  6.04354006   6.02367708   1.        ]
 [  7.07065955   6.00013244   1.        ]
 [  8.05348412   6.04867946   1.        ]
 [  9.00422348   6.03321186   1.        ]
 [ 10.06442321   6.05853451   1.        ]
 [ 11.01058796   6.07331081   1.        ]
 [ 12.055393     6.06745438   1.        ]
 [ 13.07979503   6.03648987   1.        ]
 [ 14.07420038   6.06981696   1.        ]
 [  5.03159393   7.08922343   1.        ]
 [  6.05036602   7.02060322   1.        ]
 [  7.02223388   7.03949872   1.        ]
 [  8.01696675   7.0786575    1.        ]
 [  9.00350228   7.05833086   1.        ]
 [ 10.06389182   7.05258194   1.        ]
 [ 11.07321814   7.05136628   1.        ]
 [ 12.04534092   7.0376083    1.        ]
 [ 13.00097276   7.0317061    1.        ]
 [ 14.06171098   7.05019144   1.        ]
 [  5.07569934   8.08440864   1.        ]
 [  6.05468216   8.05481585   1.        ]
 [  7.03720856   8.03079858   1.        ]
 [  8.02509693   8.08229344   1.        ]
 [  9.07356044   8.07619797   1.        ]
 [ 10.0849585    8.01987564   1.        ]
 [ 11.02358411   8.08689624   1.        ]
 [ 12.02213625   8.08533964   1.        ]
 [ 13.01264663   8.01198866   1.        ]
 [ 14.03611523   8.03853576   1.        ]
 [  5.05806657   9.00985446   1.        ]
 [  6.02365755   9.09601718   1.        ]
 [  7.03113743   9.05964005   1.        ]
 [  8.01628783   9.04309322   1.        ]
 [  9.06103846   9.00324098   1.        ]
 [ 10.00204561   9.04511414   1.        ]
 [ 11.04602434   9.05958114   1.        ]
 [ 12.05396116   9.03308062   1.        ]
 [ 13.02344755   9.014633     1.        ]
 [ 14.08205421   9.00119327   1.        ]
 [  5.06984957  10.05885974   1.        ]
 [  6.04924041  10.03252342   1.        ]
 [  7.0871463   10.02885599   1.        ]
 [  8.07791476  10.0114025    1.        ]
 [  9.07847331  10.07387532   1.        ]
 [ 10.05312696  10.00363097   1.        ]
 [ 11.00777173  10.09383223   1.        ]
 [ 12.00773594  10.03552294   1.        ]
 [ 13.07357717  10.03008636   1.        ]
 [ 14.00175335  10.01429861   1.        ]
 [  5.03881919  11.09932338   1.        ]
 [  6.06645046  11.04438501   1.        ]
 [  7.02731945  11.05644381   1.        ]
 [  8.06529496  11.01487075   1.        ]
 [  9.03207301  11.08164739   1.        ]
 [ 10.02068682  11.02124742   1.        ]
 [ 11.03731195  11.01978842   1.        ]
 [ 12.02614199  11.00896275   1.        ]
 [ 13.08083694  11.02439474   1.        ]
 [ 14.03549939  11.05418378   1.        ]
 [  5.03253321  12.04959819   1.        ]
 [  6.09822071  12.08670391   1.        ]
 [  7.09634949  12.08921291   1.        ]
 [  8.08367442  12.04991833   1.        ]
 [  9.07099437  12.08016009   1.        ]
 [ 10.03663868  12.03981331   1.        ]
 [ 11.04602491  12.05441645   1.        ]
 [ 12.02376187  12.02226165   1.        ]
 [ 13.08673247  12.06247588   1.        ]
 [ 14.08911306  12.05866465   1.        ]
 [  5.01008408  13.04022066   1.        ]
 [  6.03505262  13.05000371   1.        ]
 [  7.00039453  13.00791488   1.        ]
 [  8.08740373  13.01857924   1.        ]
 [  9.08693149  13.06406155   1.        ]
 [ 10.07716028  13.03434339   1.        ]
 [ 11.09510988  13.05681004   1.        ]
 [ 12.04483038  13.01776278   1.        ]
 [ 13.04444261  13.03635069   1.        ]
 [ 14.05904925  13.08667948   1.        ]
 [  5.06405349  14.0886427    1.        ]
 [  6.0599459   14.07073915   1.        ]
 [  7.02300555  14.00729289   1.        ]
 [  8.02144539  14.03661753   1.        ]
 [  9.09417639  14.04563293   1.        ]
 [ 10.04700547  14.05543124   1.        ]
 [ 11.05410592  14.02980414   1.        ]
 [ 12.06334729  14.02822455   1.        ]
 [ 13.01163519  14.01451307   1.        ]
 [ 14.02056708  14.09921269   1.        ]]
Running basin hopping with paramerters:
PARAMETERS BEGIN

epsilon=3.903079
r0=1.326300
sigma=0.141421
PARAMETERS END


E: -857.6042 accepted 1
E: -887.7511 accepted 1
E: -898.9199 accepted 1
E: -888.3217 accepted 0
E: -873.9644 accepted 0
E: -901.4654 accepted 1
E: -883.0909 accepted 0
E: -896.8917 accepted 0
E: -904.4543 accepted 1
E: -908.3664 accepted 1
E: -945.4523 accepted 1
E: -955.0198 accepted 1
E: -951.1958 accepted 0
E: -959.2763 accepted 1
E: -959.5202 accepted 1
E: -937.8673 accepted 0
E: -950.7514 accepted 0
E: -946.8747 accepted 0
E: -955.9771 accepted 0
E: -956.3377 accepted 0
E: -979.7584 accepted 1
E: -954.6648 accepted 0
E: -984.0021 accepted 1
E: -988.2699 accepted 1
E: -988.3432 accepted 1
E: -983.4321 accepted 0
E: -928.9993 accepted 0
E: -988.3432 accepted 1
E: -984.3100 accepted 0
E: -979.8488 accepted 0
E: -979.8547 accepted 0
E: -988.3633 accepted 1
E: -973.7672 accepted 0
E: -968.1338 accepted 0
E: -951.3997 accepted 0
E: -963.2654 accepted 0
E: -948.8400 accepted 0
E: -989.3508 accepted 1
E: -1006.5138 accepted 1
E: -999.1146 accepted 0
E: -995.3975 accepted 0
E: -1001.6363 accepted 0
E: -999.1870 accepted 0
E: -987.3232 accepted 0
E: -1002.6335 accepted 0
Runtime = 7479.880813


