[[  5.08614664   5.01120261   1.        ]
 [  6.077155     5.03737279   1.        ]
 [  7.03414961   5.03730392   1.        ]
 [  8.0048918    5.01288225   1.        ]
 [  9.01574933   5.02809422   1.        ]
 [ 10.00435172   5.01871301   1.        ]
 [ 11.00023277   5.05540971   1.        ]
 [ 12.02422764   5.01545656   1.        ]
 [ 13.04256439   5.0466879    1.        ]
 [ 14.02819555   5.08799453   1.        ]
 [  5.0047545    6.05487597   1.        ]
 [  6.03026934   6.04018908   1.        ]
 [  7.06552236   6.08975683   1.        ]
 [  8.03711202   6.07304514   1.        ]
 [  9.05650522   6.09796576   1.        ]
 [ 10.00947239   6.09850255   1.        ]
 [ 11.06515663   6.06624281   1.        ]
 [ 12.019185     6.08519338   1.        ]
 [ 13.07937075   6.09205339   1.        ]
 [ 14.0480895    6.0188618    1.        ]
 [  5.00996708   7.03143414   1.        ]
 [  6.04692952   7.0078244    1.        ]
 [  7.0346216    7.05528133   1.        ]
 [  8.03942668   7.02423341   1.        ]
 [  9.04461272   7.0902373    1.        ]
 [ 10.09991174   7.00335736   1.        ]
 [ 11.0791237    7.04741058   1.        ]
 [ 12.07653793   7.04532816   1.        ]
 [ 13.02748241   7.02673365   1.        ]
 [ 14.03990284   7.00916981   1.        ]
 [  5.05190369   8.05316231   1.        ]
 [  6.05299388   8.06490083   1.        ]
 [  7.0190417    8.05658897   1.        ]
 [  8.04640501   8.09697676   1.        ]
 [  9.02812323   8.03675566   1.        ]
 [ 10.0088604    8.01763675   1.        ]
 [ 11.04784856   8.0809783    1.        ]
 [ 12.06025754   8.08444634   1.        ]
 [ 13.05894554   8.07825479   1.        ]
 [ 14.01914692   8.04685477   1.        ]
 [  5.0992418    9.00985997   1.        ]
 [  6.0494918    9.00930587   1.        ]
 [  7.09193072   9.00697375   1.        ]
 [  8.09803865   9.05105956   1.        ]
 [  9.03054753   9.08522787   1.        ]
 [ 10.02143886   9.06009876   1.        ]
 [ 11.07699824   9.01444602   1.        ]
 [ 12.01260795   9.07140908   1.        ]
 [ 13.04151384   9.0179093    1.        ]
 [ 14.04866367   9.00977232   1.        ]
 [  5.07317261  10.04760609   1.        ]
 [  6.00639727  10.0910145    1.        ]
 [  7.03957788  10.04102186   1.        ]
 [  8.05691727  10.0158615    1.        ]
 [  9.001252    10.07380537   1.        ]
 [ 10.08751835  10.05251078   1.        ]
 [ 11.02975489  10.04977989   1.        ]
 [ 12.00175706  10.00415171   1.        ]
 [ 13.07699806  10.08109928   1.        ]
 [ 14.03656237  10.01664043   1.        ]
 [  5.03447736  11.03957518   1.        ]
 [  6.00531255  11.08510592   1.        ]
 [  7.04680921  11.02947578   1.        ]
 [  8.08593389  11.03674507   1.        ]
 [  9.0735085   11.09841402   1.        ]
 [ 10.07029998  11.02584759   1.        ]
 [ 11.06094139  11.04615933   1.        ]
 [ 12.07160749  11.02926358   1.        ]
 [ 13.05155871  11.04104501   1.        ]
 [ 14.00242571  11.0920482    1.        ]
 [  5.01060667  12.00180367   1.        ]
 [  6.00452628  12.00924764   1.        ]
 [  7.03500713  12.09700417   1.        ]
 [  8.0517572   12.00609967   1.        ]
 [  9.04291703  12.0586895    1.        ]
 [ 10.07940893  12.05383532   1.        ]
 [ 11.02085047  12.06268323   1.        ]
 [ 12.07478925  12.04842179   1.        ]
 [ 13.0689725   12.02433576   1.        ]
 [ 14.07829401  12.06423892   1.        ]
 [  5.04932058  13.03057101   1.        ]
 [  6.05771186  13.06569976   1.        ]
 [  7.0997021   13.04816967   1.        ]
 [  8.09225455  13.00209277   1.        ]
 [  9.07828561  13.0323952    1.        ]
 [ 10.07571657  13.05398773   1.        ]
 [ 11.08895814  13.08735449   1.        ]
 [ 12.06695971  13.04199103   1.        ]
 [ 13.04636324  13.04070487   1.        ]
 [ 14.02857419  13.08292683   1.        ]
 [  5.03472405  14.07712512   1.        ]
 [  6.08820234  14.002409     1.        ]
 [  7.07461078  14.03543253   1.        ]
 [  8.03274386  14.01101364   1.        ]
 [  9.08419402  14.01192179   1.        ]
 [ 10.01549821  14.06099837   1.        ]
 [ 11.07223199  14.07091386   1.        ]
 [ 12.09337613  14.00004673   1.        ]
 [ 13.0355694   14.04316377   1.        ]
 [ 14.09896197  14.0394189    1.        ]]
Running basin hopping with paramerters:
PARAMETERS BEGIN

epsilon=3.569597
r0=1.158964
sigma=0.141421
PARAMETERS END


E: -885.2799 accepted 1
E: -929.0448 accepted 1
E: -954.8376 accepted 1
E: -935.2398 accepted 0
E: -947.8594 accepted 0
E: -913.3232 accepted 0
E: -956.1420 accepted 1
E: -960.5395 accepted 1
E: -976.5000 accepted 1
E: -970.5916 accepted 0
E: -972.2838 accepted 0
E: -960.6888 accepted 0
E: -968.0291 accepted 0
E: -959.6285 accepted 0
E: -976.5682 accepted 1
E: -980.8402 accepted 1
E: -932.0574 accepted 0
E: -980.9938 accepted 1
E: -990.6112 accepted 1
E: -969.0796 accepted 0
E: -985.7667 accepted 0
E: -978.4538 accepted 0
E: -961.8918 accepted 0
E: -983.9374 accepted 0
E: -985.4683 accepted 0
Runtime = 4370.557918


