[[  5.01631564   5.03182193   1.        ]
 [  6.08375621   5.06613061   1.        ]
 [  7.06842867   5.03597361   1.        ]
 [  8.06596472   5.0693908    1.        ]
 [  9.08816573   5.00580254   1.        ]
 [ 10.04064385   5.05688373   1.        ]
 [ 11.00568551   5.02873609   1.        ]
 [ 12.09682043   5.09807507   1.        ]
 [ 13.07495401   5.05822281   1.        ]
 [ 14.0559462    5.02857051   1.        ]
 [  5.03924032   6.0428237    1.        ]
 [  6.06185255   6.07347201   1.        ]
 [  7.0657417    6.0103781    1.        ]
 [  8.07980606   6.07766018   1.        ]
 [  9.08639008   6.06896571   1.        ]
 [ 10.04549736   6.06366645   1.        ]
 [ 11.08838727   6.01150588   1.        ]
 [ 12.05433485   6.03323837   1.        ]
 [ 13.01228257   6.08165258   1.        ]
 [ 14.05760712   6.09272257   1.        ]
 [  5.01837572   7.08623375   1.        ]
 [  6.0660799    7.0987131    1.        ]
 [  7.05905228   7.09198534   1.        ]
 [  8.02885355   7.0861968    1.        ]
 [  9.02919688   7.08470035   1.        ]
 [ 10.05689393   7.09549863   1.        ]
 [ 11.02094798   7.0766866    1.        ]
 [ 12.09464896   7.01259699   1.        ]
 [ 13.02111157   7.08143678   1.        ]
 [ 14.09248702   7.05689865   1.        ]
 [  5.05137103   8.08886601   1.        ]
 [  6.03074813   8.09403156   1.        ]
 [  7.05708735   8.09656297   1.        ]
 [  8.05695494   8.02698008   1.        ]
 [  9.09297995   8.03559777   1.        ]
 [ 10.08544949   8.01296034   1.        ]
 [ 11.01001344   8.08662204   1.        ]
 [ 12.00006476   8.0331972    1.        ]
 [ 13.07987779   8.04578749   1.        ]
 [ 14.08626615   8.00461102   1.        ]
 [  5.02912036   9.04408148   1.        ]
 [  6.06337352   9.01087939   1.        ]
 [  7.07414897   9.02807067   1.        ]
 [  8.06495296   9.07954218   1.        ]
 [  9.06463923   9.09774897   1.        ]
 [ 10.03308669   9.00024201   1.        ]
 [ 11.0820115    9.04807993   1.        ]
 [ 12.05830503   9.0825661    1.        ]
 [ 13.07712354   9.05837914   1.        ]
 [ 14.08541583   9.07406087   1.        ]
 [  5.03654109  10.09396108   1.        ]
 [  6.06955227  10.05431372   1.        ]
 [  7.04537129  10.04398412   1.        ]
 [  8.01913184  10.08726448   1.        ]
 [  9.04184464  10.09082729   1.        ]
 [ 10.03572778  10.0140437    1.        ]
 [ 11.08464789  10.08553707   1.        ]
 [ 12.03638217  10.02042096   1.        ]
 [ 13.06033851  10.08380134   1.        ]
 [ 14.07285198  10.08079427   1.        ]
 [  5.09066093  11.00805306   1.        ]
 [  6.05438776  11.02101012   1.        ]
 [  7.06012587  11.00176284   1.        ]
 [  8.03931712  11.09793168   1.        ]
 [  9.08082618  11.07017093   1.        ]
 [ 10.04292804  11.00060697   1.        ]
 [ 11.07546816  11.03996277   1.        ]
 [ 12.02533325  11.00396098   1.        ]
 [ 13.07298173  11.0373074    1.        ]
 [ 14.04711301  11.05177219   1.        ]
 [  5.01387869  12.04327709   1.        ]
 [  6.01789308  12.03395895   1.        ]
 [  7.09719011  12.05653634   1.        ]
 [  8.08427753  12.03175646   1.        ]
 [  9.01154816  12.05474357   1.        ]
 [ 10.01721439  12.02983859   1.        ]
 [ 11.03228706  12.06504756   1.        ]
 [ 12.01545924  12.00734014   1.        ]
 [ 13.07507823  12.03207453   1.        ]
 [ 14.04881436  12.01658823   1.        ]
 [  5.01851121  13.04452781   1.        ]
 [  6.0312214   13.08788005   1.        ]
 [  7.01944065  13.03958177   1.        ]
 [  8.00268641  13.05197808   1.        ]
 [  9.09472984  13.07120448   1.        ]
 [ 10.04338648  13.09750711   1.        ]
 [ 11.03931746  13.00161632   1.        ]
 [ 12.09740014  13.03011472   1.        ]
 [ 13.07492156  13.08095599   1.        ]
 [ 14.07805259  13.02119654   1.        ]
 [  5.051758    14.03597052   1.        ]
 [  6.06509868  14.07479061   1.        ]
 [  7.08949943  14.02363887   1.        ]
 [  8.00973944  14.08750607   1.        ]
 [  9.09450088  14.01809783   1.        ]
 [ 10.0159882   14.03179293   1.        ]
 [ 11.08485006  14.09110493   1.        ]
 [ 12.05254137  14.02490913   1.        ]
 [ 13.06208328  14.04241564   1.        ]
 [ 14.06775267  14.0580665    1.        ]]
Running basin hopping with paramerters:
PARAMETERS BEGIN

epsilon=4.493114
r0=1.218495
sigma=0.141421
PARAMETERS END


E: -988.1196 accepted 1
E: -1066.9065 accepted 1
E: -1132.8688 accepted 1
E: -1135.3412 accepted 1
E: -1150.1477 accepted 1
E: -1134.1977 accepted 0
E: -1158.3229 accepted 1
E: -1164.8215 accepted 1
E: -1164.8215 accepted 1
E: -1155.3145 accepted 0
E: -1160.5545 accepted 0
E: -1164.3025 accepted 1
E: -1180.7742 accepted 1
E: -1165.6283 accepted 0
E: -1153.2494 accepted 0
E: -1191.8917 accepted 1
E: -1160.2343 accepted 0
E: -1174.7971 accepted 0
E: -1173.7697 accepted 0
E: -1142.3899 accepted 0
E: -1207.5145 accepted 1
E: -1201.7941 accepted 0
E: -1217.6741 accepted 1
E: -1174.9040 accepted 0
E: -1212.6698 accepted 0
E: -1187.8440 accepted 0
E: -1199.0163 accepted 0
E: -1204.1701 accepted 0
E: -1217.6742 accepted 1
E: -1212.6532 accepted 0
E: 178719188.3648 accepted 0
E: -1217.6623 accepted 1
E: -1210.5209 accepted 0
E: -1187.2280 accepted 0
E: -1217.6624 accepted 1
Runtime = 3863.367846


