[[  5.04725713   5.01001991   1.        ]
 [  6.07180362   5.02833663   1.        ]
 [  7.04369546   5.04768964   1.        ]
 [  8.08842271   5.09074409   1.        ]
 [  9.03856405   5.00503991   1.        ]
 [ 10.03645044   5.04947782   1.        ]
 [ 11.05748463   5.09192296   1.        ]
 [ 12.02229669   5.09326463   1.        ]
 [ 13.03704957   5.02608593   1.        ]
 [ 14.05907258   5.06199731   1.        ]
 [  5.02174322   6.09906599   1.        ]
 [  6.00978033   6.0864613    1.        ]
 [  7.03266975   6.03644643   1.        ]
 [  8.09371164   6.07338421   1.        ]
 [  9.08530528   6.00499359   1.        ]
 [ 10.04942727   6.06228266   1.        ]
 [ 11.03159449   6.04368688   1.        ]
 [ 12.07178764   6.06384615   1.        ]
 [ 13.05691414   6.04530009   1.        ]
 [ 14.05853666   6.03095606   1.        ]
 [  5.09870257   7.07666191   1.        ]
 [  6.00039467   7.0603155    1.        ]
 [  7.01947982   7.05216227   1.        ]
 [  8.09752388   7.05886043   1.        ]
 [  9.00796194   7.08567535   1.        ]
 [ 10.01787222   7.03649517   1.        ]
 [ 11.07380802   7.08074772   1.        ]
 [ 12.03935013   7.0250911    1.        ]
 [ 13.05099588   7.09993164   1.        ]
 [ 14.0790929    7.02974368   1.        ]
 [  5.07822988   8.01085591   1.        ]
 [  6.05137345   8.00106539   1.        ]
 [  7.05791925   8.06170255   1.        ]
 [  8.03823221   8.0106411    1.        ]
 [  9.04081009   8.01011928   1.        ]
 [ 10.01555784   8.03841741   1.        ]
 [ 11.08959966   8.03009302   1.        ]
 [ 12.04079292   8.05059429   1.        ]
 [ 13.02572792   8.09601269   1.        ]
 [ 14.02198595   8.05398818   1.        ]
 [  5.01920625   9.04578734   1.        ]
 [  6.0533342    9.03561939   1.        ]
 [  7.02624348   9.0882404    1.        ]
 [  8.00521847   9.04097871   1.        ]
 [  9.05426113   9.00501734   1.        ]
 [ 10.09168418   9.02815618   1.        ]
 [ 11.0535366    9.07727072   1.        ]
 [ 12.0625171    9.07693112   1.        ]
 [ 13.04389479   9.01504269   1.        ]
 [ 14.09846028   9.00856445   1.        ]
 [  5.05716059  10.03725974   1.        ]
 [  6.03892344  10.04774195   1.        ]
 [  7.00302948  10.02466995   1.        ]
 [  8.06534704  10.02985262   1.        ]
 [  9.01457457  10.04769858   1.        ]
 [ 10.07682924  10.0467712    1.        ]
 [ 11.09940012  10.06867782   1.        ]
 [ 12.09524097  10.04878519   1.        ]
 [ 13.08925273  10.09636802   1.        ]
 [ 14.00255738  10.02116721   1.        ]
 [  5.07919139  11.01552893   1.        ]
 [  6.08089564  11.06843026   1.        ]
 [  7.01496974  11.07961109   1.        ]
 [  8.06292197  11.0117855    1.        ]
 [  9.02465581  11.04948512   1.        ]
 [ 10.08582241  11.03225842   1.        ]
 [ 11.07782887  11.01113417   1.        ]
 [ 12.09156164  11.00154573   1.        ]
 [ 13.05619684  11.0110938    1.        ]
 [ 14.0626369   11.05466532   1.        ]
 [  5.03147127  12.01599587   1.        ]
 [  6.00215693  12.0940295    1.        ]
 [  7.03224538  12.01513665   1.        ]
 [  8.09906851  12.08266354   1.        ]
 [  9.06343198  12.0407173    1.        ]
 [ 10.0101342   12.03302671   1.        ]
 [ 11.02960624  12.03022517   1.        ]
 [ 12.09704324  12.01403056   1.        ]
 [ 13.0907105   12.0285709    1.        ]
 [ 14.01149905  12.00566307   1.        ]
 [  5.00869735  13.06971963   1.        ]
 [  6.06155942  13.06346928   1.        ]
 [  7.06363592  13.06562658   1.        ]
 [  8.07101494  13.02763282   1.        ]
 [  9.01868496  13.01154701   1.        ]
 [ 10.03406879  13.01501593   1.        ]
 [ 11.08892308  13.05211928   1.        ]
 [ 12.07106455  13.00061693   1.        ]
 [ 13.04997446  13.086317     1.        ]
 [ 14.08551259  13.06336628   1.        ]
 [  5.08113655  14.08583533   1.        ]
 [  6.02897714  14.00210259   1.        ]
 [  7.08527588  14.08671443   1.        ]
 [  8.05933663  14.03359348   1.        ]
 [  9.00158957  14.05589633   1.        ]
 [ 10.01521341  14.00634294   1.        ]
 [ 11.00217868  14.04598014   1.        ]
 [ 12.09189993  14.05703104   1.        ]
 [ 13.03894593  14.05760797   1.        ]
 [ 14.03269311  14.09680785   1.        ]]
Running basin hopping with paramerters:
PARAMETERS BEGIN

epsilon=4.529750
r0=1.278883
sigma=0.141421
PARAMETERS END


E: -1081.3372 accepted 1
E: -1089.6077 accepted 1
E: -1072.7445 accepted 0
E: -1113.3302 accepted 1
E: -1114.3046 accepted 1
E: -1099.6683 accepted 0
E: -1126.9522 accepted 1
E: -1139.5379 accepted 1
E: -1164.6954 accepted 1
E: -1211.6012 accepted 1
E: -1190.3793 accepted 0
E: -1195.9650 accepted 0
E: -1175.7575 accepted 0
E: -1178.9728 accepted 0
E: -1211.6120 accepted 1
E: -1216.5785 accepted 1
E: -1162.2997 accepted 0
E: -1195.5113 accepted 0
E: -1200.9571 accepted 0
E: -1193.7801 accepted 0
E: -1190.2738 accepted 0
E: -1216.5785 accepted 1
E: -1179.7386 accepted 0
E: -1169.3543 accepted 0
E: -1216.5785 accepted 1
E: -1205.9971 accepted 0
E: -1143.7279 accepted 0
E: -1202.8753 accepted 0
Runtime = 4249.335967


