[[  5.08238672   5.07447856   1.        ]
 [  6.06444251   5.02224267   1.        ]
 [  7.0020342    5.09964031   1.        ]
 [  8.03445609   5.03329309   1.        ]
 [  9.03388006   5.01251193   1.        ]
 [ 10.03924917   5.00287054   1.        ]
 [ 11.02508275   5.09122922   1.        ]
 [ 12.09615689   5.07171342   1.        ]
 [ 13.03001223   5.01875908   1.        ]
 [ 14.09470824   5.05878561   1.        ]
 [  5.09960082   6.0385675    1.        ]
 [  6.09311651   6.04015599   1.        ]
 [  7.01491179   6.01819348   1.        ]
 [  8.04011665   6.05881034   1.        ]
 [  9.01786263   6.03180003   1.        ]
 [ 10.06275454   6.03631105   1.        ]
 [ 11.07731834   6.02910528   1.        ]
 [ 12.04199155   6.08470108   1.        ]
 [ 13.03066516   6.08428906   1.        ]
 [ 14.03858882   6.07894013   1.        ]
 [  5.05560221   7.0534053    1.        ]
 [  6.08219812   7.05957981   1.        ]
 [  7.05464853   7.0485261    1.        ]
 [  8.05855745   7.03041146   1.        ]
 [  9.0903834    7.08099273   1.        ]
 [ 10.0957247    7.0696017    1.        ]
 [ 11.08059143   7.05738272   1.        ]
 [ 12.06712246   7.00084312   1.        ]
 [ 13.09356453   7.02781849   1.        ]
 [ 14.02462938   7.05617855   1.        ]
 [  5.01022044   8.07871655   1.        ]
 [  6.03595421   8.01370663   1.        ]
 [  7.00071971   8.06987646   1.        ]
 [  8.06958833   8.04185635   1.        ]
 [  9.01030123   8.07160637   1.        ]
 [ 10.00589561   8.02265386   1.        ]
 [ 11.00432879   8.05209674   1.        ]
 [ 12.05187658   8.09179618   1.        ]
 [ 13.08389294   8.07427885   1.        ]
 [ 14.0049226    8.06792121   1.        ]
 [  5.02079647   9.09165689   1.        ]
 [  6.01261038   9.03129837   1.        ]
 [  7.06691578   9.0288979    1.        ]
 [  8.06301698   9.00438545   1.        ]
 [  9.02467778   9.08617189   1.        ]
 [ 10.00935254   9.03697935   1.        ]
 [ 11.02599632   9.07550189   1.        ]
 [ 12.01525471   9.00070917   1.        ]
 [ 13.08171061   9.02267331   1.        ]
 [ 14.02413417   9.0821008    1.        ]
 [  5.06471964  10.07155405   1.        ]
 [  6.05264535  10.05090865   1.        ]
 [  7.0645714   10.07417785   1.        ]
 [  8.03055346  10.09666114   1.        ]
 [  9.0222309   10.06868564   1.        ]
 [ 10.0121825   10.0377658    1.        ]
 [ 11.04657327  10.02868128   1.        ]
 [ 12.06993616  10.06344887   1.        ]
 [ 13.00360164  10.07687327   1.        ]
 [ 14.04443946  10.01932923   1.        ]
 [  5.07953252  11.02019167   1.        ]
 [  6.00137578  11.05925164   1.        ]
 [  7.0840773   11.08536688   1.        ]
 [  8.08641818  11.03855369   1.        ]
 [  9.08312847  11.00479563   1.        ]
 [ 10.01643971  11.08023685   1.        ]
 [ 11.00832892  11.08099828   1.        ]
 [ 12.0377235   11.04830215   1.        ]
 [ 13.04074359  11.07474221   1.        ]
 [ 14.00092401  11.00416413   1.        ]
 [  5.00099799  12.08174401   1.        ]
 [  6.04997668  12.06285959   1.        ]
 [  7.00531237  12.04146901   1.        ]
 [  8.06849399  12.08468259   1.        ]
 [  9.03651294  12.08317974   1.        ]
 [ 10.09223287  12.08904033   1.        ]
 [ 11.04439363  12.06335914   1.        ]
 [ 12.07798285  12.09532341   1.        ]
 [ 13.03207053  12.02634896   1.        ]
 [ 14.0658925   12.06841341   1.        ]
 [  5.03747558  13.02404116   1.        ]
 [  6.05373284  13.07156889   1.        ]
 [  7.00287712  13.02571322   1.        ]
 [  8.02071027  13.06243317   1.        ]
 [  9.09413092  13.05895129   1.        ]
 [ 10.00436303  13.00983561   1.        ]
 [ 11.07332327  13.00912531   1.        ]
 [ 12.07018062  13.03101537   1.        ]
 [ 13.0264802   13.02946514   1.        ]
 [ 14.08188552  13.00526472   1.        ]
 [  5.03949573  14.09058355   1.        ]
 [  6.02865335  14.02582577   1.        ]
 [  7.07191761  14.00590366   1.        ]
 [  8.03716851  14.03359977   1.        ]
 [  9.07485788  14.08653767   1.        ]
 [ 10.07543071  14.03903223   1.        ]
 [ 11.07254975  14.06752327   1.        ]
 [ 12.02347084  14.02519599   1.        ]
 [ 13.08868849  14.00985382   1.        ]
 [ 14.05080944  14.05531751   1.        ]]
Running basin hopping with paramerters:
PARAMETERS BEGIN

epsilon=3.444609
r0=1.283223
sigma=0.141421
PARAMETERS END


E: -787.4842 accepted 1
E: -780.1008 accepted 0
E: -824.8919 accepted 1
E: -825.5470 accepted 1
E: -849.9367 accepted 1
E: -847.8506 accepted 0
E: -847.3919 accepted 0
E: -838.3199 accepted 0
E: -856.5664 accepted 1
E: -878.1578 accepted 1
E: -879.4745 accepted 1
E: -879.3391 accepted 1
E: -861.5319 accepted 0
E: -881.4044 accepted 1
E: -860.7530 accepted 0
E: -889.6601 accepted 1
E: -887.9709 accepted 0
E: -910.2167 accepted 1
E: -862.5739 accepted 0
E: -878.2056 accepted 0
E: -910.2041 accepted 1
E: -895.7585 accepted 0
E: -905.3844 accepted 0
E: -909.9535 accepted 1
Runtime = 4428.376648


