[[  5.07524202   5.07846889   1.        ]
 [  6.05139561   5.06958658   1.        ]
 [  7.09811465   5.0228889    1.        ]
 [  8.00356566   5.08110092   1.        ]
 [  9.02654665   5.09424223   1.        ]
 [ 10.02158271   5.03804558   1.        ]
 [ 11.01488954   5.01896087   1.        ]
 [ 12.01225975   5.09049215   1.        ]
 [ 13.0730199    5.02322141   1.        ]
 [ 14.08772964   5.07612985   1.        ]
 [  5.03266998   6.0753379    1.        ]
 [  6.0197031    6.07644293   1.        ]
 [  7.07425844   6.02889639   1.        ]
 [  8.08914478   6.08469225   1.        ]
 [  9.06709778   6.09111133   1.        ]
 [ 10.08817388   6.015882     1.        ]
 [ 11.06260648   6.08725665   1.        ]
 [ 12.08260375   6.01507137   1.        ]
 [ 13.07498223   6.08336895   1.        ]
 [ 14.0115701    6.07692856   1.        ]
 [  5.05307211   7.00252232   1.        ]
 [  6.00490069   7.02574535   1.        ]
 [  7.0688752    7.00236861   1.        ]
 [  8.081145     7.05158341   1.        ]
 [  9.0106598    7.07074967   1.        ]
 [ 10.04067382   7.02781544   1.        ]
 [ 11.02558626   7.04495917   1.        ]
 [ 12.01757472   7.02286543   1.        ]
 [ 13.05147992   7.08609087   1.        ]
 [ 14.09417861   7.09735817   1.        ]
 [  5.04534239   8.04005539   1.        ]
 [  6.04194375   8.02241267   1.        ]
 [  7.04004774   8.05402223   1.        ]
 [  8.08472351   8.06670968   1.        ]
 [  9.05688584   8.08873021   1.        ]
 [ 10.0713015    8.06680418   1.        ]
 [ 11.00106254   8.07050886   1.        ]
 [ 12.00268568   8.04968911   1.        ]
 [ 13.07857299   8.05328031   1.        ]
 [ 14.09973292   8.00616162   1.        ]
 [  5.00334518   9.06502208   1.        ]
 [  6.0135206    9.07123052   1.        ]
 [  7.00879022   9.06546752   1.        ]
 [  8.03086349   9.07987469   1.        ]
 [  9.07668467   9.09119076   1.        ]
 [ 10.04617741   9.02637573   1.        ]
 [ 11.01663457   9.0240639    1.        ]
 [ 12.07957691   9.06652955   1.        ]
 [ 13.09230042   9.06842173   1.        ]
 [ 14.03191897   9.05641823   1.        ]
 [  5.03577447  10.05345472   1.        ]
 [  6.04032229  10.08748612   1.        ]
 [  7.01263241  10.08334676   1.        ]
 [  8.08099905  10.03938735   1.        ]
 [  9.08959927  10.05455641   1.        ]
 [ 10.06706191  10.04534353   1.        ]
 [ 11.00201727  10.06556755   1.        ]
 [ 12.02529833  10.02217059   1.        ]
 [ 13.05455001  10.0380413    1.        ]
 [ 14.03484026  10.00642912   1.        ]
 [  5.02002626  11.01418665   1.        ]
 [  6.05311512  11.08319495   1.        ]
 [  7.02667397  11.09119898   1.        ]
 [  8.03779304  11.03105727   1.        ]
 [  9.05961228  11.08307013   1.        ]
 [ 10.03581119  11.00187345   1.        ]
 [ 11.07571505  11.07050793   1.        ]
 [ 12.03579622  11.04028413   1.        ]
 [ 13.08491573  11.0558542    1.        ]
 [ 14.00174483  11.01232253   1.        ]
 [  5.08476238  12.08102238   1.        ]
 [  6.08095153  12.08558486   1.        ]
 [  7.05336769  12.03513295   1.        ]
 [  8.06678605  12.00292523   1.        ]
 [  9.0971322   12.01688985   1.        ]
 [ 10.00955981  12.0216259    1.        ]
 [ 11.03085517  12.0946212    1.        ]
 [ 12.05840823  12.08136242   1.        ]
 [ 13.01498298  12.06680089   1.        ]
 [ 14.00095389  12.00314326   1.        ]
 [  5.09544162  13.05661128   1.        ]
 [  6.01801481  13.08040085   1.        ]
 [  7.04425191  13.05916391   1.        ]
 [  8.07940281  13.06249889   1.        ]
 [  9.02658682  13.07806738   1.        ]
 [ 10.02859566  13.03978939   1.        ]
 [ 11.0461355   13.07768308   1.        ]
 [ 12.00869499  13.05268156   1.        ]
 [ 13.01958596  13.09113817   1.        ]
 [ 14.01561703  13.05131515   1.        ]
 [  5.00552158  14.0186647    1.        ]
 [  6.03482525  14.0627142    1.        ]
 [  7.03073906  14.06350461   1.        ]
 [  8.00096427  14.0866088    1.        ]
 [  9.07920534  14.03284024   1.        ]
 [ 10.00088791  14.03335057   1.        ]
 [ 11.00317652  14.01767069   1.        ]
 [ 12.09871542  14.08978205   1.        ]
 [ 13.07258775  14.00207971   1.        ]
 [ 14.07362783  14.08529012   1.        ]]
Running basin hopping with paramerters:
PARAMETERS BEGIN

epsilon=1.276028
r0=1.384033
sigma=0.141421
PARAMETERS END


E: -344.8341 accepted 1
E: -350.4707 accepted 1
E: -360.5208 accepted 1
E: -358.1519 accepted 0
E: -364.3580 accepted 1
E: -362.6527 accepted 0
E: -364.6621 accepted 1
E: -374.6247 accepted 1
E: -376.9501 accepted 1
E: -384.0295 accepted 1
E: -383.2397 accepted 1
E: -390.8960 accepted 1
E: -391.2738 accepted 1
E: -386.5256 accepted 0
E: -389.3209 accepted 0
E: -385.0458 accepted 0
E: -398.7977 accepted 1
E: -388.5286 accepted 0
E: -389.5854 accepted 0
E: -399.7838 accepted 1
E: -378.0463 accepted 0
E: -385.0378 accepted 0
E: -384.2236 accepted 0
E: -389.2010 accepted 0
E: -384.8264 accepted 0
E: -404.9562 accepted 1
E: -395.3285 accepted 0
E: -401.1290 accepted 0
E: -395.5501 accepted 0
E: -388.5689 accepted 0
E: -392.0682 accepted 0
E: -394.1589 accepted 0
Runtime = 4788.062880


