[[  5.076211     5.03156268   1.        ]
 [  6.06618897   5.01099052   1.        ]
 [  7.03996274   5.03614801   1.        ]
 [  8.00961051   5.07247583   1.        ]
 [  9.05102243   5.0575525    1.        ]
 [ 10.09932173   5.02141402   1.        ]
 [ 11.09519056   5.01535064   1.        ]
 [ 12.00618523   5.0667507    1.        ]
 [ 13.06803029   5.03226827   1.        ]
 [ 14.04765252   5.05725308   1.        ]
 [  5.05885767   6.02063602   1.        ]
 [  6.02760582   6.05453138   1.        ]
 [  7.08371783   6.04604228   1.        ]
 [  8.08339853   6.07382132   1.        ]
 [  9.08461476   6.05240041   1.        ]
 [ 10.05006053   6.04773665   1.        ]
 [ 11.0139378    6.06935126   1.        ]
 [ 12.09736623   6.02948903   1.        ]
 [ 13.06042383   6.05057547   1.        ]
 [ 14.07733402   6.04726078   1.        ]
 [  5.04043697   7.08156733   1.        ]
 [  6.00765185   7.04406396   1.        ]
 [  7.05643429   7.0588679    1.        ]
 [  8.05989212   7.0678632    1.        ]
 [  9.03928552   7.00081442   1.        ]
 [ 10.04513499   7.02454963   1.        ]
 [ 11.07737884   7.03707764   1.        ]
 [ 12.08137233   7.04937693   1.        ]
 [ 13.08287318   7.05663276   1.        ]
 [ 14.07226225   7.09713983   1.        ]
 [  5.03780558   8.06080097   1.        ]
 [  6.04839219   8.01357894   1.        ]
 [  7.0138572    8.02447666   1.        ]
 [  8.00047687   8.00253342   1.        ]
 [  9.04713411   8.00719978   1.        ]
 [ 10.09520288   8.03339921   1.        ]
 [ 11.07623931   8.02118437   1.        ]
 [ 12.02290578   8.0073007    1.        ]
 [ 13.03250596   8.08312782   1.        ]
 [ 14.09993306   8.08310115   1.        ]
 [  5.06812368   9.02090778   1.        ]
 [  6.00843019   9.00891787   1.        ]
 [  7.08667464   9.08108578   1.        ]
 [  8.05599095   9.0048987    1.        ]
 [  9.05044236   9.0389088    1.        ]
 [ 10.09390389   9.01245885   1.        ]
 [ 11.06186533   9.07561964   1.        ]
 [ 12.06526144   9.05469646   1.        ]
 [ 13.07153938   9.05378679   1.        ]
 [ 14.01317123   9.09892408   1.        ]
 [  5.08836934  10.06312384   1.        ]
 [  6.01832267  10.04490946   1.        ]
 [  7.06733246  10.00978917   1.        ]
 [  8.01979577  10.07430098   1.        ]
 [  9.09785016  10.02477585   1.        ]
 [ 10.04058316  10.06378884   1.        ]
 [ 11.03680079  10.04044563   1.        ]
 [ 12.04660103  10.05136865   1.        ]
 [ 13.04771479  10.08043984   1.        ]
 [ 14.02219837  10.05068857   1.        ]
 [  5.07079507  11.07203421   1.        ]
 [  6.04895711  11.09770212   1.        ]
 [  7.07483531  11.00117528   1.        ]
 [  8.0814539   11.01947802   1.        ]
 [  9.06603565  11.0329396    1.        ]
 [ 10.04951366  11.03230631   1.        ]
 [ 11.06265606  11.03662433   1.        ]
 [ 12.06822064  11.09357815   1.        ]
 [ 13.09642797  11.07021066   1.        ]
 [ 14.09701141  11.06830111   1.        ]
 [  5.00943321  12.03032132   1.        ]
 [  6.00677749  12.0618885    1.        ]
 [  7.00182509  12.06994031   1.        ]
 [  8.07116177  12.02616701   1.        ]
 [  9.00187243  12.03947974   1.        ]
 [ 10.04904252  12.08142919   1.        ]
 [ 11.0465882   12.05513995   1.        ]
 [ 12.06500681  12.04638677   1.        ]
 [ 13.03300833  12.07944345   1.        ]
 [ 14.08514477  12.07865841   1.        ]
 [  5.0261061   13.06121319   1.        ]
 [  6.06560347  13.04034804   1.        ]
 [  7.04805485  13.0293349    1.        ]
 [  8.01535684  13.0955166    1.        ]
 [  9.06420343  13.04882743   1.        ]
 [ 10.04842582  13.04506935   1.        ]
 [ 11.01793043  13.08017416   1.        ]
 [ 12.03807057  13.05215228   1.        ]
 [ 13.01524221  13.06339851   1.        ]
 [ 14.02662713  13.00633544   1.        ]
 [  5.07243282  14.08749022   1.        ]
 [  6.07289761  14.00748732   1.        ]
 [  7.08744735  14.01713811   1.        ]
 [  8.03253281  14.08589194   1.        ]
 [  9.09593987  14.08009141   1.        ]
 [ 10.09860311  14.04844008   1.        ]
 [ 11.06311325  14.06151073   1.        ]
 [ 12.05262815  14.03048063   1.        ]
 [ 13.06066886  14.0273027    1.        ]
 [ 14.02008895  14.06922744   1.        ]]
Running basin hopping with paramerters:
PARAMETERS BEGIN

epsilon=0.738563
r0=1.360308
sigma=0.141421
PARAMETERS END


E: -304.0365 accepted 1
E: -320.9195 accepted 1
E: -323.0448 accepted 1
E: -323.0325 accepted 0
E: -330.8912 accepted 1
E: -324.7804 accepted 0
E: -310.5286 accepted 0
E: -316.7853 accepted 0
E: -319.5020 accepted 0
E: -321.1125 accepted 0
E: -313.6241 accepted 0
Runtime = 2800.429722


