[[  5.06047158   5.04051581   1.        ]
 [  6.02196701   5.02417209   1.        ]
 [  7.05118534   5.04858144   1.        ]
 [  8.00079919   5.04805731   1.        ]
 [  9.01659055   5.08169981   1.        ]
 [ 10.02125782   5.09348118   1.        ]
 [ 11.01974665   5.00990699   1.        ]
 [ 12.01570974   5.08918669   1.        ]
 [ 13.01856231   5.09981302   1.        ]
 [ 14.01634316   5.07604468   1.        ]
 [  5.08209824   6.09658066   1.        ]
 [  6.0088352    6.00756629   1.        ]
 [  7.04757348   6.01422155   1.        ]
 [  8.05283824   6.04380605   1.        ]
 [  9.06302      6.0759248    1.        ]
 [ 10.01753792   6.03747452   1.        ]
 [ 11.08913265   6.08764137   1.        ]
 [ 12.02562184   6.08138928   1.        ]
 [ 13.07748588   6.02084488   1.        ]
 [ 14.01884022   6.01089135   1.        ]
 [  5.02332528   7.00012211   1.        ]
 [  6.02086731   7.05647565   1.        ]
 [  7.05812887   7.01313424   1.        ]
 [  8.06562923   7.08490144   1.        ]
 [  9.09761974   7.0257145    1.        ]
 [ 10.05467479   7.02318005   1.        ]
 [ 11.0779203    7.02884276   1.        ]
 [ 12.05431994   7.04967373   1.        ]
 [ 13.06046317   7.01755653   1.        ]
 [ 14.00691491   7.06154067   1.        ]
 [  5.03535893   8.09948565   1.        ]
 [  6.07695301   8.05681425   1.        ]
 [  7.04178613   8.06719193   1.        ]
 [  8.07914345   8.08736071   1.        ]
 [  9.00510358   8.05285496   1.        ]
 [ 10.08701584   8.09671693   1.        ]
 [ 11.05602229   8.02281274   1.        ]
 [ 12.00755928   8.04560183   1.        ]
 [ 13.05119717   8.09768993   1.        ]
 [ 14.06362413   8.02086319   1.        ]
 [  5.05879655   9.07439333   1.        ]
 [  6.06350201   9.00909075   1.        ]
 [  7.03809559   9.09425668   1.        ]
 [  8.04962148   9.01268787   1.        ]
 [  9.04117533   9.03489944   1.        ]
 [ 10.09522428   9.02292646   1.        ]
 [ 11.04420363   9.00721904   1.        ]
 [ 12.0800249    9.04709653   1.        ]
 [ 13.03734963   9.08199792   1.        ]
 [ 14.08108537   9.02077247   1.        ]
 [  5.0553405   10.04879378   1.        ]
 [  6.03826854  10.01337082   1.        ]
 [  7.01974917  10.05662017   1.        ]
 [  8.07341262  10.02698224   1.        ]
 [  9.00936485  10.07218931   1.        ]
 [ 10.08124068  10.01122625   1.        ]
 [ 11.0815397   10.01754622   1.        ]
 [ 12.00711756  10.07214857   1.        ]
 [ 13.09668854  10.01707125   1.        ]
 [ 14.01244755  10.01693659   1.        ]
 [  5.05471445  11.06918731   1.        ]
 [  6.06561682  11.02520673   1.        ]
 [  7.07251739  11.00838744   1.        ]
 [  8.05489273  11.0840473    1.        ]
 [  9.06720875  11.08398602   1.        ]
 [ 10.08233111  11.08530767   1.        ]
 [ 11.08462995  11.00986137   1.        ]
 [ 12.09093788  11.09319651   1.        ]
 [ 13.01369869  11.08253597   1.        ]
 [ 14.00439197  11.09511804   1.        ]
 [  5.03374781  12.05169079   1.        ]
 [  6.09322052  12.05883408   1.        ]
 [  7.07609447  12.03291231   1.        ]
 [  8.09539205  12.07147043   1.        ]
 [  9.03315172  12.05153372   1.        ]
 [ 10.01871464  12.00026224   1.        ]
 [ 11.01775342  12.04278382   1.        ]
 [ 12.02884734  12.02763887   1.        ]
 [ 13.04970856  12.08768844   1.        ]
 [ 14.01534448  12.01964193   1.        ]
 [  5.06742294  13.03635659   1.        ]
 [  6.06659697  13.02579342   1.        ]
 [  7.02767522  13.07865417   1.        ]
 [  8.04930564  13.00145801   1.        ]
 [  9.01852219  13.01718932   1.        ]
 [ 10.01051827  13.01139689   1.        ]
 [ 11.06233987  13.00985297   1.        ]
 [ 12.03042609  13.05357078   1.        ]
 [ 13.03035738  13.09141711   1.        ]
 [ 14.04366535  13.01732591   1.        ]
 [  5.08231503  14.08473271   1.        ]
 [  6.0124171   14.00799502   1.        ]
 [  7.0855891   14.01539664   1.        ]
 [  8.03218991  14.0112215    1.        ]
 [  9.01509695  14.05329142   1.        ]
 [ 10.07490534  14.08290781   1.        ]
 [ 11.04586677  14.00036298   1.        ]
 [ 12.06230316  14.08606751   1.        ]
 [ 13.05486079  14.00341035   1.        ]
 [ 14.06624928  14.04822256   1.        ]]
Running basin hopping with paramerters:
PARAMETERS BEGIN

epsilon=3.222205
r0=1.246963
sigma=0.141421
PARAMETERS END


E: -792.2076 accepted 1
E: -792.4136 accepted 1
E: -854.2707 accepted 1
E: -845.9750 accepted 0
E: -852.0824 accepted 0
E: -858.0920 accepted 1
E: -872.6058 accepted 1
E: -855.4134 accepted 0
E: -857.5351 accepted 0
E: -870.1260 accepted 0
E: -891.5271 accepted 1
E: -878.4488 accepted 0
E: -915.8616 accepted 1
E: -923.3103 accepted 1
E: -907.8150 accepted 0
E: -934.7309 accepted 1
E: -930.9906 accepted 0
E: -897.5754 accepted 0
E: -923.6386 accepted 0
E: -910.5899 accepted 0
E: -914.0686 accepted 0
E: -925.0615 accepted 0
Runtime = 3456.595276


