[[  5.03378904   5.01943495   1.        ]
 [  6.04271912   5.07644613   1.        ]
 [  7.04173448   5.07293959   1.        ]
 [  8.08759265   5.03429513   1.        ]
 [  9.08236464   5.09703513   1.        ]
 [ 10.0628705    5.08769902   1.        ]
 [ 11.09946644   5.06509331   1.        ]
 [ 12.02414994   5.06653168   1.        ]
 [ 13.0038059    5.06024424   1.        ]
 [ 14.00120453   5.08893149   1.        ]
 [  5.0235689    6.08979294   1.        ]
 [  6.03903054   6.00770552   1.        ]
 [  7.06350933   6.00083525   1.        ]
 [  8.03711613   6.02584776   1.        ]
 [  9.01496053   6.09821592   1.        ]
 [ 10.09120961   6.03702626   1.        ]
 [ 11.00348397   6.03037833   1.        ]
 [ 12.00316384   6.07472764   1.        ]
 [ 13.02714439   6.05402154   1.        ]
 [ 14.03081214   6.01317255   1.        ]
 [  5.0733021    7.05287361   1.        ]
 [  6.02611306   7.09723254   1.        ]
 [  7.06872042   7.02872154   1.        ]
 [  8.02844646   7.07205265   1.        ]
 [  9.06643331   7.05456895   1.        ]
 [ 10.02097924   7.00768825   1.        ]
 [ 11.00657118   7.02488765   1.        ]
 [ 12.09895364   7.02698166   1.        ]
 [ 13.08973464   7.00408325   1.        ]
 [ 14.08743168   7.09063399   1.        ]
 [  5.09421143   8.09619839   1.        ]
 [  6.03488625   8.02497568   1.        ]
 [  7.02242587   8.00354977   1.        ]
 [  8.08084951   8.02533375   1.        ]
 [  9.06983215   8.0797917    1.        ]
 [ 10.08256529   8.01317101   1.        ]
 [ 11.09152789   8.06474902   1.        ]
 [ 12.06228314   8.07823118   1.        ]
 [ 13.04462949   8.08807894   1.        ]
 [ 14.06736894   8.01067682   1.        ]
 [  5.08173247   9.04920459   1.        ]
 [  6.0143494    9.02016133   1.        ]
 [  7.00015017   9.02639918   1.        ]
 [  8.05450628   9.00865577   1.        ]
 [  9.08429105   9.05571696   1.        ]
 [ 10.08380139   9.09131286   1.        ]
 [ 11.02763808   9.0456159    1.        ]
 [ 12.04213047   9.08477021   1.        ]
 [ 13.03366957   9.05542545   1.        ]
 [ 14.06011466   9.02839473   1.        ]
 [  5.06519971  10.02276313   1.        ]
 [  6.08186109  10.08255958   1.        ]
 [  7.0519223   10.02981557   1.        ]
 [  8.00841595  10.09932128   1.        ]
 [  9.04046182  10.03131119   1.        ]
 [ 10.02366645  10.08895018   1.        ]
 [ 11.09496124  10.01620672   1.        ]
 [ 12.0653865   10.06976895   1.        ]
 [ 13.03023535  10.05443901   1.        ]
 [ 14.01351324  10.09341318   1.        ]
 [  5.06693053  11.00860694   1.        ]
 [  6.03909963  11.07595298   1.        ]
 [  7.00442037  11.07932754   1.        ]
 [  8.09200214  11.0180446    1.        ]
 [  9.07424668  11.08445842   1.        ]
 [ 10.06935482  11.00426863   1.        ]
 [ 11.08999388  11.01179083   1.        ]
 [ 12.08683876  11.04182439   1.        ]
 [ 13.0296282   11.04635824   1.        ]
 [ 14.0682958   11.01227114   1.        ]
 [  5.06794306  12.08954569   1.        ]
 [  6.09240636  12.09578384   1.        ]
 [  7.04993973  12.02791677   1.        ]
 [  8.05620388  12.00661128   1.        ]
 [  9.01497511  12.09722916   1.        ]
 [ 10.02040112  12.06829925   1.        ]
 [ 11.05278857  12.05384736   1.        ]
 [ 12.09007374  12.07678038   1.        ]
 [ 13.05743421  12.06170437   1.        ]
 [ 14.04376794  12.02270844   1.        ]
 [  5.03814653  13.07138872   1.        ]
 [  6.0412532   13.02682742   1.        ]
 [  7.05853355  13.00599938   1.        ]
 [  8.07193788  13.08881282   1.        ]
 [  9.03889882  13.00816281   1.        ]
 [ 10.05753242  13.08504029   1.        ]
 [ 11.09756531  13.04381713   1.        ]
 [ 12.05140617  13.06470045   1.        ]
 [ 13.06287691  13.00316842   1.        ]
 [ 14.06297125  13.04147468   1.        ]
 [  5.04411     14.01994956   1.        ]
 [  6.05528486  14.04158513   1.        ]
 [  7.06777054  14.09413484   1.        ]
 [  8.09032367  14.05184406   1.        ]
 [  9.03999679  14.08563848   1.        ]
 [ 10.06743463  14.01631735   1.        ]
 [ 11.07667648  14.0780695    1.        ]
 [ 12.04828505  14.03189732   1.        ]
 [ 13.01284829  14.06652914   1.        ]
 [ 14.02023639  14.04015672   1.        ]]
Running basin hopping with paramerters:
PARAMETERS BEGIN

epsilon=0.719884
r0=1.387724
sigma=0.141421
PARAMETERS END


E: -300.8283 accepted 1
E: -307.1542 accepted 1
E: -312.6326 accepted 1
E: -312.2651 accepted 0
E: -318.9717 accepted 1
E: -321.8629 accepted 1
E: -321.3212 accepted 1
E: -326.8603 accepted 1
E: -322.3929 accepted 0
E: -327.1473 accepted 1
E: -319.9888 accepted 0
E: -334.0678 accepted 1
E: -329.8815 accepted 0
E: -335.3909 accepted 1
E: -315.7973 accepted 0
E: -323.5342 accepted 0
E: -318.0948 accepted 0
E: -329.1937 accepted 0
E: -324.9951 accepted 0
E: -319.3511 accepted 0
Runtime = 3222.905413


