[[  5.03587396   5.04596953   1.        ]
 [  6.02654249   5.00903173   1.        ]
 [  7.02438913   5.03387682   1.        ]
 [  8.09611064   5.06740461   1.        ]
 [  9.01288491   5.00952467   1.        ]
 [ 10.0047695    5.06281355   1.        ]
 [ 11.01232406   5.02767043   1.        ]
 [ 12.07725472   5.00028201   1.        ]
 [ 13.0026394    5.05974509   1.        ]
 [ 14.09985464   5.03770272   1.        ]
 [  5.02928172   6.06857566   1.        ]
 [  6.02412262   6.03260781   1.        ]
 [  7.05683487   6.00100578   1.        ]
 [  8.0935803    6.0484146    1.        ]
 [  9.0462023    6.03164375   1.        ]
 [ 10.03025655   6.06433653   1.        ]
 [ 11.04774815   6.06142515   1.        ]
 [ 12.09627842   6.06412623   1.        ]
 [ 13.00010399   6.09620272   1.        ]
 [ 14.05724937   6.07585895   1.        ]
 [  5.01829276   7.05686081   1.        ]
 [  6.08394641   7.01714224   1.        ]
 [  7.06781029   7.00865259   1.        ]
 [  8.0186018    7.03197182   1.        ]
 [  9.01267631   7.05174351   1.        ]
 [ 10.03708659   7.04787349   1.        ]
 [ 11.06280095   7.09441331   1.        ]
 [ 12.00642644   7.07751352   1.        ]
 [ 13.07816037   7.07768342   1.        ]
 [ 14.02011648   7.02916312   1.        ]
 [  5.0097565    8.01207064   1.        ]
 [  6.03140388   8.00742219   1.        ]
 [  7.08035414   8.04948245   1.        ]
 [  8.06252433   8.02424142   1.        ]
 [  9.05316027   8.05191786   1.        ]
 [ 10.01810728   8.07236665   1.        ]
 [ 11.05291367   8.01903219   1.        ]
 [ 12.00174364   8.07299972   1.        ]
 [ 13.08019559   8.04712172   1.        ]
 [ 14.05388133   8.09392345   1.        ]
 [  5.04527341   9.05302458   1.        ]
 [  6.04036199   9.05627131   1.        ]
 [  7.06326375   9.02965351   1.        ]
 [  8.07766264   9.03302132   1.        ]
 [  9.09655322   9.02696046   1.        ]
 [ 10.06158106   9.03818049   1.        ]
 [ 11.07167849   9.01163759   1.        ]
 [ 12.08084596   9.04999657   1.        ]
 [ 13.06167278   9.03953848   1.        ]
 [ 14.0968381    9.03181806   1.        ]
 [  5.09364044  10.04496086   1.        ]
 [  6.06991248  10.06275375   1.        ]
 [  7.09779235  10.03122068   1.        ]
 [  8.01444941  10.05789509   1.        ]
 [  9.06078414  10.08221117   1.        ]
 [ 10.05253119  10.06096994   1.        ]
 [ 11.02381459  10.08595805   1.        ]
 [ 12.00224358  10.07514318   1.        ]
 [ 13.00805315  10.09436802   1.        ]
 [ 14.02336468  10.08668352   1.        ]
 [  5.07687387  11.04233601   1.        ]
 [  6.00093845  11.05899963   1.        ]
 [  7.08287737  11.07632882   1.        ]
 [  8.0420752   11.07999483   1.        ]
 [  9.0741736   11.05961129   1.        ]
 [ 10.05147658  11.06776592   1.        ]
 [ 11.04037336  11.0194171    1.        ]
 [ 12.06148887  11.06643016   1.        ]
 [ 13.03525619  11.01211174   1.        ]
 [ 14.01651969  11.02477839   1.        ]
 [  5.04120418  12.09809278   1.        ]
 [  6.04864971  12.06904379   1.        ]
 [  7.06333548  12.06776498   1.        ]
 [  8.09173683  12.09879124   1.        ]
 [  9.07240351  12.02198407   1.        ]
 [ 10.06289431  12.00663384   1.        ]
 [ 11.01163506  12.00452474   1.        ]
 [ 12.04903921  12.05477673   1.        ]
 [ 13.02581972  12.09017407   1.        ]
 [ 14.09036316  12.09202527   1.        ]
 [  5.02110663  13.02382842   1.        ]
 [  6.07635402  13.00524319   1.        ]
 [  7.0406256   13.04695264   1.        ]
 [  8.03254353  13.00363277   1.        ]
 [  9.07402925  13.00773337   1.        ]
 [ 10.06007666  13.02923811   1.        ]
 [ 11.00823611  13.02261806   1.        ]
 [ 12.02018174  13.09144535   1.        ]
 [ 13.03573466  13.0215002    1.        ]
 [ 14.00248679  13.00914268   1.        ]
 [  5.07095526  14.04211184   1.        ]
 [  6.03072523  14.09322395   1.        ]
 [  7.04385227  14.07214019   1.        ]
 [  8.04110393  14.03685358   1.        ]
 [  9.03826511  14.06201938   1.        ]
 [ 10.02785421  14.01472702   1.        ]
 [ 11.08130772  14.09146666   1.        ]
 [ 12.03936513  14.03779701   1.        ]
 [ 13.07126614  14.04732161   1.        ]
 [ 14.04764558  14.09551097   1.        ]]
Running basin hopping with paramerters:
PARAMETERS BEGIN

epsilon=0.977035
r0=1.385799
sigma=0.141421
PARAMETERS END


E: -328.1345 accepted 1
E: -321.5069 accepted 0
E: 292414220.9506 accepted 0
E: -331.8596 accepted 1
E: -336.5100 accepted 1
E: -331.7256 accepted 0
E: -330.3761 accepted 0
E: -335.0659 accepted 0
E: -337.7086 accepted 1
E: -336.4736 accepted 0
E: -334.6155 accepted 0
E: -332.0942 accepted 0
E: -332.3626 accepted 0
E: -340.2110 accepted 1
E: -342.6204 accepted 1
E: -332.5624 accepted 0
E: -334.9295 accepted 0
E: -342.0755 accepted 0
E: -338.1807 accepted 0
E: -341.9437 accepted 1
E: -345.2054 accepted 1
E: -340.5708 accepted 0
E: -344.3214 accepted 0
E: -359.8276 accepted 1
E: -346.4329 accepted 0
E: 615141652.5188 accepted 0
E: -353.8158 accepted 0
E: -353.4058 accepted 0
E: -360.5277 accepted 1
E: -359.2636 accepted 0
E: -362.1000 accepted 1
E: -365.2194 accepted 1
E: -352.3747 accepted 0
E: -357.4299 accepted 0
E: -360.1584 accepted 0
E: -364.2438 accepted 0
E: -359.2269 accepted 0
E: -359.1503 accepted 0
Runtime = 6754.744490


