[[  5.01504355   5.02471018   1.        ]
 [  6.08718641   5.04202823   1.        ]
 [  7.00779235   5.09061811   1.        ]
 [  8.05361362   5.03348408   1.        ]
 [  9.00023718   5.02004503   1.        ]
 [ 10.09260217   5.04617532   1.        ]
 [ 11.01137369   5.00488487   1.        ]
 [ 12.09475317   5.032417     1.        ]
 [ 13.03768431   5.05134958   1.        ]
 [ 14.0165611    5.0346181    1.        ]
 [  5.04296544   6.01911816   1.        ]
 [  6.01452792   6.00110381   1.        ]
 [  7.06086467   6.02815879   1.        ]
 [  8.02194164   6.01532611   1.        ]
 [  9.09288023   6.00829348   1.        ]
 [ 10.08475279   6.07136754   1.        ]
 [ 11.0274027    6.02530802   1.        ]
 [ 12.02383199   6.05789917   1.        ]
 [ 13.0838789    6.06205682   1.        ]
 [ 14.09283912   6.07180092   1.        ]
 [  5.03202975   7.09390617   1.        ]
 [  6.06622533   7.05417102   1.        ]
 [  7.07343683   7.0475335    1.        ]
 [  8.0580111    7.02196095   1.        ]
 [  9.07993365   7.04315449   1.        ]
 [ 10.08891534   7.09663581   1.        ]
 [ 11.05631283   7.07655276   1.        ]
 [ 12.03048151   7.02342169   1.        ]
 [ 13.04749748   7.01931761   1.        ]
 [ 14.02368234   7.05502487   1.        ]
 [  5.0504361    8.07617981   1.        ]
 [  6.01258926   8.03375464   1.        ]
 [  7.09242505   8.08889436   1.        ]
 [  8.00168805   8.07614312   1.        ]
 [  9.03508898   8.061677     1.        ]
 [ 10.02075703   8.07369479   1.        ]
 [ 11.02159835   8.04158784   1.        ]
 [ 12.06678677   8.05731848   1.        ]
 [ 13.06438671   8.06521223   1.        ]
 [ 14.09995148   8.0991143    1.        ]
 [  5.03220463   9.07111643   1.        ]
 [  6.08383726   9.08724603   1.        ]
 [  7.02519709   9.07924618   1.        ]
 [  8.06787453   9.00623477   1.        ]
 [  9.08007095   9.07834927   1.        ]
 [ 10.08698182   9.02345959   1.        ]
 [ 11.07429177   9.07829258   1.        ]
 [ 12.05704578   9.07188554   1.        ]
 [ 13.03523138   9.034044     1.        ]
 [ 14.04574803   9.01733838   1.        ]
 [  5.01805138  10.05593318   1.        ]
 [  6.04240217  10.0581903    1.        ]
 [  7.03460673  10.01745978   1.        ]
 [  8.06990338  10.01177526   1.        ]
 [  9.0694819   10.09698647   1.        ]
 [ 10.03089632  10.06804363   1.        ]
 [ 11.05159105  10.03962918   1.        ]
 [ 12.04685552  10.0276341    1.        ]
 [ 13.02813848  10.00453926   1.        ]
 [ 14.09622584  10.0506984    1.        ]
 [  5.08597457  11.05394375   1.        ]
 [  6.09138433  11.04325028   1.        ]
 [  7.02922241  11.07233591   1.        ]
 [  8.06156463  11.02662538   1.        ]
 [  9.03713359  11.0835489    1.        ]
 [ 10.05328109  11.03408876   1.        ]
 [ 11.00349865  11.07661337   1.        ]
 [ 12.05204104  11.0355048    1.        ]
 [ 13.06013755  11.08084799   1.        ]
 [ 14.0615862   11.01169927   1.        ]
 [  5.06913476  12.05894504   1.        ]
 [  6.05374858  12.09983263   1.        ]
 [  7.03552352  12.06435202   1.        ]
 [  8.00904943  12.03749688   1.        ]
 [  9.07722141  12.01779982   1.        ]
 [ 10.00399648  12.09248775   1.        ]
 [ 11.0898298   12.0851474    1.        ]
 [ 12.05584136  12.08423866   1.        ]
 [ 13.08048366  12.02525643   1.        ]
 [ 14.08783763  12.0883872    1.        ]
 [  5.03589804  13.05748018   1.        ]
 [  6.00067316  13.08649228   1.        ]
 [  7.00268574  13.06558781   1.        ]
 [  8.09904737  13.0823687    1.        ]
 [  9.02400732  13.02150698   1.        ]
 [ 10.05638192  13.01957474   1.        ]
 [ 11.09271498  13.06280513   1.        ]
 [ 12.071899    13.00102356   1.        ]
 [ 13.06238569  13.00197768   1.        ]
 [ 14.05549946  13.04210686   1.        ]
 [  5.08908735  14.06702658   1.        ]
 [  6.01045     14.05734334   1.        ]
 [  7.088349    14.05751921   1.        ]
 [  8.07239177  14.06475072   1.        ]
 [  9.0499118   14.06440349   1.        ]
 [ 10.08673393  14.0315406    1.        ]
 [ 11.03603365  14.09053608   1.        ]
 [ 12.08967583  14.05528991   1.        ]
 [ 13.06940783  14.06574181   1.        ]
 [ 14.03560507  14.09608637   1.        ]]
Running basin hopping with paramerters:
PARAMETERS BEGIN

epsilon=0.950182
r0=1.441542
sigma=0.141421
PARAMETERS END


E: -300.4828 accepted 1
E: -315.2785 accepted 1
E: -323.6441 accepted 1
E: -320.0049 accepted 0
E: -314.7782 accepted 0
E: -323.3353 accepted 1
E: -321.7514 accepted 0
E: -326.3554 accepted 1
E: -318.6307 accepted 0
E: -321.8644 accepted 1
E: -325.1664 accepted 1
E: -323.2987 accepted 0
E: -330.9354 accepted 1
E: -326.9878 accepted 0
E: -318.9938 accepted 0
E: -318.6125 accepted 0
E: -323.8970 accepted 0
E: -327.6761 accepted 0
E: -319.4923 accepted 0
Runtime = 3332.574731


