[[  5.0378281    5.02761077   1.        ]
 [  6.05696899   5.0573656    1.        ]
 [  7.08435827   5.02119801   1.        ]
 [  8.02987443   5.06848581   1.        ]
 [  9.06335898   5.05947461   1.        ]
 [ 10.09285659   5.07345983   1.        ]
 [ 11.09137921   5.08863732   1.        ]
 [ 12.09533143   5.01963616   1.        ]
 [ 13.00805373   5.0477956    1.        ]
 [ 14.07827741   5.01203857   1.        ]
 [  5.05718433   6.02667651   1.        ]
 [  6.07114795   6.0423807    1.        ]
 [  7.09191346   6.09608528   1.        ]
 [  8.01269711   6.02742685   1.        ]
 [  9.03859884   6.04060876   1.        ]
 [ 10.09955387   6.05524487   1.        ]
 [ 11.00979477   6.03068197   1.        ]
 [ 12.09229244   6.08058028   1.        ]
 [ 13.00606429   6.07442059   1.        ]
 [ 14.09820739   6.00709834   1.        ]
 [  5.00198902   7.06384742   1.        ]
 [  6.05667542   7.09686867   1.        ]
 [  7.07106706   7.02811757   1.        ]
 [  8.0251075    7.05962812   1.        ]
 [  9.06393481   7.06467301   1.        ]
 [ 10.04110466   7.04426307   1.        ]
 [ 11.05326213   7.06866109   1.        ]
 [ 12.06317202   7.04834393   1.        ]
 [ 13.06325626   7.05714167   1.        ]
 [ 14.0423001    7.04302819   1.        ]
 [  5.04755163   8.06536587   1.        ]
 [  6.00153604   8.08216303   1.        ]
 [  7.00121495   8.03214242   1.        ]
 [  8.01073332   8.08901364   1.        ]
 [  9.01085237   8.0711213    1.        ]
 [ 10.01238217   8.01636395   1.        ]
 [ 11.02350458   8.09830468   1.        ]
 [ 12.09108081   8.06828483   1.        ]
 [ 13.07131159   8.02770984   1.        ]
 [ 14.07433776   8.00488192   1.        ]
 [  5.08370624   9.00735869   1.        ]
 [  6.05460318   9.08103001   1.        ]
 [  7.04689923   9.06754409   1.        ]
 [  8.09906602   9.08876872   1.        ]
 [  9.04183991   9.00934283   1.        ]
 [ 10.02047089   9.0379032    1.        ]
 [ 11.01411435   9.01661535   1.        ]
 [ 12.05875839   9.06819496   1.        ]
 [ 13.07631823   9.07199551   1.        ]
 [ 14.03163072   9.00307436   1.        ]
 [  5.0907251   10.05063426   1.        ]
 [  6.09203777  10.07830615   1.        ]
 [  7.06267158  10.08942411   1.        ]
 [  8.09916625  10.01239564   1.        ]
 [  9.02001784  10.06506173   1.        ]
 [ 10.0873392   10.05724272   1.        ]
 [ 11.00705762  10.07258555   1.        ]
 [ 12.06080129  10.0748711    1.        ]
 [ 13.07204135  10.08079194   1.        ]
 [ 14.01606612  10.03618761   1.        ]
 [  5.02625586  11.04345265   1.        ]
 [  6.01857125  11.01973192   1.        ]
 [  7.03019526  11.09682271   1.        ]
 [  8.0074911   11.01523567   1.        ]
 [  9.02849088  11.09946366   1.        ]
 [ 10.03029947  11.09153324   1.        ]
 [ 11.01609736  11.07921098   1.        ]
 [ 12.05810164  11.06488511   1.        ]
 [ 13.0698145   11.02299194   1.        ]
 [ 14.06136141  11.0703922    1.        ]
 [  5.03125676  12.00289862   1.        ]
 [  6.01545903  12.04434044   1.        ]
 [  7.09117907  12.09297103   1.        ]
 [  8.02655754  12.08800037   1.        ]
 [  9.0811888   12.082075     1.        ]
 [ 10.09919676  12.09034322   1.        ]
 [ 11.08038772  12.06156935   1.        ]
 [ 12.0920897   12.08818281   1.        ]
 [ 13.01600435  12.02967144   1.        ]
 [ 14.02928378  12.0376759    1.        ]
 [  5.08736574  13.08291631   1.        ]
 [  6.02101727  13.04833103   1.        ]
 [  7.06648283  13.06474504   1.        ]
 [  8.03463834  13.09324886   1.        ]
 [  9.02037946  13.04388563   1.        ]
 [ 10.05873272  13.03459944   1.        ]
 [ 11.04728388  13.03203379   1.        ]
 [ 12.01989643  13.04797631   1.        ]
 [ 13.02637213  13.00855881   1.        ]
 [ 14.02405933  13.07635341   1.        ]
 [  5.01589479  14.05067855   1.        ]
 [  6.06003038  14.03686121   1.        ]
 [  7.08030455  14.08263641   1.        ]
 [  8.02265915  14.03643627   1.        ]
 [  9.0576329   14.07875241   1.        ]
 [ 10.06308057  14.07146601   1.        ]
 [ 11.01604453  14.07717847   1.        ]
 [ 12.04868422  14.05560411   1.        ]
 [ 13.07406167  14.01912776   1.        ]
 [ 14.07946547  14.07850092   1.        ]]
Running basin hopping with paramerters:
PARAMETERS BEGIN

epsilon=1.024164
r0=1.422573
sigma=0.141421
PARAMETERS END


E: -307.3772 accepted 1
E: -312.0611 accepted 1
E: -329.4693 accepted 1
E: -334.4110 accepted 1
E: -343.3467 accepted 1
E: -342.6499 accepted 1
E: -352.2719 accepted 1
E: -344.9608 accepted 0
E: -347.9304 accepted 0
E: -337.7119 accepted 0
E: -344.7010 accepted 0
E: -343.3777 accepted 0
E: -342.5493 accepted 0
Runtime = 2939.688682


