[[  5.09145691   5.02358837   1.        ]
 [  6.06755725   5.00326857   1.        ]
 [  7.07351388   5.03490742   1.        ]
 [  8.02557453   5.01265174   1.        ]
 [  9.07284695   5.01617002   1.        ]
 [ 10.03271998   5.03466677   1.        ]
 [ 11.0593101    5.06689263   1.        ]
 [ 12.06673624   5.06850546   1.        ]
 [ 13.03346631   5.06064123   1.        ]
 [ 14.0365717    5.04742022   1.        ]
 [  5.04304767   6.02032555   1.        ]
 [  6.08203187   6.05628513   1.        ]
 [  7.0956737    6.07812789   1.        ]
 [  8.07543292   6.05720534   1.        ]
 [  9.04674366   6.03226096   1.        ]
 [ 10.03005341   6.0156576    1.        ]
 [ 11.05621042   6.02161129   1.        ]
 [ 12.07099821   6.05774042   1.        ]
 [ 13.08876268   6.04897189   1.        ]
 [ 14.03920933   6.07732877   1.        ]
 [  5.08660882   7.03643413   1.        ]
 [  6.03489094   7.00648573   1.        ]
 [  7.07768589   7.04296009   1.        ]
 [  8.0580342    7.00276747   1.        ]
 [  9.04033077   7.08179746   1.        ]
 [ 10.02961475   7.06918702   1.        ]
 [ 11.00935732   7.07839892   1.        ]
 [ 12.04436889   7.09260756   1.        ]
 [ 13.03415521   7.03919211   1.        ]
 [ 14.07067878   7.03470809   1.        ]
 [  5.02133018   8.03836308   1.        ]
 [  6.06027995   8.03331819   1.        ]
 [  7.06625373   8.01332061   1.        ]
 [  8.08833559   8.06709188   1.        ]
 [  9.00728276   8.0294926    1.        ]
 [ 10.04297452   8.05468818   1.        ]
 [ 11.09074326   8.00918241   1.        ]
 [ 12.05766636   8.04449322   1.        ]
 [ 13.09793155   8.00605217   1.        ]
 [ 14.03204403   8.08778234   1.        ]
 [  5.00190624   9.01893711   1.        ]
 [  6.02451653   9.07295988   1.        ]
 [  7.0088621    9.09919192   1.        ]
 [  8.04670372   9.00323199   1.        ]
 [  9.0341417    9.01038185   1.        ]
 [ 10.09495933   9.04207151   1.        ]
 [ 11.0911023    9.00799931   1.        ]
 [ 12.07995194   9.01252664   1.        ]
 [ 13.01325437   9.08439972   1.        ]
 [ 14.03969552   9.07658873   1.        ]
 [  5.04013348  10.06667276   1.        ]
 [  6.07972766  10.00889035   1.        ]
 [  7.0559667   10.00493765   1.        ]
 [  8.05671     10.0114887    1.        ]
 [  9.06062918  10.02789527   1.        ]
 [ 10.01134369  10.04440668   1.        ]
 [ 11.04597798  10.07997348   1.        ]
 [ 12.02362843  10.01383022   1.        ]
 [ 13.02448254  10.04607304   1.        ]
 [ 14.01152561  10.06000571   1.        ]
 [  5.065694    11.0434602    1.        ]
 [  6.05214609  11.05240098   1.        ]
 [  7.01948562  11.09047435   1.        ]
 [  8.05391901  11.01946922   1.        ]
 [  9.00321269  11.0524064    1.        ]
 [ 10.07732356  11.03581907   1.        ]
 [ 11.03329809  11.02357091   1.        ]
 [ 12.06060006  11.08565121   1.        ]
 [ 13.01232109  11.07118823   1.        ]
 [ 14.08145677  11.06885647   1.        ]
 [  5.04991601  12.00804798   1.        ]
 [  6.09684377  12.03782091   1.        ]
 [  7.09070664  12.01869979   1.        ]
 [  8.06244171  12.08589303   1.        ]
 [  9.08165622  12.08326868   1.        ]
 [ 10.04060987  12.06825154   1.        ]
 [ 11.08831498  12.02049914   1.        ]
 [ 12.060117    12.05642656   1.        ]
 [ 13.0237571   12.02261035   1.        ]
 [ 14.03101495  12.01552432   1.        ]
 [  5.02070097  13.04636407   1.        ]
 [  6.03405482  13.0447189    1.        ]
 [  7.06671269  13.08646347   1.        ]
 [  8.0827321   13.00270963   1.        ]
 [  9.00174447  13.01961338   1.        ]
 [ 10.0136159   13.03099796   1.        ]
 [ 11.01564654  13.08167681   1.        ]
 [ 12.02834156  13.04513144   1.        ]
 [ 13.00690553  13.05634433   1.        ]
 [ 14.0438054   13.0777771    1.        ]
 [  5.05324904  14.09994982   1.        ]
 [  6.09982186  14.05282344   1.        ]
 [  7.00346489  14.07487758   1.        ]
 [  8.0139387   14.02953251   1.        ]
 [  9.09866327  14.08703409   1.        ]
 [ 10.08214033  14.0936177    1.        ]
 [ 11.09515917  14.09115666   1.        ]
 [ 12.04281259  14.00835993   1.        ]
 [ 13.09224141  14.03680997   1.        ]
 [ 14.0334568   14.01657627   1.        ]]
Running basin hopping with paramerters:
PARAMETERS BEGIN

epsilon=0.796507
r0=1.399240
sigma=0.141421
PARAMETERS END


E: -286.3952 accepted 1
E: -296.6466 accepted 1
E: -308.1236 accepted 1
E: -317.0375 accepted 1
E: -317.0205 accepted 1
E: -317.6929 accepted 1
E: -319.4090 accepted 1
E: -327.9982 accepted 1
E: -324.3903 accepted 0
E: -339.0131 accepted 1
E: -337.6925 accepted 0
E: -328.3187 accepted 0
E: -326.7811 accepted 0
E: -330.6005 accepted 0
E: -324.7608 accepted 0
E: -327.7259 accepted 0
Runtime = 3837.456795


