[[  5.06075266   5.0961404    1.        ]
 [  6.09285866   5.00189436   1.        ]
 [  7.02275172   5.02169889   1.        ]
 [  8.09503915   5.08374179   1.        ]
 [  9.04466385   5.03857004   1.        ]
 [ 10.06589067   5.08797236   1.        ]
 [ 11.08376993   5.0029679    1.        ]
 [ 12.00694059   5.07442901   1.        ]
 [ 13.03712391   5.0156989    1.        ]
 [ 14.0337282    5.08933041   1.        ]
 [  5.0734876    6.03449582   1.        ]
 [  6.05573066   6.04584401   1.        ]
 [  7.07642598   6.03582791   1.        ]
 [  8.06514844   6.03799876   1.        ]
 [  9.01514471   6.047105     1.        ]
 [ 10.05677411   6.02984802   1.        ]
 [ 11.08588524   6.04831763   1.        ]
 [ 12.01227731   6.04947714   1.        ]
 [ 13.01738899   6.06693981   1.        ]
 [ 14.05344304   6.04554529   1.        ]
 [  5.01944815   7.02265174   1.        ]
 [  6.08945233   7.02480901   1.        ]
 [  7.00097709   7.08287986   1.        ]
 [  8.05407188   7.00968053   1.        ]
 [  9.07837251   7.09596974   1.        ]
 [ 10.09957936   7.04016873   1.        ]
 [ 11.07101691   7.0995529    1.        ]
 [ 12.04286916   7.07390519   1.        ]
 [ 13.01444528   7.00913765   1.        ]
 [ 14.02629267   7.09224879   1.        ]
 [  5.06120386   8.03777445   1.        ]
 [  6.02235425   8.008377     1.        ]
 [  7.04630484   8.04995265   1.        ]
 [  8.03655192   8.0504886    1.        ]
 [  9.04800692   8.07606187   1.        ]
 [ 10.07563689   8.02906161   1.        ]
 [ 11.04166438   8.04284196   1.        ]
 [ 12.04455173   8.09317573   1.        ]
 [ 13.09970084   8.01965305   1.        ]
 [ 14.03288164   8.06468338   1.        ]
 [  5.07348731   9.01463186   1.        ]
 [  6.01068666   9.07777019   1.        ]
 [  7.07122979   9.04408555   1.        ]
 [  8.09946379   9.06981953   1.        ]
 [  9.07660728   9.00566831   1.        ]
 [ 10.09687448   9.00512456   1.        ]
 [ 11.09843878   9.02455773   1.        ]
 [ 12.08699203   9.06601022   1.        ]
 [ 13.0207982    9.07030253   1.        ]
 [ 14.00243466   9.09444877   1.        ]
 [  5.00783551  10.0116194    1.        ]
 [  6.02380584  10.09864748   1.        ]
 [  7.0708617   10.0072354    1.        ]
 [  8.05864752  10.064057     1.        ]
 [  9.07474832  10.02778758   1.        ]
 [ 10.01373625  10.07915034   1.        ]
 [ 11.0418313   10.07759645   1.        ]
 [ 12.05019524  10.0386959    1.        ]
 [ 13.00953692  10.07123225   1.        ]
 [ 14.08372674  10.06750484   1.        ]
 [  5.00654786  11.0919478    1.        ]
 [  6.02201295  11.006515     1.        ]
 [  7.03508524  11.06428323   1.        ]
 [  8.0499327   11.05311104   1.        ]
 [  9.089197    11.09131344   1.        ]
 [ 10.03290764  11.0623662    1.        ]
 [ 11.0700725   11.02312777   1.        ]
 [ 12.05673155  11.01147798   1.        ]
 [ 13.0866845   11.06378765   1.        ]
 [ 14.03826557  11.04454985   1.        ]
 [  5.06339638  12.07377399   1.        ]
 [  6.08433484  12.01126198   1.        ]
 [  7.0095801   12.09165263   1.        ]
 [  8.04785234  12.07892547   1.        ]
 [  9.01532316  12.05111194   1.        ]
 [ 10.06689414  12.0578376    1.        ]
 [ 11.00780228  12.04756757   1.        ]
 [ 12.07389389  12.09559235   1.        ]
 [ 13.0951715   12.01352893   1.        ]
 [ 14.05205527  12.09728072   1.        ]
 [  5.0653909   13.0584573    1.        ]
 [  6.09607929  13.08790908   1.        ]
 [  7.0354175   13.03848995   1.        ]
 [  8.0293649   13.00048143   1.        ]
 [  9.00139949  13.06510531   1.        ]
 [ 10.08980492  13.09843766   1.        ]
 [ 11.01121342  13.030334     1.        ]
 [ 12.09790047  13.09305447   1.        ]
 [ 13.08623365  13.03372247   1.        ]
 [ 14.06191988  13.03024103   1.        ]
 [  5.06081105  14.09913205   1.        ]
 [  6.04168773  14.0390352    1.        ]
 [  7.08935943  14.0209728    1.        ]
 [  8.02254917  14.03529675   1.        ]
 [  9.05348721  14.03698433   1.        ]
 [ 10.08244546  14.01967809   1.        ]
 [ 11.01915415  14.08847003   1.        ]
 [ 12.05881139  14.06831747   1.        ]
 [ 13.01567865  14.02893656   1.        ]
 [ 14.05808851  14.05849502   1.        ]]
Running basin hopping with paramerters:
PARAMETERS BEGIN

epsilon=1.227153
r0=1.398019
sigma=0.141421
PARAMETERS END


E: -358.4344 accepted 1
E: -369.1967 accepted 1
E: -365.0502 accepted 0
E: -364.1965 accepted 0
E: -364.9416 accepted 0
E: -368.6573 accepted 0
E: -371.5676 accepted 1
E: -384.1711 accepted 1
E: -377.6298 accepted 0
E: -385.4013 accepted 1
E: -378.4209 accepted 0
E: -369.1897 accepted 0
E: -368.8355 accepted 0
E: -376.0575 accepted 0
E: -378.7370 accepted 0
E: -384.6315 accepted 0
Runtime = 3720.319698


