[[  5.05616258   5.06365007   1.        ]
 [  6.04549392   5.02565565   1.        ]
 [  7.0946546    5.00922014   1.        ]
 [  8.06953666   5.03375389   1.        ]
 [  9.0254845    5.08218568   1.        ]
 [ 10.00536837   5.05290327   1.        ]
 [ 11.02963996   5.08364038   1.        ]
 [ 12.08354635   5.04492548   1.        ]
 [ 13.0994749    5.06779691   1.        ]
 [ 14.05960636   5.06565218   1.        ]
 [  5.05384774   6.02474809   1.        ]
 [  6.05998742   6.07254754   1.        ]
 [  7.08277456   6.01813221   1.        ]
 [  8.03222534   6.03222632   1.        ]
 [  9.04845792   6.05872204   1.        ]
 [ 10.00899224   6.02578178   1.        ]
 [ 11.0756693    6.06771423   1.        ]
 [ 12.06609425   6.04299035   1.        ]
 [ 13.01184948   6.03252456   1.        ]
 [ 14.06935583   6.09437939   1.        ]
 [  5.08279284   7.04946594   1.        ]
 [  6.0118427    7.04194679   1.        ]
 [  7.08127654   7.03758974   1.        ]
 [  8.00719296   7.02614079   1.        ]
 [  9.08194411   7.09997668   1.        ]
 [ 10.08843003   7.03504048   1.        ]
 [ 11.08827926   7.07821915   1.        ]
 [ 12.02092398   7.06203508   1.        ]
 [ 13.08733766   7.07564928   1.        ]
 [ 14.04019941   7.02735087   1.        ]
 [  5.06162236   8.02219601   1.        ]
 [  6.01479216   8.02848929   1.        ]
 [  7.08317787   8.09401844   1.        ]
 [  8.02872093   8.02646086   1.        ]
 [  9.08902235   8.0686089    1.        ]
 [ 10.04339841   8.02906118   1.        ]
 [ 11.06742333   8.08434554   1.        ]
 [ 12.05151591   8.0871013    1.        ]
 [ 13.07335502   8.09679494   1.        ]
 [ 14.00311308   8.00822584   1.        ]
 [  5.05856441   9.07802362   1.        ]
 [  6.08238226   9.00664792   1.        ]
 [  7.03478157   9.09265878   1.        ]
 [  8.05519043   9.03503764   1.        ]
 [  9.03113555   9.06069598   1.        ]
 [ 10.03625345   9.073993     1.        ]
 [ 11.07557919   9.03154197   1.        ]
 [ 12.07921776   9.04374371   1.        ]
 [ 13.05399572   9.0575391    1.        ]
 [ 14.01031697   9.06365497   1.        ]
 [  5.03421898  10.0078386    1.        ]
 [  6.05485072  10.02449306   1.        ]
 [  7.01682873  10.0175067    1.        ]
 [  8.07001967  10.00641617   1.        ]
 [  9.09654522  10.04438846   1.        ]
 [ 10.03747142  10.03179371   1.        ]
 [ 11.076624    10.02911194   1.        ]
 [ 12.00462632  10.0398268    1.        ]
 [ 13.09847396  10.05366445   1.        ]
 [ 14.01589223  10.02635156   1.        ]
 [  5.03244951  11.08412165   1.        ]
 [  6.09826098  11.06420132   1.        ]
 [  7.0886839   11.07664349   1.        ]
 [  8.01370905  11.01831545   1.        ]
 [  9.02950016  11.03598982   1.        ]
 [ 10.04125643  11.06502862   1.        ]
 [ 11.02991114  11.03776291   1.        ]
 [ 12.02024853  11.02480165   1.        ]
 [ 13.04929839  11.01303514   1.        ]
 [ 14.02440075  11.03893545   1.        ]
 [  5.07440839  12.07941636   1.        ]
 [  6.0504075   12.04441205   1.        ]
 [  7.07925195  12.08736548   1.        ]
 [  8.03710967  12.05126961   1.        ]
 [  9.07390581  12.01719896   1.        ]
 [ 10.05551341  12.07614185   1.        ]
 [ 11.08894894  12.06364694   1.        ]
 [ 12.06605462  12.01078904   1.        ]
 [ 13.03365228  12.09169384   1.        ]
 [ 14.07183773  12.07077068   1.        ]
 [  5.03767639  13.07744355   1.        ]
 [  6.07663625  13.09240162   1.        ]
 [  7.05952787  13.02675804   1.        ]
 [  8.00371449  13.0752684    1.        ]
 [  9.09812888  13.05723003   1.        ]
 [ 10.07547691  13.01154221   1.        ]
 [ 11.03260676  13.02402405   1.        ]
 [ 12.05925006  13.05077679   1.        ]
 [ 13.06277829  13.02923823   1.        ]
 [ 14.07570664  13.09140457   1.        ]
 [  5.06923572  14.01512962   1.        ]
 [  6.02463913  14.08734862   1.        ]
 [  7.02706172  14.01398934   1.        ]
 [  8.01885054  14.09831089   1.        ]
 [  9.01896797  14.08508945   1.        ]
 [ 10.02690223  14.03182662   1.        ]
 [ 11.08823222  14.00878191   1.        ]
 [ 12.06700341  14.06795098   1.        ]
 [ 13.00631489  14.00970426   1.        ]
 [ 14.03969153  14.08742174   1.        ]]
Running basin hopping with paramerters:
PARAMETERS BEGIN

epsilon=0.899110
r0=1.361908
sigma=0.141421
PARAMETERS END


E: -272.7452 accepted 1
E: -274.0287 accepted 1
E: -314.1351 accepted 1
E: -306.2276 accepted 0
E: -302.1986 accepted 0
E: -314.5224 accepted 1
E: -313.5267 accepted 0
E: -314.8147 accepted 1
E: -336.9496 accepted 1
E: -324.2604 accepted 0
E: -337.1040 accepted 1
E: -340.0828 accepted 1
E: -335.5537 accepted 0
E: -340.9166 accepted 1
E: -342.9981 accepted 1
E: -347.8338 accepted 1
E: -338.7583 accepted 0
E: -349.5985 accepted 1
E: -348.2114 accepted 1
E: -347.5399 accepted 0
E: -339.9069 accepted 0
E: -349.5344 accepted 1
E: -360.4436 accepted 1
E: -350.5964 accepted 0
E: -348.8249 accepted 0
E: -341.7937 accepted 0
E: -348.1002 accepted 0
E: -340.5313 accepted 0
E: -349.0195 accepted 0
Runtime = 5430.073248


