[[  5.09828042   5.05209369   1.        ]
 [  6.00319276   5.08273839   1.        ]
 [  7.00842453   5.09483143   1.        ]
 [  8.03783307   5.0847693    1.        ]
 [  9.01774091   5.04998734   1.        ]
 [ 10.00399762   5.03602293   1.        ]
 [ 11.05765228   5.01584611   1.        ]
 [ 12.06514664   5.06393186   1.        ]
 [ 13.09027443   5.09675265   1.        ]
 [ 14.07071308   5.08645172   1.        ]
 [  5.08710006   6.06246617   1.        ]
 [  6.01002118   6.03032599   1.        ]
 [  7.00310613   6.03957362   1.        ]
 [  8.05052907   6.07908333   1.        ]
 [  9.00495206   6.0636191    1.        ]
 [ 10.07517706   6.0963801    1.        ]
 [ 11.06304119   6.07977905   1.        ]
 [ 12.06102446   6.00137219   1.        ]
 [ 13.00654069   6.04756358   1.        ]
 [ 14.06461542   6.05193691   1.        ]
 [  5.02723803   7.07801431   1.        ]
 [  6.01096904   7.0745145    1.        ]
 [  7.09395833   7.09714793   1.        ]
 [  8.09934047   7.04599711   1.        ]
 [  9.06894533   7.03625358   1.        ]
 [ 10.07042867   7.09654682   1.        ]
 [ 11.0254663    7.02691761   1.        ]
 [ 12.03153389   7.04914067   1.        ]
 [ 13.05829452   7.0371735    1.        ]
 [ 14.076157     7.04010538   1.        ]
 [  5.01655938   8.01874185   1.        ]
 [  6.04877289   8.07375288   1.        ]
 [  7.04945224   8.05701484   1.        ]
 [  8.0697526    8.05206101   1.        ]
 [  9.0869764    8.07443976   1.        ]
 [ 10.01438207   8.01186054   1.        ]
 [ 11.0755225    8.06815734   1.        ]
 [ 12.09133787   8.04350721   1.        ]
 [ 13.03166555   8.00202857   1.        ]
 [ 14.02287138   8.061589     1.        ]
 [  5.0878577    9.06433315   1.        ]
 [  6.07012039   9.0282537    1.        ]
 [  7.06566331   9.04242273   1.        ]
 [  8.08339715   9.08808308   1.        ]
 [  9.02873313   9.04097673   1.        ]
 [ 10.00102912   9.04569305   1.        ]
 [ 11.01329689   9.05964897   1.        ]
 [ 12.09270162   9.03125329   1.        ]
 [ 13.07528938   9.09812739   1.        ]
 [ 14.07515657   9.01812404   1.        ]
 [  5.03144562  10.00913091   1.        ]
 [  6.08792769  10.06844963   1.        ]
 [  7.02513909  10.05069205   1.        ]
 [  8.09718803  10.02399493   1.        ]
 [  9.02352746  10.02138058   1.        ]
 [ 10.03258208  10.05769119   1.        ]
 [ 11.08925091  10.09250866   1.        ]
 [ 12.03599492  10.01669328   1.        ]
 [ 13.07990265  10.01408036   1.        ]
 [ 14.09494543  10.08330731   1.        ]
 [  5.00042114  11.00289148   1.        ]
 [  6.05295549  11.03105876   1.        ]
 [  7.04606027  11.03183503   1.        ]
 [  8.03194983  11.0061073    1.        ]
 [  9.08771617  11.05627508   1.        ]
 [ 10.01613552  11.01828993   1.        ]
 [ 11.01006509  11.09982652   1.        ]
 [ 12.03067898  11.06338784   1.        ]
 [ 13.0968614   11.07590462   1.        ]
 [ 14.05062694  11.00915464   1.        ]
 [  5.01244991  12.00994262   1.        ]
 [  6.0597962   12.06265257   1.        ]
 [  7.07537452  12.0370416    1.        ]
 [  8.05100459  12.09249151   1.        ]
 [  9.01291932  12.06187758   1.        ]
 [ 10.07060597  12.02091869   1.        ]
 [ 11.01466723  12.08563421   1.        ]
 [ 12.09924497  12.07115649   1.        ]
 [ 13.07453478  12.08616902   1.        ]
 [ 14.01997758  12.0460519    1.        ]
 [  5.01397445  13.00402994   1.        ]
 [  6.07310429  13.03396504   1.        ]
 [  7.08732993  13.01305451   1.        ]
 [  8.00200893  13.06863857   1.        ]
 [  9.04252073  13.00732264   1.        ]
 [ 10.04847837  13.05850809   1.        ]
 [ 11.0109456   13.01386695   1.        ]
 [ 12.05088798  13.03993381   1.        ]
 [ 13.04247638  13.02699384   1.        ]
 [ 14.07567499  13.05891118   1.        ]
 [  5.09796283  14.03112753   1.        ]
 [  6.00136185  14.06470632   1.        ]
 [  7.09068293  14.03278997   1.        ]
 [  8.0516728   14.08125211   1.        ]
 [  9.0151113   14.05331888   1.        ]
 [ 10.00852353  14.09900083   1.        ]
 [ 11.02808192  14.0529905    1.        ]
 [ 12.09653094  14.06263572   1.        ]
 [ 13.07197018  14.08294948   1.        ]
 [ 14.04075978  14.05545183   1.        ]]
Running basin hopping with paramerters:
PARAMETERS BEGIN

epsilon=0.872643
r0=1.350586
sigma=0.141421
PARAMETERS END


E: -285.3593 accepted 1
E: -298.3419 accepted 1
E: -346.6351 accepted 1
E: -341.4410 accepted 0
E: -351.0884 accepted 1
E: -337.4953 accepted 0
E: -339.1633 accepted 0
E: -348.9836 accepted 1
E: -354.9673 accepted 1
E: -347.1281 accepted 0
E: -347.8649 accepted 0
E: -344.1880 accepted 0
E: -345.9678 accepted 0
E: -341.4909 accepted 0
E: -353.5151 accepted 0
Runtime = 4322.362900


