[[  5.04858505   5.04640453   1.        ]
 [  6.08312648   5.0543307    1.        ]
 [  7.09738668   5.07801795   1.        ]
 [  8.01824814   5.02567524   1.        ]
 [  9.00211686   5.05641271   1.        ]
 [ 10.04368375   5.08304187   1.        ]
 [ 11.09933878   5.06290469   1.        ]
 [ 12.04542105   5.08531968   1.        ]
 [ 13.01397949   5.09163763   1.        ]
 [ 14.09995872   5.00735283   1.        ]
 [  5.02052739   6.04590062   1.        ]
 [  6.06856876   6.09105943   1.        ]
 [  7.04434739   6.07848552   1.        ]
 [  8.08223137   6.0937467    1.        ]
 [  9.08271836   6.0148368    1.        ]
 [ 10.08234213   6.07102373   1.        ]
 [ 11.09205859   6.05511488   1.        ]
 [ 12.08398426   6.08957473   1.        ]
 [ 13.01679387   6.08147078   1.        ]
 [ 14.08848104   6.07449517   1.        ]
 [  5.04386163   7.01201383   1.        ]
 [  6.00387607   7.05894333   1.        ]
 [  7.0130206    7.02671657   1.        ]
 [  8.04481644   7.02076509   1.        ]
 [  9.04302747   7.06000454   1.        ]
 [ 10.09562864   7.04189462   1.        ]
 [ 11.068138     7.0459348    1.        ]
 [ 12.09742108   7.06037379   1.        ]
 [ 13.04865678   7.08053674   1.        ]
 [ 14.04823449   7.00274921   1.        ]
 [  5.00677657   8.04806031   1.        ]
 [  6.06366723   8.0850686    1.        ]
 [  7.03651542   8.05407804   1.        ]
 [  8.05941329   8.03612446   1.        ]
 [  9.04726296   8.0631841    1.        ]
 [ 10.03012294   8.05935978   1.        ]
 [ 11.01983709   8.06262538   1.        ]
 [ 12.00604107   8.08578309   1.        ]
 [ 13.08337409   8.09323087   1.        ]
 [ 14.01638563   8.04726833   1.        ]
 [  5.02823182   9.00618238   1.        ]
 [  6.01650317   9.03187887   1.        ]
 [  7.01218599   9.02937096   1.        ]
 [  8.05610167   9.04301717   1.        ]
 [  9.02235962   9.07220156   1.        ]
 [ 10.07536284   9.05601644   1.        ]
 [ 11.08594667   9.06346858   1.        ]
 [ 12.04847156   9.00557934   1.        ]
 [ 13.05804599   9.01263989   1.        ]
 [ 14.00017768   9.07818259   1.        ]
 [  5.01813548  10.03817765   1.        ]
 [  6.07717342  10.01592354   1.        ]
 [  7.08947879  10.01729788   1.        ]
 [  8.08089441  10.03332105   1.        ]
 [  9.01355582  10.01222834   1.        ]
 [ 10.05534565  10.0188194    1.        ]
 [ 11.06615448  10.03058516   1.        ]
 [ 12.0183064   10.06110205   1.        ]
 [ 13.0493907   10.04023752   1.        ]
 [ 14.02038244  10.03091576   1.        ]
 [  5.04629967  11.01656528   1.        ]
 [  6.01287     11.09711103   1.        ]
 [  7.09233098  11.07602013   1.        ]
 [  8.07888987  11.05179966   1.        ]
 [  9.03641     11.03707764   1.        ]
 [ 10.01768626  11.02256215   1.        ]
 [ 11.08661402  11.04386184   1.        ]
 [ 12.01053386  11.08444045   1.        ]
 [ 13.03267629  11.02010197   1.        ]
 [ 14.06319717  11.00062716   1.        ]
 [  5.06812246  12.09683019   1.        ]
 [  6.00167161  12.04942383   1.        ]
 [  7.09134848  12.09148863   1.        ]
 [  8.07910331  12.02273209   1.        ]
 [  9.07435754  12.07198925   1.        ]
 [ 10.0948641   12.02565054   1.        ]
 [ 11.09645075  12.08206993   1.        ]
 [ 12.07722054  12.05134452   1.        ]
 [ 13.03596806  12.05338294   1.        ]
 [ 14.03283264  12.05020187   1.        ]
 [  5.02507407  13.09718606   1.        ]
 [  6.03074796  13.08862263   1.        ]
 [  7.02461792  13.09708585   1.        ]
 [  8.01384247  13.02894996   1.        ]
 [  9.07876175  13.08304793   1.        ]
 [ 10.05162723  13.02129085   1.        ]
 [ 11.0274148   13.06709262   1.        ]
 [ 12.07747751  13.06334248   1.        ]
 [ 13.06093368  13.0828451    1.        ]
 [ 14.044119    13.09574694   1.        ]
 [  5.06611243  14.04128095   1.        ]
 [  6.02837094  14.0542763    1.        ]
 [  7.08415734  14.00130496   1.        ]
 [  8.01981032  14.09731224   1.        ]
 [  9.04698359  14.01992107   1.        ]
 [ 10.09133699  14.03312733   1.        ]
 [ 11.03223058  14.06944542   1.        ]
 [ 12.04750291  14.00491045   1.        ]
 [ 13.04592571  14.07649632   1.        ]
 [ 14.01841432  14.00004582   1.        ]]
Running basin hopping with paramerters:
PARAMETERS BEGIN

epsilon=0.995581
r0=1.425356
sigma=0.141421
PARAMETERS END


E: -294.4544 accepted 1
E: -294.2824 accepted 1
E: -298.7788 accepted 1
E: -308.0397 accepted 1
E: -304.2553 accepted 0
E: -307.1327 accepted 0
E: -314.7496 accepted 1
E: -318.6491 accepted 1
E: -323.9689 accepted 1
E: -335.0512 accepted 1
E: -332.9072 accepted 0
E: -336.4722 accepted 1
E: -331.2043 accepted 0
E: -328.8069 accepted 0
E: -339.4698 accepted 1
E: -342.3472 accepted 1
E: -336.6031 accepted 0
E: -339.4796 accepted 0
E: -334.9877 accepted 0
E: -334.7345 accepted 0
E: -332.2910 accepted 0
E: -334.5663 accepted 0
Runtime = 4691.948071


