[[  5.02247531   5.06934059   1.        ]
 [  6.04903974   5.02965849   1.        ]
 [  7.01328704   5.07188905   1.        ]
 [  8.01925429   5.09726151   1.        ]
 [  9.02136022   5.01031848   1.        ]
 [ 10.04852214   5.08573673   1.        ]
 [ 11.02818877   5.03419936   1.        ]
 [ 12.09192477   5.00369481   1.        ]
 [ 13.05253605   5.07852649   1.        ]
 [ 14.09100785   5.01349702   1.        ]
 [  5.09979185   6.04093635   1.        ]
 [  6.07457085   6.07951316   1.        ]
 [  7.09906255   6.09390976   1.        ]
 [  8.06446178   6.0850552    1.        ]
 [  9.04698161   6.00317582   1.        ]
 [ 10.03134753   6.05042694   1.        ]
 [ 11.02416431   6.01957322   1.        ]
 [ 12.08891178   6.07978478   1.        ]
 [ 13.02115675   6.07376462   1.        ]
 [ 14.07602335   6.0392997    1.        ]
 [  5.04086411   7.01417308   1.        ]
 [  6.03710774   7.02221662   1.        ]
 [  7.00488127   7.07241053   1.        ]
 [  8.09518411   7.02640988   1.        ]
 [  9.07842389   7.04731426   1.        ]
 [ 10.02045099   7.0672834    1.        ]
 [ 11.09095836   7.08392808   1.        ]
 [ 12.01607367   7.08027657   1.        ]
 [ 13.03020647   7.04987868   1.        ]
 [ 14.08104205   7.06957521   1.        ]
 [  5.01775328   8.09863872   1.        ]
 [  6.06329456   8.01705429   1.        ]
 [  7.0862051    8.02031575   1.        ]
 [  8.09737471   8.09122097   1.        ]
 [  9.05081724   8.02073819   1.        ]
 [ 10.06918077   8.04804546   1.        ]
 [ 11.0698249    8.05467036   1.        ]
 [ 12.0456575    8.05931543   1.        ]
 [ 13.06796317   8.02445104   1.        ]
 [ 14.00170488   8.0238715    1.        ]
 [  5.00578661   9.00232264   1.        ]
 [  6.05000037   9.068887     1.        ]
 [  7.01970097   9.02690953   1.        ]
 [  8.06378267   9.06764287   1.        ]
 [  9.03504785   9.01782567   1.        ]
 [ 10.00793877   9.04994493   1.        ]
 [ 11.03748819   9.04327156   1.        ]
 [ 12.01310047   9.00394786   1.        ]
 [ 13.03979635   9.07387702   1.        ]
 [ 14.01958984   9.09937224   1.        ]
 [  5.03510496  10.0989364    1.        ]
 [  6.01358525  10.0590025    1.        ]
 [  7.05220794  10.05242922   1.        ]
 [  8.04583632  10.08471448   1.        ]
 [  9.06900256  10.08874919   1.        ]
 [ 10.02583576  10.00647149   1.        ]
 [ 11.0763847   10.04836787   1.        ]
 [ 12.04629642  10.0399734    1.        ]
 [ 13.03181189  10.01358193   1.        ]
 [ 14.00184609  10.05112902   1.        ]
 [  5.06619513  11.02335747   1.        ]
 [  6.06361151  11.06913423   1.        ]
 [  7.03291849  11.04693304   1.        ]
 [  8.06781287  11.08533277   1.        ]
 [  9.0801207   11.06837677   1.        ]
 [ 10.06326695  11.0768184    1.        ]
 [ 11.01649041  11.02254925   1.        ]
 [ 12.01954227  11.00859893   1.        ]
 [ 13.05519702  11.00084761   1.        ]
 [ 14.08309396  11.08288082   1.        ]
 [  5.06606387  12.03414615   1.        ]
 [  6.00921168  12.09658908   1.        ]
 [  7.00337827  12.08418683   1.        ]
 [  8.05618756  12.09163021   1.        ]
 [  9.06976672  12.06409879   1.        ]
 [ 10.00728159  12.03711072   1.        ]
 [ 11.01375339  12.09613567   1.        ]
 [ 12.0845452   12.05896536   1.        ]
 [ 13.08522465  12.0585317    1.        ]
 [ 14.04298363  12.08496841   1.        ]
 [  5.05683988  13.04582612   1.        ]
 [  6.04751391  13.08157946   1.        ]
 [  7.04076074  13.05979762   1.        ]
 [  8.07353401  13.09739617   1.        ]
 [  9.07642152  13.01828495   1.        ]
 [ 10.09299918  13.0656562    1.        ]
 [ 11.02402741  13.04813487   1.        ]
 [ 12.05485835  13.08312641   1.        ]
 [ 13.04326769  13.00959899   1.        ]
 [ 14.02165956  13.03973046   1.        ]
 [  5.03988285  14.02846062   1.        ]
 [  6.06375792  14.02510465   1.        ]
 [  7.01284235  14.02259121   1.        ]
 [  8.09819061  14.05313642   1.        ]
 [  9.06426101  14.03467962   1.        ]
 [ 10.05418583  14.09373849   1.        ]
 [ 11.04245055  14.04136858   1.        ]
 [ 12.02717682  14.018247     1.        ]
 [ 13.02456756  14.05541725   1.        ]
 [ 14.04635177  14.00633239   1.        ]]
Running basin hopping with paramerters:
PARAMETERS BEGIN

epsilon=0.831040
r0=1.409542
sigma=0.141421
PARAMETERS END


E: -290.6561 accepted 1
E: -314.4565 accepted 1
E: -325.5345 accepted 1
E: -316.7113 accepted 0
E: -314.3093 accepted 0
E: -318.5297 accepted 0
E: -320.8709 accepted 0
E: -322.2225 accepted 0
E: -329.9890 accepted 1
E: -326.6669 accepted 0
E: -328.5580 accepted 0
E: -329.3158 accepted 0
E: -322.0133 accepted 0
E: -314.6192 accepted 0
E: -320.3633 accepted 0
Runtime = 3706.871711


