[[  5.01397766   5.05600046   1.        ]
 [  6.0178369    5.06594386   1.        ]
 [  7.09463028   5.07118534   1.        ]
 [  8.07500794   5.02098951   1.        ]
 [  9.01412158   5.02304414   1.        ]
 [ 10.09427059   5.06566589   1.        ]
 [ 11.07983445   5.01129841   1.        ]
 [ 12.07031073   5.08969166   1.        ]
 [ 13.05694833   5.01505051   1.        ]
 [ 14.0730599    5.03810358   1.        ]
 [  5.04380746   6.02459026   1.        ]
 [  6.01715085   6.06036801   1.        ]
 [  7.02664884   6.02831448   1.        ]
 [  8.05149079   6.00417575   1.        ]
 [  9.09780272   6.07177673   1.        ]
 [ 10.01077239   6.01647905   1.        ]
 [ 11.08383965   6.00849681   1.        ]
 [ 12.09363267   6.08082316   1.        ]
 [ 13.05915863   6.00040431   1.        ]
 [ 14.0683151    6.0969064    1.        ]
 [  5.08724481   7.01318208   1.        ]
 [  6.05617539   7.00180835   1.        ]
 [  7.00190099   7.08609365   1.        ]
 [  8.03899488   7.02103805   1.        ]
 [  9.0150386    7.08111045   1.        ]
 [ 10.01706456   7.02931439   1.        ]
 [ 11.03774635   7.09946275   1.        ]
 [ 12.05149336   7.09187491   1.        ]
 [ 13.06021571   7.0553004    1.        ]
 [ 14.06951621   7.03437711   1.        ]
 [  5.07034316   8.09611039   1.        ]
 [  6.00667216   8.01834949   1.        ]
 [  7.01141665   8.06190476   1.        ]
 [  8.01406852   8.08584551   1.        ]
 [  9.08623255   8.08695798   1.        ]
 [ 10.01273757   8.03856402   1.        ]
 [ 11.07694797   8.04609448   1.        ]
 [ 12.02760604   8.04253749   1.        ]
 [ 13.04180074   8.06706028   1.        ]
 [ 14.09783828   8.01516557   1.        ]
 [  5.08927385   9.03640415   1.        ]
 [  6.03977904   9.07051525   1.        ]
 [  7.06341475   9.04972277   1.        ]
 [  8.07465635   9.03791803   1.        ]
 [  9.08369361   9.08950411   1.        ]
 [ 10.03811822   9.00070955   1.        ]
 [ 11.08169521   9.07194519   1.        ]
 [ 12.04624613   9.09755291   1.        ]
 [ 13.04611157   9.08221687   1.        ]
 [ 14.02533567   9.00409009   1.        ]
 [  5.03783723  10.09207734   1.        ]
 [  6.03288774  10.02158765   1.        ]
 [  7.01880285  10.02766503   1.        ]
 [  8.03749638  10.01510244   1.        ]
 [  9.05903432  10.05519757   1.        ]
 [ 10.04663315  10.09848707   1.        ]
 [ 11.0887922   10.02519177   1.        ]
 [ 12.04306238  10.01351725   1.        ]
 [ 13.07107251  10.02211895   1.        ]
 [ 14.08468017  10.09462612   1.        ]
 [  5.00376134  11.04401959   1.        ]
 [  6.04380234  11.05201304   1.        ]
 [  7.08882923  11.08760989   1.        ]
 [  8.0280555   11.0987915    1.        ]
 [  9.09957076  11.09542808   1.        ]
 [ 10.0794082   11.01827131   1.        ]
 [ 11.07977876  11.00672329   1.        ]
 [ 12.0237066   11.08125483   1.        ]
 [ 13.09086089  11.02159835   1.        ]
 [ 14.00457745  11.00218468   1.        ]
 [  5.07478624  12.04751562   1.        ]
 [  6.01790191  12.05119124   1.        ]
 [  7.02267076  12.03305129   1.        ]
 [  8.0673975   12.07955761   1.        ]
 [  9.07901484  12.08963039   1.        ]
 [ 10.04586212  12.06172476   1.        ]
 [ 11.0656041   12.03948311   1.        ]
 [ 12.06844018  12.09035225   1.        ]
 [ 13.09026505  12.09244372   1.        ]
 [ 14.06669462  12.04124322   1.        ]
 [  5.08954078  13.05687359   1.        ]
 [  6.00586018  13.00218134   1.        ]
 [  7.01627046  13.07725069   1.        ]
 [  8.04175914  13.00121326   1.        ]
 [  9.09607905  13.05799759   1.        ]
 [ 10.09942884  13.03245461   1.        ]
 [ 11.03338945  13.03033994   1.        ]
 [ 12.01605468  13.07276184   1.        ]
 [ 13.03375524  13.01556446   1.        ]
 [ 14.05853253  13.09863636   1.        ]
 [  5.01863641  14.0710284    1.        ]
 [  6.08844603  14.0866014    1.        ]
 [  7.04895438  14.07032392   1.        ]
 [  8.08273244  14.05106312   1.        ]
 [  9.07301828  14.01589007   1.        ]
 [ 10.03400355  14.05525545   1.        ]
 [ 11.00282506  14.06466847   1.        ]
 [ 12.0708577   14.04633564   1.        ]
 [ 13.00354493  14.0539133    1.        ]
 [ 14.08276376  14.07654422   1.        ]]
Running basin hopping with paramerters:
PARAMETERS BEGIN

epsilon=3.277175
r0=1.162189
sigma=0.141421
PARAMETERS END


E: -864.4113 accepted 1
E: -910.2657 accepted 1
E: -932.7997 accepted 1
E: -920.7001 accepted 0
E: -941.0905 accepted 1
E: -937.6336 accepted 0
E: -942.8928 accepted 1
E: -916.0071 accepted 0
E: -950.7014 accepted 1
E: -967.6022 accepted 1
E: -989.6959 accepted 1
E: -1001.4058 accepted 1
E: -987.9660 accepted 0
E: -1001.4058 accepted 1
E: -1001.4058 accepted 1
E: -984.2379 accepted 0
E: -987.1949 accepted 0
E: -1001.4058 accepted 1
E: -997.4657 accepted 0
E: -977.3744 accepted 0
E: -985.8382 accepted 0
E: -963.8649 accepted 0
E: -967.1572 accepted 0
E: -1005.4841 accepted 1
E: -969.5205 accepted 0
E: -970.0276 accepted 0
E: -964.2102 accepted 0
E: -1001.4837 accepted 0
E: -1005.4841 accepted 1
E: -939.7224 accepted 0
E: -1001.5697 accepted 0
E: -1005.4402 accepted 1
E: -988.0921 accepted 0
E: -983.6349 accepted 0
E: -986.5640 accepted 0
Runtime = 3573.959839


