[[  5.03456167   5.05895098   1.        ]
 [  6.01963465   5.09465255   1.        ]
 [  7.01304915   5.03041627   1.        ]
 [  8.02402953   5.00834895   1.        ]
 [  9.08199402   5.04435989   1.        ]
 [ 10.08877814   5.00612864   1.        ]
 [ 11.05631091   5.017339     1.        ]
 [ 12.07091758   5.01749723   1.        ]
 [ 13.02029251   5.00012994   1.        ]
 [ 14.08483767   5.05874785   1.        ]
 [  5.05961924   6.03622847   1.        ]
 [  6.028044     6.01926332   1.        ]
 [  7.09762347   6.09378538   1.        ]
 [  8.08161096   6.05695049   1.        ]
 [  9.0237727    6.05961587   1.        ]
 [ 10.05565636   6.03647161   1.        ]
 [ 11.04652552   6.05659379   1.        ]
 [ 12.06447106   6.07648578   1.        ]
 [ 13.08991009   6.05107215   1.        ]
 [ 14.01463217   6.01851354   1.        ]
 [  5.04285747   7.03232373   1.        ]
 [  6.06244574   7.06816293   1.        ]
 [  7.06843317   7.04310769   1.        ]
 [  8.07790434   7.06536472   1.        ]
 [  9.0851698    7.02870566   1.        ]
 [ 10.04528097   7.01914387   1.        ]
 [ 11.01750704   7.01415336   1.        ]
 [ 12.03612579   7.00035181   1.        ]
 [ 13.01182293   7.07979438   1.        ]
 [ 14.07916486   7.0715875    1.        ]
 [  5.03529626   8.02531432   1.        ]
 [  6.03809082   8.06793324   1.        ]
 [  7.0055752    8.05910727   1.        ]
 [  8.07258467   8.07208811   1.        ]
 [  9.06697693   8.0061676    1.        ]
 [ 10.00857037   8.05745384   1.        ]
 [ 11.07016981   8.03148902   1.        ]
 [ 12.09105173   8.08370969   1.        ]
 [ 13.0982214    8.05272593   1.        ]
 [ 14.06707286   8.02948133   1.        ]
 [  5.05553978   9.03645578   1.        ]
 [  6.00140825   9.08927035   1.        ]
 [  7.01749675   9.04836945   1.        ]
 [  8.0679179    9.0603846    1.        ]
 [  9.05491591   9.0258212    1.        ]
 [ 10.01372344   9.08310899   1.        ]
 [ 11.083778     9.09804815   1.        ]
 [ 12.05563895   9.05319051   1.        ]
 [ 13.05705286   9.01543698   1.        ]
 [ 14.04346165   9.07666587   1.        ]
 [  5.00982359  10.04170082   1.        ]
 [  6.09930182  10.00464677   1.        ]
 [  7.06488432  10.03521732   1.        ]
 [  8.02585759  10.06541305   1.        ]
 [  9.04917827  10.09047245   1.        ]
 [ 10.03282929  10.03860927   1.        ]
 [ 11.06251967  10.01679711   1.        ]
 [ 12.07926761  10.01785465   1.        ]
 [ 13.07088115  10.05541272   1.        ]
 [ 14.03466017  10.05941921   1.        ]
 [  5.0353828   11.07837926   1.        ]
 [  6.09106598  11.07588814   1.        ]
 [  7.02775222  11.09080234   1.        ]
 [  8.04000448  11.00408563   1.        ]
 [  9.0487993   11.09246032   1.        ]
 [ 10.08504718  11.04106217   1.        ]
 [ 11.08635512  11.02862012   1.        ]
 [ 12.03734162  11.06419707   1.        ]
 [ 13.00605938  11.00340533   1.        ]
 [ 14.04551109  11.01587852   1.        ]
 [  5.06044095  12.07317684   1.        ]
 [  6.03696301  12.01915263   1.        ]
 [  7.0361897   12.00215378   1.        ]
 [  8.09978947  12.05044075   1.        ]
 [  9.02451986  12.0093043    1.        ]
 [ 10.07676503  12.00575924   1.        ]
 [ 11.09422136  12.04643032   1.        ]
 [ 12.0934737   12.08428073   1.        ]
 [ 13.05521066  12.01211074   1.        ]
 [ 14.00202077  12.04709318   1.        ]
 [  5.09898399  13.08494415   1.        ]
 [  6.06136954  13.0143619    1.        ]
 [  7.05983059  13.00461837   1.        ]
 [  8.04339498  13.01756498   1.        ]
 [  9.09495589  13.00981731   1.        ]
 [ 10.09246324  13.02086638   1.        ]
 [ 11.08721532  13.07481457   1.        ]
 [ 12.007579    13.07652834   1.        ]
 [ 13.04783284  13.07129369   1.        ]
 [ 14.00711279  13.00977613   1.        ]
 [  5.05823882  14.0292509    1.        ]
 [  6.05829488  14.03479974   1.        ]
 [  7.04580037  14.08691184   1.        ]
 [  8.09258416  14.00255544   1.        ]
 [  9.07492587  14.03843573   1.        ]
 [ 10.00699102  14.05770699   1.        ]
 [ 11.07771029  14.06370416   1.        ]
 [ 12.04292758  14.09629477   1.        ]
 [ 13.04083586  14.00814199   1.        ]
 [ 14.06134457  14.03265115   1.        ]]
Running basin hopping with paramerters:
PARAMETERS BEGIN

epsilon=1.267161
r0=1.408630
sigma=0.141421
PARAMETERS END


E: -331.4696 accepted 1
E: -332.3057 accepted 1
E: -337.2862 accepted 1
E: -338.6723 accepted 1
E: -350.1714 accepted 1
E: -353.1412 accepted 1
E: -358.5462 accepted 1
E: -370.9213 accepted 1
E: -388.7430 accepted 1
E: -381.9292 accepted 0
E: -386.8933 accepted 0
E: -385.5996 accepted 0
E: -393.4292 accepted 1
E: -391.1808 accepted 0
E: -379.4022 accepted 0
E: -385.5586 accepted 0
E: -384.0570 accepted 0
E: -377.9155 accepted 0
E: -382.2185 accepted 0
Runtime = 4698.238571


