[[  5.03195788   5.05899882   1.        ]
 [  6.07868042   5.08552296   1.        ]
 [  7.01439445   5.03624682   1.        ]
 [  8.09249673   5.06549367   1.        ]
 [  9.09558898   5.07400266   1.        ]
 [ 10.00235365   5.03679023   1.        ]
 [ 11.04297689   5.0800007    1.        ]
 [ 12.09154343   5.06183047   1.        ]
 [ 13.00645173   5.06522106   1.        ]
 [ 14.05497645   5.03557836   1.        ]
 [  5.01204178   6.07302965   1.        ]
 [  6.04059076   6.03954374   1.        ]
 [  7.02729054   6.00878795   1.        ]
 [  8.02773443   6.08757911   1.        ]
 [  9.00184651   6.08877973   1.        ]
 [ 10.0732156    6.00307723   1.        ]
 [ 11.06996815   6.08792845   1.        ]
 [ 12.08078777   6.00491427   1.        ]
 [ 13.01955971   6.08707794   1.        ]
 [ 14.0529401    6.04035745   1.        ]
 [  5.00416939   7.0633433    1.        ]
 [  6.0581777    7.03675859   1.        ]
 [  7.0704072    7.0724       1.        ]
 [  8.03576754   7.04443774   1.        ]
 [  9.04785255   7.04063155   1.        ]
 [ 10.05560171   7.06762248   1.        ]
 [ 11.04961672   7.04534771   1.        ]
 [ 12.01862765   7.01142874   1.        ]
 [ 13.08962426   7.05018749   1.        ]
 [ 14.0484894    7.0326802    1.        ]
 [  5.05724432   8.0207212    1.        ]
 [  6.03763053   8.08005772   1.        ]
 [  7.09463      8.01011958   1.        ]
 [  8.0409542    8.04346839   1.        ]
 [  9.09490008   8.04371393   1.        ]
 [ 10.04089544   8.0904363    1.        ]
 [ 11.05059198   8.04983877   1.        ]
 [ 12.04911181   8.03459753   1.        ]
 [ 13.0820619    8.04333641   1.        ]
 [ 14.06104991   8.06373739   1.        ]
 [  5.06389484   9.03536439   1.        ]
 [  6.02005967   9.05460879   1.        ]
 [  7.03990626   9.06431483   1.        ]
 [  8.0641974    9.0295156    1.        ]
 [  9.06837064   9.07237281   1.        ]
 [ 10.03395087   9.05636579   1.        ]
 [ 11.05468944   9.04347538   1.        ]
 [ 12.0658494    9.00963345   1.        ]
 [ 13.0011132    9.05997756   1.        ]
 [ 14.02099817   9.02531536   1.        ]
 [  5.03777341  10.06166448   1.        ]
 [  6.06360025  10.05353699   1.        ]
 [  7.00167126  10.00425575   1.        ]
 [  8.01730233  10.0036616    1.        ]
 [  9.03132369  10.09890125   1.        ]
 [ 10.05226139  10.02335376   1.        ]
 [ 11.02833972  10.03459797   1.        ]
 [ 12.02252662  10.02328485   1.        ]
 [ 13.0308558   10.07805126   1.        ]
 [ 14.03690352  10.07881577   1.        ]
 [  5.01274422  11.01080521   1.        ]
 [  6.09352619  11.01528899   1.        ]
 [  7.0127673   11.00010331   1.        ]
 [  8.01214127  11.04678385   1.        ]
 [  9.06348167  11.09226225   1.        ]
 [ 10.05764138  11.04344028   1.        ]
 [ 11.09886018  11.04462896   1.        ]
 [ 12.04001686  11.00593514   1.        ]
 [ 13.03327841  11.03649798   1.        ]
 [ 14.09766278  11.04551879   1.        ]
 [  5.07963077  12.04061339   1.        ]
 [  6.02212199  12.04607442   1.        ]
 [  7.04097127  12.09341303   1.        ]
 [  8.09157599  12.07389188   1.        ]
 [  9.07228688  12.0889527    1.        ]
 [ 10.02241944  12.04470093   1.        ]
 [ 11.03689394  12.0420522    1.        ]
 [ 12.02822267  12.01176503   1.        ]
 [ 13.08496685  12.06370364   1.        ]
 [ 14.0253971   12.09136912   1.        ]
 [  5.00006564  13.0057064    1.        ]
 [  6.03591636  13.09333636   1.        ]
 [  7.00080289  13.02434121   1.        ]
 [  8.00005126  13.01946584   1.        ]
 [  9.04091446  13.07330375   1.        ]
 [ 10.02681836  13.05733202   1.        ]
 [ 11.0175348   13.08288166   1.        ]
 [ 12.06320644  13.05014682   1.        ]
 [ 13.05237798  13.06030431   1.        ]
 [ 14.09405524  13.00392143   1.        ]
 [  5.08259158  14.06035823   1.        ]
 [  6.01938239  14.07536463   1.        ]
 [  7.09051053  14.0604601    1.        ]
 [  8.09804414  14.01820722   1.        ]
 [  9.0620337   14.07501712   1.        ]
 [ 10.02117449  14.09596785   1.        ]
 [ 11.05586334  14.05953075   1.        ]
 [ 12.01639244  14.02966029   1.        ]
 [ 13.03094466  14.08772477   1.        ]
 [ 14.09330176  14.04251792   1.        ]]
Running basin hopping with paramerters:
PARAMETERS BEGIN

epsilon=1.012550
r0=1.429005
sigma=0.141421
PARAMETERS END


E: -317.9897 accepted 1
E: -344.9656 accepted 1
E: -338.4028 accepted 0
E: -335.0017 accepted 0
E: -352.2048 accepted 1
E: -350.1390 accepted 0
E: -354.3940 accepted 1
E: -347.4506 accepted 0
E: -355.0939 accepted 1
E: -358.5386 accepted 1
E: -349.3895 accepted 0
E: -353.3212 accepted 0
E: -343.8179 accepted 0
E: -350.5789 accepted 0
E: -350.3370 accepted 0
E: -358.8291 accepted 1
E: -353.9488 accepted 0
E: -349.2542 accepted 0
E: -351.4917 accepted 0
E: -351.5358 accepted 0
E: -353.1850 accepted 0
E: -364.5099 accepted 1
E: -362.2561 accepted 1
E: -356.4512 accepted 0
E: -353.5452 accepted 0
E: -362.0853 accepted 1
E: -361.3308 accepted 0
E: -359.2533 accepted 0
Runtime = 3432.691781


