[[  5.07675365   5.03696009   1.        ]
 [  6.06178338   5.07724678   1.        ]
 [  7.06859218   5.09421443   1.        ]
 [  8.01897836   5.01612218   1.        ]
 [  9.06208286   5.05188999   1.        ]
 [ 10.07149856   5.08595782   1.        ]
 [ 11.00759184   5.04825065   1.        ]
 [ 12.0825883    5.07791189   1.        ]
 [ 13.07844415   5.03737638   1.        ]
 [ 14.08737852   5.0646374    1.        ]
 [  5.0876956    6.09017396   1.        ]
 [  6.03202448   6.06704241   1.        ]
 [  7.08484025   6.09116398   1.        ]
 [  8.05371985   6.06386694   1.        ]
 [  9.03279858   6.09407738   1.        ]
 [ 10.06661542   6.00489401   1.        ]
 [ 11.02313216   6.04247073   1.        ]
 [ 12.03172631   6.08663017   1.        ]
 [ 13.06795013   6.01306335   1.        ]
 [ 14.03057641   6.07485663   1.        ]
 [  5.00775595   7.08560988   1.        ]
 [  6.03161792   7.07670754   1.        ]
 [  7.06118729   7.03226687   1.        ]
 [  8.03042462   7.09353049   1.        ]
 [  9.08811181   7.07794269   1.        ]
 [ 10.09246108   7.06020881   1.        ]
 [ 11.06208644   7.09749933   1.        ]
 [ 12.03304259   7.08503247   1.        ]
 [ 13.03275075   7.00466412   1.        ]
 [ 14.08543701   7.03821105   1.        ]
 [  5.0150216    8.0764378    1.        ]
 [  6.08203319   8.07474669   1.        ]
 [  7.05088267   8.04970335   1.        ]
 [  8.07779864   8.09523355   1.        ]
 [  9.04594373   8.03135282   1.        ]
 [ 10.02003978   8.02973278   1.        ]
 [ 11.0404161    8.05341927   1.        ]
 [ 12.09810976   8.04854223   1.        ]
 [ 13.08792494   8.01529286   1.        ]
 [ 14.06134594   8.0470661    1.        ]
 [  5.02558138   9.08092872   1.        ]
 [  6.01689211   9.00246538   1.        ]
 [  7.01637076   9.01213735   1.        ]
 [  8.09210948   9.02905305   1.        ]
 [  9.01813707   9.07523015   1.        ]
 [ 10.03840988   9.09027875   1.        ]
 [ 11.01369749   9.03896457   1.        ]
 [ 12.02685246   9.03907194   1.        ]
 [ 13.09924903   9.02521136   1.        ]
 [ 14.08183296   9.09190203   1.        ]
 [  5.02021004  10.07496251   1.        ]
 [  6.0883714   10.0066866    1.        ]
 [  7.0508575   10.07699056   1.        ]
 [  8.07691753  10.09733763   1.        ]
 [  9.05369787  10.05904989   1.        ]
 [ 10.09173986  10.07746744   1.        ]
 [ 11.0306047   10.06698997   1.        ]
 [ 12.01820861  10.09985028   1.        ]
 [ 13.02819603  10.08117108   1.        ]
 [ 14.02796348  10.01124433   1.        ]
 [  5.01880188  11.01230552   1.        ]
 [  6.07827367  11.02228768   1.        ]
 [  7.0816739   11.06868258   1.        ]
 [  8.0870756   11.06721088   1.        ]
 [  9.07476919  11.00914907   1.        ]
 [ 10.04828003  11.06755499   1.        ]
 [ 11.03677442  11.09796249   1.        ]
 [ 12.0207654   11.06806414   1.        ]
 [ 13.08712512  11.01313841   1.        ]
 [ 14.06427738  11.08082624   1.        ]
 [  5.06782649  12.04347803   1.        ]
 [  6.03732107  12.09654354   1.        ]
 [  7.09985094  12.09547876   1.        ]
 [  8.00675253  12.02058426   1.        ]
 [  9.07329936  12.0131503    1.        ]
 [ 10.07487594  12.09687767   1.        ]
 [ 11.09584645  12.09626577   1.        ]
 [ 12.03040261  12.05653499   1.        ]
 [ 13.01360337  12.03367708   1.        ]
 [ 14.05962728  12.05685839   1.        ]
 [  5.02327733  13.0126814    1.        ]
 [  6.02378431  13.03477022   1.        ]
 [  7.08179888  13.08987976   1.        ]
 [  8.06330783  13.05552448   1.        ]
 [  9.01363821  13.04259381   1.        ]
 [ 10.05392053  13.00030113   1.        ]
 [ 11.05170117  13.01670197   1.        ]
 [ 12.09309575  13.06183847   1.        ]
 [ 13.01521498  13.0748656    1.        ]
 [ 14.06993086  13.00076374   1.        ]
 [  5.00232661  14.0951346    1.        ]
 [  6.03121095  14.07219361   1.        ]
 [  7.05497003  14.07999331   1.        ]
 [  8.02272365  14.02886253   1.        ]
 [  9.07970853  14.0932772    1.        ]
 [ 10.07891367  14.09925569   1.        ]
 [ 11.00605948  14.05876032   1.        ]
 [ 12.09940333  14.02610683   1.        ]
 [ 13.05225668  14.01625033   1.        ]
 [ 14.00126667  14.0138671    1.        ]]
Running basin hopping with paramerters:
PARAMETERS BEGIN

epsilon=1.287925
r0=1.382248
sigma=0.141421
PARAMETERS END


E: -312.0936 accepted 1
E: -348.5052 accepted 1
E: -350.2990 accepted 1
E: -360.4583 accepted 1
E: -358.0441 accepted 0
E: -360.9724 accepted 1
E: -364.7498 accepted 1
E: -359.0375 accepted 0
E: -363.8969 accepted 0
E: -364.9779 accepted 1
E: -366.2936 accepted 1
E: -374.3677 accepted 1
E: -368.5150 accepted 0
E: -380.9050 accepted 1
E: -374.3533 accepted 0
E: -377.1238 accepted 0
E: -369.8492 accepted 0
E: -382.6359 accepted 1
E: -375.2270 accepted 0
E: -381.7837 accepted 1
E: -372.6814 accepted 0
E: -379.5574 accepted 0
E: -387.7029 accepted 1
E: -382.2990 accepted 0
E: -377.5906 accepted 0
E: -372.4875 accepted 0
E: -383.9191 accepted 0
E: -380.0877 accepted 0
E: -389.1770 accepted 1
E: -393.0103 accepted 1
E: -393.5354 accepted 1
E: 168224.9084 accepted 0
E: -389.8042 accepted 0
E: -385.1476 accepted 0
E: -385.4686 accepted 0
E: -385.1950 accepted 0
E: -384.2757 accepted 0
Runtime = 5427.967721


