[[  5.00109387   5.06279262   1.        ]
 [  6.07749073   5.08176514   1.        ]
 [  7.03017395   5.02086228   1.        ]
 [  8.01585871   5.07726525   1.        ]
 [  9.09235196   5.08700665   1.        ]
 [ 10.02921869   5.0659057    1.        ]
 [ 11.03253541   5.09091349   1.        ]
 [ 12.06938152   5.09445765   1.        ]
 [ 13.09069923   5.06864748   1.        ]
 [ 14.03200473   5.06566331   1.        ]
 [  5.03850003   6.01746389   1.        ]
 [  6.01774273   6.02397884   1.        ]
 [  7.00529715   6.0902972    1.        ]
 [  8.095566     6.08945714   1.        ]
 [  9.0390526    6.08411361   1.        ]
 [ 10.03106961   6.0205019    1.        ]
 [ 11.08329792   6.08824739   1.        ]
 [ 12.02700385   6.01429955   1.        ]
 [ 13.03022673   6.01475243   1.        ]
 [ 14.04077454   6.05161579   1.        ]
 [  5.03651205   7.01167087   1.        ]
 [  6.05155382   7.00141612   1.        ]
 [  7.03857123   7.02856504   1.        ]
 [  8.08485786   7.04171046   1.        ]
 [  9.01948685   7.07713751   1.        ]
 [ 10.09561504   7.03762258   1.        ]
 [ 11.01653858   7.04310971   1.        ]
 [ 12.01649478   7.08557046   1.        ]
 [ 13.04854651   7.08576298   1.        ]
 [ 14.0759116    7.05860627   1.        ]
 [  5.01290728   8.00816293   1.        ]
 [  6.08674775   8.06041047   1.        ]
 [  7.09875269   8.0925523    1.        ]
 [  8.03033181   8.01696095   1.        ]
 [  9.03727116   8.09286345   1.        ]
 [ 10.04018753   8.01457851   1.        ]
 [ 11.03188119   8.093994     1.        ]
 [ 12.03768065   8.08490616   1.        ]
 [ 13.00390445   8.02631282   1.        ]
 [ 14.09829482   8.05697986   1.        ]
 [  5.08081575   9.02853837   1.        ]
 [  6.08627425   9.00791718   1.        ]
 [  7.02861644   9.06329463   1.        ]
 [  8.09943341   9.06261694   1.        ]
 [  9.02521005   9.08481837   1.        ]
 [ 10.06710153   9.08325928   1.        ]
 [ 11.01996896   9.04032979   1.        ]
 [ 12.00725205   9.00215558   1.        ]
 [ 13.06436907   9.03345101   1.        ]
 [ 14.07091901   9.00215705   1.        ]
 [  5.00266311  10.09514701   1.        ]
 [  6.00694489  10.08704513   1.        ]
 [  7.06261169  10.00639193   1.        ]
 [  8.03145411  10.03456551   1.        ]
 [  9.04958343  10.01332299   1.        ]
 [ 10.02138524  10.05743736   1.        ]
 [ 11.0300923   10.06087768   1.        ]
 [ 12.0840849   10.03716628   1.        ]
 [ 13.07846847  10.04153318   1.        ]
 [ 14.08710403  10.09625152   1.        ]
 [  5.02550967  11.06470593   1.        ]
 [  6.05688182  11.09968435   1.        ]
 [  7.08849545  11.00076617   1.        ]
 [  8.02574245  11.06825801   1.        ]
 [  9.02864415  11.06413878   1.        ]
 [ 10.04071787  11.02982514   1.        ]
 [ 11.02775281  11.04301913   1.        ]
 [ 12.04276267  11.09048912   1.        ]
 [ 13.04310037  11.00343777   1.        ]
 [ 14.01602487  11.04928742   1.        ]
 [  5.04885279  12.04705855   1.        ]
 [  6.06063621  12.00146117   1.        ]
 [  7.0635071   12.03928372   1.        ]
 [  8.00623295  12.06780524   1.        ]
 [  9.04370989  12.09830616   1.        ]
 [ 10.04783679  12.06368886   1.        ]
 [ 11.07951926  12.02142896   1.        ]
 [ 12.03042521  12.07707945   1.        ]
 [ 13.04120769  12.08167107   1.        ]
 [ 14.08850913  12.08984327   1.        ]
 [  5.04116596  13.05489218   1.        ]
 [  6.00029035  13.06806026   1.        ]
 [  7.09438503  13.02799958   1.        ]
 [  8.08428528  13.09017813   1.        ]
 [  9.02456123  13.0088952    1.        ]
 [ 10.07818591  13.00017909   1.        ]
 [ 11.05231684  13.0051302    1.        ]
 [ 12.08198892  13.08273294   1.        ]
 [ 13.05338724  13.06168879   1.        ]
 [ 14.01154794  13.08800706   1.        ]
 [  5.00838656  14.0753444    1.        ]
 [  6.09141997  14.05511758   1.        ]
 [  7.00535524  14.04522878   1.        ]
 [  8.09313579  14.00961948   1.        ]
 [  9.03405243  14.02834857   1.        ]
 [ 10.06897364  14.0073245    1.        ]
 [ 11.0332508   14.02357768   1.        ]
 [ 12.08160142  14.05086292   1.        ]
 [ 13.00604887  14.06376489   1.        ]
 [ 14.09581295  14.05856003   1.        ]]
Running basin hopping with paramerters:
PARAMETERS BEGIN

epsilon=0.777646
r0=1.449586
sigma=0.141421
PARAMETERS END


E: -316.6431 accepted 1
E: -314.4079 accepted 0
E: -319.8701 accepted 1
E: -319.5148 accepted 0
E: -313.5989 accepted 0
E: -319.0047 accepted 1
E: -321.5063 accepted 1
E: -315.5358 accepted 0
E: -320.8249 accepted 0
E: -314.6224 accepted 0
E: -319.7338 accepted 1
E: -322.6932 accepted 1
E: -322.6238 accepted 1
E: -322.4769 accepted 1
E: -325.5481 accepted 1
E: -317.0490 accepted 0
E: -323.9196 accepted 0
E: -328.0850 accepted 1
E: -319.7252 accepted 0
E: -320.0697 accepted 0
E: -324.1863 accepted 0
E: -322.3076 accepted 0
E: -326.7576 accepted 0
E: -320.9266 accepted 0
Runtime = 3295.085745


