[[  5.03877693   5.01542307   1.        ]
 [  6.04688145   5.03956251   1.        ]
 [  7.01308656   5.05127948   1.        ]
 [  8.00531917   5.08879217   1.        ]
 [  9.04500812   5.08758093   1.        ]
 [ 10.01986616   5.06402466   1.        ]
 [ 11.04328862   5.07716653   1.        ]
 [ 12.00019391   5.06248382   1.        ]
 [ 13.04916308   5.05486718   1.        ]
 [ 14.07088298   5.09289046   1.        ]
 [  5.00947164   6.04097317   1.        ]
 [  6.07774427   6.0499028    1.        ]
 [  7.07438286   6.00248944   1.        ]
 [  8.03064568   6.07238597   1.        ]
 [  9.00186073   6.04832148   1.        ]
 [ 10.09375354   6.05132136   1.        ]
 [ 11.08966044   6.0391376    1.        ]
 [ 12.07732744   6.08277262   1.        ]
 [ 13.07843494   6.04783141   1.        ]
 [ 14.03613522   6.03761314   1.        ]
 [  5.03984615   7.02583892   1.        ]
 [  6.07004701   7.09395712   1.        ]
 [  7.03041436   7.03583606   1.        ]
 [  8.0891609    7.04699566   1.        ]
 [  9.03325406   7.00846616   1.        ]
 [ 10.03437608   7.06965973   1.        ]
 [ 11.06459043   7.0879244    1.        ]
 [ 12.00000787   7.0655862    1.        ]
 [ 13.06853165   7.03624011   1.        ]
 [ 14.05190466   7.08330259   1.        ]
 [  5.0582113    8.0563744    1.        ]
 [  6.05976883   8.07607587   1.        ]
 [  7.03042082   8.07682527   1.        ]
 [  8.0670006    8.07642271   1.        ]
 [  9.06756596   8.00108796   1.        ]
 [ 10.01412135   8.01434043   1.        ]
 [ 11.06161006   8.09212546   1.        ]
 [ 12.04508976   8.04457935   1.        ]
 [ 13.06804298   8.09013875   1.        ]
 [ 14.08166522   8.04029855   1.        ]
 [  5.07813181   9.03199149   1.        ]
 [  6.03830738   9.07912459   1.        ]
 [  7.04780192   9.05736829   1.        ]
 [  8.0989625    9.07473804   1.        ]
 [  9.08086569   9.05170482   1.        ]
 [ 10.01189763   9.08424217   1.        ]
 [ 11.04532227   9.09231434   1.        ]
 [ 12.05534377   9.06902754   1.        ]
 [ 13.08586413   9.09040698   1.        ]
 [ 14.07554435   9.01599396   1.        ]
 [  5.0274751   10.01897759   1.        ]
 [  6.09970329  10.05469083   1.        ]
 [  7.01813235  10.00221664   1.        ]
 [  8.09634709  10.09990232   1.        ]
 [  9.05558749  10.03324192   1.        ]
 [ 10.00762403  10.08943524   1.        ]
 [ 11.0479562   10.03273694   1.        ]
 [ 12.06718276  10.00107795   1.        ]
 [ 13.02944483  10.08990117   1.        ]
 [ 14.06397392  10.01473084   1.        ]
 [  5.04285906  11.05350802   1.        ]
 [  6.01172568  11.0546081    1.        ]
 [  7.0851936   11.01066056   1.        ]
 [  8.05645426  11.0114487    1.        ]
 [  9.04152983  11.05715499   1.        ]
 [ 10.00549208  11.06880479   1.        ]
 [ 11.00435493  11.03476639   1.        ]
 [ 12.06656116  11.06869625   1.        ]
 [ 13.09163403  11.09023915   1.        ]
 [ 14.0333241   11.02830225   1.        ]
 [  5.00657179  12.0799766    1.        ]
 [  6.00753306  12.04856454   1.        ]
 [  7.01997762  12.00655979   1.        ]
 [  8.0931221   12.01796232   1.        ]
 [  9.02958855  12.03810726   1.        ]
 [ 10.0771197   12.08371075   1.        ]
 [ 11.05948282  12.04611507   1.        ]
 [ 12.01381546  12.0468486    1.        ]
 [ 13.06221445  12.02571472   1.        ]
 [ 14.0723474   12.07803467   1.        ]
 [  5.02731518  13.04717316   1.        ]
 [  6.08221917  13.08514913   1.        ]
 [  7.02780829  13.03720583   1.        ]
 [  8.05167012  13.00259565   1.        ]
 [  9.08914016  13.03409762   1.        ]
 [ 10.03819084  13.05728997   1.        ]
 [ 11.0664205   13.02429021   1.        ]
 [ 12.07649089  13.07989642   1.        ]
 [ 13.03046272  13.05903465   1.        ]
 [ 14.07495757  13.01135014   1.        ]
 [  5.00823278  14.04647255   1.        ]
 [  6.08174999  14.05583916   1.        ]
 [  7.06715305  14.08509414   1.        ]
 [  8.03105857  14.04801647   1.        ]
 [  9.05022435  14.09493851   1.        ]
 [ 10.05210831  14.08107324   1.        ]
 [ 11.02610888  14.08476396   1.        ]
 [ 12.0716865   14.05684602   1.        ]
 [ 13.01922395  14.09966496   1.        ]
 [ 14.08209922  14.01465589   1.        ]]
Running basin hopping with paramerters:
PARAMETERS BEGIN

epsilon=0.711714
r0=1.364672
sigma=0.141421
PARAMETERS END


E: -291.5388 accepted 1
E: -296.1172 accepted 1
E: -304.6321 accepted 1
E: -303.7249 accepted 0
E: -313.1387 accepted 1
E: -308.3681 accepted 0
E: -312.8649 accepted 1
E: -310.7623 accepted 0
E: -311.8617 accepted 0
E: -313.2110 accepted 1
E: -312.8800 accepted 1
E: -307.7118 accepted 0
E: -305.9048 accepted 0
E: -308.7058 accepted 0
E: -303.1044 accepted 0
E: -313.6791 accepted 1
E: -306.1012 accepted 0
E: -305.9115 accepted 0
E: -309.0654 accepted 0
E: -313.7025 accepted 1
E: -308.8206 accepted 0
E: -314.6427 accepted 1
E: -303.5356 accepted 0
E: -306.5409 accepted 0
E: -299.1457 accepted 0
E: -316.0737 accepted 1
E: -312.7151 accepted 0
E: -314.3315 accepted 0
E: -314.6624 accepted 0
E: -313.8095 accepted 0
E: -307.9166 accepted 0
E: -304.1199 accepted 0
Runtime = 5013.513869


