[[  5.05908637   5.04865949   1.        ]
 [  6.03601903   5.04733589   1.        ]
 [  7.02512499   5.02571238   1.        ]
 [  8.00311103   5.06762655   1.        ]
 [  9.01540324   5.06200307   1.        ]
 [ 10.0053405    5.00628001   1.        ]
 [ 11.09850638   5.07100531   1.        ]
 [ 12.08393558   5.09450574   1.        ]
 [ 13.07132422   5.04061082   1.        ]
 [ 14.00754544   5.05016498   1.        ]
 [  5.03242189   6.0871589    1.        ]
 [  6.05092331   6.00424649   1.        ]
 [  7.00811941   6.02260748   1.        ]
 [  8.03307392   6.02849299   1.        ]
 [  9.06145952   6.00605445   1.        ]
 [ 10.01761503   6.04558238   1.        ]
 [ 11.05877732   6.07144242   1.        ]
 [ 12.0452188    6.05790989   1.        ]
 [ 13.0115867    6.09424805   1.        ]
 [ 14.06372835   6.07876183   1.        ]
 [  5.01557252   7.08921878   1.        ]
 [  6.00166813   7.04460263   1.        ]
 [  7.04124328   7.01941947   1.        ]
 [  8.08151665   7.02949294   1.        ]
 [  9.03531022   7.00947449   1.        ]
 [ 10.06654679   7.04252251   1.        ]
 [ 11.02163169   7.01112587   1.        ]
 [ 12.04973282   7.0086094    1.        ]
 [ 13.02987441   7.09850028   1.        ]
 [ 14.0469136    7.02492689   1.        ]
 [  5.02242845   8.07298912   1.        ]
 [  6.08957061   8.06228853   1.        ]
 [  7.05474726   8.09891093   1.        ]
 [  8.04870449   8.07867632   1.        ]
 [  9.00702379   8.08956138   1.        ]
 [ 10.09567391   8.0635299    1.        ]
 [ 11.00091994   8.04896055   1.        ]
 [ 12.04404188   8.01369633   1.        ]
 [ 13.06826702   8.04738201   1.        ]
 [ 14.09497274   8.02248475   1.        ]
 [  5.07732373   9.06297738   1.        ]
 [  6.03015848   9.0968006    1.        ]
 [  7.06302277   9.09297855   1.        ]
 [  8.06871101   9.03974307   1.        ]
 [  9.08715257   9.02284577   1.        ]
 [ 10.03914091   9.01069492   1.        ]
 [ 11.09069119   9.07999822   1.        ]
 [ 12.06129605   9.0729045    1.        ]
 [ 13.07214158   9.09484191   1.        ]
 [ 14.01424121   9.06307466   1.        ]
 [  5.06696416  10.01296198   1.        ]
 [  6.08983802  10.08567055   1.        ]
 [  7.04192656  10.0097888    1.        ]
 [  8.02969653  10.03247369   1.        ]
 [  9.00736669  10.06797642   1.        ]
 [ 10.01956484  10.0005507    1.        ]
 [ 11.00629422  10.06652979   1.        ]
 [ 12.01146799  10.0345488    1.        ]
 [ 13.03535352  10.0368937    1.        ]
 [ 14.02911081  10.0673789    1.        ]
 [  5.09688895  11.00593884   1.        ]
 [  6.01239397  11.07182432   1.        ]
 [  7.08038967  11.09100088   1.        ]
 [  8.08184599  11.04128808   1.        ]
 [  9.0743229   11.00310555   1.        ]
 [ 10.01791987  11.09246766   1.        ]
 [ 11.04474262  11.08252114   1.        ]
 [ 12.00582123  11.03081688   1.        ]
 [ 13.01126273  11.0192614    1.        ]
 [ 14.08188819  11.0902304    1.        ]
 [  5.06857081  12.04900415   1.        ]
 [  6.03855653  12.05413318   1.        ]
 [  7.02196452  12.04170412   1.        ]
 [  8.05279209  12.04367907   1.        ]
 [  9.03395167  12.07008993   1.        ]
 [ 10.01217438  12.01104092   1.        ]
 [ 11.09507572  12.06001651   1.        ]
 [ 12.0501283   12.05506095   1.        ]
 [ 13.07345446  12.08662762   1.        ]
 [ 14.0958315   12.00701903   1.        ]
 [  5.09582407  13.04764429   1.        ]
 [  6.05699526  13.07042317   1.        ]
 [  7.09199822  13.04912606   1.        ]
 [  8.07848636  13.06861896   1.        ]
 [  9.07920696  13.03378043   1.        ]
 [ 10.05325271  13.09215363   1.        ]
 [ 11.01004492  13.01589936   1.        ]
 [ 12.05785333  13.00006447   1.        ]
 [ 13.05333342  13.03888241   1.        ]
 [ 14.00170542  13.05249697   1.        ]
 [  5.05302952  14.06952792   1.        ]
 [  6.06380943  14.02950404   1.        ]
 [  7.03776455  14.00096326   1.        ]
 [  8.08449977  14.01124428   1.        ]
 [  9.06982482  14.09789865   1.        ]
 [ 10.08375754  14.05539734   1.        ]
 [ 11.01411586  14.0389096    1.        ]
 [ 12.03179668  14.07322302   1.        ]
 [ 13.08258069  14.00599429   1.        ]
 [ 14.05408437  14.0021312    1.        ]]
Running basin hopping with paramerters:
PARAMETERS BEGIN

epsilon=0.873320
r0=1.355558
sigma=0.141421
PARAMETERS END


E: -290.2599 accepted 1
E: -312.6696 accepted 1
E: -323.0663 accepted 1
E: -319.2060 accepted 0
E: -330.6271 accepted 1
E: -337.5720 accepted 1
E: -334.8949 accepted 0
E: -329.5221 accepted 0
E: -331.6056 accepted 0
E: -332.8213 accepted 0
E: -333.4003 accepted 0
E: -331.5358 accepted 0
Runtime = 3330.077965


