[[  5.02769143   5.04083407   1.        ]
 [  6.08117822   5.07019865   1.        ]
 [  7.01821338   5.09008179   1.        ]
 [  8.08515023   5.07835679   1.        ]
 [  9.05100414   5.05195532   1.        ]
 [ 10.03034371   5.02967239   1.        ]
 [ 11.06351275   5.03913445   1.        ]
 [ 12.0587716    5.07001852   1.        ]
 [ 13.05909903   5.07511321   1.        ]
 [ 14.00499175   5.06336145   1.        ]
 [  5.01194552   6.03435161   1.        ]
 [  6.09970741   6.06362336   1.        ]
 [  7.07919558   6.06636988   1.        ]
 [  8.0078955    6.02651571   1.        ]
 [  9.01574227   6.01285816   1.        ]
 [ 10.03859875   6.00660352   1.        ]
 [ 11.07309242   6.0360864    1.        ]
 [ 12.02780108   6.09175751   1.        ]
 [ 13.04445992   6.05652737   1.        ]
 [ 14.09718579   6.06262286   1.        ]
 [  5.09318518   7.04012754   1.        ]
 [  6.09285249   7.06164603   1.        ]
 [  7.01366601   7.04100364   1.        ]
 [  8.01244841   7.01291724   1.        ]
 [  9.03166475   7.05183186   1.        ]
 [ 10.09404931   7.08901613   1.        ]
 [ 11.07077407   7.09587445   1.        ]
 [ 12.01630923   7.04707517   1.        ]
 [ 13.05204085   7.08920918   1.        ]
 [ 14.0291235    7.00393382   1.        ]
 [  5.08341313   8.0811217    1.        ]
 [  6.03983426   8.04628072   1.        ]
 [  7.00956549   8.0480321    1.        ]
 [  8.03534712   8.08984018   1.        ]
 [  9.02252551   8.00926008   1.        ]
 [ 10.00269797   8.06946055   1.        ]
 [ 11.05324562   8.0998531    1.        ]
 [ 12.05537515   8.02493831   1.        ]
 [ 13.02513072   8.06383637   1.        ]
 [ 14.07953948   8.05407425   1.        ]
 [  5.09779541   9.07422634   1.        ]
 [  6.04433827   9.07526832   1.        ]
 [  7.07315679   9.02591802   1.        ]
 [  8.09742913   9.06504015   1.        ]
 [  9.03471257   9.06418764   1.        ]
 [ 10.06930455   9.06372084   1.        ]
 [ 11.08710711   9.00840262   1.        ]
 [ 12.0618102    9.07831734   1.        ]
 [ 13.02013699   9.06789022   1.        ]
 [ 14.02903425   9.03886608   1.        ]
 [  5.05652718  10.07960947   1.        ]
 [  6.06790263  10.01573276   1.        ]
 [  7.08697292  10.06035737   1.        ]
 [  8.02346201  10.09236797   1.        ]
 [  9.03910396  10.03757041   1.        ]
 [ 10.0361716   10.08999983   1.        ]
 [ 11.06168828  10.01042197   1.        ]
 [ 12.08193395  10.00889733   1.        ]
 [ 13.03115306  10.08680402   1.        ]
 [ 14.07154117  10.09990565   1.        ]
 [  5.07924629  11.05409371   1.        ]
 [  6.06008333  11.00352809   1.        ]
 [  7.0474782   11.00121019   1.        ]
 [  8.08466167  11.02366535   1.        ]
 [  9.04341799  11.02704612   1.        ]
 [ 10.00104371  11.02311268   1.        ]
 [ 11.08418956  11.02762486   1.        ]
 [ 12.01188961  11.01053094   1.        ]
 [ 13.06952151  11.00710549   1.        ]
 [ 14.02090862  11.05786982   1.        ]
 [  5.04562025  12.0422562    1.        ]
 [  6.09662161  12.05606192   1.        ]
 [  7.0438159   12.07603423   1.        ]
 [  8.02449043  12.01994889   1.        ]
 [  9.0564898   12.09001946   1.        ]
 [ 10.05344862  12.06910333   1.        ]
 [ 11.03367825  12.04863009   1.        ]
 [ 12.01924786  12.01188775   1.        ]
 [ 13.0571651   12.0174496    1.        ]
 [ 14.05881516  12.00071747   1.        ]
 [  5.01664837  13.08831045   1.        ]
 [  6.06820756  13.07989257   1.        ]
 [  7.04909523  13.02067893   1.        ]
 [  8.04193445  13.02924904   1.        ]
 [  9.02888632  13.02828735   1.        ]
 [ 10.06097816  13.05961105   1.        ]
 [ 11.00459437  13.02435276   1.        ]
 [ 12.08203485  13.06489116   1.        ]
 [ 13.01817199  13.06670772   1.        ]
 [ 14.00158022  13.04344955   1.        ]
 [  5.05297165  14.08033276   1.        ]
 [  6.00605141  14.08644973   1.        ]
 [  7.01928275  14.01190657   1.        ]
 [  8.01447026  14.03670779   1.        ]
 [  9.03128843  14.0621861    1.        ]
 [ 10.01722824  14.00638578   1.        ]
 [ 11.08189876  14.03942013   1.        ]
 [ 12.08929814  14.05610394   1.        ]
 [ 13.09115906  14.05906056   1.        ]
 [ 14.08715425  14.01322766   1.        ]]
Running basin hopping with paramerters:
PARAMETERS BEGIN

epsilon=0.910125
r0=1.418656
sigma=0.141421
PARAMETERS END


E: -299.7664 accepted 1
E: -301.0289 accepted 1
E: -306.8832 accepted 1
E: -323.5431 accepted 1
E: -331.3768 accepted 1
E: -327.0820 accepted 0
E: -338.2598 accepted 1
E: -335.3448 accepted 0
E: -333.4264 accepted 0
E: -332.7393 accepted 0
E: -324.9779 accepted 0
E: -342.6776 accepted 1
E: -336.0212 accepted 0
E: -342.8081 accepted 1
E: -334.9686 accepted 0
E: -335.4136 accepted 0
E: -335.1998 accepted 0
E: -334.5892 accepted 0
E: -340.1006 accepted 0
E: -336.1873 accepted 0
Runtime = 3583.692779


