[[  5.08982596   5.07912299   1.        ]
 [  6.03655937   5.08208431   1.        ]
 [  7.01661177   5.03537296   1.        ]
 [  8.01668731   5.06587439   1.        ]
 [  9.08461057   5.03048847   1.        ]
 [ 10.03173131   5.01187781   1.        ]
 [ 11.07288904   5.09893019   1.        ]
 [ 12.05779001   5.08472468   1.        ]
 [ 13.06692295   5.02045473   1.        ]
 [ 14.02207345   5.01699574   1.        ]
 [  5.06043181   6.07894809   1.        ]
 [  6.09841167   6.00344471   1.        ]
 [  7.09773194   6.03743657   1.        ]
 [  8.03965404   6.00966035   1.        ]
 [  9.06274901   6.05952342   1.        ]
 [ 10.01806501   6.03012185   1.        ]
 [ 11.0319549    6.02954922   1.        ]
 [ 12.06231235   6.06984633   1.        ]
 [ 13.064872     6.07188247   1.        ]
 [ 14.02907475   6.03698484   1.        ]
 [  5.07344909   7.03612412   1.        ]
 [  6.02694242   7.02183203   1.        ]
 [  7.03870979   7.00534299   1.        ]
 [  8.0829459    7.0279871    1.        ]
 [  9.08903608   7.00875587   1.        ]
 [ 10.09525438   7.03704125   1.        ]
 [ 11.08314048   7.04640473   1.        ]
 [ 12.04173099   7.0022333    1.        ]
 [ 13.07590748   7.08659255   1.        ]
 [ 14.09013145   7.04382552   1.        ]
 [  5.04242316   8.09238588   1.        ]
 [  6.00090007   8.07938646   1.        ]
 [  7.04110131   8.06011354   1.        ]
 [  8.09366169   8.07664464   1.        ]
 [  9.00596169   8.08104137   1.        ]
 [ 10.06965295   8.08989246   1.        ]
 [ 11.08861097   8.09671392   1.        ]
 [ 12.05702781   8.00245128   1.        ]
 [ 13.0976139    8.07804338   1.        ]
 [ 14.08501487   8.02479586   1.        ]
 [  5.08376949   9.06915507   1.        ]
 [  6.05659444   9.01810102   1.        ]
 [  7.08948018   9.07808922   1.        ]
 [  8.09358049   9.04315359   1.        ]
 [  9.05875985   9.04497842   1.        ]
 [ 10.05913725   9.0692085    1.        ]
 [ 11.08846183   9.03997607   1.        ]
 [ 12.06138213   9.08271101   1.        ]
 [ 13.02217995   9.05043729   1.        ]
 [ 14.07628923   9.06310387   1.        ]
 [  5.08972112  10.04459229   1.        ]
 [  6.05202506  10.06416792   1.        ]
 [  7.06775052  10.06924797   1.        ]
 [  8.08460302  10.04661201   1.        ]
 [  9.07343066  10.03866552   1.        ]
 [ 10.01086389  10.04311734   1.        ]
 [ 11.04381678  10.08985317   1.        ]
 [ 12.09436137  10.0257022    1.        ]
 [ 13.08239976  10.00764476   1.        ]
 [ 14.02079184  10.05448809   1.        ]
 [  5.00197966  11.05711286   1.        ]
 [  6.04324339  11.00272191   1.        ]
 [  7.09080662  11.02315727   1.        ]
 [  8.00025513  11.09857677   1.        ]
 [  9.09173345  11.04355831   1.        ]
 [ 10.07108963  11.09958981   1.        ]
 [ 11.07837139  11.08307612   1.        ]
 [ 12.01879309  11.09688055   1.        ]
 [ 13.08231544  11.05929396   1.        ]
 [ 14.07548901  11.04423371   1.        ]
 [  5.04295979  12.01873721   1.        ]
 [  6.01121599  12.05500916   1.        ]
 [  7.05601072  12.06695098   1.        ]
 [  8.03257835  12.03964339   1.        ]
 [  9.00491733  12.03834375   1.        ]
 [ 10.05613665  12.03388353   1.        ]
 [ 11.0286643   12.07416195   1.        ]
 [ 12.04658094  12.00312517   1.        ]
 [ 13.0551619   12.02540042   1.        ]
 [ 14.06450978  12.06499624   1.        ]
 [  5.05274058  13.09031648   1.        ]
 [  6.08552002  13.03787493   1.        ]
 [  7.04230009  13.01131339   1.        ]
 [  8.05971846  13.04668035   1.        ]
 [  9.0977377   13.03158498   1.        ]
 [ 10.02581122  13.06305071   1.        ]
 [ 11.0106325   13.0464058    1.        ]
 [ 12.07904033  13.05925328   1.        ]
 [ 13.07829459  13.0888325    1.        ]
 [ 14.06774225  13.09348294   1.        ]
 [  5.05515619  14.01071074   1.        ]
 [  6.0237493   14.0506039    1.        ]
 [  7.09303408  14.00672736   1.        ]
 [  8.07338828  14.05497622   1.        ]
 [  9.09937981  14.05758335   1.        ]
 [ 10.07540079  14.07432248   1.        ]
 [ 11.0074582   14.09795643   1.        ]
 [ 12.08187928  14.08734982   1.        ]
 [ 13.08022879  14.00343045   1.        ]
 [ 14.09537928  14.01195171   1.        ]]
Running basin hopping with paramerters:
PARAMETERS BEGIN

epsilon=1.028974
r0=1.386565
sigma=0.141421
PARAMETERS END


E: -332.3378 accepted 1
E: -296.7873 accepted 0
E: -333.0945 accepted 1
E: -357.6500 accepted 1
E: -351.8042 accepted 0
E: -358.7026 accepted 1
E: -360.3296 accepted 1
E: -351.9806 accepted 0
E: -353.9685 accepted 0
E: -353.9317 accepted 0
E: -363.1908 accepted 1
E: -357.5368 accepted 0
E: -356.7170 accepted 0
E: -348.1606 accepted 0
E: -355.3909 accepted 0
E: -357.1990 accepted 0
E: -360.3903 accepted 0
Runtime = 2453.325858


