[[  5.0276919    5.0922602    1.        ]
 [  6.06579079   5.00106182   1.        ]
 [  7.0662987    5.04865228   1.        ]
 [  8.03381577   5.00682268   1.        ]
 [  9.08557919   5.04532154   1.        ]
 [ 10.03299516   5.01416555   1.        ]
 [ 11.03734747   5.00659263   1.        ]
 [ 12.04261411   5.06169548   1.        ]
 [ 13.03888363   5.0553282    1.        ]
 [ 14.08757552   5.07044302   1.        ]
 [  5.02146046   6.01143682   1.        ]
 [  6.09882883   6.0196474    1.        ]
 [  7.07249851   6.02186161   1.        ]
 [  8.08955038   6.03044913   1.        ]
 [  9.03194969   6.08682498   1.        ]
 [ 10.07143717   6.00839723   1.        ]
 [ 11.05579841   6.06125216   1.        ]
 [ 12.045928     6.05951145   1.        ]
 [ 13.07842295   6.09166639   1.        ]
 [ 14.03995688   6.05258259   1.        ]
 [  5.0710521    7.08376057   1.        ]
 [  6.04275392   7.09353994   1.        ]
 [  7.05281217   7.00600398   1.        ]
 [  8.01300832   7.02700482   1.        ]
 [  9.06852649   7.00561662   1.        ]
 [ 10.07900455   7.08848915   1.        ]
 [ 11.04766017   7.01341898   1.        ]
 [ 12.03239827   7.03993101   1.        ]
 [ 13.07861629   7.08293509   1.        ]
 [ 14.08882265   7.06662092   1.        ]
 [  5.06879007   8.08457749   1.        ]
 [  6.05186247   8.0180839    1.        ]
 [  7.06672681   8.00269741   1.        ]
 [  8.06055914   8.09103865   1.        ]
 [  9.01976535   8.00706394   1.        ]
 [ 10.04886664   8.05497296   1.        ]
 [ 11.07887456   8.09543233   1.        ]
 [ 12.04905774   8.06758572   1.        ]
 [ 13.06747617   8.06716271   1.        ]
 [ 14.04409494   8.02747851   1.        ]
 [  5.02056131   9.01987878   1.        ]
 [  6.04788465   9.04907401   1.        ]
 [  7.031134     9.03617623   1.        ]
 [  8.0734903    9.01353548   1.        ]
 [  9.06028264   9.03519091   1.        ]
 [ 10.04612122   9.04325657   1.        ]
 [ 11.0112665    9.05174279   1.        ]
 [ 12.0256714    9.00544288   1.        ]
 [ 13.03567299   9.07838117   1.        ]
 [ 14.08528624   9.03712459   1.        ]
 [  5.00717072  10.01179211   1.        ]
 [  6.09625525  10.00314692   1.        ]
 [  7.05853219  10.0690913    1.        ]
 [  8.06460133  10.051581     1.        ]
 [  9.08332882  10.02054237   1.        ]
 [ 10.08511688  10.07228985   1.        ]
 [ 11.00203445  10.05761693   1.        ]
 [ 12.08924795  10.00194653   1.        ]
 [ 13.09326071  10.01287583   1.        ]
 [ 14.09886486  10.02301224   1.        ]
 [  5.05609785  11.05923469   1.        ]
 [  6.09549786  11.00295474   1.        ]
 [  7.0448768   11.01351046   1.        ]
 [  8.06454379  11.04340369   1.        ]
 [  9.07079934  11.05501511   1.        ]
 [ 10.0347274   11.09897028   1.        ]
 [ 11.05159996  11.09874996   1.        ]
 [ 12.02519933  11.09403931   1.        ]
 [ 13.07409761  11.04912954   1.        ]
 [ 14.05501482  11.05808061   1.        ]
 [  5.00448664  12.05665785   1.        ]
 [  6.07161327  12.00256914   1.        ]
 [  7.06956168  12.04092069   1.        ]
 [  8.06235063  12.04532328   1.        ]
 [  9.09567953  12.04071913   1.        ]
 [ 10.02058968  12.02354974   1.        ]
 [ 11.03234386  12.00203129   1.        ]
 [ 12.00918209  12.02988216   1.        ]
 [ 13.01733569  12.00280456   1.        ]
 [ 14.00854961  12.04239846   1.        ]
 [  5.0236069   13.00031773   1.        ]
 [  6.07173556  13.00715855   1.        ]
 [  7.05125488  13.050655     1.        ]
 [  8.01877589  13.02673557   1.        ]
 [  9.08610354  13.01038312   1.        ]
 [ 10.0970204   13.07726247   1.        ]
 [ 11.0965965   13.06445861   1.        ]
 [ 12.08032811  13.0995088    1.        ]
 [ 13.06078039  13.08334075   1.        ]
 [ 14.06170345  13.04401972   1.        ]
 [  5.08213509  14.01288126   1.        ]
 [  6.07389394  14.03226499   1.        ]
 [  7.05945111  14.04964872   1.        ]
 [  8.07624827  14.08148133   1.        ]
 [  9.057141    14.03750777   1.        ]
 [ 10.02294907  14.06952382   1.        ]
 [ 11.06003622  14.05686116   1.        ]
 [ 12.09522768  14.02198864   1.        ]
 [ 13.06968816  14.06610451   1.        ]
 [ 14.02296929  14.07024286   1.        ]]
Running basin hopping with paramerters:
PARAMETERS BEGIN

epsilon=1.019754
r0=1.350470
sigma=0.141421
PARAMETERS END


E: -334.7276 accepted 1
E: -361.6924 accepted 1
E: -364.3436 accepted 1
E: -361.6769 accepted 0
E: -367.5807 accepted 1
E: -355.4311 accepted 0
E: -361.5458 accepted 0
E: -362.7030 accepted 0
E: -354.8503 accepted 0
E: -363.2044 accepted 0
E: -360.1826 accepted 0
Runtime = 1916.088356


