[[  5.03162032   5.04895667   1.        ]
 [  6.09802396   5.02624773   1.        ]
 [  7.09076441   5.07530597   1.        ]
 [  8.02129005   5.07447224   1.        ]
 [  9.024425     5.0299932    1.        ]
 [ 10.03964992   5.01592826   1.        ]
 [ 11.00672686   5.06233661   1.        ]
 [ 12.03347305   5.00424556   1.        ]
 [ 13.00599096   5.09115974   1.        ]
 [ 14.0680457    5.08648714   1.        ]
 [  5.03123442   6.08642178   1.        ]
 [  6.0456226    6.02081579   1.        ]
 [  7.06286976   6.09291035   1.        ]
 [  8.07859993   6.05780813   1.        ]
 [  9.0180509    6.03047624   1.        ]
 [ 10.02664727   6.03041201   1.        ]
 [ 11.08695032   6.01185497   1.        ]
 [ 12.01797809   6.01212963   1.        ]
 [ 13.09937051   6.06757373   1.        ]
 [ 14.06911827   6.01981859   1.        ]
 [  5.06383098   7.08292417   1.        ]
 [  6.02830452   7.01832113   1.        ]
 [  7.07749628   7.02537161   1.        ]
 [  8.02951475   7.01579508   1.        ]
 [  9.02094435   7.07524398   1.        ]
 [ 10.05830473   7.01243219   1.        ]
 [ 11.05416383   7.04963124   1.        ]
 [ 12.05104712   7.07500486   1.        ]
 [ 13.00323253   7.02284389   1.        ]
 [ 14.06747524   7.06417028   1.        ]
 [  5.03971332   8.01896878   1.        ]
 [  6.07057849   8.0150774    1.        ]
 [  7.09230529   8.04446387   1.        ]
 [  8.01256961   8.02134132   1.        ]
 [  9.06411542   8.05121246   1.        ]
 [ 10.04433719   8.00258983   1.        ]
 [ 11.03244764   8.00438695   1.        ]
 [ 12.00920278   8.0199724    1.        ]
 [ 13.01669365   8.05883498   1.        ]
 [ 14.02886396   8.09634446   1.        ]
 [  5.08999118   9.05973149   1.        ]
 [  6.06691921   9.07298239   1.        ]
 [  7.00333675   9.04210341   1.        ]
 [  8.07079051   9.06735657   1.        ]
 [  9.03081151   9.03061073   1.        ]
 [ 10.09323249   9.00875865   1.        ]
 [ 11.07626411   9.01782542   1.        ]
 [ 12.05255487   9.07335537   1.        ]
 [ 13.04948438   9.01018673   1.        ]
 [ 14.06734048   9.04997618   1.        ]
 [  5.01382298  10.08487521   1.        ]
 [  6.00742816  10.0063289    1.        ]
 [  7.08064754  10.08188966   1.        ]
 [  8.0492474   10.05843173   1.        ]
 [  9.00786758  10.05774712   1.        ]
 [ 10.03395282  10.04256737   1.        ]
 [ 11.06992682  10.01089809   1.        ]
 [ 12.06820945  10.02995277   1.        ]
 [ 13.05764841  10.05967645   1.        ]
 [ 14.099827    10.02408078   1.        ]
 [  5.01807372  11.02112684   1.        ]
 [  6.03168991  11.08230672   1.        ]
 [  7.00716558  11.030592     1.        ]
 [  8.09529924  11.01031673   1.        ]
 [  9.01092995  11.05819949   1.        ]
 [ 10.06107532  11.02718953   1.        ]
 [ 11.0209914   11.07592692   1.        ]
 [ 12.03371052  11.09488339   1.        ]
 [ 13.07444329  11.05295321   1.        ]
 [ 14.07164586  11.08829505   1.        ]
 [  5.03196222  12.05008993   1.        ]
 [  6.0069135   12.01525382   1.        ]
 [  7.03611703  12.05336162   1.        ]
 [  8.09838016  12.01233695   1.        ]
 [  9.04480079  12.08938544   1.        ]
 [ 10.09490115  12.0238597    1.        ]
 [ 11.04046052  12.08043527   1.        ]
 [ 12.01642152  12.00256329   1.        ]
 [ 13.03608799  12.01618598   1.        ]
 [ 14.03456502  12.088753     1.        ]
 [  5.03461632  13.03681434   1.        ]
 [  6.03881125  13.025674     1.        ]
 [  7.01341065  13.08113212   1.        ]
 [  8.03325867  13.03479705   1.        ]
 [  9.08264966  13.03359646   1.        ]
 [ 10.0899415   13.03276932   1.        ]
 [ 11.05858037  13.05420555   1.        ]
 [ 12.03656161  13.03954286   1.        ]
 [ 13.08417463  13.014739     1.        ]
 [ 14.02449706  13.0699941    1.        ]
 [  5.01811225  14.0341457    1.        ]
 [  6.09082935  14.00208313   1.        ]
 [  7.00276356  14.03442301   1.        ]
 [  8.0902457   14.01217898   1.        ]
 [  9.06171923  14.01872356   1.        ]
 [ 10.02871845  14.03705512   1.        ]
 [ 11.00744588  14.04241211   1.        ]
 [ 12.09238526  14.07637004   1.        ]
 [ 13.06578066  14.08460228   1.        ]
 [ 14.03513207  14.07894195   1.        ]]
Running basin hopping with paramerters:
PARAMETERS BEGIN

epsilon=4.391526
r0=1.266822
sigma=0.141421
PARAMETERS END


E: -979.9360 accepted 1
E: -990.2247 accepted 1
E: -1025.2371 accepted 1
E: -1053.1827 accepted 1
E: -1068.2652 accepted 1
E: -1046.8950 accepted 0
E: -1072.2868 accepted 1
E: -1101.1657 accepted 1
E: -1085.4540 accepted 0
E: -1081.4740 accepted 0
E: -1111.1489 accepted 1
E: -1113.5775 accepted 1
E: -1104.0854 accepted 0
E: -1123.3795 accepted 1
E: -1152.2891 accepted 1
E: -1182.8196 accepted 1
E: -1174.7009 accepted 0
E: -1188.3893 accepted 1
E: -1141.1464 accepted 0
E: -1188.3895 accepted 1
E: -1165.4161 accepted 0
E: -1188.3725 accepted 1
E: -1188.3724 accepted 1
E: -1188.3730 accepted 1
E: -1178.6847 accepted 0
E: -1146.5408 accepted 0
Runtime = 3508.962890


