[[  5.06764929   5.0316528    1.        ]
 [  6.03398131   5.01800533   1.        ]
 [  7.08771946   5.02526642   1.        ]
 [  8.07667474   5.01173716   1.        ]
 [  9.05622582   5.08204076   1.        ]
 [ 10.07864979   5.06199498   1.        ]
 [ 11.09505943   5.01476905   1.        ]
 [ 12.06160006   5.00361172   1.        ]
 [ 13.06366845   5.00107252   1.        ]
 [ 14.03629376   5.04197564   1.        ]
 [  5.06372031   6.07357651   1.        ]
 [  6.0892976    6.09410528   1.        ]
 [  7.06179561   6.00650533   1.        ]
 [  8.01749575   6.0032875    1.        ]
 [  9.09943373   6.01960298   1.        ]
 [ 10.08059801   6.00322077   1.        ]
 [ 11.09923635   6.01649695   1.        ]
 [ 12.02792589   6.03941904   1.        ]
 [ 13.0588744    6.09686231   1.        ]
 [ 14.05564885   6.07960678   1.        ]
 [  5.05014592   7.09755456   1.        ]
 [  6.09296201   7.05553256   1.        ]
 [  7.03458874   7.07602027   1.        ]
 [  8.02167267   7.07486294   1.        ]
 [  9.02741561   7.09009451   1.        ]
 [ 10.03467476   7.01732588   1.        ]
 [ 11.01632061   7.06680382   1.        ]
 [ 12.01123683   7.02166343   1.        ]
 [ 13.09358151   7.05792774   1.        ]
 [ 14.00941366   7.0619237    1.        ]
 [  5.07360416   8.03750351   1.        ]
 [  6.08326852   8.00265134   1.        ]
 [  7.02651158   8.09580088   1.        ]
 [  8.05957469   8.05134561   1.        ]
 [  9.01566368   8.05380036   1.        ]
 [ 10.04626604   8.04006501   1.        ]
 [ 11.08116119   8.01435268   1.        ]
 [ 12.09773684   8.08422681   1.        ]
 [ 13.00693204   8.01872719   1.        ]
 [ 14.08537481   8.05426677   1.        ]
 [  5.03138168   9.03268963   1.        ]
 [  6.0073198    9.05905753   1.        ]
 [  7.07371735   9.0368234    1.        ]
 [  8.06041727   9.00751826   1.        ]
 [  9.07900804   9.03869465   1.        ]
 [ 10.02436164   9.06763396   1.        ]
 [ 11.07226074   9.03065838   1.        ]
 [ 12.05904769   9.0009737    1.        ]
 [ 13.01129452   9.01158001   1.        ]
 [ 14.03359831   9.08052491   1.        ]
 [  5.00108669  10.02852186   1.        ]
 [  6.02704455  10.04990853   1.        ]
 [  7.07680333  10.00538465   1.        ]
 [  8.02286047  10.03509557   1.        ]
 [  9.00677222  10.08453155   1.        ]
 [ 10.03296277  10.04932508   1.        ]
 [ 11.02644918  10.09648896   1.        ]
 [ 12.06043406  10.08221897   1.        ]
 [ 13.01701086  10.04708241   1.        ]
 [ 14.00861068  10.01939849   1.        ]
 [  5.00820646  11.00438997   1.        ]
 [  6.07274156  11.01758686   1.        ]
 [  7.02415633  11.03275486   1.        ]
 [  8.03104488  11.04918332   1.        ]
 [  9.08401108  11.06245671   1.        ]
 [ 10.07715332  11.01071169   1.        ]
 [ 11.06089657  11.01842673   1.        ]
 [ 12.02484541  11.07908765   1.        ]
 [ 13.07284957  11.03231273   1.        ]
 [ 14.02842889  11.01420397   1.        ]
 [  5.02754595  12.01636581   1.        ]
 [  6.04980389  12.05615261   1.        ]
 [  7.06096353  12.08196397   1.        ]
 [  8.02695583  12.04958136   1.        ]
 [  9.09556814  12.02347723   1.        ]
 [ 10.07047952  12.00136758   1.        ]
 [ 11.04052795  12.06933287   1.        ]
 [ 12.00552828  12.08707627   1.        ]
 [ 13.05759958  12.07158131   1.        ]
 [ 14.01934214  12.04116102   1.        ]
 [  5.06950902  13.01878171   1.        ]
 [  6.00675615  13.02691379   1.        ]
 [  7.00012186  13.09480268   1.        ]
 [  8.07290566  13.03037124   1.        ]
 [  9.04750474  13.04667967   1.        ]
 [ 10.08558215  13.02020925   1.        ]
 [ 11.09732408  13.04050921   1.        ]
 [ 12.0205064   13.04561847   1.        ]
 [ 13.06079467  13.08039165   1.        ]
 [ 14.03052539  13.01628496   1.        ]
 [  5.07923807  14.09193803   1.        ]
 [  6.01753032  14.00092954   1.        ]
 [  7.08939805  14.06262355   1.        ]
 [  8.00459519  14.02148883   1.        ]
 [  9.05211739  14.04675746   1.        ]
 [ 10.01805518  14.09891908   1.        ]
 [ 11.04327116  14.00311635   1.        ]
 [ 12.00521959  14.05273369   1.        ]
 [ 13.08255482  14.01406008   1.        ]
 [ 14.03793013  14.00162124   1.        ]]
Running basin hopping with paramerters:
PARAMETERS BEGIN

epsilon=0.792941
r0=1.370171
sigma=0.141421
PARAMETERS END


E: -320.0301 accepted 1
E: -330.0884 accepted 1
E: -329.8999 accepted 1
E: -325.1642 accepted 0
E: -336.8334 accepted 1
E: -337.0114 accepted 1
E: -341.5492 accepted 1
E: -336.9386 accepted 0
E: -342.9951 accepted 1
E: -340.8307 accepted 0
E: -336.2813 accepted 0
E: -334.6053 accepted 0
E: -332.1428 accepted 0
E: -335.5780 accepted 0
E: -338.6407 accepted 0
Runtime = 2025.299536


