[[  5.01900475   5.01706401   1.        ]
 [  6.09578382   5.03324405   1.        ]
 [  7.04050651   5.00522905   1.        ]
 [  8.04705037   5.0361587    1.        ]
 [  9.0181772    5.00072912   1.        ]
 [ 10.08466998   5.07353061   1.        ]
 [ 11.04764258   5.00704762   1.        ]
 [ 12.06460199   5.03008068   1.        ]
 [ 13.01009081   5.06782054   1.        ]
 [ 14.02423095   5.08326776   1.        ]
 [  5.06848313   6.03168217   1.        ]
 [  6.01992511   6.04735058   1.        ]
 [  7.04633908   6.09067443   1.        ]
 [  8.08616769   6.08255358   1.        ]
 [  9.01993221   6.05131897   1.        ]
 [ 10.08647244   6.06747595   1.        ]
 [ 11.03845198   6.05453549   1.        ]
 [ 12.05051845   6.04664478   1.        ]
 [ 13.08657132   6.01792351   1.        ]
 [ 14.00644865   6.06685089   1.        ]
 [  5.02881302   7.09071988   1.        ]
 [  6.0694193    7.05475267   1.        ]
 [  7.08663956   7.03616235   1.        ]
 [  8.03947897   7.02807763   1.        ]
 [  9.06446939   7.06975938   1.        ]
 [ 10.06244477   7.06073307   1.        ]
 [ 11.03629395   7.07170766   1.        ]
 [ 12.01891738   7.09960126   1.        ]
 [ 13.01523895   7.07725432   1.        ]
 [ 14.06733735   7.0330961    1.        ]
 [  5.03548904   8.01397224   1.        ]
 [  6.03682606   8.03527464   1.        ]
 [  7.05559254   8.05033902   1.        ]
 [  8.04502778   8.06595059   1.        ]
 [  9.05838271   8.06697296   1.        ]
 [ 10.07401951   8.08415992   1.        ]
 [ 11.08814477   8.00049167   1.        ]
 [ 12.00161789   8.02829751   1.        ]
 [ 13.01894402   8.00732484   1.        ]
 [ 14.01812583   8.08444252   1.        ]
 [  5.02400387   9.03195529   1.        ]
 [  6.02425762   9.05443948   1.        ]
 [  7.06403048   9.0405898    1.        ]
 [  8.02766301   9.0839694    1.        ]
 [  9.09989051   9.02924602   1.        ]
 [ 10.07539605   9.0898482    1.        ]
 [ 11.03126484   9.00783309   1.        ]
 [ 12.04127115   9.09195308   1.        ]
 [ 13.01914722   9.09058122   1.        ]
 [ 14.09061264   9.01148849   1.        ]
 [  5.00058548  10.03193845   1.        ]
 [  6.0102581   10.07236569   1.        ]
 [  7.09502521  10.07004543   1.        ]
 [  8.03819683  10.04753074   1.        ]
 [  9.0164489   10.06549255   1.        ]
 [ 10.08299442  10.029441     1.        ]
 [ 11.09411257  10.09175237   1.        ]
 [ 12.00930402  10.06270043   1.        ]
 [ 13.04510213  10.06507726   1.        ]
 [ 14.04564201  10.01307883   1.        ]
 [  5.01774947  11.09868458   1.        ]
 [  6.02648249  11.04101924   1.        ]
 [  7.04126361  11.02999109   1.        ]
 [  8.05169969  11.02721448   1.        ]
 [  9.01416363  11.0105896    1.        ]
 [ 10.06164219  11.06757672   1.        ]
 [ 11.06566071  11.08147464   1.        ]
 [ 12.02088778  11.02691435   1.        ]
 [ 13.01605078  11.01473895   1.        ]
 [ 14.02816934  11.0517972    1.        ]
 [  5.05207057  12.03899141   1.        ]
 [  6.02481846  12.01585236   1.        ]
 [  7.01756026  12.06537307   1.        ]
 [  8.02292835  12.04979632   1.        ]
 [  9.03711695  12.09469713   1.        ]
 [ 10.03984414  12.03276168   1.        ]
 [ 11.00493792  12.06661605   1.        ]
 [ 12.02480464  12.08453939   1.        ]
 [ 13.06613729  12.05958545   1.        ]
 [ 14.07919897  12.07604807   1.        ]
 [  5.05589348  13.03776435   1.        ]
 [  6.08878265  13.08532489   1.        ]
 [  7.03851644  13.01848409   1.        ]
 [  8.03531828  13.03142744   1.        ]
 [  9.09753561  13.05663045   1.        ]
 [ 10.03323086  13.06801448   1.        ]
 [ 11.06621487  13.05167123   1.        ]
 [ 12.06016439  13.02075893   1.        ]
 [ 13.03589248  13.0045616    1.        ]
 [ 14.05362576  13.00135936   1.        ]
 [  5.01535421  14.05964162   1.        ]
 [  6.08803317  14.06834123   1.        ]
 [  7.08338741  14.01475965   1.        ]
 [  8.03690274  14.07513534   1.        ]
 [  9.03856657  14.08949554   1.        ]
 [ 10.05478939  14.02758129   1.        ]
 [ 11.01222491  14.08472      1.        ]
 [ 12.04155798  14.06335295   1.        ]
 [ 13.00838526  14.05439626   1.        ]
 [ 14.07865936  14.00563016   1.        ]]
Running basin hopping with paramerters:
PARAMETERS BEGIN

epsilon=0.878463
r0=1.421126
sigma=0.141421
PARAMETERS END


E: -295.2738 accepted 1
E: -299.1605 accepted 1
E: -307.7338 accepted 1
E: -314.4925 accepted 1
E: -317.7780 accepted 1
E: -321.1031 accepted 1
E: -324.8554 accepted 1
E: -332.1199 accepted 1
E: -329.6658 accepted 0
E: -330.8353 accepted 1
E: -333.2794 accepted 1
E: -337.3980 accepted 1
E: -340.0283 accepted 1
E: -333.3676 accepted 0
E: -325.6868 accepted 0
E: -334.2494 accepted 0
E: -341.9076 accepted 1
E: -338.7542 accepted 0
E: -335.6506 accepted 0
E: -336.7756 accepted 0
E: -332.9798 accepted 0
E: -333.7352 accepted 0
E: -336.4149 accepted 0
Runtime = 5210.762493


