[[  5.07836844   5.0805683    1.        ]
 [  6.06202436   5.08767548   1.        ]
 [  7.04659526   5.09761646   1.        ]
 [  8.04709773   5.08493735   1.        ]
 [  9.05273023   5.07989374   1.        ]
 [ 10.00775121   5.06954501   1.        ]
 [ 11.03555411   5.08887965   1.        ]
 [ 12.07880238   5.03184071   1.        ]
 [ 13.0481718    5.09594154   1.        ]
 [ 14.01768533   5.0247535    1.        ]
 [  5.07518354   6.04786652   1.        ]
 [  6.03546513   6.0253849    1.        ]
 [  7.05870437   6.05851944   1.        ]
 [  8.02190989   6.02981556   1.        ]
 [  9.00092524   6.08616664   1.        ]
 [ 10.08876536   6.09166543   1.        ]
 [ 11.03972886   6.03959346   1.        ]
 [ 12.08339939   6.06228127   1.        ]
 [ 13.02100265   6.05916787   1.        ]
 [ 14.01577255   6.01037946   1.        ]
 [  5.06637483   7.09621184   1.        ]
 [  6.09187261   7.08328937   1.        ]
 [  7.00320596   7.02971659   1.        ]
 [  8.00147728   7.06370929   1.        ]
 [  9.06110544   7.00550886   1.        ]
 [ 10.04459891   7.09198217   1.        ]
 [ 11.05091633   7.00282802   1.        ]
 [ 12.08453233   7.02103649   1.        ]
 [ 13.06431129   7.04976932   1.        ]
 [ 14.00197229   7.0606778    1.        ]
 [  5.05174615   8.06319425   1.        ]
 [  6.06529276   8.03938459   1.        ]
 [  7.02837052   8.04289395   1.        ]
 [  8.02568493   8.02313657   1.        ]
 [  9.04664636   8.06368542   1.        ]
 [ 10.0444684    8.08397738   1.        ]
 [ 11.09696605   8.09311993   1.        ]
 [ 12.02441112   8.01707546   1.        ]
 [ 13.01597747   8.00130223   1.        ]
 [ 14.03080288   8.09392951   1.        ]
 [  5.07043194   9.00621783   1.        ]
 [  6.02407442   9.09975876   1.        ]
 [  7.05514936   9.00960251   1.        ]
 [  8.00687486   9.05103834   1.        ]
 [  9.0072033    9.05638889   1.        ]
 [ 10.08577428   9.042658     1.        ]
 [ 11.0108642    9.09706644   1.        ]
 [ 12.01340784   9.07115158   1.        ]
 [ 13.00348973   9.05841482   1.        ]
 [ 14.06460565   9.01489911   1.        ]
 [  5.00051795  10.08267866   1.        ]
 [  6.06326714  10.02315005   1.        ]
 [  7.05717341  10.05334565   1.        ]
 [  8.03552976  10.07093934   1.        ]
 [  9.03771431  10.06066139   1.        ]
 [ 10.02403715  10.01359519   1.        ]
 [ 11.08293977  10.01530216   1.        ]
 [ 12.02389301  10.01489342   1.        ]
 [ 13.00801577  10.01361578   1.        ]
 [ 14.0413781   10.0198603    1.        ]
 [  5.07292243  11.01777117   1.        ]
 [  6.07352369  11.06852107   1.        ]
 [  7.09821107  11.0575642    1.        ]
 [  8.0359789   11.06470814   1.        ]
 [  9.06193948  11.06784358   1.        ]
 [ 10.0707479   11.00823307   1.        ]
 [ 11.06807286  11.0413893    1.        ]
 [ 12.00681327  11.04691507   1.        ]
 [ 13.07444524  11.04132811   1.        ]
 [ 14.06787089  11.06584983   1.        ]
 [  5.0975284   12.09079428   1.        ]
 [  6.06644209  12.0093125    1.        ]
 [  7.08663853  12.08635509   1.        ]
 [  8.07671425  12.0620424    1.        ]
 [  9.07429882  12.01851465   1.        ]
 [ 10.05175792  12.07798392   1.        ]
 [ 11.04257246  12.03771376   1.        ]
 [ 12.05601476  12.02077169   1.        ]
 [ 13.03715191  12.00428586   1.        ]
 [ 14.05851456  12.04553246   1.        ]
 [  5.06539348  13.06082742   1.        ]
 [  6.02649077  13.00589085   1.        ]
 [  7.00388755  13.05488434   1.        ]
 [  8.05365174  13.07008474   1.        ]
 [  9.00557597  13.02476698   1.        ]
 [ 10.00827394  13.08586471   1.        ]
 [ 11.09036099  13.08741335   1.        ]
 [ 12.08541104  13.03319946   1.        ]
 [ 13.01535649  13.08963078   1.        ]
 [ 14.07540147  13.07692736   1.        ]
 [  5.03192825  14.08917369   1.        ]
 [  6.06031376  14.03864108   1.        ]
 [  7.03774225  14.08090401   1.        ]
 [  8.03414481  14.07347366   1.        ]
 [  9.00600369  14.01842502   1.        ]
 [ 10.06894259  14.06097033   1.        ]
 [ 11.05906621  14.05717236   1.        ]
 [ 12.0987222   14.06391094   1.        ]
 [ 13.00105617  14.00786056   1.        ]
 [ 14.02464363  14.06290516   1.        ]]
Running basin hopping with paramerters:
PARAMETERS BEGIN

epsilon=1.123503
r0=1.374738
sigma=0.141421
PARAMETERS END


E: -308.7534 accepted 1
E: -327.6892 accepted 1
E: -325.4637 accepted 0
E: -329.8841 accepted 1
E: -333.4737 accepted 1
E: -339.3697 accepted 1
E: -367.2115 accepted 1
E: -363.2301 accepted 0
E: -365.8900 accepted 0
E: -368.0184 accepted 1
E: -368.5875 accepted 1
E: -373.3251 accepted 1
E: -372.7433 accepted 0
E: -380.3302 accepted 1
E: -374.4673 accepted 0
E: -374.9644 accepted 0
E: -384.1702 accepted 1
E: -377.6290 accepted 0
E: -381.3681 accepted 0
E: -385.4629 accepted 1
E: -376.5242 accepted 0
E: -372.4270 accepted 0
E: -390.1603 accepted 1
E: -379.8463 accepted 0
E: -381.9488 accepted 0
E: 19582514749.7824 accepted 0
E: -396.5656 accepted 1
E: -390.6819 accepted 0
E: -398.3574 accepted 1
E: -389.3679 accepted 0
E: -378.0479 accepted 0
E: -385.4546 accepted 0
E: -388.9658 accepted 0
E: -380.3834 accepted 0
E: -377.1216 accepted 0
Runtime = 7149.339338


