[[  5.01338662   5.05602858   1.        ]
 [  6.06255299   5.06391762   1.        ]
 [  7.06683981   5.08118472   1.        ]
 [  8.08912709   5.0619269    1.        ]
 [  9.06908415   5.00424218   1.        ]
 [ 10.03175733   5.01422463   1.        ]
 [ 11.07198626   5.03475195   1.        ]
 [ 12.02041728   5.03899454   1.        ]
 [ 13.01319224   5.0862709    1.        ]
 [ 14.07307196   5.02144304   1.        ]
 [  5.02578569   6.03287112   1.        ]
 [  6.01776721   6.03660502   1.        ]
 [  7.0229972    6.06450775   1.        ]
 [  8.01440366   6.08251797   1.        ]
 [  9.03297351   6.08684952   1.        ]
 [ 10.06233175   6.0130411    1.        ]
 [ 11.03101499   6.08733164   1.        ]
 [ 12.01401526   6.06337856   1.        ]
 [ 13.03099789   6.045407     1.        ]
 [ 14.03856043   6.05558291   1.        ]
 [  5.04644017   7.09043204   1.        ]
 [  6.0745733    7.08101622   1.        ]
 [  7.00188368   7.07017146   1.        ]
 [  8.06440015   7.01025827   1.        ]
 [  9.02542666   7.0232656    1.        ]
 [ 10.01106089   7.05855183   1.        ]
 [ 11.0105473    7.02598611   1.        ]
 [ 12.06741251   7.00104313   1.        ]
 [ 13.01851107   7.07686455   1.        ]
 [ 14.02625308   7.02228608   1.        ]
 [  5.0080122    8.03122057   1.        ]
 [  6.07845357   8.09198393   1.        ]
 [  7.0863082    8.04190712   1.        ]
 [  8.02740141   8.07721128   1.        ]
 [  9.07325261   8.01728693   1.        ]
 [ 10.02129647   8.09264974   1.        ]
 [ 11.06473546   8.04527965   1.        ]
 [ 12.02808319   8.02153782   1.        ]
 [ 13.06844381   8.0521424    1.        ]
 [ 14.08619849   8.07475939   1.        ]
 [  5.09565951   9.09477674   1.        ]
 [  6.00843351   9.01390905   1.        ]
 [  7.09123769   9.04157448   1.        ]
 [  8.09383292   9.08315435   1.        ]
 [  9.00611746   9.04932465   1.        ]
 [ 10.00192162   9.00165933   1.        ]
 [ 11.05461545   9.08881109   1.        ]
 [ 12.0279481    9.0656801    1.        ]
 [ 13.00171942   9.09096048   1.        ]
 [ 14.07835691   9.04064765   1.        ]
 [  5.05079747  10.08791212   1.        ]
 [  6.01766551  10.06341062   1.        ]
 [  7.01036335  10.07203185   1.        ]
 [  8.08178861  10.0387774    1.        ]
 [  9.01969367  10.00994311   1.        ]
 [ 10.02215085  10.02841839   1.        ]
 [ 11.09342291  10.06413744   1.        ]
 [ 12.01451359  10.08318744   1.        ]
 [ 13.07210533  10.0730536    1.        ]
 [ 14.01197847  10.07804637   1.        ]
 [  5.0232157   11.07998633   1.        ]
 [  6.06866981  11.02198943   1.        ]
 [  7.02735982  11.07703222   1.        ]
 [  8.06839788  11.09129744   1.        ]
 [  9.03723866  11.00004615   1.        ]
 [ 10.05753407  11.0021381    1.        ]
 [ 11.05662078  11.05911489   1.        ]
 [ 12.05316269  11.03112888   1.        ]
 [ 13.00478819  11.06535971   1.        ]
 [ 14.04662837  11.01581659   1.        ]
 [  5.06020811  12.00511035   1.        ]
 [  6.09674404  12.03352401   1.        ]
 [  7.05998379  12.03994543   1.        ]
 [  8.00778642  12.04335035   1.        ]
 [  9.07069202  12.04486303   1.        ]
 [ 10.03113826  12.02343062   1.        ]
 [ 11.05947116  12.07997316   1.        ]
 [ 12.04412903  12.05740165   1.        ]
 [ 13.08205875  12.05585673   1.        ]
 [ 14.05920191  12.07566545   1.        ]
 [  5.00778554  13.00002688   1.        ]
 [  6.04301478  13.07739222   1.        ]
 [  7.02743589  13.00859957   1.        ]
 [  8.09700575  13.09391831   1.        ]
 [  9.098246    13.01848551   1.        ]
 [ 10.03150915  13.04954216   1.        ]
 [ 11.07867899  13.04063041   1.        ]
 [ 12.02903943  13.03669434   1.        ]
 [ 13.09409297  13.06441936   1.        ]
 [ 14.08084035  13.061607     1.        ]
 [  5.01751576  14.02581843   1.        ]
 [  6.03570777  14.08120803   1.        ]
 [  7.04565617  14.02188721   1.        ]
 [  8.03180742  14.04334362   1.        ]
 [  9.00421924  14.0855322    1.        ]
 [ 10.07724523  14.02576344   1.        ]
 [ 11.01440124  14.04930271   1.        ]
 [ 12.02275572  14.02611895   1.        ]
 [ 13.05091401  14.0918771    1.        ]
 [ 14.07458715  14.03591336   1.        ]]
Running basin hopping with paramerters:
PARAMETERS BEGIN

epsilon=1.043535
r0=1.392517
sigma=0.141421
PARAMETERS END


E: -306.5995 accepted 1
E: -310.1500 accepted 1
E: -315.0848 accepted 1
E: -326.4898 accepted 1
E: -336.6436 accepted 1
E: -344.9280 accepted 1
E: -346.3292 accepted 1
E: -350.2700 accepted 1
E: -347.4773 accepted 0
E: -354.8918 accepted 1
E: -347.9261 accepted 0
E: -351.3447 accepted 0
E: -345.4613 accepted 0
E: -351.5591 accepted 0
E: -360.0189 accepted 1
E: -366.0197 accepted 1
E: -359.4582 accepted 0
E: -353.4175 accepted 0
E: -363.3585 accepted 0
E: -365.5281 accepted 1
E: -349.7762 accepted 0
E: -363.6857 accepted 0
Runtime = 4539.648039


