[[  5.00362463   5.00107688   1.        ]
 [  6.03247798   5.03318705   1.        ]
 [  7.0893693    5.01537206   1.        ]
 [  8.09345502   5.01093541   1.        ]
 [  9.08546309   5.00066885   1.        ]
 [ 10.09156211   5.06157861   1.        ]
 [ 11.09000826   5.09394136   1.        ]
 [ 12.09740971   5.08351747   1.        ]
 [ 13.05377802   5.06401819   1.        ]
 [ 14.08696829   5.09925998   1.        ]
 [  5.03732797   6.09542864   1.        ]
 [  6.05294371   6.01778656   1.        ]
 [  7.01983078   6.04918723   1.        ]
 [  8.00722494   6.06529993   1.        ]
 [  9.03069277   6.06938328   1.        ]
 [ 10.01486073   6.06621367   1.        ]
 [ 11.02726954   6.04380921   1.        ]
 [ 12.06517554   6.01644033   1.        ]
 [ 13.06323941   6.03609063   1.        ]
 [ 14.0210313    6.04291049   1.        ]
 [  5.0616054    7.06940916   1.        ]
 [  6.02037726   7.08375541   1.        ]
 [  7.00507964   7.04233369   1.        ]
 [  8.05897981   7.04868744   1.        ]
 [  9.03298032   7.00388254   1.        ]
 [ 10.05609645   7.09998699   1.        ]
 [ 11.0096492    7.0344688    1.        ]
 [ 12.02654934   7.06457872   1.        ]
 [ 13.01802428   7.0626933    1.        ]
 [ 14.02606211   7.01469979   1.        ]
 [  5.02114707   8.09990022   1.        ]
 [  6.01150213   8.01056999   1.        ]
 [  7.09821182   8.03667394   1.        ]
 [  8.0076089    8.04666306   1.        ]
 [  9.00450591   8.00026476   1.        ]
 [ 10.08078044   8.03606926   1.        ]
 [ 11.09410259   8.06884395   1.        ]
 [ 12.01992457   8.0004755    1.        ]
 [ 13.06618045   8.04906589   1.        ]
 [ 14.0188424    8.09662617   1.        ]
 [  5.04123314   9.07354074   1.        ]
 [  6.05859951   9.08534062   1.        ]
 [  7.09677136   9.06290219   1.        ]
 [  8.00999886   9.09738328   1.        ]
 [  9.05305724   9.08448447   1.        ]
 [ 10.09212524   9.06616877   1.        ]
 [ 11.04658746   9.07637223   1.        ]
 [ 12.06539018   9.05645103   1.        ]
 [ 13.02829605   9.01514653   1.        ]
 [ 14.01375931   9.08585101   1.        ]
 [  5.0043687   10.03222833   1.        ]
 [  6.02218051  10.06769193   1.        ]
 [  7.06611307  10.08669688   1.        ]
 [  8.06660672  10.01812227   1.        ]
 [  9.09733055  10.05270014   1.        ]
 [ 10.06984038  10.02212179   1.        ]
 [ 11.00304731  10.034984     1.        ]
 [ 12.03007409  10.01797146   1.        ]
 [ 13.02199665  10.09049615   1.        ]
 [ 14.00582072  10.03639564   1.        ]
 [  5.0058732   11.09622992   1.        ]
 [  6.02358229  11.02746013   1.        ]
 [  7.07057211  11.09343557   1.        ]
 [  8.02621812  11.01018142   1.        ]
 [  9.00023205  11.08477841   1.        ]
 [ 10.04829497  11.03786332   1.        ]
 [ 11.05356514  11.02033614   1.        ]
 [ 12.09551433  11.00450828   1.        ]
 [ 13.01254662  11.09827233   1.        ]
 [ 14.02763512  11.03474746   1.        ]
 [  5.04966481  12.0561805    1.        ]
 [  6.09246092  12.05438337   1.        ]
 [  7.02283158  12.06814233   1.        ]
 [  8.0978132   12.00531205   1.        ]
 [  9.01600524  12.01913571   1.        ]
 [ 10.04733371  12.00985326   1.        ]
 [ 11.06753357  12.06704669   1.        ]
 [ 12.08636186  12.08700785   1.        ]
 [ 13.01002978  12.07846773   1.        ]
 [ 14.00201416  12.05502589   1.        ]
 [  5.08425224  13.05705571   1.        ]
 [  6.0378751   13.06879394   1.        ]
 [  7.06653919  13.04570618   1.        ]
 [  8.02297281  13.05176719   1.        ]
 [  9.01730143  13.0812498    1.        ]
 [ 10.04146419  13.04214121   1.        ]
 [ 11.07052313  13.0978774    1.        ]
 [ 12.04857288  13.07889941   1.        ]
 [ 13.04730715  13.09215804   1.        ]
 [ 14.0327133   13.07028661   1.        ]
 [  5.03858232  14.02464174   1.        ]
 [  6.02152891  14.02636775   1.        ]
 [  7.01058034  14.0441261    1.        ]
 [  8.03714313  14.08118883   1.        ]
 [  9.0969306   14.05400278   1.        ]
 [ 10.00854056  14.05481706   1.        ]
 [ 11.01537561  14.06763799   1.        ]
 [ 12.09679052  14.01706774   1.        ]
 [ 13.09611846  14.06362613   1.        ]
 [ 14.0907527   14.05336147   1.        ]]
Running basin hopping with paramerters:
PARAMETERS BEGIN

epsilon=0.869213
r0=1.373330
sigma=0.141421
PARAMETERS END


E: -280.2470 accepted 1
E: -287.8717 accepted 1
E: -297.1447 accepted 1
E: -295.4434 accepted 0
E: -307.9285 accepted 1
E: -311.5771 accepted 1
E: -319.4261 accepted 1
E: -320.4325 accepted 1
E: -315.3459 accepted 0
E: -314.2536 accepted 0
E: -323.2894 accepted 1
E: -321.9999 accepted 0
E: -312.5161 accepted 0
E: -315.1455 accepted 0
E: -310.0334 accepted 0
E: -319.2973 accepted 0
E: -322.0556 accepted 0
Runtime = 3391.390728


