[[  5.08584673   5.03228553   1.        ]
 [  6.09037788   5.06848136   1.        ]
 [  7.0713222    5.07232391   1.        ]
 [  8.07473737   5.08746605   1.        ]
 [  9.07568786   5.0281483    1.        ]
 [ 10.02095565   5.05815497   1.        ]
 [ 11.00875497   5.0675142    1.        ]
 [ 12.02506781   5.02797242   1.        ]
 [ 13.06050958   5.06985286   1.        ]
 [ 14.05733325   5.03447245   1.        ]
 [  5.07830924   6.08350029   1.        ]
 [  6.08524332   6.05022654   1.        ]
 [  7.05893854   6.09863873   1.        ]
 [  8.08160673   6.01052227   1.        ]
 [  9.03999271   6.07101742   1.        ]
 [ 10.00723158   6.04169454   1.        ]
 [ 11.07737237   6.06135851   1.        ]
 [ 12.03022183   6.04535439   1.        ]
 [ 13.05600017   6.03803116   1.        ]
 [ 14.02323549   6.00736989   1.        ]
 [  5.09121671   7.01945744   1.        ]
 [  6.02994213   7.04007583   1.        ]
 [  7.05626045   7.07694046   1.        ]
 [  8.03836564   7.02019757   1.        ]
 [  9.07789788   7.02963373   1.        ]
 [ 10.05526551   7.07047961   1.        ]
 [ 11.03557917   7.01175131   1.        ]
 [ 12.08315142   7.04255596   1.        ]
 [ 13.0667526    7.00287209   1.        ]
 [ 14.00836545   7.06313657   1.        ]
 [  5.07602247   8.0721773    1.        ]
 [  6.06546375   8.0252505    1.        ]
 [  7.02622109   8.04974332   1.        ]
 [  8.01641338   8.0752654    1.        ]
 [  9.03423806   8.04952628   1.        ]
 [ 10.08611895   8.04132851   1.        ]
 [ 11.07020961   8.0325932    1.        ]
 [ 12.02877271   8.03483105   1.        ]
 [ 13.04677293   8.0957083    1.        ]
 [ 14.09836324   8.01190153   1.        ]
 [  5.05742396   9.03557387   1.        ]
 [  6.04311677   9.04724152   1.        ]
 [  7.05763944   9.08904801   1.        ]
 [  8.05830736   9.0764963    1.        ]
 [  9.07333364   9.05352043   1.        ]
 [ 10.03687746   9.05562864   1.        ]
 [ 11.08820248   9.05411604   1.        ]
 [ 12.06292862   9.07809795   1.        ]
 [ 13.03812805   9.06476003   1.        ]
 [ 14.05327234   9.09327126   1.        ]
 [  5.05567017  10.0170675    1.        ]
 [  6.09116456  10.01120403   1.        ]
 [  7.06955352  10.07638514   1.        ]
 [  8.03405071  10.0780376    1.        ]
 [  9.06077325  10.05371462   1.        ]
 [ 10.0622597   10.09009651   1.        ]
 [ 11.07045372  10.01865096   1.        ]
 [ 12.05110807  10.08555764   1.        ]
 [ 13.02420987  10.03545091   1.        ]
 [ 14.05828292  10.06718916   1.        ]
 [  5.02930572  11.07439418   1.        ]
 [  6.05223083  11.07546465   1.        ]
 [  7.09453988  11.03807284   1.        ]
 [  8.03403585  11.08054794   1.        ]
 [  9.0110954   11.03102736   1.        ]
 [ 10.00777636  11.0282982    1.        ]
 [ 11.09583371  11.01048784   1.        ]
 [ 12.03766361  11.09421887   1.        ]
 [ 13.09335971  11.07412089   1.        ]
 [ 14.01058072  11.06193683   1.        ]
 [  5.09018129  12.07914173   1.        ]
 [  6.09068482  12.06049984   1.        ]
 [  7.01025296  12.08292442   1.        ]
 [  8.00345286  12.082395     1.        ]
 [  9.01598551  12.07500861   1.        ]
 [ 10.09018496  12.09894522   1.        ]
 [ 11.09312897  12.05545459   1.        ]
 [ 12.03747573  12.04979651   1.        ]
 [ 13.0858858   12.00235542   1.        ]
 [ 14.01361986  12.05675406   1.        ]
 [  5.01705423  13.03808746   1.        ]
 [  6.02541336  13.04280538   1.        ]
 [  7.07955494  13.07297021   1.        ]
 [  8.06032132  13.00673172   1.        ]
 [  9.06999637  13.0294083    1.        ]
 [ 10.06443205  13.0311154    1.        ]
 [ 11.07177825  13.02572449   1.        ]
 [ 12.00749902  13.08717935   1.        ]
 [ 13.04026675  13.07868075   1.        ]
 [ 14.0959495   13.03117324   1.        ]
 [  5.00027492  14.02871663   1.        ]
 [  6.07726538  14.07229898   1.        ]
 [  7.09010245  14.01927258   1.        ]
 [  8.08526988  14.09031563   1.        ]
 [  9.04684309  14.04149541   1.        ]
 [ 10.00847239  14.00274613   1.        ]
 [ 11.09001955  14.09019091   1.        ]
 [ 12.07205441  14.06894082   1.        ]
 [ 13.04718101  14.00924711   1.        ]
 [ 14.03235513  14.03826755   1.        ]]
Running basin hopping with paramerters:
PARAMETERS BEGIN

epsilon=1.083077
r0=1.365447
sigma=0.141421
PARAMETERS END


E: -344.1130 accepted 1
E: -346.2749 accepted 1
E: -342.1396 accepted 0
E: -351.7717 accepted 1
E: -359.4798 accepted 1
E: -355.0825 accepted 0
E: -365.1995 accepted 1
E: -365.4556 accepted 1
E: -383.7864 accepted 1
E: -381.0484 accepted 1
E: -377.1043 accepted 0
E: -379.0792 accepted 0
E: -371.7680 accepted 0
E: -362.9711 accepted 0
E: -378.6276 accepted 0
Runtime = 2179.371056


