[[  5.08973718   5.08434586   1.        ]
 [  6.09311981   5.07519027   1.        ]
 [  7.03671196   5.0520123    1.        ]
 [  8.08454944   5.08552393   1.        ]
 [  9.09087434   5.01103586   1.        ]
 [ 10.05314403   5.04464158   1.        ]
 [ 11.00339679   5.0485183    1.        ]
 [ 12.0905804    5.07193609   1.        ]
 [ 13.04932394   5.03225601   1.        ]
 [ 14.07568828   5.06903762   1.        ]
 [  5.04425467   6.08132859   1.        ]
 [  6.09321622   6.08181856   1.        ]
 [  7.00431678   6.07692348   1.        ]
 [  8.03516319   6.00984737   1.        ]
 [  9.05101805   6.09007097   1.        ]
 [ 10.07133236   6.04533744   1.        ]
 [ 11.03612328   6.00021188   1.        ]
 [ 12.04852728   6.03979086   1.        ]
 [ 13.07415347   6.04789164   1.        ]
 [ 14.0944782    6.0064209    1.        ]
 [  5.00126534   7.06948474   1.        ]
 [  6.07999119   7.09016333   1.        ]
 [  7.05708587   7.01499071   1.        ]
 [  8.09541846   7.09585538   1.        ]
 [  9.06264256   7.08534586   1.        ]
 [ 10.05261694   7.01302248   1.        ]
 [ 11.01214675   7.09643414   1.        ]
 [ 12.01384976   7.01585868   1.        ]
 [ 13.05894008   7.0200432    1.        ]
 [ 14.03468435   7.09221521   1.        ]
 [  5.08063211   8.03810922   1.        ]
 [  6.0616766    8.00151417   1.        ]
 [  7.02731369   8.03248689   1.        ]
 [  8.08377595   8.03633084   1.        ]
 [  9.03179271   8.06122426   1.        ]
 [ 10.04067136   8.04119635   1.        ]
 [ 11.06259794   8.09721753   1.        ]
 [ 12.00542001   8.02736133   1.        ]
 [ 13.0449678    8.06550144   1.        ]
 [ 14.09304628   8.08131868   1.        ]
 [  5.03857482   9.09860946   1.        ]
 [  6.00929033   9.04051531   1.        ]
 [  7.02697462   9.08331431   1.        ]
 [  8.04073168   9.04686699   1.        ]
 [  9.05571928   9.00223887   1.        ]
 [ 10.08160195   9.03459356   1.        ]
 [ 11.05110333   9.07103428   1.        ]
 [ 12.04969615   9.08321213   1.        ]
 [ 13.00810705   9.04020636   1.        ]
 [ 14.07340541   9.02680365   1.        ]
 [  5.0712209   10.02247605   1.        ]
 [  6.05981478  10.07085369   1.        ]
 [  7.05701261  10.0828171    1.        ]
 [  8.01049239  10.01640786   1.        ]
 [  9.07294769  10.0658449    1.        ]
 [ 10.07223365  10.02875227   1.        ]
 [ 11.00129401  10.03232709   1.        ]
 [ 12.09200553  10.00686616   1.        ]
 [ 13.0710004   10.07143707   1.        ]
 [ 14.09261712  10.06556471   1.        ]
 [  5.07740643  11.02445335   1.        ]
 [  6.06026619  11.09295602   1.        ]
 [  7.03492977  11.07907448   1.        ]
 [  8.08091378  11.07869564   1.        ]
 [  9.03977117  11.09099307   1.        ]
 [ 10.03596306  11.00805052   1.        ]
 [ 11.03292929  11.01292724   1.        ]
 [ 12.04334809  11.01858215   1.        ]
 [ 13.06968672  11.01600735   1.        ]
 [ 14.04641203  11.03720721   1.        ]
 [  5.01254463  12.02189586   1.        ]
 [  6.05685663  12.04753823   1.        ]
 [  7.09803275  12.02987516   1.        ]
 [  8.09595707  12.02689723   1.        ]
 [  9.09660926  12.03852511   1.        ]
 [ 10.05324288  12.02904243   1.        ]
 [ 11.0450344   12.08424197   1.        ]
 [ 12.04173904  12.06500648   1.        ]
 [ 13.0788677   12.05621871   1.        ]
 [ 14.07860303  12.03966798   1.        ]
 [  5.06378402  13.04640771   1.        ]
 [  6.04025855  13.01494418   1.        ]
 [  7.04398558  13.05672554   1.        ]
 [  8.07254928  13.04581906   1.        ]
 [  9.08168632  13.07499596   1.        ]
 [ 10.03294852  13.01618417   1.        ]
 [ 11.06823839  13.03257662   1.        ]
 [ 12.0739396   13.06114186   1.        ]
 [ 13.06044187  13.05664274   1.        ]
 [ 14.04434937  13.03730704   1.        ]
 [  5.00216686  14.05176158   1.        ]
 [  6.02961052  14.03414478   1.        ]
 [  7.04734155  14.0603685    1.        ]
 [  8.00383065  14.07250178   1.        ]
 [  9.04214862  14.0875584    1.        ]
 [ 10.08958002  14.01116959   1.        ]
 [ 11.04919845  14.01634177   1.        ]
 [ 12.04533045  14.03128955   1.        ]
 [ 13.07659284  14.03965169   1.        ]
 [ 14.05401945  14.06797659   1.        ]]
Running basin hopping with paramerters:
PARAMETERS BEGIN

epsilon=1.057265
r0=1.382764
sigma=0.141421
PARAMETERS END


E: -311.4164 accepted 1
E: -318.6153 accepted 1
E: -335.5365 accepted 1
E: -332.4170 accepted 0
E: -333.3932 accepted 0
E: -321.6067 accepted 0
E: -332.6704 accepted 0
E: -330.3605 accepted 0
E: -327.9285 accepted 0
Runtime = 2467.931688


