[[  5.0659195    5.02124366   1.        ]
 [  6.02391737   5.03393442   1.        ]
 [  7.04305867   5.04075321   1.        ]
 [  8.08043722   5.04550651   1.        ]
 [  9.07731096   5.00802183   1.        ]
 [ 10.01243907   5.06313029   1.        ]
 [ 11.09928278   5.07631791   1.        ]
 [ 12.02768333   5.01627718   1.        ]
 [ 13.08800588   5.09327751   1.        ]
 [ 14.08996487   5.08878036   1.        ]
 [  5.02577627   6.00741429   1.        ]
 [  6.0100025    6.00450937   1.        ]
 [  7.05067566   6.04903078   1.        ]
 [  8.09552011   6.05157107   1.        ]
 [  9.07301847   6.03938368   1.        ]
 [ 10.02905161   6.0902427    1.        ]
 [ 11.0854664    6.00227082   1.        ]
 [ 12.08323417   6.05416477   1.        ]
 [ 13.0937533    6.0308368    1.        ]
 [ 14.01039682   6.05963534   1.        ]
 [  5.06366315   7.08957788   1.        ]
 [  6.02460182   7.04715037   1.        ]
 [  7.02572257   7.08046668   1.        ]
 [  8.06520557   7.02908196   1.        ]
 [  9.06561809   7.02287196   1.        ]
 [ 10.05200714   7.00023123   1.        ]
 [ 11.06659456   7.06278841   1.        ]
 [ 12.05536373   7.08017003   1.        ]
 [ 13.06154632   7.08116597   1.        ]
 [ 14.08348198   7.04313726   1.        ]
 [  5.03920179   8.0822477    1.        ]
 [  6.09459508   8.09436714   1.        ]
 [  7.02317117   8.07669663   1.        ]
 [  8.00788141   8.0815758    1.        ]
 [  9.03511446   8.00796181   1.        ]
 [ 10.05738901   8.06724464   1.        ]
 [ 11.08429397   8.07912846   1.        ]
 [ 12.02875638   8.08236359   1.        ]
 [ 13.03854521   8.06202245   1.        ]
 [ 14.08713902   8.01513499   1.        ]
 [  5.0456359    9.06298458   1.        ]
 [  6.09475254   9.09816731   1.        ]
 [  7.05696235   9.06378255   1.        ]
 [  8.07091707   9.06733814   1.        ]
 [  9.0701832    9.05654107   1.        ]
 [ 10.06235774   9.08423874   1.        ]
 [ 11.07606484   9.05026017   1.        ]
 [ 12.05374552   9.0349553    1.        ]
 [ 13.07899225   9.06334473   1.        ]
 [ 14.02561471   9.07515449   1.        ]
 [  5.02299268  10.02461986   1.        ]
 [  6.09130841  10.03170331   1.        ]
 [  7.08203144  10.05710214   1.        ]
 [  8.01240908  10.07798692   1.        ]
 [  9.05341094  10.09984312   1.        ]
 [ 10.07907242  10.03650293   1.        ]
 [ 11.00954433  10.05947313   1.        ]
 [ 12.07522088  10.03946091   1.        ]
 [ 13.08323048  10.07563598   1.        ]
 [ 14.01962857  10.08671321   1.        ]
 [  5.02167401  11.09105197   1.        ]
 [  6.09901676  11.0312688    1.        ]
 [  7.04448658  11.09096257   1.        ]
 [  8.07673645  11.03767542   1.        ]
 [  9.05207543  11.0935592    1.        ]
 [ 10.09466817  11.02392633   1.        ]
 [ 11.05004713  11.02346019   1.        ]
 [ 12.00366083  11.05693847   1.        ]
 [ 13.09321913  11.09579657   1.        ]
 [ 14.09980097  11.06359585   1.        ]
 [  5.06916203  12.09725692   1.        ]
 [  6.01888418  12.02019957   1.        ]
 [  7.02765978  12.0503687    1.        ]
 [  8.00670076  12.04149322   1.        ]
 [  9.0319345   12.06073723   1.        ]
 [ 10.02555169  12.03392803   1.        ]
 [ 11.0925923   12.04094669   1.        ]
 [ 12.04230986  12.07239271   1.        ]
 [ 13.04550032  12.08164071   1.        ]
 [ 14.0404626   12.01694049   1.        ]
 [  5.01520571  13.04183696   1.        ]
 [  6.01422554  13.09740704   1.        ]
 [  7.01071526  13.01033843   1.        ]
 [  8.00629548  13.07655144   1.        ]
 [  9.02828847  13.00820462   1.        ]
 [ 10.0688734   13.08972175   1.        ]
 [ 11.08469857  13.07827589   1.        ]
 [ 12.03395107  13.01636349   1.        ]
 [ 13.00464689  13.02563066   1.        ]
 [ 14.06293312  13.00852756   1.        ]
 [  5.02766053  14.019541     1.        ]
 [  6.04228008  14.00751311   1.        ]
 [  7.03163995  14.02349238   1.        ]
 [  8.01068481  14.02192452   1.        ]
 [  9.03568964  14.06106066   1.        ]
 [ 10.04612099  14.00502281   1.        ]
 [ 11.04147661  14.00720651   1.        ]
 [ 12.02102495  14.06079886   1.        ]
 [ 13.00818087  14.08409904   1.        ]
 [ 14.07331631  14.08171482   1.        ]]
Running basin hopping with paramerters:
PARAMETERS BEGIN

epsilon=0.967569
r0=1.441993
sigma=0.141421
PARAMETERS END


E: -298.5942 accepted 1
E: -296.2397 accepted 0
E: -311.0862 accepted 1
E: -317.8724 accepted 1
E: -324.9030 accepted 1
E: -334.9585 accepted 1
E: -336.1129 accepted 1
E: -334.2755 accepted 0
E: -340.1940 accepted 1
E: -335.1279 accepted 0
E: -342.4468 accepted 1
E: -344.0964 accepted 1
E: -347.0171 accepted 1
E: -347.1631 accepted 1
E: -342.3277 accepted 0
E: -343.8138 accepted 0
E: -347.3282 accepted 1
E: -340.7316 accepted 0
E: -342.9122 accepted 0
E: -336.7493 accepted 0
E: -344.9778 accepted 0
E: -348.0019 accepted 1
E: -348.1313 accepted 1
E: -344.3235 accepted 0
E: -356.2433 accepted 1
E: -343.4025 accepted 0
E: -348.2146 accepted 0
E: -342.9893 accepted 0
E: -350.6009 accepted 0
E: -350.0687 accepted 0
E: -345.8542 accepted 0
Runtime = 4798.063091


