[[  5.08265692   5.06541453   1.        ]
 [  6.07547068   5.04143478   1.        ]
 [  7.05892068   5.05412354   1.        ]
 [  8.02514024   5.07639408   1.        ]
 [  9.03048069   5.03863618   1.        ]
 [ 10.06415478   5.03254492   1.        ]
 [ 11.0613991    5.01988641   1.        ]
 [ 12.00381377   5.01390417   1.        ]
 [ 13.02181499   5.07908309   1.        ]
 [ 14.06054318   5.07975714   1.        ]
 [  5.04844284   6.05543332   1.        ]
 [  6.04566196   6.00957061   1.        ]
 [  7.09316597   6.03913113   1.        ]
 [  8.07085668   6.08015944   1.        ]
 [  9.01633204   6.03814314   1.        ]
 [ 10.06546078   6.02283359   1.        ]
 [ 11.0490049    6.03806847   1.        ]
 [ 12.09827345   6.02118543   1.        ]
 [ 13.03650766   6.04984079   1.        ]
 [ 14.04860543   6.0362038    1.        ]
 [  5.00622889   7.03475324   1.        ]
 [  6.06529387   7.01764543   1.        ]
 [  7.07723762   7.06401594   1.        ]
 [  8.06554848   7.08115107   1.        ]
 [  9.07792117   7.07909969   1.        ]
 [ 10.06463007   7.06310562   1.        ]
 [ 11.00960154   7.05519236   1.        ]
 [ 12.04303554   7.09886038   1.        ]
 [ 13.00794173   7.03693391   1.        ]
 [ 14.06228975   7.05788621   1.        ]
 [  5.00354043   8.06024872   1.        ]
 [  6.00224227   8.00470959   1.        ]
 [  7.01117937   8.08122676   1.        ]
 [  8.02341601   8.02733573   1.        ]
 [  9.05417936   8.06760795   1.        ]
 [ 10.08172146   8.05525587   1.        ]
 [ 11.06995039   8.02143791   1.        ]
 [ 12.01375809   8.07528799   1.        ]
 [ 13.07666787   8.01867424   1.        ]
 [ 14.09646689   8.02821701   1.        ]
 [  5.0670371    9.07292631   1.        ]
 [  6.02123336   9.0907888    1.        ]
 [  7.01383398   9.05516015   1.        ]
 [  8.07235383   9.0415159    1.        ]
 [  9.05996021   9.08234972   1.        ]
 [ 10.06167058   9.076602     1.        ]
 [ 11.08913913   9.02568067   1.        ]
 [ 12.01302131   9.02452592   1.        ]
 [ 13.06215385   9.03167463   1.        ]
 [ 14.07348034   9.03588835   1.        ]
 [  5.01856384  10.01916388   1.        ]
 [  6.06434756  10.05426381   1.        ]
 [  7.08404074  10.09232364   1.        ]
 [  8.00048063  10.00378152   1.        ]
 [  9.03515632  10.03311185   1.        ]
 [ 10.02096597  10.02278951   1.        ]
 [ 11.03031161  10.08781124   1.        ]
 [ 12.01448349  10.05498186   1.        ]
 [ 13.00050111  10.0635054    1.        ]
 [ 14.07077889  10.08481525   1.        ]
 [  5.0508967   11.02647369   1.        ]
 [  6.02996524  11.09742028   1.        ]
 [  7.01312529  11.0153395    1.        ]
 [  8.08636284  11.03189078   1.        ]
 [  9.06349886  11.09113286   1.        ]
 [ 10.03804701  11.05077126   1.        ]
 [ 11.05626032  11.02493702   1.        ]
 [ 12.06276786  11.09380009   1.        ]
 [ 13.0965824   11.05974154   1.        ]
 [ 14.03859616  11.06600306   1.        ]
 [  5.07718751  12.03634935   1.        ]
 [  6.01387279  12.04564588   1.        ]
 [  7.02423242  12.09101709   1.        ]
 [  8.05557028  12.07900649   1.        ]
 [  9.05423926  12.02162582   1.        ]
 [ 10.04487138  12.06564682   1.        ]
 [ 11.05313824  12.08195356   1.        ]
 [ 12.0553479   12.0821666    1.        ]
 [ 13.07682459  12.0740022    1.        ]
 [ 14.09342154  12.04694394   1.        ]
 [  5.06324234  13.04890769   1.        ]
 [  6.00542296  13.02909934   1.        ]
 [  7.05183775  13.01217151   1.        ]
 [  8.0747895   13.0352992    1.        ]
 [  9.00607811  13.00374561   1.        ]
 [ 10.07810942  13.07948685   1.        ]
 [ 11.03637451  13.02517242   1.        ]
 [ 12.03927167  13.02271651   1.        ]
 [ 13.01377854  13.02399285   1.        ]
 [ 14.07877077  13.08438834   1.        ]
 [  5.05341547  14.046791     1.        ]
 [  6.04385064  14.03794366   1.        ]
 [  7.04926573  14.03782455   1.        ]
 [  8.00633633  14.08069672   1.        ]
 [  9.02923987  14.02305527   1.        ]
 [ 10.07641644  14.08921346   1.        ]
 [ 11.00764939  14.07223581   1.        ]
 [ 12.04247593  14.04275157   1.        ]
 [ 13.01152816  14.07754044   1.        ]
 [ 14.06537116  14.07512349   1.        ]]
Running basin hopping with paramerters:
PARAMETERS BEGIN

epsilon=0.944365
r0=1.417296
sigma=0.141421
PARAMETERS END


E: -314.4050 accepted 1
E: -327.6093 accepted 1
E: -335.6296 accepted 1
E: -332.4196 accepted 0
E: -333.8366 accepted 0
E: -323.4008 accepted 0
E: -330.9842 accepted 0
E: -341.2855 accepted 1
E: -338.7481 accepted 0
E: -341.3152 accepted 1
E: -331.7650 accepted 0
E: -334.3343 accepted 0
E: -336.2699 accepted 0
E: -341.6767 accepted 1
E: -334.4761 accepted 0
E: -339.1966 accepted 0
E: -335.3815 accepted 0
E: -332.0043 accepted 0
E: -331.4732 accepted 0
E: -339.4033 accepted 0
Runtime = 3224.655905


