[[  5.00336094   5.0443651    1.        ]
 [  6.09696775   5.03245103   1.        ]
 [  7.04290588   5.07895401   1.        ]
 [  8.02071561   5.07969919   1.        ]
 [  9.09685528   5.09041386   1.        ]
 [ 10.08285073   5.03658357   1.        ]
 [ 11.03770561   5.06316149   1.        ]
 [ 12.03114401   5.05671926   1.        ]
 [ 13.00863895   5.09291412   1.        ]
 [ 14.06339569   5.01518531   1.        ]
 [  5.01390079   6.06985603   1.        ]
 [  6.0850767    6.04255392   1.        ]
 [  7.0563089    6.06824829   1.        ]
 [  8.07748731   6.03195208   1.        ]
 [  9.07971971   6.08055808   1.        ]
 [ 10.00490908   6.04817098   1.        ]
 [ 11.0815758    6.0338692    1.        ]
 [ 12.05656682   6.02730643   1.        ]
 [ 13.0563659    6.07847481   1.        ]
 [ 14.06076348   6.01659913   1.        ]
 [  5.05173197   7.04421222   1.        ]
 [  6.0733886    7.00476234   1.        ]
 [  7.00865979   7.01057438   1.        ]
 [  8.02720492   7.07832463   1.        ]
 [  9.02112641   7.07612073   1.        ]
 [ 10.06077851   7.03573616   1.        ]
 [ 11.09204284   7.08358234   1.        ]
 [ 12.02544509   7.02565907   1.        ]
 [ 13.07840497   7.05017216   1.        ]
 [ 14.04269304   7.08895957   1.        ]
 [  5.01271615   8.04362282   1.        ]
 [  6.08662516   8.07041098   1.        ]
 [  7.09382578   8.02474803   1.        ]
 [  8.02342336   8.07383746   1.        ]
 [  9.03518432   8.00844924   1.        ]
 [ 10.03484983   8.00627041   1.        ]
 [ 11.00144827   8.0033365    1.        ]
 [ 12.04687326   8.05290266   1.        ]
 [ 13.0075521    8.07889057   1.        ]
 [ 14.0698524    8.04916766   1.        ]
 [  5.04955625   9.06151181   1.        ]
 [  6.08971123   9.08695306   1.        ]
 [  7.00819055   9.08023385   1.        ]
 [  8.07471857   9.03739502   1.        ]
 [  9.06101948   9.01169228   1.        ]
 [ 10.01753378   9.00028884   1.        ]
 [ 11.03137769   9.07448282   1.        ]
 [ 12.0738889    9.06548283   1.        ]
 [ 13.0116712    9.00644459   1.        ]
 [ 14.01549107   9.03577337   1.        ]
 [  5.01347957  10.02324951   1.        ]
 [  6.03230322  10.0044879    1.        ]
 [  7.01890346  10.09242547   1.        ]
 [  8.07218168  10.03404438   1.        ]
 [  9.03583886  10.07966766   1.        ]
 [ 10.09059701  10.01672992   1.        ]
 [ 11.09371869  10.08756726   1.        ]
 [ 12.05117074  10.06741036   1.        ]
 [ 13.00445273  10.02344516   1.        ]
 [ 14.0185737   10.09988638   1.        ]
 [  5.01565757  11.05841488   1.        ]
 [  6.05841406  11.05665979   1.        ]
 [  7.07192283  11.01822515   1.        ]
 [  8.02850393  11.01716663   1.        ]
 [  9.08905545  11.05594096   1.        ]
 [ 10.04491808  11.02178116   1.        ]
 [ 11.03501907  11.02732969   1.        ]
 [ 12.08729542  11.02017822   1.        ]
 [ 13.03758695  11.09428267   1.        ]
 [ 14.09400643  11.06989983   1.        ]
 [  5.03127864  12.05684249   1.        ]
 [  6.02595625  12.0464241    1.        ]
 [  7.00128717  12.00529243   1.        ]
 [  8.07939826  12.07100927   1.        ]
 [  9.06387566  12.04949806   1.        ]
 [ 10.01178292  12.08424819   1.        ]
 [ 11.06252783  12.07302469   1.        ]
 [ 12.05427551  12.02427839   1.        ]
 [ 13.00604203  12.02641991   1.        ]
 [ 14.00788651  12.04470222   1.        ]
 [  5.04364019  13.03033086   1.        ]
 [  6.03334331  13.02147655   1.        ]
 [  7.00207473  13.06191106   1.        ]
 [  8.04158957  13.02884669   1.        ]
 [  9.04903728  13.08164303   1.        ]
 [ 10.07067222  13.01351514   1.        ]
 [ 11.08142103  13.03299537   1.        ]
 [ 12.01354107  13.02938372   1.        ]
 [ 13.06936847  13.05033963   1.        ]
 [ 14.00411432  13.00158682   1.        ]
 [  5.05098723  14.07985578   1.        ]
 [  6.01735565  14.02004911   1.        ]
 [  7.00365072  14.03810618   1.        ]
 [  8.05210293  14.00750917   1.        ]
 [  9.03736394  14.00010892   1.        ]
 [ 10.06326599  14.00889917   1.        ]
 [ 11.01651754  14.07214736   1.        ]
 [ 12.02708321  14.09559619   1.        ]
 [ 13.0930952   14.03740132   1.        ]
 [ 14.00266552  14.0401886    1.        ]]
Running basin hopping with paramerters:
PARAMETERS BEGIN

epsilon=0.911654
r0=1.364991
sigma=0.141421
PARAMETERS END


E: -288.7799 accepted 1
E: -307.3988 accepted 1
E: -323.6008 accepted 1
E: -334.0466 accepted 1
E: -333.5024 accepted 1
E: -336.1012 accepted 1
E: -341.9141 accepted 1
E: -347.0168 accepted 1
E: -342.3329 accepted 0
E: -351.4226 accepted 1
E: -357.0035 accepted 1
E: -354.7205 accepted 0
E: -347.2520 accepted 0
E: -354.7759 accepted 0
E: -340.2270 accepted 0
E: -345.2785 accepted 0
E: -346.0336 accepted 0
Runtime = 4390.375470


