[[  5.07855151   5.03398654   1.        ]
 [  6.00108484   5.02534651   1.        ]
 [  7.09621213   5.007649     1.        ]
 [  8.05854949   5.03347771   1.        ]
 [  9.02968046   5.06887837   1.        ]
 [ 10.04942436   5.09609485   1.        ]
 [ 11.06390483   5.09940302   1.        ]
 [ 12.0267665    5.00766305   1.        ]
 [ 13.04270869   5.0824783    1.        ]
 [ 14.07044389   5.01227708   1.        ]
 [  5.00162435   6.09259039   1.        ]
 [  6.05450884   6.03952077   1.        ]
 [  7.02884805   6.08322698   1.        ]
 [  8.03446271   6.0586017    1.        ]
 [  9.02816239   6.03013015   1.        ]
 [ 10.00565861   6.00242112   1.        ]
 [ 11.03373649   6.02775717   1.        ]
 [ 12.09253485   6.0463599    1.        ]
 [ 13.07430111   6.01158241   1.        ]
 [ 14.0895489    6.08756545   1.        ]
 [  5.04356908   7.05767627   1.        ]
 [  6.03549452   7.01424006   1.        ]
 [  7.05490946   7.07423171   1.        ]
 [  8.02988419   7.05124795   1.        ]
 [  9.01628345   7.0832092    1.        ]
 [ 10.09877034   7.084541     1.        ]
 [ 11.06957913   7.02711798   1.        ]
 [ 12.07534243   7.05138431   1.        ]
 [ 13.03279068   7.05026184   1.        ]
 [ 14.04228055   7.03193903   1.        ]
 [  5.01635178   8.02892461   1.        ]
 [  6.00378585   8.02399909   1.        ]
 [  7.07465609   8.00533522   1.        ]
 [  8.09795144   8.05854865   1.        ]
 [  9.03713249   8.09434346   1.        ]
 [ 10.05274204   8.05944854   1.        ]
 [ 11.01185924   8.02745498   1.        ]
 [ 12.08948926   8.03496043   1.        ]
 [ 13.07355589   8.0011459    1.        ]
 [ 14.04085668   8.03671006   1.        ]
 [  5.03156037   9.02113799   1.        ]
 [  6.09935841   9.03470462   1.        ]
 [  7.05103386   9.06731734   1.        ]
 [  8.04931784   9.02528314   1.        ]
 [  9.00338225   9.04021187   1.        ]
 [ 10.00031198   9.09125605   1.        ]
 [ 11.08156837   9.03215278   1.        ]
 [ 12.05276096   9.05329449   1.        ]
 [ 13.05337638   9.0590301    1.        ]
 [ 14.06982108   9.01535119   1.        ]
 [  5.05444918  10.06689686   1.        ]
 [  6.01893674  10.05619385   1.        ]
 [  7.0372172   10.0588759    1.        ]
 [  8.08323301  10.05080282   1.        ]
 [  9.02207803  10.06425294   1.        ]
 [ 10.03450529  10.07833727   1.        ]
 [ 11.06678763  10.01206358   1.        ]
 [ 12.0584146   10.08995049   1.        ]
 [ 13.03455244  10.05917684   1.        ]
 [ 14.03779532  10.09533683   1.        ]
 [  5.02404312  11.05720624   1.        ]
 [  6.04792868  11.0000352    1.        ]
 [  7.07412273  11.09745896   1.        ]
 [  8.01874379  11.00302723   1.        ]
 [  9.07479241  11.06504939   1.        ]
 [ 10.05098317  11.09833292   1.        ]
 [ 11.02699497  11.02851589   1.        ]
 [ 12.08403999  11.08397738   1.        ]
 [ 13.03102318  11.0386816    1.        ]
 [ 14.01698827  11.08526058   1.        ]
 [  5.0279457   12.04073258   1.        ]
 [  6.08733243  12.00200603   1.        ]
 [  7.09710068  12.06563328   1.        ]
 [  8.07115104  12.01467692   1.        ]
 [  9.06014502  12.0348523    1.        ]
 [ 10.02070819  12.05349192   1.        ]
 [ 11.03069767  12.03455182   1.        ]
 [ 12.02279317  12.01220624   1.        ]
 [ 13.01848242  12.06747301   1.        ]
 [ 14.02206318  12.07540251   1.        ]
 [  5.04474381  13.03142994   1.        ]
 [  6.04826245  13.06873992   1.        ]
 [  7.02448147  13.00375601   1.        ]
 [  8.04632618  13.02922273   1.        ]
 [  9.04154794  13.09747815   1.        ]
 [ 10.01801787  13.05167175   1.        ]
 [ 11.04160231  13.05185708   1.        ]
 [ 12.05404798  13.02541459   1.        ]
 [ 13.0495046   13.03895465   1.        ]
 [ 14.02647932  13.06612013   1.        ]
 [  5.09680386  14.03383071   1.        ]
 [  6.09138355  14.03506433   1.        ]
 [  7.02508308  14.07843998   1.        ]
 [  8.05216992  14.06993363   1.        ]
 [  9.0657158   14.04638388   1.        ]
 [ 10.02645951  14.09766965   1.        ]
 [ 11.02152426  14.00465352   1.        ]
 [ 12.05419455  14.06038812   1.        ]
 [ 13.07152726  14.07165382   1.        ]
 [ 14.0676383   14.04405262   1.        ]]
Running basin hopping with paramerters:
PARAMETERS BEGIN

epsilon=3.353461
r0=1.348882
sigma=0.141421
PARAMETERS END


E: -766.1573 accepted 1
E: -793.2340 accepted 1
E: -778.1191 accepted 0
E: -777.1590 accepted 0
E: -821.0636 accepted 1
E: -860.6090 accepted 1
E: -857.7853 accepted 0
E: -851.5580 accepted 0
E: -847.0636 accepted 0
E: -848.3624 accepted 0
E: -872.9653 accepted 1
E: -868.9140 accepted 0
E: -860.6057 accepted 0
E: -873.8999 accepted 1
E: -892.7165 accepted 1
E: -871.8669 accepted 0
E: -879.9540 accepted 0
E: -892.0714 accepted 0
E: -899.7742 accepted 1
E: -879.7143 accepted 0
E: -888.1454 accepted 0
E: -914.8560 accepted 1
E: -914.4833 accepted 1
E: -902.9074 accepted 0
E: -897.1487 accepted 0
E: -913.4743 accepted 0
E: -906.8047 accepted 0
E: -914.4833 accepted 1
Runtime = 3448.220520


