[[  5.0998223    5.01746588   1.        ]
 [  6.09567883   5.00459467   1.        ]
 [  7.02748429   5.0520192    1.        ]
 [  8.0279843    5.04567921   1.        ]
 [  9.04343628   5.08169547   1.        ]
 [ 10.09692904   5.04916034   1.        ]
 [ 11.09489289   5.01157516   1.        ]
 [ 12.02402864   5.05341774   1.        ]
 [ 13.07760125   5.09568635   1.        ]
 [ 14.06760573   5.07197202   1.        ]
 [  5.07953185   6.09913186   1.        ]
 [  6.06396716   6.08882378   1.        ]
 [  7.03900717   6.01067943   1.        ]
 [  8.00230031   6.03809177   1.        ]
 [  9.07478998   6.01199526   1.        ]
 [ 10.04883993   6.01932118   1.        ]
 [ 11.06159645   6.00820119   1.        ]
 [ 12.08593435   6.07911252   1.        ]
 [ 13.02075008   6.00741523   1.        ]
 [ 14.05359802   6.04016993   1.        ]
 [  5.07506235   7.06041828   1.        ]
 [  6.03889097   7.01911296   1.        ]
 [  7.08240989   7.07923114   1.        ]
 [  8.01101312   7.07599178   1.        ]
 [  9.06493681   7.08558847   1.        ]
 [ 10.09482019   7.02221707   1.        ]
 [ 11.00390033   7.07929209   1.        ]
 [ 12.05803895   7.00202492   1.        ]
 [ 13.0525923    7.04403175   1.        ]
 [ 14.01464871   7.02440226   1.        ]
 [  5.02278208   8.05597059   1.        ]
 [  6.03296215   8.08661831   1.        ]
 [  7.00631834   8.09252899   1.        ]
 [  8.09656762   8.09166405   1.        ]
 [  9.07936872   8.06526173   1.        ]
 [ 10.02257729   8.06428534   1.        ]
 [ 11.01119366   8.08387555   1.        ]
 [ 12.0154604    8.01241021   1.        ]
 [ 13.03948109   8.09781015   1.        ]
 [ 14.07142048   8.09374947   1.        ]
 [  5.0969408    9.03054218   1.        ]
 [  6.00946525   9.00187718   1.        ]
 [  7.07192795   9.0961148    1.        ]
 [  8.03864855   9.09004977   1.        ]
 [  9.03234226   9.0822457    1.        ]
 [ 10.08118619   9.09496427   1.        ]
 [ 11.00044687   9.03251998   1.        ]
 [ 12.0503633    9.0642704    1.        ]
 [ 13.04452161   9.07493295   1.        ]
 [ 14.03586105   9.07118274   1.        ]
 [  5.07867179  10.06166147   1.        ]
 [  6.04462349  10.08773557   1.        ]
 [  7.0982463   10.07503954   1.        ]
 [  8.06450332  10.06273263   1.        ]
 [  9.07517057  10.01620594   1.        ]
 [ 10.04624491  10.02667593   1.        ]
 [ 11.0195192   10.01144141   1.        ]
 [ 12.00785198  10.00795353   1.        ]
 [ 13.01322882  10.06269251   1.        ]
 [ 14.0610082   10.00415948   1.        ]
 [  5.08733147  11.09529915   1.        ]
 [  6.05330858  11.04188809   1.        ]
 [  7.01339101  11.05313598   1.        ]
 [  8.03880003  11.01500753   1.        ]
 [  9.05007613  11.05332222   1.        ]
 [ 10.03876156  11.05089979   1.        ]
 [ 11.08918663  11.08602954   1.        ]
 [ 12.04786546  11.0785596    1.        ]
 [ 13.04256542  11.07950771   1.        ]
 [ 14.06618701  11.02011567   1.        ]
 [  5.03207759  12.04981184   1.        ]
 [  6.06567029  12.01876611   1.        ]
 [  7.05957636  12.06666861   1.        ]
 [  8.00996555  12.06718804   1.        ]
 [  9.02648103  12.02815636   1.        ]
 [ 10.0054951   12.06386645   1.        ]
 [ 11.0398374   12.02055874   1.        ]
 [ 12.09514607  12.00947462   1.        ]
 [ 13.04908587  12.06254034   1.        ]
 [ 14.00581906  12.02931154   1.        ]
 [  5.07186092  13.09651265   1.        ]
 [  6.00920665  13.04896708   1.        ]
 [  7.03984084  13.00348186   1.        ]
 [  8.05520982  13.00486719   1.        ]
 [  9.05506993  13.08075435   1.        ]
 [ 10.04862465  13.01472777   1.        ]
 [ 11.08188841  13.03480645   1.        ]
 [ 12.03258713  13.00412753   1.        ]
 [ 13.0617724   13.09155583   1.        ]
 [ 14.00556535  13.09845782   1.        ]
 [  5.08125178  14.09752406   1.        ]
 [  6.05349148  14.06159246   1.        ]
 [  7.06439519  14.08803343   1.        ]
 [  8.01323464  14.08390792   1.        ]
 [  9.09349185  14.06269484   1.        ]
 [ 10.00150978  14.00275884   1.        ]
 [ 11.02664527  14.07249339   1.        ]
 [ 12.0403167   14.02049725   1.        ]
 [ 13.02944431  14.02598173   1.        ]
 [ 14.01759117  14.08505004   1.        ]]
Running basin hopping with paramerters:
PARAMETERS BEGIN

epsilon=1.202594
r0=1.419910
sigma=0.141421
PARAMETERS END


E: -370.6186 accepted 1
E: -378.7692 accepted 1
E: -378.7273 accepted 1
E: -374.1139 accepted 0
E: -381.0476 accepted 1
E: -382.3154 accepted 1
E: -381.9750 accepted 1
E: -374.7248 accepted 0
E: -396.4325 accepted 1
E: -379.8754 accepted 0
E: -383.6083 accepted 0
E: -381.5201 accepted 0
E: -386.7640 accepted 0
E: -382.4790 accepted 0
E: -386.5558 accepted 0
Runtime = 1986.103568


