[[  5.02367542   5.03226037   1.        ]
 [  6.0845838    5.0759512    1.        ]
 [  7.08658382   5.01991454   1.        ]
 [  8.05339972   5.08924661   1.        ]
 [  9.03379082   5.09215963   1.        ]
 [ 10.05593743   5.05663843   1.        ]
 [ 11.0790109    5.0906824    1.        ]
 [ 12.02276184   5.00990761   1.        ]
 [ 13.02285225   5.03653465   1.        ]
 [ 14.03376729   5.09354934   1.        ]
 [  5.08328401   6.05911407   1.        ]
 [  6.0935877    6.00506669   1.        ]
 [  7.0055118    6.09644405   1.        ]
 [  8.07830977   6.03244974   1.        ]
 [  9.02029118   6.08720565   1.        ]
 [ 10.09832214   6.0564275    1.        ]
 [ 11.05481885   6.01862409   1.        ]
 [ 12.0353663    6.03990148   1.        ]
 [ 13.08948148   6.00495669   1.        ]
 [ 14.05358347   6.02893451   1.        ]
 [  5.00284714   7.07459457   1.        ]
 [  6.00432644   7.06677876   1.        ]
 [  7.05212617   7.03307093   1.        ]
 [  8.07551971   7.01216833   1.        ]
 [  9.00244103   7.07832789   1.        ]
 [ 10.06680455   7.03517839   1.        ]
 [ 11.06111732   7.00284837   1.        ]
 [ 12.06007599   7.08172717   1.        ]
 [ 13.00215758   7.00345853   1.        ]
 [ 14.00138764   7.06900553   1.        ]
 [  5.03771355   8.00241991   1.        ]
 [  6.00501091   8.01323023   1.        ]
 [  7.00664424   8.00604675   1.        ]
 [  8.08335701   8.04991555   1.        ]
 [  9.06512551   8.04013602   1.        ]
 [ 10.06214136   8.0206221    1.        ]
 [ 11.04358672   8.07833271   1.        ]
 [ 12.05927709   8.07487589   1.        ]
 [ 13.03697794   8.07627288   1.        ]
 [ 14.02130288   8.08004379   1.        ]
 [  5.06273887   9.07623163   1.        ]
 [  6.05736835   9.08595495   1.        ]
 [  7.0051946    9.08194862   1.        ]
 [  8.07561765   9.0322991    1.        ]
 [  9.0714664    9.04049052   1.        ]
 [ 10.04152671   9.05647994   1.        ]
 [ 11.08311719   9.07504751   1.        ]
 [ 12.09366248   9.06004097   1.        ]
 [ 13.07459345   9.04022266   1.        ]
 [ 14.03180519   9.02549868   1.        ]
 [  5.02588186  10.04132875   1.        ]
 [  6.04986821  10.02274586   1.        ]
 [  7.07640405  10.03316788   1.        ]
 [  8.07404309  10.07969826   1.        ]
 [  9.01285666  10.07060535   1.        ]
 [ 10.06556492  10.06620703   1.        ]
 [ 11.04472419  10.06696526   1.        ]
 [ 12.0775717   10.09372412   1.        ]
 [ 13.06413133  10.03813887   1.        ]
 [ 14.01761767  10.06711019   1.        ]
 [  5.0486423   11.06960917   1.        ]
 [  6.06030819  11.06192544   1.        ]
 [  7.04701332  11.05861173   1.        ]
 [  8.03645119  11.01887102   1.        ]
 [  9.07582049  11.03994526   1.        ]
 [ 10.08833366  11.06258536   1.        ]
 [ 11.07763723  11.03568153   1.        ]
 [ 12.07687701  11.08325069   1.        ]
 [ 13.01881445  11.04907344   1.        ]
 [ 14.0852932   11.09103969   1.        ]
 [  5.0823221   12.07727016   1.        ]
 [  6.0643328   12.00111638   1.        ]
 [  7.01180107  12.06470144   1.        ]
 [  8.05091518  12.01149123   1.        ]
 [  9.07082318  12.07129978   1.        ]
 [ 10.09787086  12.0180222    1.        ]
 [ 11.08120182  12.05826829   1.        ]
 [ 12.00717106  12.01519332   1.        ]
 [ 13.05154598  12.08340973   1.        ]
 [ 14.07535115  12.00347131   1.        ]
 [  5.06613921  13.09120887   1.        ]
 [  6.03242169  13.0636702    1.        ]
 [  7.05551155  13.09700403   1.        ]
 [  8.04109627  13.05506971   1.        ]
 [  9.01802711  13.05982399   1.        ]
 [ 10.00560488  13.08183364   1.        ]
 [ 11.0133996   13.03099272   1.        ]
 [ 12.07387789  13.04125386   1.        ]
 [ 13.06957499  13.09410062   1.        ]
 [ 14.05543431  13.02441212   1.        ]
 [  5.08281673  14.00541721   1.        ]
 [  6.03253293  14.01478914   1.        ]
 [  7.05560255  14.06512749   1.        ]
 [  8.06001867  14.06832592   1.        ]
 [  9.06457184  14.02300561   1.        ]
 [ 10.08986959  14.01010177   1.        ]
 [ 11.07369239  14.09792532   1.        ]
 [ 12.07926514  14.07761216   1.        ]
 [ 13.027402    14.01949444   1.        ]
 [ 14.07801258  14.01145849   1.        ]]
Running basin hopping with paramerters:
PARAMETERS BEGIN

epsilon=3.827546
r0=1.274047
sigma=0.141421
PARAMETERS END


E: -893.8890 accepted 1
E: -927.0694 accepted 1
E: -931.8038 accepted 1
E: -957.8119 accepted 1
E: -973.8422 accepted 1
E: -928.1105 accepted 0
E: -995.1381 accepted 1
E: -960.2790 accepted 0
E: -1007.1706 accepted 1
E: -998.8930 accepted 0
E: -1007.2372 accepted 1
E: -980.2334 accepted 0
E: -961.4504 accepted 0
E: -1003.0223 accepted 0
E: -992.9062 accepted 0
E: -977.1803 accepted 0
E: -1019.2556 accepted 1
E: -1019.2731 accepted 1
E: -1019.2729 accepted 1
E: -1013.7178 accepted 0
E: -1011.9588 accepted 0
E: -1002.5627 accepted 0
E: -1015.2754 accepted 0
E: -1019.2731 accepted 1
E: -990.0448 accepted 0
E: -1001.3301 accepted 0
E: -1021.0562 accepted 1
E: -1012.5096 accepted 0
E: -1003.6079 accepted 0
E: -995.8357 accepted 0
E: -1029.6521 accepted 1
E: -1029.6522 accepted 1
E: -1046.7872 accepted 1
E: -1011.7888 accepted 0
E: -1029.6803 accepted 0
E: -1006.7718 accepted 0
E: -1034.8414 accepted 0
E: -1016.3459 accepted 0
E: -1030.8664 accepted 0
Runtime = 5284.027573


