[[  5.0611785    5.07759165   1.        ]
 [  6.05967967   5.07697289   1.        ]
 [  7.01180518   5.08488444   1.        ]
 [  8.03185826   5.07619542   1.        ]
 [  9.020904     5.07813296   1.        ]
 [ 10.00475955   5.03284353   1.        ]
 [ 11.03495522   5.02563829   1.        ]
 [ 12.05875095   5.01220312   1.        ]
 [ 13.04343102   5.03724787   1.        ]
 [ 14.04684564   5.014844     1.        ]
 [  5.02164782   6.03558295   1.        ]
 [  6.00506214   6.07676715   1.        ]
 [  7.03618056   6.08859343   1.        ]
 [  8.04080888   6.03574671   1.        ]
 [  9.09933953   6.01289258   1.        ]
 [ 10.04543302   6.04727463   1.        ]
 [ 11.0947067    6.02963093   1.        ]
 [ 12.07893414   6.08277163   1.        ]
 [ 13.01693487   6.0623248    1.        ]
 [ 14.02351939   6.07036237   1.        ]
 [  5.09282587   7.04590347   1.        ]
 [  6.08499801   7.03302823   1.        ]
 [  7.0285271    7.08836538   1.        ]
 [  8.04488332   7.00388321   1.        ]
 [  9.00282751   7.04568368   1.        ]
 [ 10.02980772   7.05132618   1.        ]
 [ 11.00091898   7.05920477   1.        ]
 [ 12.04654055   7.05667717   1.        ]
 [ 13.02469649   7.06269361   1.        ]
 [ 14.01573511   7.08162494   1.        ]
 [  5.09461209   8.01774907   1.        ]
 [  6.0745369    8.08011416   1.        ]
 [  7.05255958   8.05557041   1.        ]
 [  8.01632999   8.00773293   1.        ]
 [  9.00646154   8.02154256   1.        ]
 [ 10.08945405   8.06499929   1.        ]
 [ 11.00735604   8.09814444   1.        ]
 [ 12.0804454    8.07806425   1.        ]
 [ 13.07966325   8.06315377   1.        ]
 [ 14.09884826   8.00427962   1.        ]
 [  5.04385169   9.05460925   1.        ]
 [  6.05854981   9.05565573   1.        ]
 [  7.04036623   9.0018772    1.        ]
 [  8.04230705   9.06388012   1.        ]
 [  9.07364311   9.05164371   1.        ]
 [ 10.08060896   9.0387741    1.        ]
 [ 11.08205845   9.02172231   1.        ]
 [ 12.05583761   9.09228873   1.        ]
 [ 13.09352403   9.00244777   1.        ]
 [ 14.02676072   9.0002541    1.        ]
 [  5.06761923  10.03256903   1.        ]
 [  6.09532685  10.05189054   1.        ]
 [  7.0844423   10.02528693   1.        ]
 [  8.07239183  10.06016196   1.        ]
 [  9.01938363  10.00614573   1.        ]
 [ 10.00894473  10.0572579    1.        ]
 [ 11.05876975  10.00065662   1.        ]
 [ 12.02628879  10.07708962   1.        ]
 [ 13.02933039  10.0530876    1.        ]
 [ 14.01331497  10.08201209   1.        ]
 [  5.04560659  11.08694403   1.        ]
 [  6.0109502   11.09192108   1.        ]
 [  7.09077671  11.05606624   1.        ]
 [  8.04542031  11.03050259   1.        ]
 [  9.03167856  11.08780609   1.        ]
 [ 10.09474936  11.03432598   1.        ]
 [ 11.08332677  11.0814893    1.        ]
 [ 12.01976944  11.01749479   1.        ]
 [ 13.05802965  11.02819297   1.        ]
 [ 14.0144616   11.04647144   1.        ]
 [  5.0734079   12.01187783   1.        ]
 [  6.0526913   12.06897731   1.        ]
 [  7.05786146  12.08356164   1.        ]
 [  8.05542521  12.04699739   1.        ]
 [  9.05011405  12.04091851   1.        ]
 [ 10.08219015  12.05223984   1.        ]
 [ 11.05957637  12.04561837   1.        ]
 [ 12.02220892  12.04166982   1.        ]
 [ 13.04372765  12.07086421   1.        ]
 [ 14.08379112  12.05671802   1.        ]
 [  5.03446487  13.06257243   1.        ]
 [  6.05102995  13.03086434   1.        ]
 [  7.05471382  13.05404546   1.        ]
 [  8.01079487  13.01474777   1.        ]
 [  9.03852756  13.0371552    1.        ]
 [ 10.07116552  13.08302243   1.        ]
 [ 11.08378929  13.02694372   1.        ]
 [ 12.04996056  13.03062437   1.        ]
 [ 13.02177153  13.07924834   1.        ]
 [ 14.06554433  13.02684491   1.        ]
 [  5.09037737  14.04196998   1.        ]
 [  6.00874649  14.07405493   1.        ]
 [  7.05746254  14.09250822   1.        ]
 [  8.01335152  14.09522992   1.        ]
 [  9.02548059  14.00403095   1.        ]
 [ 10.0422816   14.03867717   1.        ]
 [ 11.03789752  14.01269244   1.        ]
 [ 12.04987597  14.06213294   1.        ]
 [ 13.09126583  14.01104667   1.        ]
 [ 14.01236188  14.02411093   1.        ]]
Running basin hopping with paramerters:
PARAMETERS BEGIN

epsilon=4.429790
r0=1.349793
sigma=0.141421
PARAMETERS END


E: -1004.0085 accepted 1
E: -1020.4645 accepted 1
E: -1049.8313 accepted 1
E: -1034.3519 accepted 0
E: -1042.5650 accepted 0
E: -1078.0304 accepted 1
E: -1112.2930 accepted 1
E: -1083.1201 accepted 0
E: -1060.8179 accepted 0
E: -1101.7869 accepted 0
E: -1116.3695 accepted 1
E: -1093.6231 accepted 0
E: -1081.4606 accepted 0
E: -1135.1968 accepted 1
E: -1122.1633 accepted 0
E: -1137.1537 accepted 1
E: -1155.1905 accepted 1
E: -1155.1919 accepted 1
E: -1155.1923 accepted 1
E: -1124.8254 accepted 0
E: -1150.4272 accepted 0
E: -1155.1928 accepted 1
E: -1155.1941 accepted 1
E: -1155.1929 accepted 1
E: -1147.2528 accepted 0
E: -1121.8022 accepted 0
E: -1159.9425 accepted 1
E: -1140.4365 accepted 0
E: -1122.9437 accepted 0
E: -1159.9427 accepted 1
E: -1149.8898 accepted 0
E: -1159.9421 accepted 1
E: -1132.7362 accepted 0
E: -1150.4552 accepted 0
E: -1159.9428 accepted 1
E: -1145.6746 accepted 0
E: -1132.3192 accepted 0
E: -1132.3095 accepted 0
E: -1159.9432 accepted 1
E: -1159.9435 accepted 1
E: -1108.0480 accepted 0
E: -1159.9431 accepted 1
E: -1159.9418 accepted 1
E: -1123.9337 accepted 0
E: -1159.9426 accepted 1
E: -1159.9435 accepted 1
Runtime = 4710.088889


