[[  5.03093626   5.07109728   1.        ]
 [  6.00342616   5.07794634   1.        ]
 [  7.0805417    5.05155308   1.        ]
 [  8.04766221   5.03570032   1.        ]
 [  9.09544111   5.08745903   1.        ]
 [ 10.09990801   5.03813707   1.        ]
 [ 11.03913149   5.03547046   1.        ]
 [ 12.0296506    5.02366378   1.        ]
 [ 13.03926488   5.04642439   1.        ]
 [ 14.08260507   5.0904288    1.        ]
 [  5.05965432   6.02162224   1.        ]
 [  6.0569515    6.01623742   1.        ]
 [  7.05099704   6.08295201   1.        ]
 [  8.06518247   6.02183989   1.        ]
 [  9.08530652   6.01146859   1.        ]
 [ 10.06355031   6.00152999   1.        ]
 [ 11.04505019   6.0506358    1.        ]
 [ 12.06345275   6.03909007   1.        ]
 [ 13.07539552   6.02038751   1.        ]
 [ 14.04585013   6.04890287   1.        ]
 [  5.03619486   7.02826736   1.        ]
 [  6.07348166   7.01796266   1.        ]
 [  7.02285404   7.04822165   1.        ]
 [  8.04518128   7.0519281    1.        ]
 [  9.04105549   7.04934815   1.        ]
 [ 10.06572375   7.08038444   1.        ]
 [ 11.01046084   7.04096632   1.        ]
 [ 12.02958309   7.02106934   1.        ]
 [ 13.04464918   7.06791586   1.        ]
 [ 14.00662684   7.09075654   1.        ]
 [  5.04506383   8.03153739   1.        ]
 [  6.01960955   8.05271114   1.        ]
 [  7.0180191    8.01692374   1.        ]
 [  8.02462447   8.05326211   1.        ]
 [  9.05134894   8.08170301   1.        ]
 [ 10.07590048   8.06888739   1.        ]
 [ 11.01530511   8.0051989    1.        ]
 [ 12.07234878   8.00293367   1.        ]
 [ 13.00466014   8.07977641   1.        ]
 [ 14.09874501   8.06963109   1.        ]
 [  5.00491784   9.07054165   1.        ]
 [  6.08004228   9.05718288   1.        ]
 [  7.00523963   9.00828873   1.        ]
 [  8.09829862   9.0632084    1.        ]
 [  9.01778301   9.06879575   1.        ]
 [ 10.06107127   9.06842956   1.        ]
 [ 11.09297201   9.09613208   1.        ]
 [ 12.09036488   9.03559694   1.        ]
 [ 13.05911707   9.06887574   1.        ]
 [ 14.05230155   9.05341526   1.        ]
 [  5.05658358  10.0052813    1.        ]
 [  6.03739787  10.0077817    1.        ]
 [  7.0515978   10.05194728   1.        ]
 [  8.03604221  10.02464154   1.        ]
 [  9.09975902  10.08062566   1.        ]
 [ 10.04281612  10.01045394   1.        ]
 [ 11.02270288  10.09224929   1.        ]
 [ 12.07195487  10.01010198   1.        ]
 [ 13.01013046  10.09586791   1.        ]
 [ 14.02996924  10.02182242   1.        ]
 [  5.05654824  11.06221797   1.        ]
 [  6.02449615  11.00802793   1.        ]
 [  7.06175847  11.07008274   1.        ]
 [  8.01621329  11.0929508    1.        ]
 [  9.01826324  11.09851688   1.        ]
 [ 10.09745322  11.08328697   1.        ]
 [ 11.0140366   11.04579256   1.        ]
 [ 12.03833842  11.08897239   1.        ]
 [ 13.05087539  11.06024121   1.        ]
 [ 14.05871628  11.06355134   1.        ]
 [  5.08902813  12.0729556    1.        ]
 [  6.07711293  12.02964736   1.        ]
 [  7.08764784  12.09922815   1.        ]
 [  8.03568469  12.03911241   1.        ]
 [  9.08101588  12.0457445    1.        ]
 [ 10.04022423  12.02480358   1.        ]
 [ 11.05468246  12.08257778   1.        ]
 [ 12.01190307  12.09580614   1.        ]
 [ 13.09449661  12.03969605   1.        ]
 [ 14.09042571  12.08028972   1.        ]
 [  5.09301957  13.08035038   1.        ]
 [  6.05118304  13.06652008   1.        ]
 [  7.04922358  13.06721972   1.        ]
 [  8.03745674  13.04982911   1.        ]
 [  9.02882398  13.02619108   1.        ]
 [ 10.0787572   13.01646996   1.        ]
 [ 11.02717519  13.07972212   1.        ]
 [ 12.07713853  13.09438089   1.        ]
 [ 13.01898175  13.08986871   1.        ]
 [ 14.09363841  13.07497054   1.        ]
 [  5.00371686  14.00676801   1.        ]
 [  6.03056615  14.02097734   1.        ]
 [  7.02517052  14.05679086   1.        ]
 [  8.01722408  14.0643706    1.        ]
 [  9.01493113  14.06202194   1.        ]
 [ 10.09965917  14.06151461   1.        ]
 [ 11.00532603  14.0816167    1.        ]
 [ 12.09445238  14.03406518   1.        ]
 [ 13.08973748  14.00119719   1.        ]
 [ 14.03418066  14.08532613   1.        ]]
Running basin hopping with paramerters:
PARAMETERS BEGIN

epsilon=3.211641
r0=1.156721
sigma=0.141421
PARAMETERS END


E: -844.1549 accepted 1
E: -825.2650 accepted 0
E: -822.9301 accepted 0
E: -848.2115 accepted 1
E: -853.4128 accepted 1
E: -832.2565 accepted 0
E: -851.3130 accepted 0
E: -869.3844 accepted 1
E: -891.6350 accepted 1
E: -907.2270 accepted 1
E: -929.0497 accepted 1
E: -915.1739 accepted 0
E: -937.4847 accepted 1
E: -946.8189 accepted 1
E: -937.7441 accepted 0
E: -955.3637 accepted 1
E: -977.1444 accepted 1
E: -952.6164 accepted 0
E: -973.4527 accepted 0
E: -970.3029 accepted 0
E: -969.3149 accepted 0
E: -969.1998 accepted 0
E: -965.1695 accepted 0
Runtime = 3447.689483


