[[  5.04658231   5.07151113   1.        ]
 [  6.07626504   5.09296406   1.        ]
 [  7.09829322   5.09024876   1.        ]
 [  8.05460298   5.01692898   1.        ]
 [  9.05273627   5.05500955   1.        ]
 [ 10.03615533   5.0608154    1.        ]
 [ 11.09776117   5.0709042    1.        ]
 [ 12.0408819    5.00040187   1.        ]
 [ 13.09474126   5.08414533   1.        ]
 [ 14.0952128    5.04666438   1.        ]
 [  5.08346178   6.02089236   1.        ]
 [  6.09762692   6.02803855   1.        ]
 [  7.03715681   6.04937404   1.        ]
 [  8.0986995    6.03733809   1.        ]
 [  9.0544462    6.03767486   1.        ]
 [ 10.023666     6.00455117   1.        ]
 [ 11.08000434   6.05585747   1.        ]
 [ 12.05852158   6.00612739   1.        ]
 [ 13.0517425    6.08741295   1.        ]
 [ 14.09402421   6.00748318   1.        ]
 [  5.09873325   7.01518541   1.        ]
 [  6.00101429   7.09224166   1.        ]
 [  7.03837439   7.07064457   1.        ]
 [  8.01190139   7.08082907   1.        ]
 [  9.02877719   7.08484877   1.        ]
 [ 10.08602302   7.0098282    1.        ]
 [ 11.07124868   7.05683399   1.        ]
 [ 12.05967043   7.08614781   1.        ]
 [ 13.02491561   7.06107079   1.        ]
 [ 14.04732314   7.02384952   1.        ]
 [  5.05858326   8.05364507   1.        ]
 [  6.04063713   8.06581891   1.        ]
 [  7.01017754   8.0212069    1.        ]
 [  8.00302542   8.048816     1.        ]
 [  9.06043319   8.0820838    1.        ]
 [ 10.00288777   8.07116652   1.        ]
 [ 11.02374689   8.09194754   1.        ]
 [ 12.00113667   8.06468181   1.        ]
 [ 13.00854591   8.01010606   1.        ]
 [ 14.01921956   8.01404947   1.        ]
 [  5.00275038   9.09886874   1.        ]
 [  6.03868928   9.06115047   1.        ]
 [  7.0345094    9.01386116   1.        ]
 [  8.05038827   9.05240865   1.        ]
 [  9.06285572   9.01378327   1.        ]
 [ 10.0967118    9.01424485   1.        ]
 [ 11.08201215   9.09019699   1.        ]
 [ 12.07195221   9.0748481    1.        ]
 [ 13.08444168   9.08358302   1.        ]
 [ 14.01341849   9.06642125   1.        ]
 [  5.01416645  10.03709932   1.        ]
 [  6.0128054   10.0105414    1.        ]
 [  7.06584945  10.06238291   1.        ]
 [  8.05042452  10.06192855   1.        ]
 [  9.00736647  10.06422154   1.        ]
 [ 10.00421715  10.06590722   1.        ]
 [ 11.09045371  10.02896067   1.        ]
 [ 12.00212136  10.02166768   1.        ]
 [ 13.04985432  10.07856994   1.        ]
 [ 14.00780866  10.03778051   1.        ]
 [  5.08623632  11.00977166   1.        ]
 [  6.00566122  11.02705582   1.        ]
 [  7.08029552  11.08128546   1.        ]
 [  8.09993523  11.01482533   1.        ]
 [  9.06227056  11.0884279    1.        ]
 [ 10.09159708  11.0501531    1.        ]
 [ 11.05883772  11.08518586   1.        ]
 [ 12.02637583  11.09588957   1.        ]
 [ 13.07534592  11.01587667   1.        ]
 [ 14.02005603  11.05377961   1.        ]
 [  5.05323333  12.04386017   1.        ]
 [  6.06115157  12.07342374   1.        ]
 [  7.06650711  12.04760874   1.        ]
 [  8.01265201  12.07857529   1.        ]
 [  9.01168641  12.04497216   1.        ]
 [ 10.06947501  12.0432899    1.        ]
 [ 11.01696422  12.05133938   1.        ]
 [ 12.06125442  12.0016932    1.        ]
 [ 13.01490991  12.07418018   1.        ]
 [ 14.02180246  12.09564688   1.        ]
 [  5.08424406  13.05235904   1.        ]
 [  6.08698396  13.05512789   1.        ]
 [  7.03544986  13.06236827   1.        ]
 [  8.005001    13.07165865   1.        ]
 [  9.08222247  13.07441434   1.        ]
 [ 10.08975399  13.07334878   1.        ]
 [ 11.04773732  13.09689134   1.        ]
 [ 12.02742104  13.05440719   1.        ]
 [ 13.06698312  13.05404682   1.        ]
 [ 14.06691776  13.0289345    1.        ]
 [  5.03432798  14.06675327   1.        ]
 [  6.0675518   14.00485541   1.        ]
 [  7.05456175  14.09148943   1.        ]
 [  8.01987195  14.02171791   1.        ]
 [  9.08904862  14.03559154   1.        ]
 [ 10.04366101  14.00641341   1.        ]
 [ 11.07137257  14.08402354   1.        ]
 [ 12.06559481  14.00376534   1.        ]
 [ 13.09967694  14.03231304   1.        ]
 [ 14.00858826  14.08409688   1.        ]]
Running basin hopping with paramerters:
PARAMETERS BEGIN

epsilon=3.312121
r0=1.296673
sigma=0.141421
PARAMETERS END


E: -819.2197 accepted 1
E: -822.5056 accepted 1
E: -837.6256 accepted 1
E: -844.8908 accepted 1
E: -874.3548 accepted 1
E: -867.6883 accepted 0
E: -900.0137 accepted 1
E: -890.0972 accepted 0
E: -900.0182 accepted 1
E: -900.0197 accepted 1
E: -901.9475 accepted 1
E: -901.7254 accepted 1
E: -918.5128 accepted 1
E: -926.1192 accepted 1
E: -922.1477 accepted 1
E: -926.1633 accepted 1
E: -922.1037 accepted 0
E: -926.1630 accepted 1
E: -911.1420 accepted 0
E: -897.4495 accepted 0
E: -886.9178 accepted 0
E: -926.1640 accepted 1
E: -926.1667 accepted 1
E: -926.1298 accepted 1
E: -922.1069 accepted 0
E: -933.5947 accepted 1
E: -933.5941 accepted 1
E: -927.5021 accepted 0
E: -918.3545 accepted 0
E: -925.9697 accepted 0
E: -899.8580 accepted 0
E: -913.2203 accepted 0
Runtime = 2692.808680


