[[  5.06528746   5.02706478   1.        ]
 [  6.0953821    5.09898622   1.        ]
 [  7.08020836   5.00962768   1.        ]
 [  8.02908018   5.05168773   1.        ]
 [  9.04321522   5.01590136   1.        ]
 [ 10.06649061   5.09791111   1.        ]
 [ 11.07714333   5.04425739   1.        ]
 [ 12.01701543   5.02690049   1.        ]
 [ 13.00129293   5.02698434   1.        ]
 [ 14.03573085   5.03371631   1.        ]
 [  5.04557707   6.09748934   1.        ]
 [  6.05323184   6.01483335   1.        ]
 [  7.05896702   6.08821168   1.        ]
 [  8.06189628   6.00708265   1.        ]
 [  9.06086878   6.0067523    1.        ]
 [ 10.06978839   6.07540265   1.        ]
 [ 11.03233209   6.06637932   1.        ]
 [ 12.0210765    6.05103931   1.        ]
 [ 13.04894337   6.02221313   1.        ]
 [ 14.08409092   6.04855331   1.        ]
 [  5.09312279   7.09312021   1.        ]
 [  6.00243582   7.09533528   1.        ]
 [  7.07568522   7.0470067    1.        ]
 [  8.01841807   7.05358279   1.        ]
 [  9.04506018   7.04741081   1.        ]
 [ 10.06707657   7.02256848   1.        ]
 [ 11.00190801   7.02027016   1.        ]
 [ 12.01387657   7.00290217   1.        ]
 [ 13.01301903   7.08355306   1.        ]
 [ 14.03363309   7.00509386   1.        ]
 [  5.07856475   8.03708396   1.        ]
 [  6.03168932   8.06012719   1.        ]
 [  7.02183332   8.02750569   1.        ]
 [  8.07387585   8.06138324   1.        ]
 [  9.06100757   8.05203349   1.        ]
 [ 10.04543377   8.0815719    1.        ]
 [ 11.03486564   8.00243508   1.        ]
 [ 12.07175992   8.05682761   1.        ]
 [ 13.03757276   8.00940844   1.        ]
 [ 14.01205596   8.07996571   1.        ]
 [  5.03083051   9.05548934   1.        ]
 [  6.06154698   9.04121293   1.        ]
 [  7.02976778   9.02243611   1.        ]
 [  8.07633795   9.07271896   1.        ]
 [  9.08760532   9.06706765   1.        ]
 [ 10.02340907   9.0405041    1.        ]
 [ 11.04463246   9.04001354   1.        ]
 [ 12.06488348   9.08538068   1.        ]
 [ 13.09344328   9.00200603   1.        ]
 [ 14.07427339   9.02402911   1.        ]
 [  5.04559297  10.08795787   1.        ]
 [  6.06747805  10.09965187   1.        ]
 [  7.02481592  10.09725761   1.        ]
 [  8.01641077  10.08586491   1.        ]
 [  9.03189107  10.01882063   1.        ]
 [ 10.052314    10.08165007   1.        ]
 [ 11.04000788  10.01795416   1.        ]
 [ 12.09232712  10.02932499   1.        ]
 [ 13.05545782  10.07108265   1.        ]
 [ 14.04594634  10.03210253   1.        ]
 [  5.08646914  11.0963264    1.        ]
 [  6.07531399  11.08277085   1.        ]
 [  7.07335022  11.04401672   1.        ]
 [  8.05150227  11.05183764   1.        ]
 [  9.0886011   11.04450764   1.        ]
 [ 10.09543267  11.09900846   1.        ]
 [ 11.05489324  11.0843616    1.        ]
 [ 12.08548904  11.01340588   1.        ]
 [ 13.00672542  11.09660822   1.        ]
 [ 14.06423341  11.02046984   1.        ]
 [  5.0784098   12.00997866   1.        ]
 [  6.01631611  12.0168017    1.        ]
 [  7.01111962  12.01039075   1.        ]
 [  8.01578245  12.07988862   1.        ]
 [  9.08850987  12.08760996   1.        ]
 [ 10.06001039  12.03696632   1.        ]
 [ 11.00839806  12.09010791   1.        ]
 [ 12.03204115  12.05730693   1.        ]
 [ 13.00831482  12.09257385   1.        ]
 [ 14.09958092  12.05937059   1.        ]
 [  5.02587742  13.09720589   1.        ]
 [  6.09774448  13.01961208   1.        ]
 [  7.0918864   13.0889659    1.        ]
 [  8.08929021  13.07168982   1.        ]
 [  9.02979398  13.01861468   1.        ]
 [ 10.07109728  13.08156638   1.        ]
 [ 11.01943483  13.05605133   1.        ]
 [ 12.02206033  13.09441319   1.        ]
 [ 13.09306465  13.05732091   1.        ]
 [ 14.07913574  13.04284464   1.        ]
 [  5.04242391  14.05581448   1.        ]
 [  6.00209418  14.00132537   1.        ]
 [  7.07002613  14.07569066   1.        ]
 [  8.07301117  14.0702876    1.        ]
 [  9.05335385  14.03477461   1.        ]
 [ 10.09546395  14.07962806   1.        ]
 [ 11.05052799  14.06393765   1.        ]
 [ 12.00047504  14.02016279   1.        ]
 [ 13.02576565  14.0222948    1.        ]
 [ 14.0923619   14.0511626    1.        ]]
Running basin hopping with paramerters:
PARAMETERS BEGIN

epsilon=4.780216
r0=1.261854
sigma=0.141421
PARAMETERS END


E: -1059.1849 accepted 1
E: -1134.4024 accepted 1
E: -1177.8077 accepted 1
E: -1177.7316 accepted 1
E: -1168.0804 accepted 0
E: -1207.7546 accepted 1
E: -1196.1587 accepted 0
E: -1211.6462 accepted 1
E: -1178.7653 accepted 0
E: -1237.4141 accepted 1
E: -1237.4139 accepted 1
E: -1242.1083 accepted 1
E: -1235.0629 accepted 0
E: -1213.3490 accepted 0
E: -1209.9528 accepted 0
E: -1229.4289 accepted 0
E: -1244.2032 accepted 1
E: -1240.3445 accepted 0
E: -1226.4086 accepted 0
E: -1244.2836 accepted 1
E: -1244.2836 accepted 1
E: -1229.0294 accepted 0
E: -1239.8618 accepted 0
E: -1223.4409 accepted 0
E: -1237.1076 accepted 0
E: -1244.7608 accepted 1
E: -1248.7574 accepted 1
E: -1226.1725 accepted 0
E: -1245.2380 accepted 0
E: -1253.1288 accepted 1
E: -1254.1559 accepted 1
E: -1243.6850 accepted 0
E: -1192.6093 accepted 0
E: -1254.1870 accepted 1
E: -1248.9785 accepted 0
E: -1254.1886 accepted 1
E: -1199.9902 accepted 0
E: -1259.4685 accepted 1
E: -1259.4677 accepted 1
E: -1275.2217 accepted 1
E: -1270.8687 accepted 0
E: -1280.4675 accepted 1
E: -1262.7686 accepted 0
E: -1257.5938 accepted 0
E: -1280.4676 accepted 1
E: -1266.8798 accepted 0
E: -1264.7628 accepted 0
E: -1275.2342 accepted 0
E: -1236.4667 accepted 0
E: -1280.4676 accepted 1
E: -1280.4674 accepted 1
E: -1280.4676 accepted 1
E: -1262.8377 accepted 0
E: -1246.7886 accepted 0
E: -1280.4676 accepted 1
E: -1252.8641 accepted 0
Runtime = 4905.387372


