[[  5.06432502   5.04123404   1.        ]
 [  6.01036817   5.08152812   1.        ]
 [  7.01203754   5.01501606   1.        ]
 [  8.05738758   5.08670354   1.        ]
 [  9.01321605   5.00932848   1.        ]
 [ 10.04987106   5.00792308   1.        ]
 [ 11.00611695   5.04163853   1.        ]
 [ 12.09093269   5.01208709   1.        ]
 [ 13.00369913   5.05881816   1.        ]
 [ 14.02872606   5.04424081   1.        ]
 [  5.00021699   6.09595083   1.        ]
 [  6.07798367   6.07955346   1.        ]
 [  7.05235106   6.04774227   1.        ]
 [  8.04355026   6.04161611   1.        ]
 [  9.04336964   6.07827799   1.        ]
 [ 10.04239711   6.09817228   1.        ]
 [ 11.02877655   6.09925147   1.        ]
 [ 12.04791015   6.08331174   1.        ]
 [ 13.0560332    6.00258052   1.        ]
 [ 14.04389212   6.04782251   1.        ]
 [  5.07622631   7.03535419   1.        ]
 [  6.00224373   7.04327269   1.        ]
 [  7.03179366   7.09852726   1.        ]
 [  8.03703682   7.07230634   1.        ]
 [  9.07260531   7.07614126   1.        ]
 [ 10.01900457   7.00653525   1.        ]
 [ 11.08454931   7.01991776   1.        ]
 [ 12.08691962   7.03462949   1.        ]
 [ 13.00092166   7.01689361   1.        ]
 [ 14.06313248   7.01326487   1.        ]
 [  5.06947106   8.07113153   1.        ]
 [  6.08762367   8.086538     1.        ]
 [  7.07546807   8.05420034   1.        ]
 [  8.00258566   8.02872101   1.        ]
 [  9.01091337   8.06687327   1.        ]
 [ 10.0471725    8.09911748   1.        ]
 [ 11.02941727   8.00735973   1.        ]
 [ 12.02007208   8.01758231   1.        ]
 [ 13.00166041   8.00872345   1.        ]
 [ 14.03955084   8.08177303   1.        ]
 [  5.0045642    9.08659823   1.        ]
 [  6.00193694   9.08484633   1.        ]
 [  7.00113904   9.02136653   1.        ]
 [  8.01521741   9.09644975   1.        ]
 [  9.04221237   9.03434744   1.        ]
 [ 10.07779749   9.06832583   1.        ]
 [ 11.06507929   9.03361424   1.        ]
 [ 12.01795877   9.00776391   1.        ]
 [ 13.04100065   9.03174013   1.        ]
 [ 14.08208787   9.05968917   1.        ]
 [  5.04199207  10.04686364   1.        ]
 [  6.06454618  10.09370119   1.        ]
 [  7.04785049  10.04276031   1.        ]
 [  8.09951292  10.05484362   1.        ]
 [  9.00134897  10.06173908   1.        ]
 [ 10.06279156  10.08064764   1.        ]
 [ 11.0954618   10.02830317   1.        ]
 [ 12.0146359   10.03669751   1.        ]
 [ 13.06176737  10.01706359   1.        ]
 [ 14.06230158  10.08658019   1.        ]
 [  5.01187688  11.05015561   1.        ]
 [  6.00158694  11.01277689   1.        ]
 [  7.07429334  11.07671624   1.        ]
 [  8.09432688  11.04593791   1.        ]
 [  9.01966495  11.01822617   1.        ]
 [ 10.03509126  11.01099573   1.        ]
 [ 11.04168412  11.01904387   1.        ]
 [ 12.01759386  11.00862554   1.        ]
 [ 13.01152988  11.07040724   1.        ]
 [ 14.05501241  11.09888036   1.        ]
 [  5.02909935  12.01990186   1.        ]
 [  6.06168221  12.00877601   1.        ]
 [  7.05742412  12.05296581   1.        ]
 [  8.03499276  12.07170925   1.        ]
 [  9.08027934  12.05569095   1.        ]
 [ 10.06739315  12.0302991    1.        ]
 [ 11.09725081  12.06092652   1.        ]
 [ 12.09056655  12.04003118   1.        ]
 [ 13.03361202  12.02944473   1.        ]
 [ 14.08495406  12.07013599   1.        ]
 [  5.09430593  13.05436831   1.        ]
 [  6.06539526  13.05102381   1.        ]
 [  7.0058699   13.07359745   1.        ]
 [  8.00545679  13.07596007   1.        ]
 [  9.07994344  13.05263015   1.        ]
 [ 10.06932945  13.02122977   1.        ]
 [ 11.01655567  13.08184143   1.        ]
 [ 12.04838053  13.03833441   1.        ]
 [ 13.05027766  13.03213796   1.        ]
 [ 14.07618082  13.02473086   1.        ]
 [  5.04969082  14.02580215   1.        ]
 [  6.00929846  14.06524284   1.        ]
 [  7.05581883  14.0457183    1.        ]
 [  8.05992735  14.06884702   1.        ]
 [  9.03069235  14.09171963   1.        ]
 [ 10.09930538  14.01577552   1.        ]
 [ 11.05969488  14.05105017   1.        ]
 [ 12.05242196  14.03268129   1.        ]
 [ 13.03142907  14.00400174   1.        ]
 [ 14.05805301  14.0534724    1.        ]]
Running basin hopping with paramerters:
PARAMETERS BEGIN

epsilon=4.391058
r0=1.215418
sigma=0.141421
PARAMETERS END


E: -1067.3618 accepted 1
E: -1028.8793 accepted 0
E: -1048.2099 accepted 0
E: -1047.2934 accepted 0
E: -1085.2727 accepted 1
E: -1090.2332 accepted 1
E: -1095.3201 accepted 1
E: -1110.2594 accepted 1
E: -1139.6095 accepted 1
E: -1154.5019 accepted 1
E: -1120.7459 accepted 0
E: -1140.9392 accepted 0
E: -1128.5455 accepted 0
E: -1155.0880 accepted 1
E: -1146.1185 accepted 0
E: -1184.6572 accepted 1
E: -1161.4206 accepted 0
E: -1180.6912 accepted 0
E: -1185.0344 accepted 1
E: -1176.9383 accepted 0
E: -1198.5014 accepted 1
E: -1201.3624 accepted 1
E: -1186.9186 accepted 0
E: -1198.3057 accepted 0
E: -1207.3021 accepted 1
E: -1214.5427 accepted 1
E: -1213.1120 accepted 1
E: -1224.8400 accepted 1
E: -1214.9501 accepted 0
E: -1204.1684 accepted 0
E: -1221.9281 accepted 0
E: -1219.6422 accepted 0
E: -1240.0056 accepted 1
E: -1216.7914 accepted 0
E: -1211.0950 accepted 0
E: -1232.1166 accepted 0
E: -1249.8619 accepted 1
E: -1225.1358 accepted 0
E: -1226.7513 accepted 0
E: -1196.7583 accepted 0
E: -1244.9065 accepted 0
E: -1232.9907 accepted 0
E: -1216.0071 accepted 0
Runtime = 6396.031585


