[[  5.06529738   5.05063655   1.        ]
 [  6.06652097   5.04170142   1.        ]
 [  7.0926987    5.04968051   1.        ]
 [  8.00739673   5.05689518   1.        ]
 [  9.03326022   5.01629938   1.        ]
 [ 10.09216453   5.0190689    1.        ]
 [ 11.05427269   5.04975072   1.        ]
 [ 12.05318338   5.06702726   1.        ]
 [ 13.01308224   5.08635353   1.        ]
 [ 14.05398598   5.03057584   1.        ]
 [  5.05039863   6.05047559   1.        ]
 [  6.06689268   6.05689755   1.        ]
 [  7.00118408   6.00088625   1.        ]
 [  8.08265099   6.08098277   1.        ]
 [  9.01574609   6.00414526   1.        ]
 [ 10.02725039   6.06595034   1.        ]
 [ 11.02232652   6.03271672   1.        ]
 [ 12.08511147   6.08217799   1.        ]
 [ 13.0791192    6.01161152   1.        ]
 [ 14.07577095   6.004015     1.        ]
 [  5.00217494   7.047333     1.        ]
 [  6.07306937   7.07090516   1.        ]
 [  7.04265202   7.04219242   1.        ]
 [  8.0083435    7.02090404   1.        ]
 [  9.01581177   7.01425949   1.        ]
 [ 10.09988605   7.03615646   1.        ]
 [ 11.00280481   7.07077982   1.        ]
 [ 12.01755197   7.02310746   1.        ]
 [ 13.00703933   7.04264955   1.        ]
 [ 14.01144834   7.04392362   1.        ]
 [  5.07161838   8.04739068   1.        ]
 [  6.00493804   8.06943562   1.        ]
 [  7.07962445   8.03790301   1.        ]
 [  8.04493987   8.0359776    1.        ]
 [  9.00778495   8.05359771   1.        ]
 [ 10.09074685   8.09336693   1.        ]
 [ 11.04883698   8.00305455   1.        ]
 [ 12.05134383   8.00618902   1.        ]
 [ 13.04318753   8.05211744   1.        ]
 [ 14.05847355   8.09491345   1.        ]
 [  5.02815165   9.06885143   1.        ]
 [  6.03226035   9.02801051   1.        ]
 [  7.01369118   9.06322398   1.        ]
 [  8.06547517   9.03959395   1.        ]
 [  9.0988315    9.01305741   1.        ]
 [ 10.00790929   9.05905956   1.        ]
 [ 11.00645866   9.03622631   1.        ]
 [ 12.02261461   9.06666155   1.        ]
 [ 13.06558932   9.05526319   1.        ]
 [ 14.08809868   9.00710706   1.        ]
 [  5.0801365   10.01465136   1.        ]
 [  6.08953784  10.02547796   1.        ]
 [  7.08178853  10.05186465   1.        ]
 [  8.04704139  10.03835985   1.        ]
 [  9.09530211  10.04295069   1.        ]
 [ 10.08862558  10.0220515    1.        ]
 [ 11.07743307  10.07908765   1.        ]
 [ 12.07630502  10.08460187   1.        ]
 [ 13.00556834  10.09271871   1.        ]
 [ 14.02563422  10.02491562   1.        ]
 [  5.09215534  11.059166     1.        ]
 [  6.07210066  11.01723748   1.        ]
 [  7.04726615  11.01717503   1.        ]
 [  8.01487789  11.09635087   1.        ]
 [  9.05404787  11.08061789   1.        ]
 [ 10.05308868  11.08154565   1.        ]
 [ 11.04424215  11.0184201    1.        ]
 [ 12.08756577  11.04473705   1.        ]
 [ 13.06083643  11.00560257   1.        ]
 [ 14.03678717  11.03071442   1.        ]
 [  5.07793321  12.06961176   1.        ]
 [  6.09442442  12.07145684   1.        ]
 [  7.09085824  12.03602852   1.        ]
 [  8.02091311  12.09941192   1.        ]
 [  9.0847519   12.02032467   1.        ]
 [ 10.05331184  12.04597087   1.        ]
 [ 11.02537855  12.09647647   1.        ]
 [ 12.09570038  12.01828496   1.        ]
 [ 13.05218671  12.03872095   1.        ]
 [ 14.02272414  12.05284886   1.        ]
 [  5.01907476  13.07267838   1.        ]
 [  6.0317898   13.01359812   1.        ]
 [  7.09758908  13.01257927   1.        ]
 [  8.06640848  13.08372549   1.        ]
 [  9.03213462  13.00749379   1.        ]
 [ 10.08058407  13.05792287   1.        ]
 [ 11.01002859  13.0853593    1.        ]
 [ 12.08148125  13.07007003   1.        ]
 [ 13.06462878  13.07919096   1.        ]
 [ 14.06174194  13.02021772   1.        ]
 [  5.07526515  14.02194938   1.        ]
 [  6.03842868  14.02038287   1.        ]
 [  7.08909248  14.07321982   1.        ]
 [  8.05161134  14.08976094   1.        ]
 [  9.03343547  14.00789257   1.        ]
 [ 10.04806519  14.06713862   1.        ]
 [ 11.03828764  14.06233526   1.        ]
 [ 12.0663334   14.01523932   1.        ]
 [ 13.04440265  14.01130598   1.        ]
 [ 14.03990415  14.04927077   1.        ]]
Running basin hopping with paramerters:
PARAMETERS BEGIN

epsilon=4.778904
r0=1.268588
sigma=0.141421
PARAMETERS END


E: -1085.1647 accepted 1
E: -1144.3275 accepted 1
E: -1163.4398 accepted 1
E: -1160.1785 accepted 0
E: -1164.3156 accepted 1
E: -1171.3723 accepted 1
E: -1204.4140 accepted 1
E: -1226.6026 accepted 1
E: -1217.7053 accepted 0
E: -1222.7577 accepted 0
E: -1191.8585 accepted 0
E: -1223.4683 accepted 0
E: -1255.7247 accepted 1
E: -1258.4129 accepted 1
E: -1251.9415 accepted 0
E: -1271.8904 accepted 1
E: -1273.8028 accepted 1
E: -1273.8028 accepted 1
E: -1283.3673 accepted 1
E: -1230.9950 accepted 0
E: -1297.1435 accepted 1
E: -1313.5793 accepted 1
E: -1267.4050 accepted 0
E: -1289.6771 accepted 0
E: -1278.6614 accepted 0
E: -1313.5793 accepted 1
E: -1299.3573 accepted 0
E: -1313.5793 accepted 1
E: -1313.5845 accepted 1
E: -1313.5845 accepted 1
E: -1282.0699 accepted 0
E: -1313.5845 accepted 1
E: -1280.8189 accepted 0
E: -1237.8792 accepted 0
E: -1240.9455 accepted 0
E: -1301.5197 accepted 0
E: -1313.5845 accepted 1
E: -1301.6721 accepted 0
Runtime = 4414.292136


