[[  5.04526212   5.09690443   1.        ]
 [  6.00080352   5.06547746   1.        ]
 [  7.06843304   5.06320208   1.        ]
 [  8.04092709   5.06167291   1.        ]
 [  9.00612086   5.08733586   1.        ]
 [ 10.04330118   5.07160938   1.        ]
 [ 11.06441144   5.09207957   1.        ]
 [ 12.02627593   5.06987331   1.        ]
 [ 13.00387896   5.0414524    1.        ]
 [ 14.03120722   5.02111873   1.        ]
 [  5.02150105   6.03882868   1.        ]
 [  6.05050517   6.00846886   1.        ]
 [  7.02117622   6.06503796   1.        ]
 [  8.02349081   6.00086658   1.        ]
 [  9.02278452   6.07740465   1.        ]
 [ 10.02793632   6.00565093   1.        ]
 [ 11.09201436   6.02482602   1.        ]
 [ 12.06297647   6.08205132   1.        ]
 [ 13.08620134   6.09261476   1.        ]
 [ 14.09550462   6.03374251   1.        ]
 [  5.02027923   7.04892931   1.        ]
 [  6.0036496    7.05175501   1.        ]
 [  7.03289452   7.02159859   1.        ]
 [  8.05304492   7.07959118   1.        ]
 [  9.05542799   7.04900898   1.        ]
 [ 10.0982154    7.0263918    1.        ]
 [ 11.05754529   7.01737379   1.        ]
 [ 12.03513928   7.03715256   1.        ]
 [ 13.02946017   7.0019811    1.        ]
 [ 14.03766521   7.0553857    1.        ]
 [  5.026565     8.0104027    1.        ]
 [  6.06290771   8.02365161   1.        ]
 [  7.04166114   8.0259895    1.        ]
 [  8.04418451   8.08913182   1.        ]
 [  9.01620372   8.01125926   1.        ]
 [ 10.00927107   8.06078348   1.        ]
 [ 11.01649469   8.00039669   1.        ]
 [ 12.08691872   8.05655681   1.        ]
 [ 13.06593033   8.07627234   1.        ]
 [ 14.00265519   8.01148793   1.        ]
 [  5.07808934   9.07251825   1.        ]
 [  6.08314693   9.07305967   1.        ]
 [  7.04601915   9.0149672    1.        ]
 [  8.00227148   9.03941742   1.        ]
 [  9.06499485   9.03584722   1.        ]
 [ 10.04159093   9.09093229   1.        ]
 [ 11.00507914   9.07462885   1.        ]
 [ 12.02977796   9.08917823   1.        ]
 [ 13.0969031    9.07694472   1.        ]
 [ 14.07208621   9.01589327   1.        ]
 [  5.06718986  10.05462511   1.        ]
 [  6.02120674  10.02691966   1.        ]
 [  7.0505791   10.08576792   1.        ]
 [  8.02513452  10.09709814   1.        ]
 [  9.00642732  10.01473257   1.        ]
 [ 10.02201336  10.01944429   1.        ]
 [ 11.03848749  10.04710099   1.        ]
 [ 12.02036722  10.02661474   1.        ]
 [ 13.03457399  10.03936652   1.        ]
 [ 14.09987032  10.07170077   1.        ]
 [  5.0365388   11.08360398   1.        ]
 [  6.09262322  11.01112489   1.        ]
 [  7.07935506  11.06423842   1.        ]
 [  8.03266899  11.00383754   1.        ]
 [  9.05135677  11.04320148   1.        ]
 [ 10.04322358  11.05662412   1.        ]
 [ 11.0005772   11.02716993   1.        ]
 [ 12.06691885  11.0716973    1.        ]
 [ 13.0252839   11.04155222   1.        ]
 [ 14.06363938  11.00532029   1.        ]
 [  5.04112214  12.06264707   1.        ]
 [  6.00825491  12.09662549   1.        ]
 [  7.02682576  12.00518288   1.        ]
 [  8.01426127  12.07073655   1.        ]
 [  9.00106416  12.00880088   1.        ]
 [ 10.09491737  12.06590461   1.        ]
 [ 11.03485166  12.03852898   1.        ]
 [ 12.02050424  12.09193136   1.        ]
 [ 13.05259525  12.08937755   1.        ]
 [ 14.00251734  12.05412354   1.        ]
 [  5.00855954  13.04929833   1.        ]
 [  6.09549452  13.08357495   1.        ]
 [  7.0711124   13.08936705   1.        ]
 [  8.01379527  13.09243515   1.        ]
 [  9.00229151  13.05388415   1.        ]
 [ 10.07645832  13.06453845   1.        ]
 [ 11.00332897  13.03181704   1.        ]
 [ 12.01306345  13.04169866   1.        ]
 [ 13.08979085  13.0834595    1.        ]
 [ 14.08235545  13.06522052   1.        ]
 [  5.00405659  14.06755577   1.        ]
 [  6.04844494  14.09514503   1.        ]
 [  7.00786988  14.09890947   1.        ]
 [  8.00384061  14.08121853   1.        ]
 [  9.07552744  14.00841571   1.        ]
 [ 10.00153843  14.06521907   1.        ]
 [ 11.00214576  14.0503142    1.        ]
 [ 12.01234625  14.06778981   1.        ]
 [ 13.06137622  14.05912157   1.        ]
 [ 14.05937164  14.0046055    1.        ]]
Running basin hopping with paramerters:
PARAMETERS BEGIN

epsilon=3.605450
r0=1.316207
sigma=0.141421
PARAMETERS END


E: -892.8653 accepted 1
E: -882.1014 accepted 0
E: -894.8632 accepted 1
E: -907.6563 accepted 1
E: -899.9213 accepted 0
E: -852.0939 accepted 0
E: -920.0212 accepted 1
E: -953.9694 accepted 1
E: -943.4381 accepted 0
E: -950.6407 accepted 0
E: -944.8872 accepted 0
E: -952.6745 accepted 0
E: -963.8521 accepted 1
E: -951.8148 accepted 0
E: -963.8651 accepted 1
E: -957.7891 accepted 0
E: -918.7598 accepted 0
E: -939.9990 accepted 0
E: -967.0271 accepted 1
E: -975.0170 accepted 1
E: -975.0170 accepted 1
E: -975.0170 accepted 1
E: -950.1039 accepted 0
E: -944.3493 accepted 0
E: -975.0170 accepted 1
E: -975.0170 accepted 1
E: -960.0091 accepted 0
E: -959.1604 accepted 0
Runtime = 3677.502602


