[[  5.02809396   5.04232695   1.        ]
 [  6.09245465   5.03425996   1.        ]
 [  7.01614278   5.08956181   1.        ]
 [  8.06948379   5.0435315    1.        ]
 [  9.04405394   5.03457393   1.        ]
 [ 10.00068794   5.04613465   1.        ]
 [ 11.00222882   5.08555806   1.        ]
 [ 12.02954801   5.01947824   1.        ]
 [ 13.00653105   5.07440919   1.        ]
 [ 14.01126843   5.07788406   1.        ]
 [  5.04421625   6.03553789   1.        ]
 [  6.0660895    6.07527456   1.        ]
 [  7.09590794   6.01435845   1.        ]
 [  8.08672225   6.0866377    1.        ]
 [  9.07839861   6.05788206   1.        ]
 [ 10.00049088   6.02803959   1.        ]
 [ 11.08710949   6.03814765   1.        ]
 [ 12.03244537   6.09655777   1.        ]
 [ 13.05416567   6.08061672   1.        ]
 [ 14.01726612   6.02736403   1.        ]
 [  5.00906729   7.03483872   1.        ]
 [  6.07949846   7.05989304   1.        ]
 [  7.08444198   7.0622202    1.        ]
 [  8.01459846   7.03136542   1.        ]
 [  9.0270693    7.02128477   1.        ]
 [ 10.08804721   7.02234807   1.        ]
 [ 11.03730592   7.06931389   1.        ]
 [ 12.09676361   7.0727786    1.        ]
 [ 13.0446249    7.05078956   1.        ]
 [ 14.00012107   7.01500284   1.        ]
 [  5.07760096   8.07773924   1.        ]
 [  6.00563656   8.0412602    1.        ]
 [  7.09764095   8.08351429   1.        ]
 [  8.084448     8.06007709   1.        ]
 [  9.02674659   8.07516736   1.        ]
 [ 10.04394286   8.00364918   1.        ]
 [ 11.09876149   8.00410813   1.        ]
 [ 12.01264414   8.01304005   1.        ]
 [ 13.05566435   8.07779129   1.        ]
 [ 14.09634004   8.04629892   1.        ]
 [  5.06461612   9.01795229   1.        ]
 [  6.09304533   9.04328447   1.        ]
 [  7.07110606   9.03797488   1.        ]
 [  8.09628746   9.0352253    1.        ]
 [  9.01013677   9.08595054   1.        ]
 [ 10.00957688   9.03400405   1.        ]
 [ 11.01935169   9.04175618   1.        ]
 [ 12.08756977   9.0204132    1.        ]
 [ 13.09494569   9.06177998   1.        ]
 [ 14.00267302   9.05327408   1.        ]
 [  5.09729221  10.01564633   1.        ]
 [  6.048598    10.0981075    1.        ]
 [  7.08253945  10.01883586   1.        ]
 [  8.03480662  10.09165109   1.        ]
 [  9.04295333  10.01667232   1.        ]
 [ 10.07542549  10.07098128   1.        ]
 [ 11.04910658  10.01315255   1.        ]
 [ 12.04267163  10.08469574   1.        ]
 [ 13.05195147  10.07901491   1.        ]
 [ 14.0795975   10.03197856   1.        ]
 [  5.03195258  11.00964338   1.        ]
 [  6.07079787  11.05440772   1.        ]
 [  7.04602798  11.01171415   1.        ]
 [  8.02196593  11.01190267   1.        ]
 [  9.03070414  11.0895275    1.        ]
 [ 10.01344266  11.09285683   1.        ]
 [ 11.08216739  11.01079827   1.        ]
 [ 12.02741186  11.04625805   1.        ]
 [ 13.04484759  11.02761865   1.        ]
 [ 14.05117971  11.05683037   1.        ]
 [  5.06840346  12.09046245   1.        ]
 [  6.00573419  12.08425039   1.        ]
 [  7.02699762  12.08794064   1.        ]
 [  8.0916001   12.0637105    1.        ]
 [  9.04380904  12.01362154   1.        ]
 [ 10.07301381  12.04176495   1.        ]
 [ 11.08937857  12.05273658   1.        ]
 [ 12.00352755  12.08604471   1.        ]
 [ 13.00445354  12.04048554   1.        ]
 [ 14.0685414   12.07193749   1.        ]
 [  5.06488269  13.04040074   1.        ]
 [  6.09092758  13.03430634   1.        ]
 [  7.08076129  13.0351847    1.        ]
 [  8.04939403  13.07650946   1.        ]
 [  9.0663154   13.08788302   1.        ]
 [ 10.04333373  13.01048103   1.        ]
 [ 11.03219817  13.07626833   1.        ]
 [ 12.01032801  13.01810913   1.        ]
 [ 13.07245451  13.07984858   1.        ]
 [ 14.05269782  13.05779309   1.        ]
 [  5.07372166  14.098925     1.        ]
 [  6.0077813   14.09268757   1.        ]
 [  7.0206082   14.02193023   1.        ]
 [  8.07386716  14.07385422   1.        ]
 [  9.03947672  14.0238991    1.        ]
 [ 10.04544264  14.0252626    1.        ]
 [ 11.05389128  14.03983463   1.        ]
 [ 12.0387641   14.01864441   1.        ]
 [ 13.03258004  14.02422194   1.        ]
 [ 14.07785778  14.09070666   1.        ]]
Running basin hopping with paramerters:
PARAMETERS BEGIN

epsilon=3.688966
r0=1.266121
sigma=0.141421
PARAMETERS END


E: -883.8052 accepted 1
E: -876.2499 accepted 0
E: -935.9333 accepted 1
E: -949.4779 accepted 1
E: -953.9848 accepted 1
E: -959.9411 accepted 1
E: -968.6983 accepted 1
E: -972.4035 accepted 1
E: -985.0650 accepted 1
E: -985.0336 accepted 1
E: -946.3449 accepted 0
E: -978.0913 accepted 0
E: -983.6460 accepted 0
E: -977.5892 accepted 0
E: -980.5848 accepted 0
Runtime = 2639.990429


