[[  5.00672878   5.0835562    1.        ]
 [  6.00006243   5.02890271   1.        ]
 [  7.09458309   5.09473525   1.        ]
 [  8.04613185   5.00355844   1.        ]
 [  9.02502739   5.01724564   1.        ]
 [ 10.03137601   5.09140373   1.        ]
 [ 11.01788696   5.08255913   1.        ]
 [ 12.02816194   5.08541391   1.        ]
 [ 13.06825836   5.02942202   1.        ]
 [ 14.07594831   5.02001942   1.        ]
 [  5.09827192   6.04031194   1.        ]
 [  6.03872504   6.05929875   1.        ]
 [  7.04057891   6.05852639   1.        ]
 [  8.07615517   6.03731228   1.        ]
 [  9.07962983   6.06481632   1.        ]
 [ 10.09717878   6.09422773   1.        ]
 [ 11.08955413   6.00255261   1.        ]
 [ 12.05882768   6.02139971   1.        ]
 [ 13.02905514   6.05435592   1.        ]
 [ 14.03059281   6.02608677   1.        ]
 [  5.07110351   7.02103004   1.        ]
 [  6.09179164   7.05276188   1.        ]
 [  7.03754831   7.07298788   1.        ]
 [  8.01488801   7.08004267   1.        ]
 [  9.02543641   7.0347193    1.        ]
 [ 10.00517763   7.08703686   1.        ]
 [ 11.0221042    7.05278726   1.        ]
 [ 12.0003139    7.05951345   1.        ]
 [ 13.00579244   7.09661538   1.        ]
 [ 14.01184689   7.06318382   1.        ]
 [  5.06189568   8.07246384   1.        ]
 [  6.06240657   8.06647244   1.        ]
 [  7.07663038   8.05834582   1.        ]
 [  8.0662423    8.0972335    1.        ]
 [  9.03286756   8.0512751    1.        ]
 [ 10.02797596   8.03522535   1.        ]
 [ 11.04308914   8.02493936   1.        ]
 [ 12.04723135   8.06503043   1.        ]
 [ 13.02279362   8.01840051   1.        ]
 [ 14.08431485   8.06670754   1.        ]
 [  5.09501009   9.04026998   1.        ]
 [  6.09566844   9.02835077   1.        ]
 [  7.01016436   9.07076506   1.        ]
 [  8.06592844   9.03415231   1.        ]
 [  9.07977471   9.02533351   1.        ]
 [ 10.06577733   9.09794639   1.        ]
 [ 11.02296979   9.02565117   1.        ]
 [ 12.07079748   9.01542842   1.        ]
 [ 13.08043852   9.09595319   1.        ]
 [ 14.04301733   9.04031287   1.        ]
 [  5.0800924   10.0391036    1.        ]
 [  6.065593    10.05043733   1.        ]
 [  7.06809086  10.06205078   1.        ]
 [  8.07040962  10.05978453   1.        ]
 [  9.04745782  10.02675645   1.        ]
 [ 10.09597799  10.07210453   1.        ]
 [ 11.00604433  10.05269951   1.        ]
 [ 12.06916703  10.04958241   1.        ]
 [ 13.00121012  10.07121242   1.        ]
 [ 14.01418427  10.03068606   1.        ]
 [  5.05310938  11.05641491   1.        ]
 [  6.08012983  11.03728126   1.        ]
 [  7.0379308   11.09009524   1.        ]
 [  8.071743    11.08199814   1.        ]
 [  9.0858318   11.07358184   1.        ]
 [ 10.0527878   11.0309119    1.        ]
 [ 11.03708851  11.04305002   1.        ]
 [ 12.06040573  11.09637038   1.        ]
 [ 13.02931697  11.06286719   1.        ]
 [ 14.06366777  11.07337442   1.        ]
 [  5.08895203  12.01379334   1.        ]
 [  6.02067514  12.0075617    1.        ]
 [  7.03085059  12.05551594   1.        ]
 [  8.08556042  12.01105362   1.        ]
 [  9.05671243  12.0908705    1.        ]
 [ 10.02862975  12.08823372   1.        ]
 [ 11.08232993  12.06613087   1.        ]
 [ 12.0198639   12.04613777   1.        ]
 [ 13.0712226   12.08448084   1.        ]
 [ 14.08785962  12.05404834   1.        ]
 [  5.08549896  13.01552121   1.        ]
 [  6.04818527  13.09232886   1.        ]
 [  7.01397683  13.04310229   1.        ]
 [  8.06731369  13.03142343   1.        ]
 [  9.05572693  13.08511458   1.        ]
 [ 10.06862889  13.0718962    1.        ]
 [ 11.06074841  13.00782853   1.        ]
 [ 12.01499492  13.01048579   1.        ]
 [ 13.02262553  13.07341351   1.        ]
 [ 14.08071539  13.00097416   1.        ]
 [  5.06461368  14.06134862   1.        ]
 [  6.00812763  14.07493252   1.        ]
 [  7.06942982  14.08277463   1.        ]
 [  8.09635424  14.06898547   1.        ]
 [  9.0238238   14.03548249   1.        ]
 [ 10.01891341  14.03505882   1.        ]
 [ 11.08375425  14.03206231   1.        ]
 [ 12.07841577  14.03021391   1.        ]
 [ 13.02441887  14.01723719   1.        ]
 [ 14.03711881  14.08902295   1.        ]]
Running basin hopping with paramerters:
PARAMETERS BEGIN

epsilon=4.252611
r0=1.151139
sigma=0.141421
PARAMETERS END


E: -1049.9874 accepted 1
E: -1046.3391 accepted 0
E: -1114.3447 accepted 1
E: -1149.0299 accepted 1
E: -1182.2824 accepted 1
E: -1156.6127 accepted 0
E: -1188.2750 accepted 1
E: -1198.9018 accepted 1
E: -1198.7236 accepted 1
E: -1176.1195 accepted 0
E: -1172.8554 accepted 0
E: -1225.1389 accepted 1
E: -1218.3199 accepted 0
E: -1207.8341 accepted 0
E: -1184.3969 accepted 0
E: -1213.6385 accepted 0
E: -1218.1864 accepted 0
E: -1244.0607 accepted 1
E: -1251.1132 accepted 1
E: -1251.1132 accepted 1
E: -1250.3020 accepted 1
E: -1268.0785 accepted 1
E: -1272.0156 accepted 1
E: -1282.7617 accepted 1
E: -1272.3572 accepted 0
E: -1238.2957 accepted 0
E: -1277.7705 accepted 0
E: -1282.7617 accepted 1
E: -1282.7617 accepted 1
E: -1251.6916 accepted 0
E: -1282.7617 accepted 1
E: -1282.7617 accepted 1
E: -1267.4839 accepted 0
E: -1267.7470 accepted 0
Runtime = 4744.200823


