[[  5.09484226   5.07510357   1.        ]
 [  6.04828017   5.08819754   1.        ]
 [  7.04892594   5.06147571   1.        ]
 [  8.03708346   5.0796104    1.        ]
 [  9.03698313   5.06433462   1.        ]
 [ 10.01912465   5.01358231   1.        ]
 [ 11.03562222   5.02303492   1.        ]
 [ 12.04640957   5.01899418   1.        ]
 [ 13.07272662   5.08565954   1.        ]
 [ 14.05936044   5.06327123   1.        ]
 [  5.02688986   6.04789919   1.        ]
 [  6.07909015   6.03800093   1.        ]
 [  7.08104807   6.07398231   1.        ]
 [  8.08792674   6.07331212   1.        ]
 [  9.05171595   6.04587112   1.        ]
 [ 10.05574234   6.05698537   1.        ]
 [ 11.04006847   6.09153992   1.        ]
 [ 12.02497733   6.03244293   1.        ]
 [ 13.08024685   6.0878259    1.        ]
 [ 14.05751183   6.03674823   1.        ]
 [  5.06017199   7.05460354   1.        ]
 [  6.0058527    7.06244138   1.        ]
 [  7.04930548   7.08777282   1.        ]
 [  8.03829344   7.03179376   1.        ]
 [  9.03491134   7.08393579   1.        ]
 [ 10.02818725   7.08178945   1.        ]
 [ 11.06254695   7.06796073   1.        ]
 [ 12.06398671   7.04889756   1.        ]
 [ 13.07447884   7.02982217   1.        ]
 [ 14.05094484   7.09778655   1.        ]
 [  5.00358957   8.01078786   1.        ]
 [  6.02766895   8.04723952   1.        ]
 [  7.0043281    8.09583041   1.        ]
 [  8.01751628   8.02559622   1.        ]
 [  9.04772672   8.08754796   1.        ]
 [ 10.07618504   8.02505485   1.        ]
 [ 11.04962921   8.03051589   1.        ]
 [ 12.01247673   8.08227485   1.        ]
 [ 13.0631321    8.08810589   1.        ]
 [ 14.02615782   8.08726765   1.        ]
 [  5.024568     9.01451875   1.        ]
 [  6.03605605   9.04110581   1.        ]
 [  7.09457268   9.08989969   1.        ]
 [  8.07954382   9.02153608   1.        ]
 [  9.07580221   9.08158356   1.        ]
 [ 10.03260816   9.08827391   1.        ]
 [ 11.08811059   9.00122697   1.        ]
 [ 12.00536978   9.04949879   1.        ]
 [ 13.06473551   9.0635355    1.        ]
 [ 14.03975776   9.04982613   1.        ]
 [  5.06980845  10.05380538   1.        ]
 [  6.05305271  10.08884862   1.        ]
 [  7.02917966  10.08495732   1.        ]
 [  8.04823573  10.02023119   1.        ]
 [  9.09785372  10.02991591   1.        ]
 [ 10.0868487   10.07404765   1.        ]
 [ 11.03916719  10.09611443   1.        ]
 [ 12.01495299  10.06022267   1.        ]
 [ 13.09302198  10.0526059    1.        ]
 [ 14.00944701  10.08392172   1.        ]
 [  5.07831148  11.06796978   1.        ]
 [  6.0879942   11.03001978   1.        ]
 [  7.01194815  11.07443409   1.        ]
 [  8.00702244  11.07655601   1.        ]
 [  9.02339162  11.06399704   1.        ]
 [ 10.03597738  11.09903703   1.        ]
 [ 11.02466492  11.0813113    1.        ]
 [ 12.03419385  11.02170342   1.        ]
 [ 13.07160062  11.0498018    1.        ]
 [ 14.0741198   11.01147807   1.        ]
 [  5.06651972  12.09186649   1.        ]
 [  6.01270756  12.03347358   1.        ]
 [  7.0096637   12.07636809   1.        ]
 [  8.00431743  12.05723359   1.        ]
 [  9.05064709  12.00518937   1.        ]
 [ 10.06968801  12.0616999    1.        ]
 [ 11.08270571  12.08053255   1.        ]
 [ 12.04886511  12.03024063   1.        ]
 [ 13.08499362  12.01389246   1.        ]
 [ 14.02781189  12.0123341    1.        ]
 [  5.00241482  13.09445767   1.        ]
 [  6.0409425   13.0584629    1.        ]
 [  7.0981607   13.03575036   1.        ]
 [  8.03872309  13.09200837   1.        ]
 [  9.02442926  13.02057139   1.        ]
 [ 10.06719036  13.01292942   1.        ]
 [ 11.07997001  13.07853052   1.        ]
 [ 12.01384451  13.02881584   1.        ]
 [ 13.02978306  13.06026504   1.        ]
 [ 14.06064184  13.0255675    1.        ]
 [  5.01827501  14.07585753   1.        ]
 [  6.02804713  14.05815258   1.        ]
 [  7.05467097  14.05097408   1.        ]
 [  8.0804997   14.00998151   1.        ]
 [  9.09911963  14.05648681   1.        ]
 [ 10.09555423  14.07040836   1.        ]
 [ 11.03014102  14.03236166   1.        ]
 [ 12.02419774  14.03147962   1.        ]
 [ 13.01121239  14.07603572   1.        ]
 [ 14.09668597  14.02172871   1.        ]]
Running basin hopping with paramerters:
PARAMETERS BEGIN

epsilon=3.443950
r0=1.217037
sigma=0.141421
PARAMETERS END


E: -913.4923 accepted 1
E: -914.4920 accepted 1
E: -914.2765 accepted 1
E: -915.2186 accepted 1
E: -919.7068 accepted 1
E: -904.5541 accepted 0
E: -922.7749 accepted 1
E: -923.8157 accepted 1
E: -919.1546 accepted 0
E: -931.6198 accepted 1
E: -926.5229 accepted 0
E: -935.6141 accepted 1
E: -925.2569 accepted 0
E: -943.7758 accepted 1
E: -956.8550 accepted 1
E: -925.7153 accepted 0
E: -931.1481 accepted 0
E: -937.9333 accepted 0
E: -922.6829 accepted 0
E: -927.9123 accepted 0
E: -966.6719 accepted 1
E: -920.2231 accepted 0
E: -966.6724 accepted 1
E: -946.0357 accepted 0
E: -966.6732 accepted 1
E: -974.7349 accepted 1
E: -974.7350 accepted 1
E: -982.8229 accepted 1
E: -970.8126 accepted 0
E: -991.0243 accepted 1
E: -967.2817 accepted 0
E: -995.0949 accepted 1
E: -992.7577 accepted 0
E: -995.0949 accepted 1
E: -995.0963 accepted 1
E: -995.1448 accepted 1
E: -995.2518 accepted 1
E: -965.4106 accepted 0
E: -960.1064 accepted 0
E: -1000.8813 accepted 1
E: -998.9416 accepted 0
E: -973.5858 accepted 0
E: -985.5594 accepted 0
E: -984.1982 accepted 0
E: -967.3343 accepted 0
E: -943.4027 accepted 0
Runtime = 4911.311806


