[[  5.06252736   5.0356061    1.        ]
 [  6.08325691   5.02447612   1.        ]
 [  7.07232531   5.06354155   1.        ]
 [  8.06832753   5.08950534   1.        ]
 [  9.03275383   5.0360513    1.        ]
 [ 10.06320818   5.07771698   1.        ]
 [ 11.00297276   5.08511791   1.        ]
 [ 12.06083657   5.09340507   1.        ]
 [ 13.08252699   5.09949669   1.        ]
 [ 14.06385868   5.01448235   1.        ]
 [  5.03553572   6.03871957   1.        ]
 [  6.06700294   6.04331134   1.        ]
 [  7.06515594   6.00770839   1.        ]
 [  8.04660142   6.09946453   1.        ]
 [  9.09043837   6.03090089   1.        ]
 [ 10.08410843   6.06827563   1.        ]
 [ 11.04154432   6.08340573   1.        ]
 [ 12.04921123   6.05374301   1.        ]
 [ 13.00174017   6.08505103   1.        ]
 [ 14.0413641    6.05295965   1.        ]
 [  5.07671842   7.07334641   1.        ]
 [  6.01572981   7.09037026   1.        ]
 [  7.05644395   7.00387042   1.        ]
 [  8.08625324   7.01137119   1.        ]
 [  9.00182692   7.03814672   1.        ]
 [ 10.03911169   7.05351868   1.        ]
 [ 11.00298425   7.0114685    1.        ]
 [ 12.0307001    7.09498245   1.        ]
 [ 13.05664652   7.06754893   1.        ]
 [ 14.0175879    7.0212674    1.        ]
 [  5.07183001   8.07683269   1.        ]
 [  6.05505898   8.05284316   1.        ]
 [  7.03795241   8.06069651   1.        ]
 [  8.09528816   8.07870232   1.        ]
 [  9.03676519   8.03246438   1.        ]
 [ 10.02403072   8.0720351    1.        ]
 [ 11.00885545   8.04111357   1.        ]
 [ 12.09116753   8.01199469   1.        ]
 [ 13.07733069   8.03272213   1.        ]
 [ 14.02832054   8.00670676   1.        ]
 [  5.04805724   9.02822151   1.        ]
 [  6.01901767   9.0874592    1.        ]
 [  7.04143189   9.01331473   1.        ]
 [  8.04495633   9.00798895   1.        ]
 [  9.00595633   9.00183285   1.        ]
 [ 10.07428869   9.06109269   1.        ]
 [ 11.03270444   9.067819     1.        ]
 [ 12.04978252   9.01481918   1.        ]
 [ 13.08870742   9.04691648   1.        ]
 [ 14.08795398   9.04882907   1.        ]
 [  5.03109934  10.05636313   1.        ]
 [  6.05083668  10.03689193   1.        ]
 [  7.06983578  10.09580302   1.        ]
 [  8.08034017  10.08216767   1.        ]
 [  9.05384117  10.01786028   1.        ]
 [ 10.09462003  10.00919245   1.        ]
 [ 11.01069706  10.0665874    1.        ]
 [ 12.09677591  10.03946704   1.        ]
 [ 13.02258379  10.07456863   1.        ]
 [ 14.03024811  10.08488238   1.        ]
 [  5.06203946  11.02546066   1.        ]
 [  6.05207381  11.08338676   1.        ]
 [  7.03337415  11.0756604    1.        ]
 [  8.00062624  11.0358246    1.        ]
 [  9.08871319  11.0368663    1.        ]
 [ 10.05523707  11.00713093   1.        ]
 [ 11.07481516  11.03545911   1.        ]
 [ 12.0405271   11.0823786    1.        ]
 [ 13.08420366  11.04715661   1.        ]
 [ 14.02012346  11.05662685   1.        ]
 [  5.07639303  12.05173136   1.        ]
 [  6.01209552  12.08059102   1.        ]
 [  7.03249597  12.07991557   1.        ]
 [  8.09289033  12.04851696   1.        ]
 [  9.03227777  12.03854802   1.        ]
 [ 10.02665859  12.09510119   1.        ]
 [ 11.03256843  12.03555901   1.        ]
 [ 12.07943077  12.09667154   1.        ]
 [ 13.05956126  12.02706087   1.        ]
 [ 14.08364262  12.08290022   1.        ]
 [  5.05670544  13.04880108   1.        ]
 [  6.05432819  13.0901739    1.        ]
 [  7.08168308  13.0286395    1.        ]
 [  8.07552683  13.00350067   1.        ]
 [  9.03376356  13.00742368   1.        ]
 [ 10.00815941  13.02292666   1.        ]
 [ 11.0130921   13.03011162   1.        ]
 [ 12.01081598  13.09047619   1.        ]
 [ 13.04698998  13.06722711   1.        ]
 [ 14.02065559  13.02427051   1.        ]
 [  5.0752205   14.03196799   1.        ]
 [  6.08737103  14.04962788   1.        ]
 [  7.07790315  14.06437465   1.        ]
 [  8.09567613  14.08471017   1.        ]
 [  9.04493541  14.01585825   1.        ]
 [ 10.03145434  14.01159343   1.        ]
 [ 11.06132594  14.02865      1.        ]
 [ 12.01238408  14.06934484   1.        ]
 [ 13.02282811  14.0349372    1.        ]
 [ 14.09236663  14.0952314    1.        ]]
Running basin hopping with paramerters:
PARAMETERS BEGIN

epsilon=3.209076
r0=1.191684
sigma=0.141421
PARAMETERS END


E: -819.7762 accepted 1
E: -867.6744 accepted 1
E: -856.6830 accepted 0
E: -854.2922 accepted 0
E: -867.5462 accepted 1
E: -850.5666 accepted 0
E: -879.1725 accepted 1
E: -852.6904 accepted 0
E: -894.7761 accepted 1
E: -898.4624 accepted 1
E: -886.8449 accepted 0
E: -906.2181 accepted 1
E: -906.1754 accepted 1
E: -909.9911 accepted 1
E: -898.4063 accepted 0
E: -906.1584 accepted 0
E: -877.7276 accepted 0
E: -892.6856 accepted 0
E: -910.0436 accepted 1
E: -879.6743 accepted 0
E: -902.3778 accepted 0
E: -910.0437 accepted 1
E: -877.1294 accepted 0
E: -894.5361 accepted 0
E: -910.0922 accepted 1
E: -886.1686 accepted 0
E: -907.7904 accepted 0
E: -880.5014 accepted 0
E: -890.9840 accepted 0
E: -914.0006 accepted 1
E: -906.5893 accepted 0
E: -906.3515 accepted 0
E: -881.4742 accepted 0
E: -910.3777 accepted 0
E: -898.4486 accepted 0
E: -902.5612 accepted 0
Runtime = 4047.665194


