[[  5.01853646   5.03332702   1.        ]
 [  6.09692916   5.07772959   1.        ]
 [  7.03979927   5.01708741   1.        ]
 [  8.01479333   5.08959906   1.        ]
 [  9.09213556   5.06717532   1.        ]
 [ 10.00190408   5.01205836   1.        ]
 [ 11.02207029   5.06933588   1.        ]
 [ 12.06416422   5.00249295   1.        ]
 [ 13.08067297   5.04044813   1.        ]
 [ 14.05218365   5.00451688   1.        ]
 [  5.05185768   6.05708416   1.        ]
 [  6.07131439   6.03770548   1.        ]
 [  7.06304622   6.05147125   1.        ]
 [  8.01691336   6.01469456   1.        ]
 [  9.0469072    6.03377129   1.        ]
 [ 10.04963033   6.06948338   1.        ]
 [ 11.03369905   6.04528531   1.        ]
 [ 12.04182026   6.08195013   1.        ]
 [ 13.04267684   6.02916947   1.        ]
 [ 14.02948774   6.0097098    1.        ]
 [  5.02786304   7.07366372   1.        ]
 [  6.0289321    7.02464734   1.        ]
 [  7.00984108   7.01318965   1.        ]
 [  8.03525115   7.08436987   1.        ]
 [  9.04360628   7.03231548   1.        ]
 [ 10.08349469   7.04092321   1.        ]
 [ 11.07604368   7.07798435   1.        ]
 [ 12.07468283   7.04391005   1.        ]
 [ 13.04231209   7.00120428   1.        ]
 [ 14.07890216   7.01993145   1.        ]
 [  5.06655011   8.05868296   1.        ]
 [  6.03404482   8.08305377   1.        ]
 [  7.00300471   8.08795297   1.        ]
 [  8.09785436   8.08666843   1.        ]
 [  9.04224757   8.04457784   1.        ]
 [ 10.09832267   8.02696529   1.        ]
 [ 11.04536693   8.04453142   1.        ]
 [ 12.02367629   8.00764699   1.        ]
 [ 13.0829662    8.02904103   1.        ]
 [ 14.07961789   8.06527956   1.        ]
 [  5.06750876   9.0856937    1.        ]
 [  6.05760977   9.08883321   1.        ]
 [  7.08158222   9.00534585   1.        ]
 [  8.0430646    9.0720378    1.        ]
 [  9.02606347   9.05133819   1.        ]
 [ 10.08199028   9.09523486   1.        ]
 [ 11.02116172   9.07171407   1.        ]
 [ 12.02531182   9.07407978   1.        ]
 [ 13.04218253   9.04007251   1.        ]
 [ 14.05894536   9.00927767   1.        ]
 [  5.08742942  10.01959728   1.        ]
 [  6.07940248  10.09864333   1.        ]
 [  7.07563453  10.00664571   1.        ]
 [  8.06759375  10.0041698    1.        ]
 [  9.04811018  10.06311204   1.        ]
 [ 10.00418832  10.03736594   1.        ]
 [ 11.0778669   10.02553559   1.        ]
 [ 12.02373019  10.02274154   1.        ]
 [ 13.0313926   10.08637354   1.        ]
 [ 14.03183161  10.01255243   1.        ]
 [  5.00697214  11.02729421   1.        ]
 [  6.00499831  11.06084973   1.        ]
 [  7.04670782  11.03798635   1.        ]
 [  8.01037416  11.08851434   1.        ]
 [  9.00084397  11.07363472   1.        ]
 [ 10.08517883  11.08080155   1.        ]
 [ 11.06791713  11.0650178    1.        ]
 [ 12.09695602  11.09582098   1.        ]
 [ 13.02124218  11.05639584   1.        ]
 [ 14.02244867  11.07380856   1.        ]
 [  5.06678739  12.0265555    1.        ]
 [  6.00204626  12.01549282   1.        ]
 [  7.09719885  12.09243736   1.        ]
 [  8.06850169  12.05028187   1.        ]
 [  9.06924988  12.01423579   1.        ]
 [ 10.02781899  12.07562655   1.        ]
 [ 11.04204428  12.07844921   1.        ]
 [ 12.01031622  12.08749807   1.        ]
 [ 13.04083984  12.06074324   1.        ]
 [ 14.0241115   12.05311063   1.        ]
 [  5.00362849  13.08139034   1.        ]
 [  6.00192633  13.03341646   1.        ]
 [  7.03726691  13.09275383   1.        ]
 [  8.01047407  13.02757357   1.        ]
 [  9.06771989  13.07933919   1.        ]
 [ 10.04278554  13.09393988   1.        ]
 [ 11.06830697  13.0581283    1.        ]
 [ 12.0072498   13.00819102   1.        ]
 [ 13.08940745  13.05199384   1.        ]
 [ 14.0400308   13.01755468   1.        ]
 [  5.02426554  14.05316139   1.        ]
 [  6.00009732  14.07600987   1.        ]
 [  7.06678548  14.01744867   1.        ]
 [  8.01677837  14.00519153   1.        ]
 [  9.00209357  14.04266208   1.        ]
 [ 10.01805633  14.07472703   1.        ]
 [ 11.08855311  14.0879125    1.        ]
 [ 12.09493096  14.0319597    1.        ]
 [ 13.03720912  14.06238374   1.        ]
 [ 14.00437301  14.030812     1.        ]]
Running basin hopping with paramerters:
PARAMETERS BEGIN

epsilon=4.704114
r0=1.272594
sigma=0.141421
PARAMETERS END


E: -1194.0083 accepted 1
E: -1132.8061 accepted 0
E: -1154.5411 accepted 0
E: -1164.7372 accepted 0
E: -1166.4322 accepted 0
E: -1103.4030 accepted 0
E: -1101.7681 accepted 0
Runtime = 1083.903403


