[[  5.02201818   5.0345014    1.        ]
 [  6.09073053   5.03492844   1.        ]
 [  7.03653318   5.07799154   1.        ]
 [  8.05009801   5.08222983   1.        ]
 [  9.01713565   5.0994557    1.        ]
 [ 10.06606286   5.04749697   1.        ]
 [ 11.0193507    5.05504092   1.        ]
 [ 12.05512472   5.07486363   1.        ]
 [ 13.07210743   5.02143226   1.        ]
 [ 14.09755779   5.0707936    1.        ]
 [  5.02106958   6.02895655   1.        ]
 [  6.09148851   6.04411985   1.        ]
 [  7.04550256   6.08970984   1.        ]
 [  8.06121249   6.03194557   1.        ]
 [  9.01540413   6.08978009   1.        ]
 [ 10.05146741   6.06500005   1.        ]
 [ 11.00465852   6.06444433   1.        ]
 [ 12.04087094   6.03725617   1.        ]
 [ 13.05181036   6.09479078   1.        ]
 [ 14.04093718   6.09124064   1.        ]
 [  5.07062249   7.0854841    1.        ]
 [  6.07395291   7.05948149   1.        ]
 [  7.07426341   7.01413336   1.        ]
 [  8.01190557   7.09385658   1.        ]
 [  9.07504902   7.01260947   1.        ]
 [ 10.03856937   7.02299425   1.        ]
 [ 11.02143455   7.07037685   1.        ]
 [ 12.01060852   7.06566132   1.        ]
 [ 13.02026592   7.03448407   1.        ]
 [ 14.08715287   7.0817342    1.        ]
 [  5.02689635   8.09814747   1.        ]
 [  6.01822595   8.07311342   1.        ]
 [  7.08905356   8.06765965   1.        ]
 [  8.05462347   8.07251294   1.        ]
 [  9.06241498   8.03757473   1.        ]
 [ 10.04028065   8.05612693   1.        ]
 [ 11.02710949   8.01744137   1.        ]
 [ 12.00143463   8.03164876   1.        ]
 [ 13.00723927   8.03769191   1.        ]
 [ 14.03501465   8.02474702   1.        ]
 [  5.00378714   9.04689726   1.        ]
 [  6.0587095    9.04830379   1.        ]
 [  7.06044362   9.00097037   1.        ]
 [  8.07898744   9.03048454   1.        ]
 [  9.02066807   9.00553753   1.        ]
 [ 10.01693207   9.09247952   1.        ]
 [ 11.07839165   9.0207016    1.        ]
 [ 12.07602708   9.04449738   1.        ]
 [ 13.0982608    9.08724372   1.        ]
 [ 14.00435787   9.03724194   1.        ]
 [  5.02721335  10.09501512   1.        ]
 [  6.06188403  10.00142316   1.        ]
 [  7.01041188  10.04558708   1.        ]
 [  8.03149635  10.0843862    1.        ]
 [  9.04219244  10.03013028   1.        ]
 [ 10.07574346  10.03095817   1.        ]
 [ 11.02905208  10.03862458   1.        ]
 [ 12.09801531  10.00545786   1.        ]
 [ 13.09079022  10.04330783   1.        ]
 [ 14.01734543  10.07634982   1.        ]
 [  5.06302566  11.02105611   1.        ]
 [  6.08495669  11.00922678   1.        ]
 [  7.02657978  11.09602842   1.        ]
 [  8.02077793  11.07870949   1.        ]
 [  9.05222977  11.09616474   1.        ]
 [ 10.06038652  11.06434248   1.        ]
 [ 11.04744222  11.01398388   1.        ]
 [ 12.09562153  11.0883074    1.        ]
 [ 13.08251805  11.07353432   1.        ]
 [ 14.07802022  11.05159674   1.        ]
 [  5.03640621  12.02558464   1.        ]
 [  6.05836582  12.05477723   1.        ]
 [  7.00867456  12.03443928   1.        ]
 [  8.07779751  12.00661093   1.        ]
 [  9.0070917   12.0612919    1.        ]
 [ 10.06184319  12.05314256   1.        ]
 [ 11.08106169  12.07280353   1.        ]
 [ 12.04969648  12.00433878   1.        ]
 [ 13.03009776  12.0197485    1.        ]
 [ 14.07656389  12.04352842   1.        ]
 [  5.00312635  13.07506716   1.        ]
 [  6.09701873  13.00797643   1.        ]
 [  7.08482084  13.03727089   1.        ]
 [  8.04268592  13.04138101   1.        ]
 [  9.03547859  13.02085186   1.        ]
 [ 10.05668284  13.07349749   1.        ]
 [ 11.08716623  13.09223745   1.        ]
 [ 12.00985183  13.02069943   1.        ]
 [ 13.03078432  13.01636113   1.        ]
 [ 14.05047413  13.04987783   1.        ]
 [  5.08975136  14.04245853   1.        ]
 [  6.08146223  14.05474838   1.        ]
 [  7.09800067  14.00887981   1.        ]
 [  8.06357385  14.02831584   1.        ]
 [  9.04273274  14.0726913    1.        ]
 [ 10.00456133  14.0308291    1.        ]
 [ 11.01964586  14.00694555   1.        ]
 [ 12.06563081  14.05756051   1.        ]
 [ 13.00717923  14.06998005   1.        ]
 [ 14.08613886  14.0468807    1.        ]]
Running basin hopping with paramerters:
PARAMETERS BEGIN

epsilon=3.794104
r0=1.243214
sigma=0.141421
PARAMETERS END


E: -904.2415 accepted 1
E: -938.8120 accepted 1
E: -945.6883 accepted 1
E: -954.5046 accepted 1
E: -1017.0818 accepted 1
E: -1002.2920 accepted 0
E: -968.3847 accepted 0
E: -1020.3003 accepted 1
E: -1024.6679 accepted 1
E: -1006.1688 accepted 0
E: -1015.5481 accepted 0
E: -1010.1286 accepted 0
E: -1036.4967 accepted 1
E: -979.9305 accepted 0
E: -1036.4968 accepted 1
E: -1031.6370 accepted 0
E: -1027.7300 accepted 0
E: -1006.0819 accepted 0
E: -1032.2033 accepted 0
E: -1011.3349 accepted 0
E: -1023.6874 accepted 0
Runtime = 3527.494548


