[[  5.02236189   5.06600141   1.        ]
 [  6.08656672   5.01427947   1.        ]
 [  7.00768279   5.05674653   1.        ]
 [  8.05160026   5.06040632   1.        ]
 [  9.09484661   5.02575743   1.        ]
 [ 10.09232584   5.09441948   1.        ]
 [ 11.02020907   5.05666886   1.        ]
 [ 12.04156197   5.05503908   1.        ]
 [ 13.07546728   5.08222616   1.        ]
 [ 14.08182788   5.03346883   1.        ]
 [  5.00221292   6.0981351    1.        ]
 [  6.00904104   6.07063436   1.        ]
 [  7.04507735   6.00867857   1.        ]
 [  8.01779219   6.03024659   1.        ]
 [  9.05132105   6.04869822   1.        ]
 [ 10.01945706   6.02540576   1.        ]
 [ 11.04909231   6.0609759    1.        ]
 [ 12.06464892   6.05541125   1.        ]
 [ 13.06501343   6.01067034   1.        ]
 [ 14.0289336    6.09036649   1.        ]
 [  5.03924534   7.01233841   1.        ]
 [  6.05628375   7.07743585   1.        ]
 [  7.0054687    7.09699216   1.        ]
 [  8.08403493   7.0102649    1.        ]
 [  9.01154715   7.09041343   1.        ]
 [ 10.0974866    7.07385385   1.        ]
 [ 11.07961004   7.04002229   1.        ]
 [ 12.06775519   7.02096831   1.        ]
 [ 13.05665818   7.09806584   1.        ]
 [ 14.01125266   7.08625687   1.        ]
 [  5.06703302   8.05379086   1.        ]
 [  6.09256082   8.08060479   1.        ]
 [  7.05700685   8.05751718   1.        ]
 [  8.05363332   8.04443829   1.        ]
 [  9.09249598   8.00289874   1.        ]
 [ 10.01718403   8.08419857   1.        ]
 [ 11.04203948   8.07493308   1.        ]
 [ 12.07833953   8.04448654   1.        ]
 [ 13.06066382   8.05943861   1.        ]
 [ 14.02208077   8.00234146   1.        ]
 [  5.06232235   9.04926677   1.        ]
 [  6.09383993   9.04006072   1.        ]
 [  7.07761699   9.01887532   1.        ]
 [  8.01818322   9.09212184   1.        ]
 [  9.0051209    9.07048325   1.        ]
 [ 10.02027847   9.09563016   1.        ]
 [ 11.0028132    9.0511484    1.        ]
 [ 12.08859208   9.0538948    1.        ]
 [ 13.05772919   9.03329602   1.        ]
 [ 14.07063802   9.05381037   1.        ]
 [  5.08088984  10.0236949    1.        ]
 [  6.07811492  10.02833082   1.        ]
 [  7.03824116  10.06821413   1.        ]
 [  8.01053984  10.00947759   1.        ]
 [  9.04235034  10.04649185   1.        ]
 [ 10.03981754  10.05859117   1.        ]
 [ 11.04543066  10.08197854   1.        ]
 [ 12.09258171  10.05712648   1.        ]
 [ 13.04181143  10.05131862   1.        ]
 [ 14.00426182  10.05698805   1.        ]
 [  5.05564331  11.06616967   1.        ]
 [  6.06526075  11.02124211   1.        ]
 [  7.03073852  11.03620491   1.        ]
 [  8.0148368   11.07586494   1.        ]
 [  9.08167636  11.00822038   1.        ]
 [ 10.03779537  11.06940592   1.        ]
 [ 11.06867246  11.09054611   1.        ]
 [ 12.06848184  11.03474621   1.        ]
 [ 13.09371661  11.0695914    1.        ]
 [ 14.05487269  11.09099659   1.        ]
 [  5.02594168  12.09749778   1.        ]
 [  6.06643101  12.00737547   1.        ]
 [  7.03349046  12.08789447   1.        ]
 [  8.04530846  12.09887985   1.        ]
 [  9.0975315   12.05511944   1.        ]
 [ 10.00450255  12.04500811   1.        ]
 [ 11.00846089  12.01605281   1.        ]
 [ 12.01815452  12.03401225   1.        ]
 [ 13.04323983  12.02291323   1.        ]
 [ 14.05300022  12.00273935   1.        ]
 [  5.06564609  13.04072668   1.        ]
 [  6.07397447  13.04868562   1.        ]
 [  7.05348376  13.07407535   1.        ]
 [  8.0562318   13.04619799   1.        ]
 [  9.09630891  13.09028024   1.        ]
 [ 10.00944632  13.06950373   1.        ]
 [ 11.09859008  13.04423447   1.        ]
 [ 12.06409684  13.02683562   1.        ]
 [ 13.06095109  13.0149983    1.        ]
 [ 14.08657202  13.07426751   1.        ]
 [  5.00144038  14.04593046   1.        ]
 [  6.01593359  14.01114821   1.        ]
 [  7.05791396  14.03600497   1.        ]
 [  8.08336596  14.07351579   1.        ]
 [  9.08983605  14.07232295   1.        ]
 [ 10.02341769  14.00165782   1.        ]
 [ 11.00480618  14.0856029    1.        ]
 [ 12.05810735  14.02797975   1.        ]
 [ 13.06517026  14.02898232   1.        ]
 [ 14.08545253  14.09699616   1.        ]]
Running basin hopping with paramerters:
PARAMETERS BEGIN

epsilon=3.759460
r0=1.182822
sigma=0.141421
PARAMETERS END


E: -923.9074 accepted 1
E: -956.3683 accepted 1
E: -972.3572 accepted 1
E: -991.6526 accepted 1
E: -987.3437 accepted 0
E: -976.8185 accepted 0
E: -1015.6344 accepted 1
E: -987.7764 accepted 0
E: -1000.0155 accepted 0
E: -1000.6338 accepted 0
E: -999.5597 accepted 0
E: -1024.3852 accepted 1
E: -1028.5902 accepted 1
E: -1027.5492 accepted 0
E: -1017.0722 accepted 0
E: -1021.2637 accepted 0
E: -1012.6161 accepted 0
E: -1037.5254 accepted 1
E: -1033.0951 accepted 0
E: -1008.4186 accepted 0
E: -1033.6552 accepted 0
E: -1013.6570 accepted 0
E: -1032.0584 accepted 0
E: -1002.3141 accepted 0
Runtime = 4365.193842


