[[  5.02584226   5.07709581   1.        ]
 [  6.08178784   5.08313698   1.        ]
 [  7.04467457   5.07997433   1.        ]
 [  8.07304329   5.01348311   1.        ]
 [  9.07099299   5.02900821   1.        ]
 [ 10.00916515   5.07808406   1.        ]
 [ 11.03375639   5.05994943   1.        ]
 [ 12.02777769   5.01231796   1.        ]
 [ 13.09774681   5.00590573   1.        ]
 [ 14.09422709   5.06664033   1.        ]
 [  5.02195491   6.03213067   1.        ]
 [  6.02302577   6.08809152   1.        ]
 [  7.06764171   6.03527272   1.        ]
 [  8.09567131   6.08000172   1.        ]
 [  9.03358559   6.04618511   1.        ]
 [ 10.04038696   6.01561119   1.        ]
 [ 11.06245801   6.03694517   1.        ]
 [ 12.07686794   6.07382425   1.        ]
 [ 13.07933575   6.00366928   1.        ]
 [ 14.08694545   6.08023228   1.        ]
 [  5.01101007   7.04513963   1.        ]
 [  6.02129172   7.09188291   1.        ]
 [  7.03368552   7.00775634   1.        ]
 [  8.02306181   7.0401198    1.        ]
 [  9.07191491   7.05419693   1.        ]
 [ 10.04976427   7.08061244   1.        ]
 [ 11.0835204    7.06671032   1.        ]
 [ 12.02614556   7.01197367   1.        ]
 [ 13.01654783   7.01031462   1.        ]
 [ 14.01508001   7.04215864   1.        ]
 [  5.08614303   8.03493612   1.        ]
 [  6.03575271   8.02515857   1.        ]
 [  7.02308212   8.0278827    1.        ]
 [  8.02790264   8.07178695   1.        ]
 [  9.09800321   8.02312936   1.        ]
 [ 10.00516738   8.04868255   1.        ]
 [ 11.02772425   8.02085728   1.        ]
 [ 12.04375034   8.09543829   1.        ]
 [ 13.05168294   8.00997541   1.        ]
 [ 14.06697133   8.03641969   1.        ]
 [  5.002893     9.03705596   1.        ]
 [  6.08728182   9.05558437   1.        ]
 [  7.0596993    9.09608538   1.        ]
 [  8.06172537   9.03026137   1.        ]
 [  9.08193962   9.05312169   1.        ]
 [ 10.03512395   9.04077705   1.        ]
 [ 11.08478241   9.00693245   1.        ]
 [ 12.09299634   9.00850751   1.        ]
 [ 13.04522033   9.00679254   1.        ]
 [ 14.00353197   9.02854812   1.        ]
 [  5.00586437  10.09419095   1.        ]
 [  6.08958606  10.03119688   1.        ]
 [  7.06140719  10.07628901   1.        ]
 [  8.03190971  10.03900968   1.        ]
 [  9.02358772  10.01734974   1.        ]
 [ 10.04637696  10.01782076   1.        ]
 [ 11.07149727  10.03560126   1.        ]
 [ 12.0778708   10.06288734   1.        ]
 [ 13.00655514  10.0291003    1.        ]
 [ 14.02361241  10.07605765   1.        ]
 [  5.01390773  11.07206799   1.        ]
 [  6.03557933  11.06466747   1.        ]
 [  7.03641822  11.09504464   1.        ]
 [  8.05106613  11.08529127   1.        ]
 [  9.04155422  11.04922571   1.        ]
 [ 10.00542867  11.09199399   1.        ]
 [ 11.01734757  11.05397185   1.        ]
 [ 12.0660764   11.01836903   1.        ]
 [ 13.00567365  11.03975526   1.        ]
 [ 14.04724665  11.00888615   1.        ]
 [  5.07093785  12.09024328   1.        ]
 [  6.04164404  12.07124416   1.        ]
 [  7.05580871  12.05104507   1.        ]
 [  8.08941257  12.07898293   1.        ]
 [  9.09444823  12.07885168   1.        ]
 [ 10.06790389  12.06143491   1.        ]
 [ 11.02540111  12.09213743   1.        ]
 [ 12.01384373  12.06348962   1.        ]
 [ 13.08635942  12.00265979   1.        ]
 [ 14.04227836  12.07105173   1.        ]
 [  5.07200033  13.06900004   1.        ]
 [  6.03311622  13.066829     1.        ]
 [  7.09835028  13.07206035   1.        ]
 [  8.07340844  13.02434275   1.        ]
 [  9.08136525  13.09365798   1.        ]
 [ 10.08145107  13.06380083   1.        ]
 [ 11.09081695  13.01197591   1.        ]
 [ 12.03961771  13.07450409   1.        ]
 [ 13.07654877  13.05175848   1.        ]
 [ 14.08025664  13.09599187   1.        ]
 [  5.07707804  14.05425603   1.        ]
 [  6.01877967  14.00136387   1.        ]
 [  7.05522386  14.00087068   1.        ]
 [  8.06411684  14.08049092   1.        ]
 [  9.07500106  14.03316728   1.        ]
 [ 10.02716466  14.05776924   1.        ]
 [ 11.01716512  14.09513266   1.        ]
 [ 12.07891908  14.0932036    1.        ]
 [ 13.0115389   14.01798142   1.        ]
 [ 14.02855382  14.09639871   1.        ]]
Running basin hopping with paramerters:
PARAMETERS BEGIN

epsilon=4.169439
r0=1.211244
sigma=0.141421
PARAMETERS END


E: -1034.2401 accepted 1
E: -1049.0216 accepted 1
E: -1082.1876 accepted 1
E: -1114.5075 accepted 1
E: -1079.2930 accepted 0
E: -1110.8399 accepted 0
E: -1148.7218 accepted 1
E: -1144.0071 accepted 0
E: -1164.3952 accepted 1
E: -1155.0279 accepted 0
E: -1158.7122 accepted 0
E: -1128.9659 accepted 0
E: -1155.9881 accepted 0
E: -1167.9362 accepted 1
E: -1153.5499 accepted 0
E: -1155.9717 accepted 0
E: -1133.7826 accepted 0
E: -1164.2875 accepted 0
E: -1160.8072 accepted 0
E: -1167.8932 accepted 1
Runtime = 2491.841027


