[[  5.01247858   5.03596869   1.        ]
 [  6.04872534   5.04235822   1.        ]
 [  7.03623758   5.08821556   1.        ]
 [  8.01499453   5.03836289   1.        ]
 [  9.08939438   5.07450395   1.        ]
 [ 10.06323141   5.02135382   1.        ]
 [ 11.05101427   5.06753201   1.        ]
 [ 12.06901128   5.03241437   1.        ]
 [ 13.04761416   5.03858166   1.        ]
 [ 14.0287439    5.02318756   1.        ]
 [  5.02878287   6.06619781   1.        ]
 [  6.01034747   6.04815841   1.        ]
 [  7.04253237   6.07863156   1.        ]
 [  8.03426082   6.07599084   1.        ]
 [  9.08664778   6.04813435   1.        ]
 [ 10.09527853   6.09528724   1.        ]
 [ 11.0840906    6.05574218   1.        ]
 [ 12.09520628   6.07866266   1.        ]
 [ 13.04645137   6.08672703   1.        ]
 [ 14.04098464   6.08765417   1.        ]
 [  5.09076814   7.09471599   1.        ]
 [  6.03599019   7.04162953   1.        ]
 [  7.00920749   7.05130551   1.        ]
 [  8.00197327   7.02921451   1.        ]
 [  9.00868263   7.08792161   1.        ]
 [ 10.06010175   7.01469405   1.        ]
 [ 11.03331176   7.02387391   1.        ]
 [ 12.08021965   7.08681389   1.        ]
 [ 13.00640669   7.08684208   1.        ]
 [ 14.01848941   7.00962252   1.        ]
 [  5.00273658   8.09995277   1.        ]
 [  6.0008715    8.03792551   1.        ]
 [  7.02661699   8.01373797   1.        ]
 [  8.03421985   8.04419514   1.        ]
 [  9.01076079   8.05453739   1.        ]
 [ 10.07827838   8.09418362   1.        ]
 [ 11.01580627   8.05731898   1.        ]
 [ 12.04482732   8.08006979   1.        ]
 [ 13.09308676   8.06256769   1.        ]
 [ 14.08347926   8.03977774   1.        ]
 [  5.05726233   9.00341026   1.        ]
 [  6.02745172   9.02170215   1.        ]
 [  7.05608827   9.06339791   1.        ]
 [  8.09150352   9.09501595   1.        ]
 [  9.03608495   9.06763805   1.        ]
 [ 10.05358792   9.01059315   1.        ]
 [ 11.07754186   9.0119803    1.        ]
 [ 12.0065743    9.08694664   1.        ]
 [ 13.09384465   9.02224943   1.        ]
 [ 14.03613522   9.05495795   1.        ]
 [  5.05926039  10.06792151   1.        ]
 [  6.02209264  10.02383035   1.        ]
 [  7.03611329  10.01184598   1.        ]
 [  8.0544819   10.07642935   1.        ]
 [  9.01111413  10.02829645   1.        ]
 [ 10.08140643  10.09326316   1.        ]
 [ 11.03887674  10.06559464   1.        ]
 [ 12.07352483  10.04223657   1.        ]
 [ 13.02434493  10.08901938   1.        ]
 [ 14.06326894  10.04499722   1.        ]
 [  5.09961554  11.03723412   1.        ]
 [  6.05494595  11.06334847   1.        ]
 [  7.09592408  11.06415968   1.        ]
 [  8.06358388  11.00443354   1.        ]
 [  9.07896472  11.08115068   1.        ]
 [ 10.01593969  11.03430354   1.        ]
 [ 11.08100756  11.08129235   1.        ]
 [ 12.01126717  11.08836086   1.        ]
 [ 13.04907016  11.04971517   1.        ]
 [ 14.07925134  11.05863051   1.        ]
 [  5.06709364  12.09324745   1.        ]
 [  6.04856358  12.07143704   1.        ]
 [  7.02929417  12.04270977   1.        ]
 [  8.06394897  12.02370155   1.        ]
 [  9.01918468  12.05237692   1.        ]
 [ 10.00054849  12.01843103   1.        ]
 [ 11.08310015  12.03817185   1.        ]
 [ 12.04383312  12.02446034   1.        ]
 [ 13.04354186  12.05058014   1.        ]
 [ 14.00448879  12.08983651   1.        ]
 [  5.05843104  13.02930078   1.        ]
 [  6.00338853  13.06981818   1.        ]
 [  7.09557338  13.0485691    1.        ]
 [  8.05406253  13.0149096    1.        ]
 [  9.02488311  13.08037048   1.        ]
 [ 10.04698677  13.07777814   1.        ]
 [ 11.0879104   13.01490349   1.        ]
 [ 12.00934986  13.07124888   1.        ]
 [ 13.02271201  13.05904378   1.        ]
 [ 14.01338996  13.06875429   1.        ]
 [  5.00833235  14.04579358   1.        ]
 [  6.00927073  14.06938659   1.        ]
 [  7.05506557  14.00045751   1.        ]
 [  8.09115331  14.0075206    1.        ]
 [  9.02005158  14.04372749   1.        ]
 [ 10.05847258  14.02450382   1.        ]
 [ 11.01108184  14.0894414    1.        ]
 [ 12.07283016  14.0771508    1.        ]
 [ 13.07229472  14.06929717   1.        ]
 [ 14.00997247  14.09078538   1.        ]]
Running basin hopping with paramerters:
PARAMETERS BEGIN

epsilon=4.416133
r0=1.298660
sigma=0.141421
PARAMETERS END


E: -1060.7590 accepted 1
E: -1120.4991 accepted 1
E: -1157.1152 accepted 1
E: -1127.9789 accepted 0
E: -1127.4401 accepted 0
E: -1146.3791 accepted 0
E: -1117.9770 accepted 0
E: -1165.2169 accepted 1
E: -1174.3886 accepted 1
E: -1184.1534 accepted 1
E: -1193.9074 accepted 1
E: -1188.4030 accepted 0
E: -1189.9167 accepted 0
E: -1198.7229 accepted 1
E: -1180.1438 accepted 0
E: -1185.0617 accepted 0
E: -1191.0619 accepted 0
E: -1184.3201 accepted 0
E: -1209.1459 accepted 1
E: -1165.4305 accepted 0
E: -1209.1459 accepted 1
E: -1195.4072 accepted 0
E: -1205.2448 accepted 0
E: -1209.1686 accepted 1
E: -1223.6028 accepted 1
E: -1223.6028 accepted 1
E: -1223.6028 accepted 1
E: -1220.1013 accepted 0
E: -1194.8874 accepted 0
E: -1223.6028 accepted 1
E: -1223.6028 accepted 1
E: -1185.0061 accepted 0
E: -1218.8170 accepted 0
E: -1187.0260 accepted 0
E: -1203.8651 accepted 0
E: -1223.6028 accepted 1
Runtime = 2830.709905


