[[  5.01092633   5.06326677   1.        ]
 [  6.03863338   5.03110087   1.        ]
 [  7.06482977   5.06921924   1.        ]
 [  8.09238758   5.02394627   1.        ]
 [  9.00806289   5.06517498   1.        ]
 [ 10.05685649   5.05450755   1.        ]
 [ 11.02576199   5.00516401   1.        ]
 [ 12.01265899   5.09245826   1.        ]
 [ 13.03110121   5.02296188   1.        ]
 [ 14.03996294   5.01073895   1.        ]
 [  5.09748482   6.03752945   1.        ]
 [  6.04361845   6.04927268   1.        ]
 [  7.02196806   6.06432097   1.        ]
 [  8.06209032   6.07393137   1.        ]
 [  9.07231515   6.01133824   1.        ]
 [ 10.00934964   6.09096445   1.        ]
 [ 11.01120076   6.04055941   1.        ]
 [ 12.04969016   6.03152248   1.        ]
 [ 13.00248168   6.0917016    1.        ]
 [ 14.00252192   6.0967075    1.        ]
 [  5.04599249   7.03056657   1.        ]
 [  6.06853561   7.08470637   1.        ]
 [  7.0893765    7.02617301   1.        ]
 [  8.0660287    7.08844192   1.        ]
 [  9.0224606    7.03075193   1.        ]
 [ 10.0926149    7.06500165   1.        ]
 [ 11.06058601   7.01021949   1.        ]
 [ 12.07419686   7.04989013   1.        ]
 [ 13.0447051    7.02376803   1.        ]
 [ 14.07001085   7.04621384   1.        ]
 [  5.01075194   8.0038042    1.        ]
 [  6.04341512   8.02015957   1.        ]
 [  7.08971201   8.02715359   1.        ]
 [  8.05024031   8.09019615   1.        ]
 [  9.02827118   8.09133204   1.        ]
 [ 10.06400281   8.01063362   1.        ]
 [ 11.03669039   8.0928032    1.        ]
 [ 12.09536331   8.09023559   1.        ]
 [ 13.02110401   8.06700942   1.        ]
 [ 14.08564205   8.00145703   1.        ]
 [  5.04442142   9.00752753   1.        ]
 [  6.07851735   9.09581842   1.        ]
 [  7.00949653   9.0405236    1.        ]
 [  8.07245938   9.05599308   1.        ]
 [  9.05785508   9.03461313   1.        ]
 [ 10.01393385   9.07016158   1.        ]
 [ 11.01206349   9.03412652   1.        ]
 [ 12.00618583   9.00197742   1.        ]
 [ 13.03368252   9.03250149   1.        ]
 [ 14.02887635   9.06044548   1.        ]
 [  5.08018719  10.07246241   1.        ]
 [  6.02207962  10.07772741   1.        ]
 [  7.0145811   10.05650612   1.        ]
 [  8.09415582  10.00293748   1.        ]
 [  9.08747744  10.08879715   1.        ]
 [ 10.00330057  10.06107087   1.        ]
 [ 11.04347123  10.08313507   1.        ]
 [ 12.02256115  10.02207286   1.        ]
 [ 13.08777364  10.03383932   1.        ]
 [ 14.04782674  10.04244275   1.        ]
 [  5.01706631  11.08710272   1.        ]
 [  6.0305354   11.03212603   1.        ]
 [  7.05143809  11.06910563   1.        ]
 [  8.05176536  11.01010004   1.        ]
 [  9.06778121  11.0071483    1.        ]
 [ 10.01709936  11.05499692   1.        ]
 [ 11.07725769  11.0181469    1.        ]
 [ 12.03878671  11.06777178   1.        ]
 [ 13.04009574  11.04531865   1.        ]
 [ 14.09192567  11.06358666   1.        ]
 [  5.01704833  12.07199915   1.        ]
 [  6.03355299  12.0201503    1.        ]
 [  7.095068    12.03965708   1.        ]
 [  8.06061883  12.02067751   1.        ]
 [  9.08862756  12.09259517   1.        ]
 [ 10.04528126  12.07036721   1.        ]
 [ 11.09739805  12.06546768   1.        ]
 [ 12.09250619  12.02537061   1.        ]
 [ 13.09661278  12.05715255   1.        ]
 [ 14.00335526  12.03706622   1.        ]
 [  5.05218682  13.08399848   1.        ]
 [  6.00885524  13.06362105   1.        ]
 [  7.0182997   13.06667757   1.        ]
 [  8.06256374  13.08141258   1.        ]
 [  9.08521365  13.02879772   1.        ]
 [ 10.03246229  13.01023398   1.        ]
 [ 11.05151511  13.09959704   1.        ]
 [ 12.0812968   13.06985098   1.        ]
 [ 13.01258105  13.06258211   1.        ]
 [ 14.02494306  13.06209937   1.        ]
 [  5.08025961  14.08880107   1.        ]
 [  6.08316566  14.06513174   1.        ]
 [  7.03119421  14.07644734   1.        ]
 [  8.08026355  14.04537774   1.        ]
 [  9.00931319  14.03416849   1.        ]
 [ 10.03889456  14.02325824   1.        ]
 [ 11.0364466   14.02792411   1.        ]
 [ 12.01049163  14.03664881   1.        ]
 [ 13.04782865  14.01844802   1.        ]
 [ 14.01319049  14.05673936   1.        ]]
Running basin hopping with paramerters:
PARAMETERS BEGIN

epsilon=3.296338
r0=1.228502
sigma=0.141421
PARAMETERS END


E: -814.9903 accepted 1
E: -805.0358 accepted 0
E: -824.7828 accepted 1
E: -822.7168 accepted 1
E: -857.9588 accepted 1
E: -878.6107 accepted 1
E: -871.0343 accepted 0
E: -882.5488 accepted 1
E: -883.6877 accepted 1
E: -897.9048 accepted 1
E: -901.3787 accepted 1
E: -896.3931 accepted 0
E: -882.7739 accepted 0
E: -906.3184 accepted 1
E: -899.3862 accepted 0
E: -909.3794 accepted 1
E: -918.0267 accepted 1
E: -897.5234 accepted 0
E: -900.2752 accepted 0
E: -889.5693 accepted 0
E: -911.2858 accepted 0
E: -914.6500 accepted 0
E: -882.9803 accepted 0
Runtime = 3452.288379


