[[  5.0150308    5.09702023   1.        ]
 [  6.05067468   5.06602651   1.        ]
 [  7.08544449   5.01018551   1.        ]
 [  8.04519398   5.00485159   1.        ]
 [  9.00193915   5.01616013   1.        ]
 [ 10.03386747   5.09941077   1.        ]
 [ 11.06103291   5.07807192   1.        ]
 [ 12.0458851    5.05998209   1.        ]
 [ 13.03463378   5.04090447   1.        ]
 [ 14.08156634   5.04959187   1.        ]
 [  5.05063922   6.02322529   1.        ]
 [  6.03828064   6.04307519   1.        ]
 [  7.0460931    6.05117995   1.        ]
 [  8.09027583   6.07305803   1.        ]
 [  9.04249728   6.07414018   1.        ]
 [ 10.07644141   6.02942952   1.        ]
 [ 11.05452297   6.00723746   1.        ]
 [ 12.02759468   6.08611163   1.        ]
 [ 13.03056392   6.04862476   1.        ]
 [ 14.02675514   6.00781321   1.        ]
 [  5.04558797   7.03216254   1.        ]
 [  6.07587043   7.04977692   1.        ]
 [  7.01012827   7.04186236   1.        ]
 [  8.06568871   7.0616011    1.        ]
 [  9.09930015   7.04961615   1.        ]
 [ 10.08327784   7.01683804   1.        ]
 [ 11.07123753   7.00222781   1.        ]
 [ 12.02426504   7.04455902   1.        ]
 [ 13.04498906   7.01894125   1.        ]
 [ 14.0687655    7.06803515   1.        ]
 [  5.0821495    8.00788325   1.        ]
 [  6.03267775   8.02526281   1.        ]
 [  7.00981228   8.09967954   1.        ]
 [  8.08496238   8.05040872   1.        ]
 [  9.08728966   8.08493011   1.        ]
 [ 10.05172455   8.0421329    1.        ]
 [ 11.02608142   8.06012819   1.        ]
 [ 12.09414505   8.03185727   1.        ]
 [ 13.07409358   8.03090567   1.        ]
 [ 14.01966288   8.00152164   1.        ]
 [  5.07019924   9.00445945   1.        ]
 [  6.04668831   9.04309219   1.        ]
 [  7.05162415   9.09166905   1.        ]
 [  8.06948521   9.05225266   1.        ]
 [  9.05533806   9.03869642   1.        ]
 [ 10.05462694   9.09770861   1.        ]
 [ 11.09832689   9.01160988   1.        ]
 [ 12.02045233   9.07941613   1.        ]
 [ 13.05394637   9.07011514   1.        ]
 [ 14.0392172    9.07255162   1.        ]
 [  5.09065214  10.01058514   1.        ]
 [  6.08586235  10.02412199   1.        ]
 [  7.06838583  10.0998034    1.        ]
 [  8.00633597  10.07579185   1.        ]
 [  9.07955076  10.06126442   1.        ]
 [ 10.03019761  10.02369502   1.        ]
 [ 11.00339604  10.01276853   1.        ]
 [ 12.06201599  10.00250659   1.        ]
 [ 13.04460176  10.01228987   1.        ]
 [ 14.07449969  10.03698392   1.        ]
 [  5.05943417  11.03271413   1.        ]
 [  6.01115941  11.02971405   1.        ]
 [  7.06441308  11.09338975   1.        ]
 [  8.0614546   11.05687118   1.        ]
 [  9.03671133  11.01758494   1.        ]
 [ 10.06291957  11.07444661   1.        ]
 [ 11.0244132   11.05822243   1.        ]
 [ 12.00060656  11.00292455   1.        ]
 [ 13.07416324  11.04147697   1.        ]
 [ 14.06720376  11.01983139   1.        ]
 [  5.04830578  12.02083203   1.        ]
 [  6.06661206  12.02574523   1.        ]
 [  7.01318672  12.07469893   1.        ]
 [  8.02034202  12.00912711   1.        ]
 [  9.00240529  12.05967987   1.        ]
 [ 10.00861632  12.05649872   1.        ]
 [ 11.02603523  12.09253977   1.        ]
 [ 12.07324441  12.0531606    1.        ]
 [ 13.06732543  12.09040067   1.        ]
 [ 14.02029216  12.06988663   1.        ]
 [  5.04196889  13.01557102   1.        ]
 [  6.03141642  13.08298975   1.        ]
 [  7.01019265  13.01772691   1.        ]
 [  8.0998425   13.05215127   1.        ]
 [  9.06360077  13.02973953   1.        ]
 [ 10.02173335  13.00821305   1.        ]
 [ 11.06718139  13.0278969    1.        ]
 [ 12.03036801  13.09877668   1.        ]
 [ 13.08860416  13.0182509    1.        ]
 [ 14.02179009  13.07732174   1.        ]
 [  5.08814899  14.02830756   1.        ]
 [  6.09782939  14.06474974   1.        ]
 [  7.08517478  14.09052611   1.        ]
 [  8.02520412  14.00132899   1.        ]
 [  9.01025314  14.08136486   1.        ]
 [ 10.09998842  14.07182206   1.        ]
 [ 11.05631197  14.03814735   1.        ]
 [ 12.07328096  14.02963832   1.        ]
 [ 13.05828022  14.01644754   1.        ]
 [ 14.04216915  14.03468814   1.        ]]
Running basin hopping with paramerters:
PARAMETERS BEGIN

epsilon=4.696836
r0=1.277355
sigma=0.141421
PARAMETERS END


E: -1138.4110 accepted 1
E: -1102.3057 accepted 0
E: -1083.8803 accepted 0
E: -1067.5030 accepted 0
E: -1138.8375 accepted 1
E: -1151.6695 accepted 1
E: -1156.9592 accepted 1
E: -1161.4850 accepted 1
E: -1196.2537 accepted 1
E: -1226.9730 accepted 1
E: -1199.2652 accepted 0
E: -1226.9730 accepted 1
E: -1226.9731 accepted 1
E: -1218.3601 accepted 0
E: -1221.8637 accepted 0
E: -1221.8674 accepted 0
E: -1227.5660 accepted 1
E: -1222.3963 accepted 0
E: -1221.9756 accepted 0
E: -1205.9134 accepted 0
E: -1222.7673 accepted 0
E: -1227.9575 accepted 1
E: -1177.6384 accepted 0
E: -1227.0953 accepted 1
E: -1212.3388 accepted 0
E: -1185.4744 accepted 0
E: -1195.0835 accepted 0
E: -1227.0965 accepted 1
Runtime = 3784.062944


