[[  5.09080908   5.01936335   1.        ]
 [  6.00530404   5.02723117   1.        ]
 [  7.04737602   5.07814542   1.        ]
 [  8.00168492   5.06029981   1.        ]
 [  9.02025181   5.08255636   1.        ]
 [ 10.0543447    5.08968471   1.        ]
 [ 11.09441558   5.09794965   1.        ]
 [ 12.04470514   5.09587994   1.        ]
 [ 13.02255465   5.05364586   1.        ]
 [ 14.06619891   5.02673444   1.        ]
 [  5.02227865   6.05391546   1.        ]
 [  6.07538414   6.0254051    1.        ]
 [  7.05538169   6.07256681   1.        ]
 [  8.02846271   6.05179665   1.        ]
 [  9.03826147   6.0323309    1.        ]
 [ 10.00891902   6.01829132   1.        ]
 [ 11.02343397   6.07072142   1.        ]
 [ 12.00629937   6.06028488   1.        ]
 [ 13.06242939   6.05371738   1.        ]
 [ 14.0018355    6.09468307   1.        ]
 [  5.01117972   7.08745516   1.        ]
 [  6.03192288   7.05602005   1.        ]
 [  7.04103202   7.06204991   1.        ]
 [  8.01908391   7.01801835   1.        ]
 [  9.04405558   7.03831516   1.        ]
 [ 10.09736772   7.03436897   1.        ]
 [ 11.05794514   7.06366679   1.        ]
 [ 12.03366365   7.04737477   1.        ]
 [ 13.03706932   7.06441374   1.        ]
 [ 14.02870866   7.06045792   1.        ]
 [  5.01941502   8.00095683   1.        ]
 [  6.0117963    8.04649702   1.        ]
 [  7.06562769   8.03321413   1.        ]
 [  8.05930345   8.0055961    1.        ]
 [  9.02125059   8.04255287   1.        ]
 [ 10.05957268   8.04443519   1.        ]
 [ 11.0897505    8.05796592   1.        ]
 [ 12.00359499   8.0292715    1.        ]
 [ 13.09576223   8.04853233   1.        ]
 [ 14.03010318   8.09686912   1.        ]
 [  5.01310244   9.04380463   1.        ]
 [  6.01264669   9.01908873   1.        ]
 [  7.00734747   9.0175332    1.        ]
 [  8.06219447   9.02903857   1.        ]
 [  9.03662725   9.05518584   1.        ]
 [ 10.00742529   9.04220546   1.        ]
 [ 11.09769382   9.04104979   1.        ]
 [ 12.01863262   9.00237711   1.        ]
 [ 13.0964019    9.0290234    1.        ]
 [ 14.02034646   9.08942566   1.        ]
 [  5.04980999  10.09793037   1.        ]
 [  6.01946978  10.00732475   1.        ]
 [  7.04596096  10.09962126   1.        ]
 [  8.03532628  10.06889243   1.        ]
 [  9.02883705  10.01175919   1.        ]
 [ 10.00833331  10.00099631   1.        ]
 [ 11.07535083  10.00754341   1.        ]
 [ 12.09286942  10.00109448   1.        ]
 [ 13.08124178  10.01065139   1.        ]
 [ 14.06915591  10.03450711   1.        ]
 [  5.04538488  11.09690882   1.        ]
 [  6.08245213  11.01714479   1.        ]
 [  7.05025951  11.07232471   1.        ]
 [  8.06375033  11.00293412   1.        ]
 [  9.01604602  11.06244868   1.        ]
 [ 10.04175439  11.00418843   1.        ]
 [ 11.08186989  11.07572772   1.        ]
 [ 12.00989669  11.05934511   1.        ]
 [ 13.00714492  11.05891436   1.        ]
 [ 14.01196573  11.01610824   1.        ]
 [  5.06133687  12.03766964   1.        ]
 [  6.0790176   12.04193015   1.        ]
 [  7.05690406  12.02288194   1.        ]
 [  8.02175608  12.02796185   1.        ]
 [  9.09053058  12.09138503   1.        ]
 [ 10.04337032  12.08952475   1.        ]
 [ 11.07667367  12.04793372   1.        ]
 [ 12.06308682  12.0758926    1.        ]
 [ 13.06377565  12.08498526   1.        ]
 [ 14.05945305  12.00817846   1.        ]
 [  5.02858503  13.04316185   1.        ]
 [  6.09898426  13.00645845   1.        ]
 [  7.089183    13.07332136   1.        ]
 [  8.02713248  13.04775257   1.        ]
 [  9.05905742  13.0932095    1.        ]
 [ 10.030526    13.02749272   1.        ]
 [ 11.0332521   13.07155699   1.        ]
 [ 12.08750998  13.09712416   1.        ]
 [ 13.0103773   13.09499418   1.        ]
 [ 14.0625667   13.0840905    1.        ]
 [  5.04711842  14.0992957    1.        ]
 [  6.06887536  14.02947833   1.        ]
 [  7.09582148  14.08469055   1.        ]
 [  8.04953926  14.03246994   1.        ]
 [  9.08177034  14.07875272   1.        ]
 [ 10.02897754  14.03120767   1.        ]
 [ 11.03334627  14.08443868   1.        ]
 [ 12.09967004  14.00621748   1.        ]
 [ 13.08821349  14.09671728   1.        ]
 [ 14.09742763  14.04771466   1.        ]]
Running basin hopping with paramerters:
PARAMETERS BEGIN

epsilon=3.453630
r0=1.302662
sigma=0.141421
PARAMETERS END


E: -827.0105 accepted 1
E: -829.4202 accepted 1
E: -848.1301 accepted 1
E: -856.4860 accepted 1
E: -828.0999 accepted 0
E: -857.3201 accepted 1
E: -871.6406 accepted 1
E: -882.2168 accepted 1
E: -877.5126 accepted 0
E: -876.5123 accepted 0
E: -892.7858 accepted 1
E: -866.3888 accepted 0
E: -874.6887 accepted 0
E: -901.5394 accepted 1
E: -910.3326 accepted 1
E: -873.2243 accepted 0
E: -897.8671 accepted 0
E: -906.5816 accepted 0
E: -913.8568 accepted 1
E: -884.6871 accepted 0
E: -912.8911 accepted 0
E: -923.9587 accepted 1
E: -902.8772 accepted 0
E: -888.9624 accepted 0
E: -909.1516 accepted 0
E: -923.9566 accepted 1
E: -903.3302 accepted 0
E: -923.9579 accepted 1
Runtime = 3398.802470


