[[  5.06727657   5.07040568   1.        ]
 [  6.06931547   5.01570601   1.        ]
 [  7.06957348   5.09643736   1.        ]
 [  8.09891734   5.01402545   1.        ]
 [  9.07150785   5.038994     1.        ]
 [ 10.07803151   5.03866945   1.        ]
 [ 11.06725406   5.03203414   1.        ]
 [ 12.01395241   5.00120112   1.        ]
 [ 13.08808458   5.0547895    1.        ]
 [ 14.09245747   5.03130631   1.        ]
 [  5.09540021   6.03303961   1.        ]
 [  6.04042963   6.00008574   1.        ]
 [  7.06291881   6.04126916   1.        ]
 [  8.04637033   6.09300705   1.        ]
 [  9.04055259   6.08831414   1.        ]
 [ 10.05867003   6.08718337   1.        ]
 [ 11.02726362   6.04104759   1.        ]
 [ 12.07755914   6.08315103   1.        ]
 [ 13.07792369   6.08586369   1.        ]
 [ 14.00434835   6.09659359   1.        ]
 [  5.01999786   7.00303883   1.        ]
 [  6.02253911   7.05195281   1.        ]
 [  7.07971496   7.01721551   1.        ]
 [  8.03197444   7.02744622   1.        ]
 [  9.03487635   7.07149041   1.        ]
 [ 10.07072753   7.06066875   1.        ]
 [ 11.01435104   7.01688162   1.        ]
 [ 12.00983137   7.04431722   1.        ]
 [ 13.05342955   7.04562963   1.        ]
 [ 14.0179827    7.03780994   1.        ]
 [  5.04770449   8.07691173   1.        ]
 [  6.06365502   8.03944244   1.        ]
 [  7.06627469   8.04662595   1.        ]
 [  8.06779517   8.08074855   1.        ]
 [  9.05431213   8.00684118   1.        ]
 [ 10.0309426    8.01625144   1.        ]
 [ 11.08636499   8.06416704   1.        ]
 [ 12.0849653    8.07436792   1.        ]
 [ 13.05829327   8.06634743   1.        ]
 [ 14.07718683   8.03141945   1.        ]
 [  5.06146932   9.00465786   1.        ]
 [  6.07675579   9.04007943   1.        ]
 [  7.01663835   9.01501442   1.        ]
 [  8.07880534   9.09194545   1.        ]
 [  9.0631304    9.05993067   1.        ]
 [ 10.08792561   9.07133593   1.        ]
 [ 11.09906545   9.00964322   1.        ]
 [ 12.0107512    9.03133568   1.        ]
 [ 13.05296478   9.05156399   1.        ]
 [ 14.03312251   9.07078711   1.        ]
 [  5.06411087  10.04090208   1.        ]
 [  6.00056239  10.02764595   1.        ]
 [  7.04542326  10.09623155   1.        ]
 [  8.03491954  10.05370483   1.        ]
 [  9.06415204  10.0071628    1.        ]
 [ 10.05768116  10.04255814   1.        ]
 [ 11.04285652  10.01086493   1.        ]
 [ 12.0915296   10.09607316   1.        ]
 [ 13.03006558  10.0223454    1.        ]
 [ 14.01735474  10.07130743   1.        ]
 [  5.07129093  11.07095271   1.        ]
 [  6.04519399  11.0751259    1.        ]
 [  7.00393891  11.0231436    1.        ]
 [  8.02210853  11.09390905   1.        ]
 [  9.08261584  11.03441763   1.        ]
 [ 10.03358627  11.09138321   1.        ]
 [ 11.09163041  11.07711025   1.        ]
 [ 12.08076832  11.0352073    1.        ]
 [ 13.00985131  11.02089375   1.        ]
 [ 14.05489656  11.03672973   1.        ]
 [  5.09587726  12.08371696   1.        ]
 [  6.02420343  12.0603364    1.        ]
 [  7.03597732  12.02764075   1.        ]
 [  8.02252392  12.09435977   1.        ]
 [  9.00758149  12.076821     1.        ]
 [ 10.09264213  12.00164411   1.        ]
 [ 11.046987    12.00803875   1.        ]
 [ 12.06280181  12.02280339   1.        ]
 [ 13.08615408  12.01598029   1.        ]
 [ 14.02006592  12.05163596   1.        ]
 [  5.02494425  13.00343175   1.        ]
 [  6.07712277  13.05369326   1.        ]
 [  7.07541794  13.0949387    1.        ]
 [  8.09144436  13.07674762   1.        ]
 [  9.0782537   13.07590751   1.        ]
 [ 10.00066796  13.0311102    1.        ]
 [ 11.06088268  13.09205528   1.        ]
 [ 12.06087337  13.06035533   1.        ]
 [ 13.07062585  13.00736922   1.        ]
 [ 14.00649513  13.08675663   1.        ]
 [  5.05513606  14.00034165   1.        ]
 [  6.06883125  14.00050845   1.        ]
 [  7.01017549  14.02812548   1.        ]
 [  8.0962666   14.00624177   1.        ]
 [  9.09460921  14.00294854   1.        ]
 [ 10.09535579  14.00398733   1.        ]
 [ 11.03259905  14.09012341   1.        ]
 [ 12.05504337  14.01552598   1.        ]
 [ 13.02295433  14.02132651   1.        ]
 [ 14.0728543   14.08298051   1.        ]]
Running basin hopping with paramerters:
PARAMETERS BEGIN

epsilon=3.459101
r0=1.245197
sigma=0.141421
PARAMETERS END


E: -839.6226 accepted 1
E: -857.5594 accepted 1
E: -872.8303 accepted 1
E: -904.6408 accepted 1
E: -943.3516 accepted 1
E: -890.9755 accepted 0
E: -923.4837 accepted 0
E: -963.0594 accepted 1
E: -949.9358 accepted 0
E: -942.6409 accepted 0
E: -947.2206 accepted 0
E: -963.0839 accepted 1
E: -948.2324 accepted 0
E: -959.1153 accepted 0
E: -963.0837 accepted 1
E: -963.0840 accepted 1
E: -938.4844 accepted 0
E: -934.4964 accepted 0
E: -963.1092 accepted 1
E: -959.1714 accepted 0
E: -955.0308 accepted 0
E: -935.9670 accepted 0
E: -929.7027 accepted 0
E: -951.3420 accepted 0
E: -925.1532 accepted 0
Runtime = 2791.267988


