[[  5.02473071   5.0549628    1.        ]
 [  6.01701732   5.07914876   1.        ]
 [  7.03552817   5.086185     1.        ]
 [  8.02775707   5.07364895   1.        ]
 [  9.03307571   5.08574574   1.        ]
 [ 10.09677114   5.08781666   1.        ]
 [ 11.07249276   5.0792456    1.        ]
 [ 12.00189229   5.0907603    1.        ]
 [ 13.0400745    5.07870592   1.        ]
 [ 14.02689362   5.05605848   1.        ]
 [  5.09754473   6.03232196   1.        ]
 [  6.08247      6.03316824   1.        ]
 [  7.07352592   6.09559476   1.        ]
 [  8.00855377   6.05587627   1.        ]
 [  9.09654706   6.02732814   1.        ]
 [ 10.02129577   6.08522568   1.        ]
 [ 11.05518748   6.04329393   1.        ]
 [ 12.06262869   6.07433442   1.        ]
 [ 13.09057989   6.06864169   1.        ]
 [ 14.07933666   6.01964508   1.        ]
 [  5.04305841   7.02490361   1.        ]
 [  6.09208034   7.04677432   1.        ]
 [  7.08104717   7.00681923   1.        ]
 [  8.04207758   7.02461282   1.        ]
 [  9.05792494   7.00693451   1.        ]
 [ 10.05113343   7.09383498   1.        ]
 [ 11.01228731   7.05537263   1.        ]
 [ 12.08668358   7.02507983   1.        ]
 [ 13.04611067   7.0397654    1.        ]
 [ 14.09068359   7.07187884   1.        ]
 [  5.09759096   8.0371179    1.        ]
 [  6.07706817   8.06725285   1.        ]
 [  7.03481979   8.02663961   1.        ]
 [  8.02006684   8.02412066   1.        ]
 [  9.05726333   8.04395696   1.        ]
 [ 10.06288712   8.06439935   1.        ]
 [ 11.07535179   8.01169636   1.        ]
 [ 12.0179623    8.08196794   1.        ]
 [ 13.01578482   8.07096541   1.        ]
 [ 14.04731317   8.06709565   1.        ]
 [  5.05710431   9.04006563   1.        ]
 [  6.01256397   9.07244946   1.        ]
 [  7.06118861   9.06058605   1.        ]
 [  8.0408332    9.02899017   1.        ]
 [  9.02533631   9.02337328   1.        ]
 [ 10.09366744   9.05969122   1.        ]
 [ 11.01071612   9.01712354   1.        ]
 [ 12.06726977   9.01189448   1.        ]
 [ 13.02730799   9.09781747   1.        ]
 [ 14.02344684   9.02925261   1.        ]
 [  5.00680314  10.01099828   1.        ]
 [  6.09393069  10.02760158   1.        ]
 [  7.04232117  10.0611243    1.        ]
 [  8.02449168  10.04306367   1.        ]
 [  9.07482598  10.08307811   1.        ]
 [ 10.05812667  10.09033326   1.        ]
 [ 11.03882145  10.08205159   1.        ]
 [ 12.09068121  10.06752782   1.        ]
 [ 13.05768052  10.01596829   1.        ]
 [ 14.05456867  10.08404676   1.        ]
 [  5.02132164  11.06949988   1.        ]
 [  6.02711487  11.08305776   1.        ]
 [  7.06864315  11.00419634   1.        ]
 [  8.06507344  11.09427235   1.        ]
 [  9.0670758   11.03519304   1.        ]
 [ 10.09764178  11.02720343   1.        ]
 [ 11.0865548   11.04920656   1.        ]
 [ 12.05156722  11.08986819   1.        ]
 [ 13.02252775  11.0177169    1.        ]
 [ 14.02032028  11.04620547   1.        ]
 [  5.02425411  12.00308768   1.        ]
 [  6.08106599  12.05158652   1.        ]
 [  7.07284072  12.02854071   1.        ]
 [  8.04130724  12.05978105   1.        ]
 [  9.09896941  12.08521203   1.        ]
 [ 10.05012372  12.04740112   1.        ]
 [ 11.05412488  12.09975285   1.        ]
 [ 12.0071058   12.00739894   1.        ]
 [ 13.05628109  12.0210602    1.        ]
 [ 14.02101335  12.08044734   1.        ]
 [  5.02550568  13.05507763   1.        ]
 [  6.07047719  13.03150217   1.        ]
 [  7.03503214  13.01514559   1.        ]
 [  8.04189394  13.06549937   1.        ]
 [  9.09512177  13.02718935   1.        ]
 [ 10.00144764  13.04769044   1.        ]
 [ 11.05828357  13.05413798   1.        ]
 [ 12.08158335  13.04776935   1.        ]
 [ 13.04864373  13.03067227   1.        ]
 [ 14.01188148  13.04346834   1.        ]
 [  5.05634473  14.00893189   1.        ]
 [  6.07272256  14.00166299   1.        ]
 [  7.05427096  14.02916986   1.        ]
 [  8.06982822  14.088592     1.        ]
 [  9.00441912  14.05026632   1.        ]
 [ 10.00079951  14.07863701   1.        ]
 [ 11.02479953  14.05109467   1.        ]
 [ 12.07935502  14.03565196   1.        ]
 [ 13.08312209  14.06908352   1.        ]
 [ 14.05860782  14.00078838   1.        ]]
Running basin hopping with paramerters:
PARAMETERS BEGIN

epsilon=3.933835
r0=1.161672
sigma=0.141421
PARAMETERS END


E: -991.6667 accepted 1
E: -1030.0164 accepted 1
E: -1025.1800 accepted 0
E: -1024.6163 accepted 0
E: -1009.0491 accepted 0
E: -1039.2163 accepted 1
E: -1028.5864 accepted 0
E: -1062.3958 accepted 1
E: -1043.9734 accepted 0
E: -1053.0441 accepted 0
E: -1028.9545 accepted 0
E: -1022.2943 accepted 0
E: -1041.7755 accepted 0
E: -1026.8787 accepted 0
Runtime = 3812.119928


