[[  5.0167153    5.09739162   1.        ]
 [  6.09520245   5.08290616   1.        ]
 [  7.04729575   5.02491126   1.        ]
 [  8.04565771   5.01398752   1.        ]
 [  9.05635376   5.03433813   1.        ]
 [ 10.00365518   5.05951369   1.        ]
 [ 11.08602501   5.08132244   1.        ]
 [ 12.07830616   5.06092758   1.        ]
 [ 13.0500089    5.01289606   1.        ]
 [ 14.03577923   5.06139324   1.        ]
 [  5.06868597   6.07226193   1.        ]
 [  6.05072563   6.01186047   1.        ]
 [  7.0155296    6.06555574   1.        ]
 [  8.0393197    6.07616368   1.        ]
 [  9.03239008   6.03878396   1.        ]
 [ 10.06761322   6.00578949   1.        ]
 [ 11.01093742   6.0568202    1.        ]
 [ 12.04557457   6.07764524   1.        ]
 [ 13.05413775   6.07156072   1.        ]
 [ 14.01237483   6.07932237   1.        ]
 [  5.03061784   7.09655863   1.        ]
 [  6.04760074   7.06302745   1.        ]
 [  7.03517896   7.05955133   1.        ]
 [  8.03039378   7.01508562   1.        ]
 [  9.09268854   7.02007745   1.        ]
 [ 10.05373364   7.03861661   1.        ]
 [ 11.0329952    7.00840164   1.        ]
 [ 12.08331136   7.01456833   1.        ]
 [ 13.04222903   7.0475799    1.        ]
 [ 14.06894487   7.03915118   1.        ]
 [  5.01746271   8.05544402   1.        ]
 [  6.02773745   8.03958344   1.        ]
 [  7.01868723   8.03608982   1.        ]
 [  8.09422686   8.07804655   1.        ]
 [  9.08494269   8.0974566    1.        ]
 [ 10.05215485   8.02418882   1.        ]
 [ 11.03482455   8.04507783   1.        ]
 [ 12.00243456   8.01809305   1.        ]
 [ 13.07118486   8.00441628   1.        ]
 [ 14.01252338   8.03774042   1.        ]
 [  5.06159673   9.00950427   1.        ]
 [  6.04225742   9.0533666    1.        ]
 [  7.03471985   9.06638953   1.        ]
 [  8.04497492   9.08936078   1.        ]
 [  9.08367094   9.02227926   1.        ]
 [ 10.00107666   9.09459465   1.        ]
 [ 11.08049084   9.03251658   1.        ]
 [ 12.02205977   9.02390585   1.        ]
 [ 13.05416491   9.08879127   1.        ]
 [ 14.07598358   9.08084575   1.        ]
 [  5.02583823  10.08404217   1.        ]
 [  6.09751929  10.05270201   1.        ]
 [  7.07226479  10.02294972   1.        ]
 [  8.09272912  10.05904208   1.        ]
 [  9.02123995  10.01505265   1.        ]
 [ 10.03482927  10.09238093   1.        ]
 [ 11.08449839  10.01967493   1.        ]
 [ 12.03414673  10.0805433    1.        ]
 [ 13.01926756  10.03818645   1.        ]
 [ 14.09315512  10.05618511   1.        ]
 [  5.0357421   11.04060463   1.        ]
 [  6.04376566  11.02676176   1.        ]
 [  7.07929454  11.09816235   1.        ]
 [  8.09866346  11.09162507   1.        ]
 [  9.00532632  11.05223545   1.        ]
 [ 10.08495759  11.08694583   1.        ]
 [ 11.08961409  11.05535566   1.        ]
 [ 12.02331559  11.00416891   1.        ]
 [ 13.09229391  11.02761914   1.        ]
 [ 14.09767726  11.06661821   1.        ]
 [  5.04615438  12.07711445   1.        ]
 [  6.08728245  12.04948225   1.        ]
 [  7.07623251  12.04197176   1.        ]
 [  8.0961366   12.09766404   1.        ]
 [  9.02891207  12.09758527   1.        ]
 [ 10.08268911  12.04401928   1.        ]
 [ 11.02396596  12.00328851   1.        ]
 [ 12.00879657  12.09923883   1.        ]
 [ 13.00707739  12.0887356    1.        ]
 [ 14.02213386  12.09523642   1.        ]
 [  5.00566233  13.00961715   1.        ]
 [  6.09121853  13.00840767   1.        ]
 [  7.07407283  13.02343949   1.        ]
 [  8.07180229  13.01846987   1.        ]
 [  9.02914419  13.06562169   1.        ]
 [ 10.0339343   13.0955361    1.        ]
 [ 11.03477675  13.07335571   1.        ]
 [ 12.04165617  13.0141732    1.        ]
 [ 13.00878781  13.00846649   1.        ]
 [ 14.0839523   13.02710018   1.        ]
 [  5.00587715  14.05933536   1.        ]
 [  6.04738709  14.04868892   1.        ]
 [  7.09324362  14.05819605   1.        ]
 [  8.04336886  14.07844795   1.        ]
 [  9.04822405  14.07047057   1.        ]
 [ 10.01767924  14.03008034   1.        ]
 [ 11.08323192  14.02866393   1.        ]
 [ 12.08099684  14.09719092   1.        ]
 [ 13.09492051  14.02601875   1.        ]
 [ 14.01612438  14.08898876   1.        ]]
Running basin hopping with paramerters:
PARAMETERS BEGIN

epsilon=3.596093
r0=1.261084
sigma=0.141421
PARAMETERS END


E: -869.6942 accepted 1
E: -892.5532 accepted 1
E: -905.9031 accepted 1
E: -939.5175 accepted 1
E: -932.1098 accepted 0
E: -920.2951 accepted 0
E: -929.9276 accepted 0
E: -956.1257 accepted 1
E: -965.5656 accepted 1
E: -955.9004 accepted 0
E: -942.4733 accepted 0
E: -952.9828 accepted 0
E: -964.2585 accepted 0
E: -965.9144 accepted 1
E: -960.2051 accepted 0
E: -960.4816 accepted 0
E: -936.3088 accepted 0
E: -946.0262 accepted 0
E: -941.8113 accepted 0
E: -947.8946 accepted 0
Runtime = 2649.732548


