[[  5.03668532   5.0217018    1.        ]
 [  6.0722123    5.00980744   1.        ]
 [  7.01202974   5.03020688   1.        ]
 [  8.06082849   5.09464531   1.        ]
 [  9.05369006   5.08382793   1.        ]
 [ 10.0523676    5.04393755   1.        ]
 [ 11.09126809   5.03433834   1.        ]
 [ 12.017602     5.01686287   1.        ]
 [ 13.01818086   5.06745834   1.        ]
 [ 14.00589416   5.06362808   1.        ]
 [  5.02430948   6.01659943   1.        ]
 [  6.08605246   6.00494978   1.        ]
 [  7.03174305   6.06860355   1.        ]
 [  8.08094833   6.07365493   1.        ]
 [  9.04465187   6.02123792   1.        ]
 [ 10.04348577   6.00620086   1.        ]
 [ 11.07797596   6.05306112   1.        ]
 [ 12.02267357   6.09222939   1.        ]
 [ 13.09661895   6.02675691   1.        ]
 [ 14.01747767   6.08493416   1.        ]
 [  5.00874072   7.00951353   1.        ]
 [  6.06387028   7.06669431   1.        ]
 [  7.03875581   7.02280461   1.        ]
 [  8.020516     7.02181245   1.        ]
 [  9.01422407   7.06634977   1.        ]
 [ 10.04547578   7.08972028   1.        ]
 [ 11.08181804   7.05975166   1.        ]
 [ 12.01419823   7.03687805   1.        ]
 [ 13.00076229   7.07249212   1.        ]
 [ 14.08270729   7.07539475   1.        ]
 [  5.02800003   8.0400689    1.        ]
 [  6.09877203   8.01452909   1.        ]
 [  7.0214186    8.05569837   1.        ]
 [  8.09510646   8.02034484   1.        ]
 [  9.00155384   8.06103939   1.        ]
 [ 10.0912851    8.01193871   1.        ]
 [ 11.07468971   8.04059916   1.        ]
 [ 12.08711915   8.01281384   1.        ]
 [ 13.09941486   8.03231272   1.        ]
 [ 14.08710413   8.0891441    1.        ]
 [  5.03913758   9.08910657   1.        ]
 [  6.00712539   9.03918734   1.        ]
 [  7.04526835   9.03986111   1.        ]
 [  8.06722593   9.06747676   1.        ]
 [  9.04528375   9.04845449   1.        ]
 [ 10.08818782   9.05260246   1.        ]
 [ 11.07071376   9.09771521   1.        ]
 [ 12.08177345   9.010261     1.        ]
 [ 13.06866552   9.04620138   1.        ]
 [ 14.06994732   9.07803334   1.        ]
 [  5.0788444   10.03519397   1.        ]
 [  6.04262211  10.05446542   1.        ]
 [  7.01307504  10.09627332   1.        ]
 [  8.07386799  10.06706376   1.        ]
 [  9.04815533  10.07970192   1.        ]
 [ 10.05863264  10.09347778   1.        ]
 [ 11.04114924  10.06010793   1.        ]
 [ 12.091079    10.09410402   1.        ]
 [ 13.09188348  10.00008604   1.        ]
 [ 14.07109105  10.06501481   1.        ]
 [  5.03822237  11.0496302    1.        ]
 [  6.00243729  11.01184216   1.        ]
 [  7.08655209  11.03837925   1.        ]
 [  8.09803675  11.04240784   1.        ]
 [  9.02868223  11.08797856   1.        ]
 [ 10.05128463  11.01256378   1.        ]
 [ 11.06790313  11.03588446   1.        ]
 [ 12.02563899  11.07605128   1.        ]
 [ 13.01249315  11.00175417   1.        ]
 [ 14.05892863  11.09505937   1.        ]
 [  5.00295464  12.04938419   1.        ]
 [  6.01435755  12.00925752   1.        ]
 [  7.06563649  12.08810145   1.        ]
 [  8.07367415  12.05286403   1.        ]
 [  9.07791773  12.06398511   1.        ]
 [ 10.01498707  12.02268218   1.        ]
 [ 11.06122985  12.00993196   1.        ]
 [ 12.05797198  12.02412921   1.        ]
 [ 13.06894593  12.06428594   1.        ]
 [ 14.07692198  12.07956272   1.        ]
 [  5.06316109  13.00168457   1.        ]
 [  6.01202416  13.06921303   1.        ]
 [  7.02098312  13.02015723   1.        ]
 [  8.07669891  13.0930158    1.        ]
 [  9.04550149  13.08773304   1.        ]
 [ 10.04528837  13.03727431   1.        ]
 [ 11.08544719  13.01036912   1.        ]
 [ 12.09884955  13.08983837   1.        ]
 [ 13.01912253  13.09827862   1.        ]
 [ 14.00429365  13.03136992   1.        ]
 [  5.0944813   14.07516659   1.        ]
 [  6.05476704  14.03019997   1.        ]
 [  7.08625337  14.0833147    1.        ]
 [  8.06511798  14.01371062   1.        ]
 [  9.0143328   14.02192841   1.        ]
 [ 10.04667667  14.06636555   1.        ]
 [ 11.07682077  14.04677738   1.        ]
 [ 12.00701748  14.00364225   1.        ]
 [ 13.0585316   14.09650864   1.        ]
 [ 14.02914404  14.07935207   1.        ]]
Running basin hopping with paramerters:
PARAMETERS BEGIN

epsilon=4.774975
r0=1.248877
sigma=0.141421
PARAMETERS END


E: -1165.7994 accepted 1
E: -1154.4707 accepted 0
E: -1184.2410 accepted 1
E: -1213.8822 accepted 1
E: -1187.1632 accepted 0
E: -1219.1010 accepted 1
E: -1224.3567 accepted 1
E: -1214.5861 accepted 0
E: -1243.0867 accepted 1
E: -1264.1399 accepted 1
E: -1242.7826 accepted 0
E: -1249.2799 accepted 0
E: -1253.6223 accepted 0
E: -1238.0624 accepted 0
E: -1223.5832 accepted 0
E: -1225.6342 accepted 0
Runtime = 2681.982606


