[[  5.09662058   5.06976701   1.        ]
 [  6.07470367   5.01953114   1.        ]
 [  7.08083476   5.05631811   1.        ]
 [  8.0931176    5.07171346   1.        ]
 [  9.03062564   5.02784801   1.        ]
 [ 10.08324338   5.04980988   1.        ]
 [ 11.08114878   5.07038113   1.        ]
 [ 12.08196121   5.01733037   1.        ]
 [ 13.07956507   5.00701274   1.        ]
 [ 14.01155794   5.09390024   1.        ]
 [  5.01743225   6.01009797   1.        ]
 [  6.0159408    6.07262004   1.        ]
 [  7.01820312   6.09981032   1.        ]
 [  8.05704828   6.05208495   1.        ]
 [  9.0280241    6.0334178    1.        ]
 [ 10.03644519   6.02055386   1.        ]
 [ 11.00009316   6.01469062   1.        ]
 [ 12.01405313   6.02377645   1.        ]
 [ 13.04417616   6.03492299   1.        ]
 [ 14.01558373   6.04054169   1.        ]
 [  5.0471253    7.02149527   1.        ]
 [  6.01052074   7.06384275   1.        ]
 [  7.06558852   7.02761609   1.        ]
 [  8.05625763   7.08733942   1.        ]
 [  9.04816213   7.02478814   1.        ]
 [ 10.01516053   7.01071613   1.        ]
 [ 11.02649875   7.07086565   1.        ]
 [ 12.07638816   7.08795311   1.        ]
 [ 13.01937191   7.05729017   1.        ]
 [ 14.08992739   7.00771455   1.        ]
 [  5.00771507   8.03018299   1.        ]
 [  6.02519066   8.03173417   1.        ]
 [  7.09059496   8.07235127   1.        ]
 [  8.01680454   8.03635913   1.        ]
 [  9.06959159   8.08425903   1.        ]
 [ 10.00810558   8.09196992   1.        ]
 [ 11.07559703   8.00628937   1.        ]
 [ 12.03021242   8.08601928   1.        ]
 [ 13.08973669   8.03009689   1.        ]
 [ 14.06851284   8.02464949   1.        ]
 [  5.06290182   9.07535786   1.        ]
 [  6.08590639   9.08655449   1.        ]
 [  7.03754701   9.05437752   1.        ]
 [  8.07206527   9.00367922   1.        ]
 [  9.05585507   9.0096765    1.        ]
 [ 10.02401383   9.09102754   1.        ]
 [ 11.04719446   9.07506391   1.        ]
 [ 12.00821913   9.00453676   1.        ]
 [ 13.02204183   9.05531987   1.        ]
 [ 14.0579016    9.09295551   1.        ]
 [  5.02628733  10.02817293   1.        ]
 [  6.07499385  10.08398726   1.        ]
 [  7.01683805  10.02898457   1.        ]
 [  8.02288249  10.08184066   1.        ]
 [  9.09387716  10.00176266   1.        ]
 [ 10.03249714  10.00856265   1.        ]
 [ 11.01703359  10.05706542   1.        ]
 [ 12.00692199  10.09469585   1.        ]
 [ 13.0556519   10.04087359   1.        ]
 [ 14.08179354  10.0346598    1.        ]
 [  5.04209737  11.0177533    1.        ]
 [  6.03579759  11.03137399   1.        ]
 [  7.055798    11.04543874   1.        ]
 [  8.06585945  11.03865605   1.        ]
 [  9.00375444  11.09720344   1.        ]
 [ 10.05621399  11.07686684   1.        ]
 [ 11.0754126   11.0728651    1.        ]
 [ 12.07616158  11.06662158   1.        ]
 [ 13.06754284  11.03998259   1.        ]
 [ 14.03622637  11.0249992    1.        ]
 [  5.07395024  12.01398816   1.        ]
 [  6.02350806  12.05962581   1.        ]
 [  7.09048379  12.02700102   1.        ]
 [  8.09248907  12.00332433   1.        ]
 [  9.06649575  12.01489862   1.        ]
 [ 10.08164072  12.08339661   1.        ]
 [ 11.01837088  12.06044303   1.        ]
 [ 12.08991847  12.0060848    1.        ]
 [ 13.09218227  12.04449268   1.        ]
 [ 14.05876559  12.02628144   1.        ]
 [  5.03564958  13.09152566   1.        ]
 [  6.00212076  13.04091078   1.        ]
 [  7.0046471   13.01186994   1.        ]
 [  8.00313951  13.05507324   1.        ]
 [  9.06514784  13.02250715   1.        ]
 [ 10.01081715  13.06243009   1.        ]
 [ 11.0160667   13.03201675   1.        ]
 [ 12.04328263  13.0869619    1.        ]
 [ 13.04957349  13.01817386   1.        ]
 [ 14.02172772  13.08733628   1.        ]
 [  5.0901049   14.04636601   1.        ]
 [  6.00624879  14.07220305   1.        ]
 [  7.08749747  14.08042441   1.        ]
 [  8.01595965  14.01004677   1.        ]
 [  9.03883401  14.0556062    1.        ]
 [ 10.04408289  14.09906163   1.        ]
 [ 11.03573848  14.0427669    1.        ]
 [ 12.04000363  14.09497315   1.        ]
 [ 13.00146686  14.02373394   1.        ]
 [ 14.03399901  14.04368998   1.        ]]
Running basin hopping with paramerters:
PARAMETERS BEGIN

epsilon=4.722896
r0=1.180306
sigma=0.141421
PARAMETERS END


E: -1171.1342 accepted 1
E: -1146.6031 accepted 0
E: -1117.2980 accepted 0
E: -1171.1283 accepted 1
E: -1153.0155 accepted 0
E: -1155.0250 accepted 0
E: -1155.0404 accepted 0
Runtime = 2467.469736


