[[  5.02062588   5.03829346   1.        ]
 [  6.00989287   5.01443999   1.        ]
 [  7.04632482   5.05208888   1.        ]
 [  8.02174193   5.07251376   1.        ]
 [  9.01116553   5.01855011   1.        ]
 [ 10.01794116   5.03949022   1.        ]
 [ 11.09449859   5.01598912   1.        ]
 [ 12.04888824   5.00261183   1.        ]
 [ 13.06482681   5.08538124   1.        ]
 [ 14.07038821   5.09299708   1.        ]
 [  5.00588027   6.0573705    1.        ]
 [  6.0234601    6.03154717   1.        ]
 [  7.01434011   6.00987664   1.        ]
 [  8.08861859   6.0850585    1.        ]
 [  9.01051659   6.08302413   1.        ]
 [ 10.02561016   6.00137853   1.        ]
 [ 11.08615093   6.02532634   1.        ]
 [ 12.09320082   6.04601194   1.        ]
 [ 13.00758682   6.04117328   1.        ]
 [ 14.01608811   6.00585944   1.        ]
 [  5.08643439   7.09428209   1.        ]
 [  6.04420198   7.07729029   1.        ]
 [  7.06613285   7.0245631    1.        ]
 [  8.04470687   7.00017856   1.        ]
 [  9.03226819   7.08272894   1.        ]
 [ 10.00284037   7.00929652   1.        ]
 [ 11.04858995   7.04776202   1.        ]
 [ 12.00565887   7.06935999   1.        ]
 [ 13.01064197   7.05911374   1.        ]
 [ 14.04186847   7.05240502   1.        ]
 [  5.04348193   8.07541648   1.        ]
 [  6.03073467   8.06377644   1.        ]
 [  7.00843964   8.0110575    1.        ]
 [  8.00258132   8.07102886   1.        ]
 [  9.07795713   8.05499687   1.        ]
 [ 10.07095884   8.00745255   1.        ]
 [ 11.03091717   8.03529884   1.        ]
 [ 12.07000793   8.07621461   1.        ]
 [ 13.04995167   8.02856885   1.        ]
 [ 14.02269069   8.06999929   1.        ]
 [  5.06959279   9.02032205   1.        ]
 [  6.0154614    9.08376612   1.        ]
 [  7.06971042   9.00513585   1.        ]
 [  8.04321536   9.06947737   1.        ]
 [  9.09309797   9.0525594    1.        ]
 [ 10.01738042   9.04788811   1.        ]
 [ 11.06145242   9.07647427   1.        ]
 [ 12.08823495   9.01454081   1.        ]
 [ 13.06807928   9.05027329   1.        ]
 [ 14.08157557   9.03039522   1.        ]
 [  5.02931179  10.05222645   1.        ]
 [  6.0035786   10.08279571   1.        ]
 [  7.09919244  10.09283806   1.        ]
 [  8.08574305  10.04442808   1.        ]
 [  9.08317207  10.04657245   1.        ]
 [ 10.08456411  10.06704034   1.        ]
 [ 11.08662966  10.09755004   1.        ]
 [ 12.05356329  10.02140041   1.        ]
 [ 13.07307889  10.07302551   1.        ]
 [ 14.08390559  10.04302469   1.        ]
 [  5.07359801  11.09854171   1.        ]
 [  6.01281855  11.09707351   1.        ]
 [  7.06022108  11.06695429   1.        ]
 [  8.04718256  11.08921463   1.        ]
 [  9.07225442  11.06156203   1.        ]
 [ 10.02165129  11.07021392   1.        ]
 [ 11.02044276  11.0868626    1.        ]
 [ 12.08749155  11.01001059   1.        ]
 [ 13.06339933  11.09408622   1.        ]
 [ 14.08809511  11.0393533    1.        ]
 [  5.07366206  12.09709733   1.        ]
 [  6.08581931  12.02982382   1.        ]
 [  7.07866359  12.05918575   1.        ]
 [  8.00822001  12.07657348   1.        ]
 [  9.05882607  12.00042335   1.        ]
 [ 10.05922478  12.08086221   1.        ]
 [ 11.08789478  12.08383051   1.        ]
 [ 12.01958976  12.03370801   1.        ]
 [ 13.03259227  12.01900374   1.        ]
 [ 14.06943942  12.07432557   1.        ]
 [  5.00212936  13.05453799   1.        ]
 [  6.02288493  13.01324664   1.        ]
 [  7.09513301  13.01912253   1.        ]
 [  8.05338541  13.07742452   1.        ]
 [  9.02753549  13.09192796   1.        ]
 [ 10.06691837  13.01554634   1.        ]
 [ 11.02315444  13.02424318   1.        ]
 [ 12.08322602  13.02861059   1.        ]
 [ 13.0189747   13.06477069   1.        ]
 [ 14.0503522   13.01165315   1.        ]
 [  5.0611602   14.06539595   1.        ]
 [  6.01845827  14.0407146    1.        ]
 [  7.09224362  14.01927215   1.        ]
 [  8.05345276  14.09959583   1.        ]
 [  9.09752893  14.0931544    1.        ]
 [ 10.04646773  14.07463697   1.        ]
 [ 11.09757237  14.03576175   1.        ]
 [ 12.0008972   14.08304255   1.        ]
 [ 13.05293316  14.04510491   1.        ]
 [ 14.01296391  14.00649649   1.        ]]
Running basin hopping with paramerters:
PARAMETERS BEGIN

epsilon=3.402975
r0=1.155865
sigma=0.141421
PARAMETERS END


E: -915.0908 accepted 1
E: -937.1927 accepted 1
E: -932.0776 accepted 0
E: -925.1832 accepted 0
E: -940.1579 accepted 1
E: -940.1603 accepted 1
E: -954.3632 accepted 1
E: -958.2288 accepted 1
E: -937.6589 accepted 0
E: -958.6864 accepted 1
E: -964.5761 accepted 1
E: -977.6052 accepted 1
E: -968.4415 accepted 0
E: -975.2081 accepted 0
E: -934.4116 accepted 0
E: -967.7165 accepted 0
E: -967.9824 accepted 0
E: -954.0741 accepted 0
Runtime = 2325.891547


