[[  5.04690713   5.08122725   1.        ]
 [  6.00854217   5.00841088   1.        ]
 [  7.06821373   5.04656509   1.        ]
 [  8.02232909   5.0497084    1.        ]
 [  9.0573664    5.01356419   1.        ]
 [ 10.06212956   5.06986701   1.        ]
 [ 11.04153687   5.06723672   1.        ]
 [ 12.00340505   5.05415831   1.        ]
 [ 13.0250745    5.04830358   1.        ]
 [ 14.0219811    5.04955824   1.        ]
 [  5.07545153   6.01977334   1.        ]
 [  6.01802185   6.07939937   1.        ]
 [  7.08418862   6.05709966   1.        ]
 [  8.04608      6.0242667    1.        ]
 [  9.02848891   6.00208642   1.        ]
 [ 10.0124756    6.07702187   1.        ]
 [ 11.09934886   6.03536129   1.        ]
 [ 12.06953179   6.09010432   1.        ]
 [ 13.01206791   6.03088787   1.        ]
 [ 14.0095449    6.00470398   1.        ]
 [  5.03748995   7.07060039   1.        ]
 [  6.0248087    7.00358309   1.        ]
 [  7.02911114   7.09890876   1.        ]
 [  8.09765821   7.00959984   1.        ]
 [  9.09303349   7.07132415   1.        ]
 [ 10.05031039   7.0262338    1.        ]
 [ 11.03532275   7.04005974   1.        ]
 [ 12.01451061   7.02930409   1.        ]
 [ 13.05580856   7.04027842   1.        ]
 [ 14.0903129    7.04002355   1.        ]
 [  5.05045254   8.00274079   1.        ]
 [  6.0563667    8.01443987   1.        ]
 [  7.07796193   8.04287184   1.        ]
 [  8.09508883   8.01809424   1.        ]
 [  9.06281018   8.06293091   1.        ]
 [ 10.09415442   8.04175017   1.        ]
 [ 11.00362062   8.02874031   1.        ]
 [ 12.0839533    8.04679959   1.        ]
 [ 13.00641051   8.0677435    1.        ]
 [ 14.04129508   8.01076637   1.        ]
 [  5.0253896    9.03756901   1.        ]
 [  6.01394618   9.02858747   1.        ]
 [  7.02363724   9.01029602   1.        ]
 [  8.03154079   9.05175045   1.        ]
 [  9.05496257   9.06622006   1.        ]
 [ 10.00367858   9.06121884   1.        ]
 [ 11.01702599   9.08749219   1.        ]
 [ 12.02128428   9.01599627   1.        ]
 [ 13.09478811   9.0617331    1.        ]
 [ 14.03179744   9.07679777   1.        ]
 [  5.0931701   10.00121446   1.        ]
 [  6.0363449   10.0599831    1.        ]
 [  7.05211192  10.09964145   1.        ]
 [  8.03078684  10.07162169   1.        ]
 [  9.07120889  10.07050935   1.        ]
 [ 10.02224694  10.00879125   1.        ]
 [ 11.01509251  10.02769314   1.        ]
 [ 12.05486605  10.07439873   1.        ]
 [ 13.09097182  10.05147742   1.        ]
 [ 14.06307185  10.0354696    1.        ]
 [  5.06236166  11.09201095   1.        ]
 [  6.03850925  11.07122913   1.        ]
 [  7.03284927  11.03294984   1.        ]
 [  8.07138365  11.06269793   1.        ]
 [  9.05059372  11.06449068   1.        ]
 [ 10.00909185  11.01987942   1.        ]
 [ 11.09778107  11.03713287   1.        ]
 [ 12.08329705  11.05782073   1.        ]
 [ 13.07779727  11.0773518    1.        ]
 [ 14.06344185  11.04080532   1.        ]
 [  5.09110237  12.06749213   1.        ]
 [  6.07953734  12.07236142   1.        ]
 [  7.00335924  12.01572785   1.        ]
 [  8.08994724  12.00800133   1.        ]
 [  9.0083814   12.04943169   1.        ]
 [ 10.09559657  12.09508583   1.        ]
 [ 11.04334974  12.05821443   1.        ]
 [ 12.00504075  12.06646377   1.        ]
 [ 13.04144594  12.09247268   1.        ]
 [ 14.0863738   12.03306055   1.        ]
 [  5.02055305  13.0812599    1.        ]
 [  6.04059691  13.04063429   1.        ]
 [  7.09306243  13.07642708   1.        ]
 [  8.07706764  13.07639215   1.        ]
 [  9.04505666  13.04025084   1.        ]
 [ 10.05645646  13.03981831   1.        ]
 [ 11.09128116  13.03466301   1.        ]
 [ 12.00671245  13.07338355   1.        ]
 [ 13.08816257  13.09952321   1.        ]
 [ 14.08218633  13.09959406   1.        ]
 [  5.04661295  14.02172524   1.        ]
 [  6.07019619  14.04117906   1.        ]
 [  7.00093317  14.08236955   1.        ]
 [  8.06929658  14.07552279   1.        ]
 [  9.04365603  14.08499433   1.        ]
 [ 10.01133287  14.0621578    1.        ]
 [ 11.08095975  14.05177195   1.        ]
 [ 12.08429873  14.07772287   1.        ]
 [ 13.06086723  14.08906386   1.        ]
 [ 14.09415585  14.08210888   1.        ]]
Running basin hopping with paramerters:
PARAMETERS BEGIN

epsilon=3.445104
r0=1.319364
sigma=0.141421
PARAMETERS END


E: -825.6673 accepted 1
E: -812.7633 accepted 0
E: -829.4720 accepted 1
E: -838.6113 accepted 1
E: -869.2684 accepted 1
E: -848.9108 accepted 0
E: -848.5980 accepted 0
E: -863.2156 accepted 0
E: -862.3835 accepted 0
E: -832.3032 accepted 0
E: -839.5668 accepted 0
Runtime = 1762.711989


