[[  5.01891571   5.06090894   1.        ]
 [  6.02452796   5.05168635   1.        ]
 [  7.03839964   5.07602601   1.        ]
 [  8.01096402   5.03317664   1.        ]
 [  9.07203223   5.04567358   1.        ]
 [ 10.0213366    5.07449035   1.        ]
 [ 11.00067807   5.09062268   1.        ]
 [ 12.00104413   5.08995703   1.        ]
 [ 13.0364471    5.01199016   1.        ]
 [ 14.03313398   5.09104303   1.        ]
 [  5.03254399   6.0789445    1.        ]
 [  6.05525956   6.0958663    1.        ]
 [  7.05598788   6.07108654   1.        ]
 [  8.00445843   6.05779588   1.        ]
 [  9.08248131   6.08649203   1.        ]
 [ 10.06192707   6.09896606   1.        ]
 [ 11.09985849   6.02932479   1.        ]
 [ 12.02554457   6.00547116   1.        ]
 [ 13.00036413   6.04801451   1.        ]
 [ 14.00412803   6.05278438   1.        ]
 [  5.09430819   7.04841017   1.        ]
 [  6.02714156   7.02935665   1.        ]
 [  7.00960913   7.08038896   1.        ]
 [  8.08773058   7.05900038   1.        ]
 [  9.0814284    7.08294978   1.        ]
 [ 10.0148685    7.07453723   1.        ]
 [ 11.06530077   7.09404764   1.        ]
 [ 12.07444473   7.00593172   1.        ]
 [ 13.02872276   7.03368942   1.        ]
 [ 14.02962834   7.05966253   1.        ]
 [  5.08944101   8.05004072   1.        ]
 [  6.03568552   8.07742406   1.        ]
 [  7.03340965   8.09275591   1.        ]
 [  8.05978043   8.08193064   1.        ]
 [  9.07128905   8.0288132    1.        ]
 [ 10.02932247   8.00550073   1.        ]
 [ 11.01773066   8.03961985   1.        ]
 [ 12.02801983   8.03583503   1.        ]
 [ 13.08179046   8.00178401   1.        ]
 [ 14.09028229   8.03285459   1.        ]
 [  5.08130857   9.02372077   1.        ]
 [  6.01750865   9.05939979   1.        ]
 [  7.08582391   9.08459828   1.        ]
 [  8.05229867   9.04044275   1.        ]
 [  9.01661245   9.0725009    1.        ]
 [ 10.0041051    9.03512763   1.        ]
 [ 11.05798278   9.03380883   1.        ]
 [ 12.02225661   9.03760927   1.        ]
 [ 13.04437232   9.0577829    1.        ]
 [ 14.08075342   9.09707714   1.        ]
 [  5.05128215  10.03248085   1.        ]
 [  6.05594147  10.07404893   1.        ]
 [  7.01257298  10.03014115   1.        ]
 [  8.00235661  10.05856708   1.        ]
 [  9.06401035  10.05901143   1.        ]
 [ 10.05451617  10.07678217   1.        ]
 [ 11.08511306  10.07391472   1.        ]
 [ 12.05374736  10.00161503   1.        ]
 [ 13.06189136  10.06345761   1.        ]
 [ 14.02291727  10.0289735    1.        ]
 [  5.06524576  11.04013191   1.        ]
 [  6.05641243  11.03960417   1.        ]
 [  7.03441485  11.03985168   1.        ]
 [  8.03003005  11.06619191   1.        ]
 [  9.01729296  11.03436268   1.        ]
 [ 10.05097008  11.06454438   1.        ]
 [ 11.096604    11.04039062   1.        ]
 [ 12.0104989   11.03011413   1.        ]
 [ 13.07553191  11.03552328   1.        ]
 [ 14.09034076  11.00099778   1.        ]
 [  5.03283787  12.04331195   1.        ]
 [  6.00176232  12.02175738   1.        ]
 [  7.00609717  12.00639384   1.        ]
 [  8.07633379  12.01888549   1.        ]
 [  9.08621549  12.06805426   1.        ]
 [ 10.01272185  12.05920239   1.        ]
 [ 11.01504888  12.02068887   1.        ]
 [ 12.08652499  12.06496154   1.        ]
 [ 13.03323106  12.01583091   1.        ]
 [ 14.05021462  12.06643097   1.        ]
 [  5.05320217  13.04949411   1.        ]
 [  6.07911791  13.00263383   1.        ]
 [  7.04159     13.08755233   1.        ]
 [  8.06098104  13.01153365   1.        ]
 [  9.04637647  13.00754749   1.        ]
 [ 10.08416552  13.08651439   1.        ]
 [ 11.04848238  13.05311044   1.        ]
 [ 12.01919983  13.01981092   1.        ]
 [ 13.09255892  13.04000237   1.        ]
 [ 14.07884178  13.03808398   1.        ]
 [  5.00682966  14.01180063   1.        ]
 [  6.0654371   14.08890703   1.        ]
 [  7.09426757  14.04318148   1.        ]
 [  8.0597659   14.0038911    1.        ]
 [  9.03918923  14.08268175   1.        ]
 [ 10.06534851  14.02275303   1.        ]
 [ 11.08469446  14.05986348   1.        ]
 [ 12.05789241  14.06808848   1.        ]
 [ 13.05194683  14.07690453   1.        ]
 [ 14.05633354  14.08626843   1.        ]]
Running basin hopping with paramerters:
PARAMETERS BEGIN

epsilon=3.844314
r0=1.272540
sigma=0.141421
PARAMETERS END


E: -866.6242 accepted 1
E: -912.8561 accepted 1
E: -931.1931 accepted 1
E: -932.2937 accepted 1
E: -939.2772 accepted 1
E: -953.2317 accepted 1
E: -948.6825 accepted 0
E: -968.9435 accepted 1
E: -964.3190 accepted 0
E: -992.7258 accepted 1
E: -988.5217 accepted 0
E: -998.0623 accepted 1
E: -1018.6340 accepted 1
E: -1037.6773 accepted 1
E: -1044.8323 accepted 1
E: -1063.1055 accepted 1
E: -1050.0121 accepted 0
E: -1066.7994 accepted 1
E: -1077.6565 accepted 1
E: -1086.4223 accepted 1
E: -1081.4671 accepted 0
E: -1073.5429 accepted 0
E: -1069.4996 accepted 0
E: -1061.0372 accepted 0
E: -1085.5952 accepted 1
E: -1080.8835 accepted 0
Runtime = 3270.472423


