[[  5.04004422   5.07185518   1.        ]
 [  6.0991806    5.00139725   1.        ]
 [  7.08699111   5.02340524   1.        ]
 [  8.07072539   5.07563955   1.        ]
 [  9.0687273    5.03288379   1.        ]
 [ 10.01720137   5.06159033   1.        ]
 [ 11.0170631    5.03802028   1.        ]
 [ 12.03211058   5.07018232   1.        ]
 [ 13.01897558   5.05892888   1.        ]
 [ 14.06100744   5.00672129   1.        ]
 [  5.08675232   6.06935192   1.        ]
 [  6.07238509   6.06806907   1.        ]
 [  7.0725272    6.06484294   1.        ]
 [  8.0434133    6.08569143   1.        ]
 [  9.04719051   6.05659202   1.        ]
 [ 10.04835945   6.07491083   1.        ]
 [ 11.08631757   6.09289378   1.        ]
 [ 12.08392637   6.01494354   1.        ]
 [ 13.05780262   6.01314726   1.        ]
 [ 14.05143348   6.07294641   1.        ]
 [  5.06157843   7.05688125   1.        ]
 [  6.0724983    7.04544805   1.        ]
 [  7.01717985   7.02041178   1.        ]
 [  8.0136655    7.06549811   1.        ]
 [  9.01168288   7.01927939   1.        ]
 [ 10.03985154   7.08777739   1.        ]
 [ 11.09536336   7.02698695   1.        ]
 [ 12.03588076   7.05833897   1.        ]
 [ 13.06453414   7.02856052   1.        ]
 [ 14.0522112    7.0982065    1.        ]
 [  5.08060568   8.01941917   1.        ]
 [  6.06847438   8.0349033    1.        ]
 [  7.08453824   8.03024664   1.        ]
 [  8.03799164   8.08118176   1.        ]
 [  9.07641094   8.09816272   1.        ]
 [ 10.04808453   8.04261194   1.        ]
 [ 11.03153755   8.07932389   1.        ]
 [ 12.09428386   8.04946137   1.        ]
 [ 13.03498337   8.09330027   1.        ]
 [ 14.03280263   8.0135112    1.        ]
 [  5.05481347   9.04524477   1.        ]
 [  6.06156233   9.04871546   1.        ]
 [  7.0997595    9.04231416   1.        ]
 [  8.02587204   9.0414248    1.        ]
 [  9.06924084   9.07315512   1.        ]
 [ 10.01416112   9.08845739   1.        ]
 [ 11.01502703   9.02467247   1.        ]
 [ 12.04147574   9.09868594   1.        ]
 [ 13.03213059   9.08095811   1.        ]
 [ 14.01987753   9.02291005   1.        ]
 [  5.05127655  10.06192739   1.        ]
 [  6.01963487  10.07708226   1.        ]
 [  7.0093827   10.02100957   1.        ]
 [  8.06142173  10.02980409   1.        ]
 [  9.01271144  10.06475102   1.        ]
 [ 10.07346681  10.05003398   1.        ]
 [ 11.00790227  10.04493411   1.        ]
 [ 12.088846    10.09749504   1.        ]
 [ 13.06978707  10.05509991   1.        ]
 [ 14.02974824  10.02158328   1.        ]
 [  5.09137275  11.01830789   1.        ]
 [  6.08324907  11.0928231    1.        ]
 [  7.05357171  11.03038167   1.        ]
 [  8.05629488  11.01464151   1.        ]
 [  9.03423355  11.06383138   1.        ]
 [ 10.04006835  11.07665494   1.        ]
 [ 11.06864488  11.02057391   1.        ]
 [ 12.03983713  11.06354124   1.        ]
 [ 13.04530311  11.00616544   1.        ]
 [ 14.03333534  11.0241296    1.        ]
 [  5.09600977  12.05459187   1.        ]
 [  6.07075881  12.07462067   1.        ]
 [  7.05262996  12.01258473   1.        ]
 [  8.00970515  12.00495368   1.        ]
 [  9.09407069  12.09202646   1.        ]
 [ 10.01151765  12.00848453   1.        ]
 [ 11.06096581  12.01968835   1.        ]
 [ 12.04405646  12.05600186   1.        ]
 [ 13.06947922  12.06463422   1.        ]
 [ 14.05030723  12.09103689   1.        ]
 [  5.05121992  13.09029329   1.        ]
 [  6.0357513   13.0636965    1.        ]
 [  7.0990733   13.06428677   1.        ]
 [  8.01226342  13.09638259   1.        ]
 [  9.06316176  13.09335151   1.        ]
 [ 10.04598982  13.08096671   1.        ]
 [ 11.03128892  13.08613063   1.        ]
 [ 12.09455418  13.02253715   1.        ]
 [ 13.05706632  13.0931813    1.        ]
 [ 14.02727816  13.02627826   1.        ]
 [  5.09240132  14.03820319   1.        ]
 [  6.06861431  14.08678403   1.        ]
 [  7.09926682  14.01512988   1.        ]
 [  8.08578425  14.09238638   1.        ]
 [  9.07389788  14.0888113    1.        ]
 [ 10.04071067  14.09181268   1.        ]
 [ 11.06061083  14.07322958   1.        ]
 [ 12.01400547  14.08426159   1.        ]
 [ 13.08057534  14.05567449   1.        ]
 [ 14.02673832  14.03490666   1.        ]]
Running basin hopping with paramerters:
PARAMETERS BEGIN

epsilon=3.380028
r0=1.158583
sigma=0.141421
PARAMETERS END


E: -796.9542 accepted 1
E: -848.8240 accepted 1
E: -917.1777 accepted 1
E: -919.2425 accepted 1
E: -923.9750 accepted 1
E: -912.1938 accepted 0
E: -946.3237 accepted 1
E: -966.2797 accepted 1
E: -979.9013 accepted 1
E: -996.3426 accepted 1
E: -996.3412 accepted 1
E: -985.5140 accepted 0
E: 236192.3814 accepted 0
E: -954.3407 accepted 0
E: -975.1798 accepted 0
E: -1004.4468 accepted 1
E: -1000.4066 accepted 0
E: -1000.3658 accepted 0
E: -975.8899 accepted 0
E: -1004.6407 accepted 1
E: -977.9179 accepted 0
E: -984.4733 accepted 0
E: -1012.7266 accepted 1
E: -1000.4846 accepted 0
E: -1010.4549 accepted 0
E: -1008.2122 accepted 0
E: -1012.7240 accepted 1
E: -1008.8892 accepted 0
E: -1012.7249 accepted 1
Runtime = 2749.216005


