[[  5.07398483   5.02699186   1.        ]
 [  6.09555737   5.04851268   1.        ]
 [  7.06572857   5.07338779   1.        ]
 [  8.0891204    5.05875724   1.        ]
 [  9.05339255   5.06907555   1.        ]
 [ 10.04597343   5.05739282   1.        ]
 [ 11.09625601   5.01167155   1.        ]
 [ 12.06632981   5.09804487   1.        ]
 [ 13.06610918   5.04781907   1.        ]
 [ 14.08290433   5.07246899   1.        ]
 [  5.08518392   6.00430008   1.        ]
 [  6.00245148   6.06429716   1.        ]
 [  7.02926334   6.09373542   1.        ]
 [  8.0023254    6.09420442   1.        ]
 [  9.06381951   6.09750488   1.        ]
 [ 10.02264889   6.00234388   1.        ]
 [ 11.07851797   6.05391826   1.        ]
 [ 12.05823568   6.0353358    1.        ]
 [ 13.02583265   6.06220167   1.        ]
 [ 14.09689274   6.01260189   1.        ]
 [  5.0713779    7.07007528   1.        ]
 [  6.0197994    7.05227824   1.        ]
 [  7.05189267   7.08297007   1.        ]
 [  8.04801361   7.06475277   1.        ]
 [  9.05852161   7.02414368   1.        ]
 [ 10.00894775   7.06815998   1.        ]
 [ 11.05992062   7.02525473   1.        ]
 [ 12.03751665   7.0588612    1.        ]
 [ 13.02289087   7.07352524   1.        ]
 [ 14.09554842   7.02756494   1.        ]
 [  5.08694211   8.08875182   1.        ]
 [  6.06889786   8.06795107   1.        ]
 [  7.08318713   8.07615956   1.        ]
 [  8.04331355   8.02027935   1.        ]
 [  9.03062403   8.08325816   1.        ]
 [ 10.01859112   8.09286543   1.        ]
 [ 11.08892856   8.02506451   1.        ]
 [ 12.07102642   8.03565038   1.        ]
 [ 13.08426641   8.04913721   1.        ]
 [ 14.07633529   8.0004117    1.        ]
 [  5.05888513   9.03007894   1.        ]
 [  6.08686596   9.06363964   1.        ]
 [  7.08033538   9.03901872   1.        ]
 [  8.03907588   9.0467737    1.        ]
 [  9.0196868    9.09648506   1.        ]
 [ 10.06749576   9.02444178   1.        ]
 [ 11.0026899    9.02072249   1.        ]
 [ 12.07081185   9.04245583   1.        ]
 [ 13.02446119   9.07752562   1.        ]
 [ 14.08903193   9.01845293   1.        ]
 [  5.01393543  10.00017014   1.        ]
 [  6.09198066  10.06148326   1.        ]
 [  7.05076764  10.07996784   1.        ]
 [  8.06453062  10.0521454    1.        ]
 [  9.02628063  10.0100884    1.        ]
 [ 10.07708191  10.08645592   1.        ]
 [ 11.07116218  10.07156326   1.        ]
 [ 12.01442961  10.04381805   1.        ]
 [ 13.0194045   10.0937157    1.        ]
 [ 14.08136135  10.08636297   1.        ]
 [  5.0483992   11.0659565    1.        ]
 [  6.07210411  11.05831158   1.        ]
 [  7.07851198  11.01748178   1.        ]
 [  8.00013683  11.09201602   1.        ]
 [  9.01394204  11.04769457   1.        ]
 [ 10.09593667  11.04900336   1.        ]
 [ 11.05352667  11.09826908   1.        ]
 [ 12.00264776  11.02667304   1.        ]
 [ 13.04022994  11.02459735   1.        ]
 [ 14.03340092  11.04744259   1.        ]
 [  5.01969449  12.09925578   1.        ]
 [  6.06719086  12.01822928   1.        ]
 [  7.0859967   12.01984057   1.        ]
 [  8.03747226  12.09182765   1.        ]
 [  9.03058374  12.00487036   1.        ]
 [ 10.08183094  12.06730776   1.        ]
 [ 11.08644424  12.0544811    1.        ]
 [ 12.078957    12.00568681   1.        ]
 [ 13.03603998  12.0195028    1.        ]
 [ 14.09449731  12.00322474   1.        ]
 [  5.04779992  13.06312661   1.        ]
 [  6.03962103  13.08047785   1.        ]
 [  7.03248012  13.05929886   1.        ]
 [  8.08938076  13.04341527   1.        ]
 [  9.08860254  13.09079719   1.        ]
 [ 10.09379578  13.06117018   1.        ]
 [ 11.0720133   13.06926091   1.        ]
 [ 12.00436407  13.04922691   1.        ]
 [ 13.01179303  13.09476368   1.        ]
 [ 14.06763429  13.0735754    1.        ]
 [  5.09160995  14.08429331   1.        ]
 [  6.02354638  14.06373657   1.        ]
 [  7.01430114  14.0226444    1.        ]
 [  8.03336199  14.0324534    1.        ]
 [  9.02919047  14.01693793   1.        ]
 [ 10.06217312  14.03906752   1.        ]
 [ 11.00673595  14.07910049   1.        ]
 [ 12.02310571  14.05486427   1.        ]
 [ 13.04203454  14.06903492   1.        ]
 [ 14.08501336  14.02949449   1.        ]]
Running basin hopping with paramerters:
PARAMETERS BEGIN

epsilon=3.978917
r0=1.247047
sigma=0.141421
PARAMETERS END


E: -1005.5273 accepted 1
E: -979.1715 accepted 0
E: -1015.8975 accepted 1
E: -1013.9487 accepted 0
E: -985.8769 accepted 0
E: -1030.2181 accepted 1
E: -1039.1025 accepted 1
E: -1032.6862 accepted 0
E: -1016.9012 accepted 0
E: -1034.3252 accepted 0
E: -1043.6211 accepted 1
E: -990.4946 accepted 0
E: -1063.5820 accepted 1
E: -1063.1147 accepted 1
E: -1063.1147 accepted 1
E: -1029.9210 accepted 0
E: -1032.1317 accepted 0
E: -1026.6615 accepted 0
E: -1063.6676 accepted 1
E: -1053.3764 accepted 0
E: -1060.3305 accepted 0
E: -1063.7359 accepted 1
E: -1050.2518 accepted 0
E: -1065.6956 accepted 1
E: -1072.6690 accepted 1
E: -1082.0333 accepted 1
E: -1069.8146 accepted 0
E: -1047.6522 accepted 0
E: -1085.6238 accepted 1
E: -1096.4110 accepted 1
E: -1042.9117 accepted 0
E: -1097.2842 accepted 1
E: -1106.2696 accepted 1
E: -1088.8983 accepted 0
E: -1092.2840 accepted 0
E: -1132.3993 accepted 1
E: -1132.3720 accepted 1
E: -1137.4966 accepted 1
E: -1124.1882 accepted 0
E: -1133.0503 accepted 0
E: -1137.4965 accepted 1
E: -1123.1940 accepted 0
E: -1087.3463 accepted 0
E: -1116.0007 accepted 0
Runtime = 4004.644660


