[[  5.01400072   5.08142721   1.        ]
 [  6.01143533   5.02961681   1.        ]
 [  7.00003896   5.05714189   1.        ]
 [  8.07945108   5.00235806   1.        ]
 [  9.08721943   5.08150078   1.        ]
 [ 10.06582212   5.06286763   1.        ]
 [ 11.09403875   5.07270705   1.        ]
 [ 12.01138919   5.09051658   1.        ]
 [ 13.07059769   5.08290575   1.        ]
 [ 14.09573758   5.04505269   1.        ]
 [  5.00435901   6.02704408   1.        ]
 [  6.04062983   6.05999253   1.        ]
 [  7.07395887   6.01224959   1.        ]
 [  8.00805828   6.04031683   1.        ]
 [  9.02193646   6.09867466   1.        ]
 [ 10.06673848   6.01520989   1.        ]
 [ 11.05329561   6.01469914   1.        ]
 [ 12.09411096   6.02654281   1.        ]
 [ 13.09592525   6.08110587   1.        ]
 [ 14.0707401    6.04567248   1.        ]
 [  5.04536636   7.07351349   1.        ]
 [  6.03825583   7.08700408   1.        ]
 [  7.07590319   7.06192019   1.        ]
 [  8.08461751   7.08563066   1.        ]
 [  9.08077224   7.06743025   1.        ]
 [ 10.04071766   7.00828618   1.        ]
 [ 11.01939338   7.05714535   1.        ]
 [ 12.07037526   7.09830845   1.        ]
 [ 13.06121671   7.0121435    1.        ]
 [ 14.01405229   7.00354273   1.        ]
 [  5.08974698   8.00392849   1.        ]
 [  6.00187978   8.09884373   1.        ]
 [  7.05954237   8.01746218   1.        ]
 [  8.04686233   8.03443104   1.        ]
 [  9.0728075    8.07750218   1.        ]
 [ 10.01228892   8.09519994   1.        ]
 [ 11.08251018   8.01388485   1.        ]
 [ 12.01495938   8.0267575    1.        ]
 [ 13.07094997   8.0684598    1.        ]
 [ 14.00572178   8.05930136   1.        ]
 [  5.0282161    9.00165041   1.        ]
 [  6.06047799   9.05050736   1.        ]
 [  7.01055648   9.08370537   1.        ]
 [  8.07623702   9.08178566   1.        ]
 [  9.05904706   9.02371689   1.        ]
 [ 10.01008775   9.0663136    1.        ]
 [ 11.07055504   9.03270885   1.        ]
 [ 12.03936844   9.08752682   1.        ]
 [ 13.0550505    9.09972599   1.        ]
 [ 14.01530443   9.04217625   1.        ]
 [  5.04995662  10.08136467   1.        ]
 [  6.08312801  10.07836654   1.        ]
 [  7.01370936  10.01826445   1.        ]
 [  8.01426735  10.07928927   1.        ]
 [  9.03361689  10.08250486   1.        ]
 [ 10.07773461  10.05957358   1.        ]
 [ 11.07491656  10.07116981   1.        ]
 [ 12.08359472  10.02641385   1.        ]
 [ 13.09845297  10.09204869   1.        ]
 [ 14.05936899  10.00401595   1.        ]
 [  5.05136763  11.09732125   1.        ]
 [  6.04567718  11.09225535   1.        ]
 [  7.07802444  11.07479951   1.        ]
 [  8.03278585  11.02281967   1.        ]
 [  9.08815715  11.05303787   1.        ]
 [ 10.0190246   11.05700103   1.        ]
 [ 11.05385391  11.06710935   1.        ]
 [ 12.06784417  11.05590924   1.        ]
 [ 13.09887204  11.07958935   1.        ]
 [ 14.05383407  11.07541037   1.        ]
 [  5.03378773  12.00937499   1.        ]
 [  6.00966112  12.02171365   1.        ]
 [  7.09747501  12.03048282   1.        ]
 [  8.05465976  12.09792763   1.        ]
 [  9.06018318  12.0052531    1.        ]
 [ 10.05375326  12.03262915   1.        ]
 [ 11.00619289  12.09696976   1.        ]
 [ 12.03165921  12.08718045   1.        ]
 [ 13.09553837  12.07795456   1.        ]
 [ 14.086053    12.0365698    1.        ]
 [  5.00971012  13.0896087    1.        ]
 [  6.00351314  13.0011126    1.        ]
 [  7.04632119  13.04715265   1.        ]
 [  8.03285076  13.02010435   1.        ]
 [  9.05468151  13.07261451   1.        ]
 [ 10.06307005  13.07075223   1.        ]
 [ 11.06984467  13.03768181   1.        ]
 [ 12.01887094  13.08319869   1.        ]
 [ 13.07467476  13.05837389   1.        ]
 [ 14.09589251  13.01227946   1.        ]
 [  5.09264283  14.06129914   1.        ]
 [  6.02046495  14.0749001    1.        ]
 [  7.03709594  14.09075504   1.        ]
 [  8.02372696  14.07351447   1.        ]
 [  9.02291837  14.00119689   1.        ]
 [ 10.08090364  14.04998883   1.        ]
 [ 11.00961387  14.05829595   1.        ]
 [ 12.01098587  14.03435633   1.        ]
 [ 13.03246937  14.07488858   1.        ]
 [ 14.00964691  14.0644314    1.        ]]
Running basin hopping with paramerters:
PARAMETERS BEGIN

epsilon=3.704900
r0=1.201895
sigma=0.141421
PARAMETERS END


E: -946.6929 accepted 1
E: -981.5126 accepted 1
E: -1025.0050 accepted 1
E: -1037.4350 accepted 1
E: -1050.9492 accepted 1
E: -1064.2182 accepted 1
E: -1068.2799 accepted 1
E: -1072.8377 accepted 1
E: -1072.8384 accepted 1
E: -1046.8765 accepted 0
E: -1065.6393 accepted 0
E: -1055.4484 accepted 0
E: -1033.8812 accepted 0
E: -1065.6127 accepted 0
E: -1072.8664 accepted 1
E: -1051.0408 accepted 0
E: -1037.5482 accepted 0
E: -1031.4348 accepted 0
E: -1064.2560 accepted 0
E: -1072.8670 accepted 1
E: -1072.8669 accepted 1
E: -1053.0900 accepted 0
E: -1038.4876 accepted 0
E: -1064.0627 accepted 0
E: -1058.7756 accepted 0
E: -1055.5184 accepted 0
Runtime = 2485.282390


