[[  5.06669757   5.08546285   1.        ]
 [  6.03411609   5.0418405    1.        ]
 [  7.02510161   5.03012208   1.        ]
 [  8.06131027   5.0237744    1.        ]
 [  9.06031899   5.07244495   1.        ]
 [ 10.09806909   5.0653964    1.        ]
 [ 11.09540414   5.07089546   1.        ]
 [ 12.07423586   5.00775786   1.        ]
 [ 13.00949524   5.00878591   1.        ]
 [ 14.00529174   5.01256054   1.        ]
 [  5.07615937   6.03428255   1.        ]
 [  6.06143637   6.04480772   1.        ]
 [  7.06118783   6.07312267   1.        ]
 [  8.02684974   6.0688812    1.        ]
 [  9.02459463   6.08541925   1.        ]
 [ 10.079906     6.03566532   1.        ]
 [ 11.07738991   6.05898633   1.        ]
 [ 12.02040208   6.05789367   1.        ]
 [ 13.08550385   6.0435475    1.        ]
 [ 14.07057237   6.00457433   1.        ]
 [  5.0572085    7.00841086   1.        ]
 [  6.06274091   7.07586561   1.        ]
 [  7.09645551   7.01337714   1.        ]
 [  8.05705885   7.08561079   1.        ]
 [  9.07569717   7.04920076   1.        ]
 [ 10.05518223   7.06855574   1.        ]
 [ 11.04622604   7.07115799   1.        ]
 [ 12.08246432   7.01667209   1.        ]
 [ 13.05262891   7.09443229   1.        ]
 [ 14.09275031   7.01642995   1.        ]
 [  5.03549956   8.01297335   1.        ]
 [  6.03090335   8.09854574   1.        ]
 [  7.05867709   8.05004697   1.        ]
 [  8.08697562   8.04026809   1.        ]
 [  9.0336051    8.0884088    1.        ]
 [ 10.04779049   8.02225139   1.        ]
 [ 11.04953607   8.00712585   1.        ]
 [ 12.08021719   8.00148797   1.        ]
 [ 13.06948186   8.03765898   1.        ]
 [ 14.04361951   8.07911697   1.        ]
 [  5.09550574   9.06799847   1.        ]
 [  6.05264187   9.02728823   1.        ]
 [  7.08670096   9.03805987   1.        ]
 [  8.04268113   9.03627797   1.        ]
 [  9.03594018   9.09250232   1.        ]
 [ 10.09857769   9.07504067   1.        ]
 [ 11.02109807   9.07419324   1.        ]
 [ 12.09643133   9.08498241   1.        ]
 [ 13.09757373   9.06762257   1.        ]
 [ 14.026987     9.00029374   1.        ]
 [  5.07862207  10.06958052   1.        ]
 [  6.02132286  10.09187888   1.        ]
 [  7.01819803  10.03650996   1.        ]
 [  8.04051206  10.07076152   1.        ]
 [  9.01629157  10.08269175   1.        ]
 [ 10.03589695  10.09919289   1.        ]
 [ 11.01793977  10.08764231   1.        ]
 [ 12.08958678  10.07512717   1.        ]
 [ 13.04335927  10.01181834   1.        ]
 [ 14.0006664   10.02806145   1.        ]
 [  5.0390208   11.04505393   1.        ]
 [  6.08546574  11.09460806   1.        ]
 [  7.01004708  11.0800221    1.        ]
 [  8.02890711  11.08043374   1.        ]
 [  9.03057353  11.04050754   1.        ]
 [ 10.0039751   11.04214689   1.        ]
 [ 11.04963992  11.01417527   1.        ]
 [ 12.01630835  11.03480853   1.        ]
 [ 13.08203127  11.07638926   1.        ]
 [ 14.04507464  11.04104486   1.        ]
 [  5.00629921  12.04287905   1.        ]
 [  6.07607058  12.03138499   1.        ]
 [  7.04575617  12.09110234   1.        ]
 [  8.02698518  12.00973931   1.        ]
 [  9.09108463  12.07518793   1.        ]
 [ 10.01618569  12.09423369   1.        ]
 [ 11.01934786  12.05504241   1.        ]
 [ 12.0933326   12.00129851   1.        ]
 [ 13.01600401  12.05899868   1.        ]
 [ 14.04334357  12.07057458   1.        ]
 [  5.0505988   13.07843854   1.        ]
 [  6.01646861  13.0648931    1.        ]
 [  7.04013115  13.0355177    1.        ]
 [  8.07187959  13.09146821   1.        ]
 [  9.07445563  13.07376508   1.        ]
 [ 10.01026843  13.05328872   1.        ]
 [ 11.08669505  13.03254332   1.        ]
 [ 12.02767705  13.0368765    1.        ]
 [ 13.02131001  13.03665875   1.        ]
 [ 14.09761659  13.00461981   1.        ]
 [  5.05517236  14.05570397   1.        ]
 [  6.00146189  14.02489502   1.        ]
 [  7.05442713  14.03664176   1.        ]
 [  8.09799672  14.04325306   1.        ]
 [  9.04470213  14.09136622   1.        ]
 [ 10.08822448  14.02268172   1.        ]
 [ 11.06492268  14.00309942   1.        ]
 [ 12.03923623  14.04655845   1.        ]
 [ 13.03007289  14.07970722   1.        ]
 [ 14.03093757  14.00451717   1.        ]]
Running basin hopping with paramerters:
PARAMETERS BEGIN

epsilon=3.216662
r0=1.263184
sigma=0.141421
PARAMETERS END


E: -841.0223 accepted 1
E: -835.6653 accepted 0
E: -873.4551 accepted 1
E: -850.5278 accepted 0
E: -849.7593 accepted 0
E: -867.5895 accepted 0
E: -860.2557 accepted 0
E: -849.6806 accepted 0
E: -859.9236 accepted 0
Runtime = 1409.775567


