[[  5.09117032   5.06791729   1.        ]
 [  6.02572409   5.07004134   1.        ]
 [  7.02380212   5.09460558   1.        ]
 [  8.07517377   5.00820103   1.        ]
 [  9.06185339   5.03286852   1.        ]
 [ 10.04673153   5.0109421    1.        ]
 [ 11.03731008   5.00717417   1.        ]
 [ 12.08259842   5.03273814   1.        ]
 [ 13.08162339   5.01397506   1.        ]
 [ 14.05484189   5.03622817   1.        ]
 [  5.01919143   6.057548     1.        ]
 [  6.05146602   6.06837247   1.        ]
 [  7.08405163   6.07582382   1.        ]
 [  8.06950045   6.04171369   1.        ]
 [  9.05164001   6.0416584    1.        ]
 [ 10.05237005   6.01602064   1.        ]
 [ 11.06775095   6.02469027   1.        ]
 [ 12.0113977    6.01421595   1.        ]
 [ 13.00380989   6.09140372   1.        ]
 [ 14.07700626   6.04222289   1.        ]
 [  5.07169255   7.00139588   1.        ]
 [  6.06068065   7.01775877   1.        ]
 [  7.04486779   7.07133087   1.        ]
 [  8.00256336   7.03568009   1.        ]
 [  9.04974099   7.03238125   1.        ]
 [ 10.08371269   7.09500686   1.        ]
 [ 11.06761726   7.00468523   1.        ]
 [ 12.08054539   7.00467802   1.        ]
 [ 13.05870352   7.07627821   1.        ]
 [ 14.08555914   7.03838646   1.        ]
 [  5.04423212   8.03141285   1.        ]
 [  6.06245954   8.00452356   1.        ]
 [  7.09080575   8.04766107   1.        ]
 [  8.08461778   8.01406631   1.        ]
 [  9.06132469   8.08460787   1.        ]
 [ 10.02710632   8.03022257   1.        ]
 [ 11.00616004   8.09985185   1.        ]
 [ 12.0670059    8.05051901   1.        ]
 [ 13.01874976   8.06878359   1.        ]
 [ 14.0849227    8.00661922   1.        ]
 [  5.00336999   9.0029719    1.        ]
 [  6.0655728    9.07027241   1.        ]
 [  7.00441993   9.05505149   1.        ]
 [  8.02761532   9.05957065   1.        ]
 [  9.0612696    9.02292552   1.        ]
 [ 10.05212022   9.02032199   1.        ]
 [ 11.08101436   9.08676556   1.        ]
 [ 12.01459191   9.03624147   1.        ]
 [ 13.01845529   9.04804514   1.        ]
 [ 14.00628354   9.08617384   1.        ]
 [  5.09881954  10.04767104   1.        ]
 [  6.04490762  10.01640349   1.        ]
 [  7.08500396  10.07355163   1.        ]
 [  8.02219542  10.05401856   1.        ]
 [  9.07467199  10.09726131   1.        ]
 [ 10.08889515  10.03443173   1.        ]
 [ 11.07015941  10.0515528    1.        ]
 [ 12.04290208  10.07175394   1.        ]
 [ 13.09836514  10.0332797    1.        ]
 [ 14.06705023  10.07643079   1.        ]
 [  5.09054729  11.05451474   1.        ]
 [  6.07429163  11.03026078   1.        ]
 [  7.01468557  11.00212174   1.        ]
 [  8.08728134  11.03257233   1.        ]
 [  9.04454226  11.05781226   1.        ]
 [ 10.01814301  11.0630071    1.        ]
 [ 11.03638133  11.07617163   1.        ]
 [ 12.00413116  11.03505524   1.        ]
 [ 13.0493489   11.09659044   1.        ]
 [ 14.03496048  11.00279578   1.        ]
 [  5.05087483  12.05587826   1.        ]
 [  6.04402572  12.09826205   1.        ]
 [  7.01550522  12.04992855   1.        ]
 [  8.09051954  12.09722294   1.        ]
 [  9.01126786  12.04255934   1.        ]
 [ 10.03065892  12.05990396   1.        ]
 [ 11.02050932  12.0446078    1.        ]
 [ 12.03428932  12.06180463   1.        ]
 [ 13.05647644  12.00486812   1.        ]
 [ 14.0721861   12.00277143   1.        ]
 [  5.08710342  13.00263065   1.        ]
 [  6.06493557  13.0219905    1.        ]
 [  7.05371867  13.03010632   1.        ]
 [  8.06684395  13.0288891    1.        ]
 [  9.06442091  13.0632801    1.        ]
 [ 10.08956324  13.08108517   1.        ]
 [ 11.02580753  13.04356049   1.        ]
 [ 12.04048779  13.05144796   1.        ]
 [ 13.04601891  13.05434715   1.        ]
 [ 14.07476183  13.05641576   1.        ]
 [  5.05875437  14.05907546   1.        ]
 [  6.04023423  14.05527474   1.        ]
 [  7.08042777  14.07709821   1.        ]
 [  8.09395145  14.0537976    1.        ]
 [  9.04289152  14.03079445   1.        ]
 [ 10.08661176  14.05190837   1.        ]
 [ 11.08813432  14.06834505   1.        ]
 [ 12.06740202  14.09666166   1.        ]
 [ 13.03696031  14.07278536   1.        ]
 [ 14.05636738  14.00673491   1.        ]]
Running basin hopping with paramerters:
PARAMETERS BEGIN

epsilon=3.937069
r0=1.204576
sigma=0.141421
PARAMETERS END


E: -1011.4176 accepted 1
E: -1015.7342 accepted 1
E: -1020.5107 accepted 1
E: -1092.3170 accepted 1
E: -1057.5560 accepted 0
E: -1079.3228 accepted 0
E: -1061.8847 accepted 0
E: -1087.7757 accepted 0
E: -1087.3565 accepted 0
E: -1054.1385 accepted 0
Runtime = 1905.880030


