[[  5.06972875   5.04780086   1.        ]
 [  6.09139461   5.08724495   1.        ]
 [  7.00216469   5.0202433    1.        ]
 [  8.09885774   5.03638524   1.        ]
 [  9.00560798   5.09316814   1.        ]
 [ 10.00169318   5.01555516   1.        ]
 [ 11.04613003   5.04117799   1.        ]
 [ 12.04889441   5.02814747   1.        ]
 [ 13.05796379   5.06113748   1.        ]
 [ 14.00734325   5.07660591   1.        ]
 [  5.07002363   6.06270152   1.        ]
 [  6.09308063   6.02350596   1.        ]
 [  7.09131174   6.07268476   1.        ]
 [  8.05230432   6.0332251    1.        ]
 [  9.04842498   6.00561822   1.        ]
 [ 10.02718521   6.01187901   1.        ]
 [ 11.00502337   6.07505298   1.        ]
 [ 12.01433336   6.03070179   1.        ]
 [ 13.09999452   6.02355047   1.        ]
 [ 14.0618791    6.06640631   1.        ]
 [  5.05408671   7.01262626   1.        ]
 [  6.06298957   7.08188973   1.        ]
 [  7.09530259   7.05691183   1.        ]
 [  8.02886127   7.09441952   1.        ]
 [  9.08745741   7.06811548   1.        ]
 [ 10.07806522   7.01470018   1.        ]
 [ 11.08334688   7.05988262   1.        ]
 [ 12.02916424   7.05615365   1.        ]
 [ 13.07462382   7.0931039    1.        ]
 [ 14.05821047   7.09355959   1.        ]
 [  5.05966651   8.03307054   1.        ]
 [  6.00060574   8.03293868   1.        ]
 [  7.06236696   8.04267301   1.        ]
 [  8.01826833   8.05301427   1.        ]
 [  9.09779517   8.09654522   1.        ]
 [ 10.02941954   8.09956196   1.        ]
 [ 11.05618079   8.01606281   1.        ]
 [ 12.09832266   8.09525569   1.        ]
 [ 13.08296825   8.09956527   1.        ]
 [ 14.09710832   8.08857      1.        ]
 [  5.01654011   9.09231828   1.        ]
 [  6.01277475   9.05392371   1.        ]
 [  7.07529018   9.06529668   1.        ]
 [  8.07133582   9.03826969   1.        ]
 [  9.02982558   9.06676458   1.        ]
 [ 10.071492     9.07292413   1.        ]
 [ 11.03875156   9.00647655   1.        ]
 [ 12.03300577   9.0413747    1.        ]
 [ 13.03205603   9.04415692   1.        ]
 [ 14.01461593   9.02178227   1.        ]
 [  5.02812947  10.06604837   1.        ]
 [  6.0106497   10.03919104   1.        ]
 [  7.04726454  10.050118     1.        ]
 [  8.07795727  10.08025658   1.        ]
 [  9.02811082  10.0912573    1.        ]
 [ 10.04407443  10.09769276   1.        ]
 [ 11.06780563  10.0154385    1.        ]
 [ 12.02702363  10.04142473   1.        ]
 [ 13.06415753  10.02429256   1.        ]
 [ 14.04733696  10.00876811   1.        ]
 [  5.05522516  11.02859461   1.        ]
 [  6.01187077  11.01671608   1.        ]
 [  7.03620477  11.06589607   1.        ]
 [  8.08370713  11.07999032   1.        ]
 [  9.07833486  11.03373911   1.        ]
 [ 10.04510541  11.00706603   1.        ]
 [ 11.07830648  11.05154817   1.        ]
 [ 12.07530762  11.0727725    1.        ]
 [ 13.03022869  11.03837465   1.        ]
 [ 14.08731886  11.02742108   1.        ]
 [  5.02212636  12.08559574   1.        ]
 [  6.09929284  12.01957581   1.        ]
 [  7.02758542  12.08294017   1.        ]
 [  8.09324534  12.03034134   1.        ]
 [  9.03775598  12.00696256   1.        ]
 [ 10.09216693  12.05210718   1.        ]
 [ 11.04336339  12.02960123   1.        ]
 [ 12.06092779  12.01208614   1.        ]
 [ 13.03998727  12.00322533   1.        ]
 [ 14.06651924  12.08716595   1.        ]
 [  5.05723464  13.03810049   1.        ]
 [  6.08493311  13.02903883   1.        ]
 [  7.00627809  13.08235155   1.        ]
 [  8.09104705  13.03010691   1.        ]
 [  9.05314106  13.01257121   1.        ]
 [ 10.01567244  13.02771149   1.        ]
 [ 11.04281722  13.0920323    1.        ]
 [ 12.05999081  13.08203429   1.        ]
 [ 13.03692018  13.04613225   1.        ]
 [ 14.0523608   13.04587165   1.        ]
 [  5.08021261  14.02514667   1.        ]
 [  6.03278097  14.076916     1.        ]
 [  7.05341373  14.0302993    1.        ]
 [  8.07196664  14.04584086   1.        ]
 [  9.09582291  14.01508758   1.        ]
 [ 10.08725935  14.01126412   1.        ]
 [ 11.02082657  14.08298937   1.        ]
 [ 12.06508038  14.01155095   1.        ]
 [ 13.07594027  14.01088512   1.        ]
 [ 14.08255879  14.06681572   1.        ]]
Running basin hopping with paramerters:
PARAMETERS BEGIN

epsilon=4.789600
r0=1.207674
sigma=0.141421
PARAMETERS END


E: -1134.3971 accepted 1
E: -1192.0399 accepted 1
E: -1233.1720 accepted 1
E: -1281.3714 accepted 1
E: -1249.4934 accepted 0
E: -1311.4379 accepted 1
E: -1311.4283 accepted 1
E: -1311.4283 accepted 1
E: -1299.9874 accepted 0
E: -1288.4760 accepted 0
E: -1311.4387 accepted 1
E: -1293.2219 accepted 0
E: -1306.1346 accepted 0
E: -1311.4387 accepted 1
E: -1277.6418 accepted 0
E: -1287.8432 accepted 0
E: -1290.6714 accepted 0
E: -1311.4387 accepted 1
E: -1299.2169 accepted 0
E: -1297.7911 accepted 0
E: -1303.8800 accepted 0
E: -1316.8052 accepted 1
E: -1316.5665 accepted 1
E: -1327.5909 accepted 1
E: -1333.0008 accepted 1
E: -1301.8312 accepted 0
E: -1334.7895 accepted 1
E: -1334.8154 accepted 1
E: -1329.5047 accepted 0
E: -1301.8666 accepted 0
E: -1299.8600 accepted 0
E: -1304.3010 accepted 0
E: -1334.8154 accepted 1
E: -1349.2637 accepted 1
E: -1345.0203 accepted 0
E: -1324.7337 accepted 0
E: -1301.9970 accepted 0
E: -1310.0763 accepted 0
E: -1327.2711 accepted 0
E: -1314.6584 accepted 0
Runtime = 4538.682018


