[[  5.06989658   5.03381882   1.        ]
 [  6.01242332   5.04528208   1.        ]
 [  7.05135964   5.08345237   1.        ]
 [  8.04064877   5.05711859   1.        ]
 [  9.0249587    5.0489231    1.        ]
 [ 10.0066962    5.07331482   1.        ]
 [ 11.05569373   5.07760411   1.        ]
 [ 12.02189418   5.04226993   1.        ]
 [ 13.09909841   5.07773576   1.        ]
 [ 14.06706354   5.09496798   1.        ]
 [  5.0811022    6.0341094    1.        ]
 [  6.04916471   6.00942745   1.        ]
 [  7.08315427   6.0468473    1.        ]
 [  8.02792513   6.06779368   1.        ]
 [  9.04698344   6.02791808   1.        ]
 [ 10.06378243   6.01076838   1.        ]
 [ 11.0527448    6.01049421   1.        ]
 [ 12.03528268   6.09518479   1.        ]
 [ 13.07913201   6.09510337   1.        ]
 [ 14.00331064   6.06956054   1.        ]
 [  5.06225878   7.04086787   1.        ]
 [  6.085411     7.0730472    1.        ]
 [  7.01609447   7.09252159   1.        ]
 [  8.04611339   7.00670575   1.        ]
 [  9.07265284   7.06422045   1.        ]
 [ 10.01245518   7.04188761   1.        ]
 [ 11.0359943    7.05243556   1.        ]
 [ 12.09730895   7.09854945   1.        ]
 [ 13.00606694   7.04194777   1.        ]
 [ 14.04016747   7.06096068   1.        ]
 [  5.09523387   8.05088438   1.        ]
 [  6.08359379   8.08987064   1.        ]
 [  7.01763642   8.04091233   1.        ]
 [  8.05353166   8.00845705   1.        ]
 [  9.00679168   8.07853246   1.        ]
 [ 10.04161297   8.02347186   1.        ]
 [ 11.04048867   8.03238272   1.        ]
 [ 12.04148216   8.01204087   1.        ]
 [ 13.08899897   8.0745217    1.        ]
 [ 14.00953439   8.03814373   1.        ]
 [  5.03090484   9.08958458   1.        ]
 [  6.00811696   9.07769494   1.        ]
 [  7.00927706   9.04099014   1.        ]
 [  8.08130385   9.08943747   1.        ]
 [  9.00064255   9.05853699   1.        ]
 [ 10.04184212   9.04026939   1.        ]
 [ 11.07037842   9.05996691   1.        ]
 [ 12.01466186   9.03757409   1.        ]
 [ 13.09520871   9.02994194   1.        ]
 [ 14.04327231   9.00574944   1.        ]
 [  5.02490201  10.00705695   1.        ]
 [  6.0632495   10.03149815   1.        ]
 [  7.03809261  10.0845976    1.        ]
 [  8.03058191  10.0014067    1.        ]
 [  9.0735011   10.05664831   1.        ]
 [ 10.08861636  10.01240548   1.        ]
 [ 11.05714904  10.02779074   1.        ]
 [ 12.03799385  10.00273892   1.        ]
 [ 13.00322462  10.06814392   1.        ]
 [ 14.0209624   10.04506613   1.        ]
 [  5.06908798  11.02538741   1.        ]
 [  6.02671382  11.01850504   1.        ]
 [  7.00474772  11.06591272   1.        ]
 [  8.01357803  11.09748159   1.        ]
 [  9.08167249  11.0603838    1.        ]
 [ 10.00959471  11.09652275   1.        ]
 [ 11.04493847  11.00692428   1.        ]
 [ 12.08415147  11.0853398    1.        ]
 [ 13.08528212  11.03452264   1.        ]
 [ 14.01718624  11.08802123   1.        ]
 [  5.03895659  12.00366288   1.        ]
 [  6.01755333  12.07261346   1.        ]
 [  7.07171947  12.03332045   1.        ]
 [  8.0935808   12.03190847   1.        ]
 [  9.08080403  12.02554029   1.        ]
 [ 10.07682656  12.04980243   1.        ]
 [ 11.04657907  12.08405373   1.        ]
 [ 12.0166186   12.01756185   1.        ]
 [ 13.09502753  12.01280525   1.        ]
 [ 14.03282837  12.00087667   1.        ]
 [  5.0508629   13.04791417   1.        ]
 [  6.06089786  13.04810082   1.        ]
 [  7.0475501   13.05432139   1.        ]
 [  8.01978581  13.00819803   1.        ]
 [  9.03624554  13.05606694   1.        ]
 [ 10.08052321  13.07023849   1.        ]
 [ 11.05930211  13.02216725   1.        ]
 [ 12.0244747   13.07891707   1.        ]
 [ 13.08580101  13.03808475   1.        ]
 [ 14.03204422  13.05748295   1.        ]
 [  5.00484486  14.02558844   1.        ]
 [  6.0865205   14.05945256   1.        ]
 [  7.06126832  14.03028918   1.        ]
 [  8.04377106  14.02565993   1.        ]
 [  9.05632136  14.0262982    1.        ]
 [ 10.08447154  14.06038597   1.        ]
 [ 11.03247988  14.01679828   1.        ]
 [ 12.07832306  14.04668745   1.        ]
 [ 13.00702121  14.02679482   1.        ]
 [ 14.01527881  14.04340749   1.        ]]
Running basin hopping with paramerters:
PARAMETERS BEGIN

epsilon=4.069796
r0=1.173755
sigma=0.141421
PARAMETERS END


E: -1044.3893 accepted 1
E: -1044.9611 accepted 1
E: -1084.3229 accepted 1
E: -1102.3270 accepted 1
E: -1105.4410 accepted 1
E: -1110.3460 accepted 1
E: -1153.0136 accepted 1
E: -1152.8474 accepted 1
E: -1103.5284 accepted 0
E: -1167.0844 accepted 1
E: -1167.1882 accepted 1
E: -1126.7147 accepted 0
E: -1176.2955 accepted 1
E: -1161.6909 accepted 0
E: -1165.8313 accepted 0
E: -1186.4113 accepted 1
E: -1176.6158 accepted 0
E: -1186.4114 accepted 1
E: -1187.9926 accepted 1
E: -1159.8157 accepted 0
E: -1118.3014 accepted 0
E: -1183.8689 accepted 0
E: -1166.6287 accepted 0
E: -1178.5558 accepted 0
E: -1121.5482 accepted 0
Runtime = 2646.256910


