[[  5.03237244   5.02290075   1.        ]
 [  6.09944978   5.05870978   1.        ]
 [  7.03864021   5.06368299   1.        ]
 [  8.01193814   5.0098621    1.        ]
 [  9.0322748    5.09428871   1.        ]
 [ 10.05532654   5.01213848   1.        ]
 [ 11.06641189   5.00812631   1.        ]
 [ 12.09692221   5.02283449   1.        ]
 [ 13.0122208    5.04574604   1.        ]
 [ 14.05121957   5.01030029   1.        ]
 [  5.05248071   6.01496195   1.        ]
 [  6.04312026   6.06640119   1.        ]
 [  7.00914811   6.01492771   1.        ]
 [  8.08929524   6.08038923   1.        ]
 [  9.03250691   6.03444155   1.        ]
 [ 10.08097014   6.07231341   1.        ]
 [ 11.08627288   6.07194365   1.        ]
 [ 12.02432159   6.02982192   1.        ]
 [ 13.0116621    6.01862729   1.        ]
 [ 14.08772934   6.07051721   1.        ]
 [  5.04546416   7.01032072   1.        ]
 [  6.09145079   7.01840618   1.        ]
 [  7.06949736   7.01363815   1.        ]
 [  8.02066907   7.05041499   1.        ]
 [  9.07881509   7.07593495   1.        ]
 [ 10.02122562   7.05449478   1.        ]
 [ 11.04195961   7.07698584   1.        ]
 [ 12.07624533   7.08073062   1.        ]
 [ 13.09626252   7.08906517   1.        ]
 [ 14.06980515   7.08350873   1.        ]
 [  5.0334084    8.00868176   1.        ]
 [  6.09346969   8.04987976   1.        ]
 [  7.05544659   8.03076298   1.        ]
 [  8.04177929   8.00598346   1.        ]
 [  9.00532996   8.00109191   1.        ]
 [ 10.05990585   8.04283959   1.        ]
 [ 11.07609341   8.0432776    1.        ]
 [ 12.00690747   8.08762879   1.        ]
 [ 13.07238586   8.08056384   1.        ]
 [ 14.07609289   8.06865024   1.        ]
 [  5.00000102   9.04393534   1.        ]
 [  6.00576041   9.0901993    1.        ]
 [  7.02550927   9.07075212   1.        ]
 [  8.09450254   9.02311407   1.        ]
 [  9.0513777    9.0091217    1.        ]
 [ 10.05743849   9.04508899   1.        ]
 [ 11.04458194   9.09285248   1.        ]
 [ 12.02786729   9.09264323   1.        ]
 [ 13.01803402   9.03149252   1.        ]
 [ 14.03632909   9.05866258   1.        ]
 [  5.09044318  10.05851385   1.        ]
 [  6.05165923  10.04810074   1.        ]
 [  7.04138082  10.01930497   1.        ]
 [  8.09503272  10.06087738   1.        ]
 [  9.03214043  10.07669519   1.        ]
 [ 10.05563633  10.01083582   1.        ]
 [ 11.0544117   10.06445826   1.        ]
 [ 12.04501164  10.09926308   1.        ]
 [ 13.00684981  10.06680973   1.        ]
 [ 14.05490795  10.06430531   1.        ]
 [  5.08529453  11.05918029   1.        ]
 [  6.01276855  11.02569513   1.        ]
 [  7.02379199  11.0642548    1.        ]
 [  8.0447498   11.06618539   1.        ]
 [  9.05106829  11.00221903   1.        ]
 [ 10.0616652   11.05202013   1.        ]
 [ 11.00817544  11.03315625   1.        ]
 [ 12.06214956  11.05874537   1.        ]
 [ 13.07593797  11.01142443   1.        ]
 [ 14.01899895  11.02573903   1.        ]
 [  5.07467726  12.03436682   1.        ]
 [  6.01305683  12.03866302   1.        ]
 [  7.02106938  12.0493415    1.        ]
 [  8.09689573  12.0023934    1.        ]
 [  9.08837531  12.03646747   1.        ]
 [ 10.07234938  12.02754097   1.        ]
 [ 11.04973342  12.0475866    1.        ]
 [ 12.02176669  12.05725073   1.        ]
 [ 13.00721559  12.02617956   1.        ]
 [ 14.06969285  12.05690257   1.        ]
 [  5.06440987  13.04873465   1.        ]
 [  6.06875379  13.03857554   1.        ]
 [  7.08805178  13.07062661   1.        ]
 [  8.0392354   13.09151056   1.        ]
 [  9.03664691  13.03504672   1.        ]
 [ 10.08655822  13.08680997   1.        ]
 [ 11.01031739  13.08552808   1.        ]
 [ 12.08718544  13.01095699   1.        ]
 [ 13.05852482  13.03125654   1.        ]
 [ 14.05751929  13.05273383   1.        ]
 [  5.06182517  14.05844      1.        ]
 [  6.06934309  14.06409533   1.        ]
 [  7.04760358  14.09520184   1.        ]
 [  8.04133064  14.08735397   1.        ]
 [  9.0853684   14.0600993    1.        ]
 [ 10.0302091   14.00310563   1.        ]
 [ 11.05181568  14.03856194   1.        ]
 [ 12.03855046  14.02830667   1.        ]
 [ 13.07556849  14.03400824   1.        ]
 [ 14.01526899  14.04404552   1.        ]]
Running basin hopping with paramerters:
PARAMETERS BEGIN

epsilon=3.394656
r0=1.153445
sigma=0.141421
PARAMETERS END


E: -902.6680 accepted 1
E: -901.3861 accepted 0
E: -911.3098 accepted 1
E: -957.5660 accepted 1
E: -965.9085 accepted 1
E: -940.3041 accepted 0
E: -960.1403 accepted 0
E: -943.3653 accepted 0
E: -966.1048 accepted 1
E: -966.1059 accepted 1
E: -970.8356 accepted 1
E: -959.2761 accepted 0
E: -929.1371 accepted 0
E: -982.5149 accepted 1
E: -974.2955 accepted 0
E: -939.7895 accepted 0
E: -974.3515 accepted 0
E: -970.3440 accepted 0
E: -949.3244 accepted 0
E: -941.3419 accepted 0
Runtime = 3100.811157


