[[  5.04230739   5.07100564   1.        ]
 [  6.0389816    5.01596499   1.        ]
 [  7.0035345    5.09829456   1.        ]
 [  8.02963639   5.08277964   1.        ]
 [  9.0223476    5.02504333   1.        ]
 [ 10.02103374   5.07663028   1.        ]
 [ 11.05225869   5.04973431   1.        ]
 [ 12.04706022   5.02126614   1.        ]
 [ 13.0754779    5.03289506   1.        ]
 [ 14.05660481   5.05941636   1.        ]
 [  5.06833184   6.05276502   1.        ]
 [  6.03257584   6.04986953   1.        ]
 [  7.05759294   6.08601256   1.        ]
 [  8.07254593   6.06063045   1.        ]
 [  9.0886284    6.01089673   1.        ]
 [ 10.03731572   6.04929945   1.        ]
 [ 11.06979365   6.09378821   1.        ]
 [ 12.03901555   6.04925176   1.        ]
 [ 13.03977976   6.09208109   1.        ]
 [ 14.04249      6.07768648   1.        ]
 [  5.08883162   7.01049518   1.        ]
 [  6.07966937   7.08998522   1.        ]
 [  7.02795281   7.02655968   1.        ]
 [  8.09291852   7.07715744   1.        ]
 [  9.07851256   7.06970503   1.        ]
 [ 10.09272114   7.0007452    1.        ]
 [ 11.09433101   7.08380279   1.        ]
 [ 12.06810044   7.06923556   1.        ]
 [ 13.05468075   7.060044     1.        ]
 [ 14.09763957   7.0291303    1.        ]
 [  5.0471688    8.0599429    1.        ]
 [  6.00162036   8.01424265   1.        ]
 [  7.03593126   8.05495108   1.        ]
 [  8.07734308   8.07321586   1.        ]
 [  9.06437085   8.0096414    1.        ]
 [ 10.07762157   8.01743187   1.        ]
 [ 11.04285281   8.05110891   1.        ]
 [ 12.04031544   8.01886886   1.        ]
 [ 13.07180176   8.04310755   1.        ]
 [ 14.05364156   8.09690716   1.        ]
 [  5.07939698   9.01287972   1.        ]
 [  6.05725186   9.01441227   1.        ]
 [  7.04263747   9.0179668    1.        ]
 [  8.00544116   9.09791563   1.        ]
 [  9.05945298   9.00097286   1.        ]
 [ 10.03975848   9.0978769    1.        ]
 [ 11.00523183   9.05818088   1.        ]
 [ 12.06010573   9.02954643   1.        ]
 [ 13.06087995   9.04729818   1.        ]
 [ 14.03483173   9.03999241   1.        ]
 [  5.05612526  10.0772936    1.        ]
 [  6.05055131  10.0640696    1.        ]
 [  7.01542754  10.02121307   1.        ]
 [  8.03882643  10.00192826   1.        ]
 [  9.03607566  10.00833142   1.        ]
 [ 10.06113787  10.06155429   1.        ]
 [ 11.08392709  10.00352552   1.        ]
 [ 12.07224862  10.04953122   1.        ]
 [ 13.07587327  10.08665171   1.        ]
 [ 14.07028054  10.0803731    1.        ]
 [  5.07786476  11.06995456   1.        ]
 [  6.03445469  11.02407566   1.        ]
 [  7.0108357   11.08699015   1.        ]
 [  8.03603866  11.07317615   1.        ]
 [  9.0957048   11.09784094   1.        ]
 [ 10.03720276  11.03368339   1.        ]
 [ 11.09865146  11.01932854   1.        ]
 [ 12.07632628  11.03227803   1.        ]
 [ 13.00158965  11.01430556   1.        ]
 [ 14.05860809  11.04754017   1.        ]
 [  5.05432509  12.0219091    1.        ]
 [  6.09229488  12.09835154   1.        ]
 [  7.09059318  12.08630557   1.        ]
 [  8.03946251  12.09914604   1.        ]
 [  9.07361433  12.05357365   1.        ]
 [ 10.00953898  12.00544314   1.        ]
 [ 11.0685467   12.03255624   1.        ]
 [ 12.02906514  12.04938837   1.        ]
 [ 13.01503892  12.07447552   1.        ]
 [ 14.03631658  12.07427256   1.        ]
 [  5.05916021  13.06698054   1.        ]
 [  6.06045926  13.0425166    1.        ]
 [  7.04054338  13.07654519   1.        ]
 [  8.03288121  13.09574724   1.        ]
 [  9.01333807  13.07989304   1.        ]
 [ 10.05835446  13.0322785    1.        ]
 [ 11.04775229  13.06938445   1.        ]
 [ 12.02752227  13.08770042   1.        ]
 [ 13.09634532  13.02102883   1.        ]
 [ 14.04430168  13.05650597   1.        ]
 [  5.04005618  14.06371462   1.        ]
 [  6.08145977  14.0200172    1.        ]
 [  7.07093328  14.09070667   1.        ]
 [  8.07845613  14.0047434    1.        ]
 [  9.0562683   14.05381519   1.        ]
 [ 10.02732957  14.04453334   1.        ]
 [ 11.0930702   14.08861213   1.        ]
 [ 12.00232027  14.05311955   1.        ]
 [ 13.09817167  14.02173348   1.        ]
 [ 14.01975056  14.08668506   1.        ]]
Running basin hopping with paramerters:
PARAMETERS BEGIN

epsilon=3.296508
r0=1.266344
sigma=0.141421
PARAMETERS END


E: -793.8832 accepted 1
E: -821.6146 accepted 1
E: -833.6974 accepted 1
E: -833.6160 accepted 1
E: -818.3627 accepted 0
E: -840.5599 accepted 1
E: -846.1741 accepted 1
E: -858.1646 accepted 1
E: -853.5844 accepted 0
E: -853.0810 accepted 0
E: -868.8757 accepted 1
E: -879.1058 accepted 1
E: -879.1057 accepted 1
E: -865.2176 accepted 0
E: -847.7713 accepted 0
E: -836.0331 accepted 0
E: -882.8365 accepted 1
E: -876.2094 accepted 0
E: -886.5864 accepted 1
E: -867.5718 accepted 0
E: -852.6221 accepted 0
E: -883.7502 accepted 0
E: -886.6725 accepted 1
E: -872.5991 accepted 0
E: -860.1947 accepted 0
E: -886.6725 accepted 1
E: -889.4022 accepted 1
E: -886.8194 accepted 0
E: -913.1532 accepted 1
E: -859.2964 accepted 0
E: -917.7544 accepted 1
E: -909.9585 accepted 0
E: -910.0567 accepted 0
E: -917.9081 accepted 1
E: -871.0467 accepted 0
E: -914.7112 accepted 0
E: -910.0567 accepted 0
E: -909.1509 accepted 0
E: -917.9336 accepted 1
E: -920.6558 accepted 1
E: -921.9677 accepted 1
E: -924.4676 accepted 1
E: -928.2416 accepted 1
E: -911.8476 accepted 0
E: -924.1071 accepted 0
E: -928.2420 accepted 1
E: -924.5095 accepted 0
E: -903.1540 accepted 0
E: -917.1123 accepted 0
E: -928.2420 accepted 1
E: -928.2420 accepted 1
E: -928.2419 accepted 1
Runtime = 5322.491122


