[[  5.06514222   5.03504938   1.        ]
 [  6.05713948   5.02037685   1.        ]
 [  7.03007386   5.04789646   1.        ]
 [  8.0024094    5.055381     1.        ]
 [  9.03428262   5.03106652   1.        ]
 [ 10.06392615   5.03848932   1.        ]
 [ 11.0476939    5.06817952   1.        ]
 [ 12.00867563   5.08020946   1.        ]
 [ 13.03886421   5.08303491   1.        ]
 [ 14.05284276   5.03384353   1.        ]
 [  5.08789687   6.07652368   1.        ]
 [  6.0224038    6.04092966   1.        ]
 [  7.05840703   6.08202577   1.        ]
 [  8.02781858   6.04373301   1.        ]
 [  9.07518003   6.05268335   1.        ]
 [ 10.0661696    6.04777093   1.        ]
 [ 11.02520348   6.09965318   1.        ]
 [ 12.08801453   6.00936805   1.        ]
 [ 13.01785935   6.05946806   1.        ]
 [ 14.07804565   6.0562851    1.        ]
 [  5.03799883   7.06971866   1.        ]
 [  6.06099379   7.06441238   1.        ]
 [  7.03798653   7.02327204   1.        ]
 [  8.0917206    7.0351871    1.        ]
 [  9.05548765   7.08717859   1.        ]
 [ 10.09278616   7.09669932   1.        ]
 [ 11.05429533   7.05978257   1.        ]
 [ 12.0865467    7.02767745   1.        ]
 [ 13.01843419   7.00081884   1.        ]
 [ 14.00846204   7.06107619   1.        ]
 [  5.08954233   8.07554126   1.        ]
 [  6.0788708    8.00654676   1.        ]
 [  7.08769331   8.00957147   1.        ]
 [  8.09916947   8.00017766   1.        ]
 [  9.03652163   8.08142519   1.        ]
 [ 10.01554548   8.03857768   1.        ]
 [ 11.07011437   8.05195494   1.        ]
 [ 12.07445964   8.02218689   1.        ]
 [ 13.01127212   8.08033729   1.        ]
 [ 14.02782976   8.04463698   1.        ]
 [  5.0170665    9.09024709   1.        ]
 [  6.05720548   9.04713683   1.        ]
 [  7.09243534   9.05035555   1.        ]
 [  8.08704459   9.06783212   1.        ]
 [  9.00520695   9.01518689   1.        ]
 [ 10.03484505   9.06085266   1.        ]
 [ 11.05610614   9.03940429   1.        ]
 [ 12.08282309   9.05435496   1.        ]
 [ 13.08645393   9.00953437   1.        ]
 [ 14.06682098   9.08511353   1.        ]
 [  5.01870963  10.06534359   1.        ]
 [  6.06248924  10.01254343   1.        ]
 [  7.06780584  10.04521233   1.        ]
 [  8.07472197  10.05945556   1.        ]
 [  9.02358257  10.03689306   1.        ]
 [ 10.06902201  10.08452751   1.        ]
 [ 11.00479175  10.05244697   1.        ]
 [ 12.0812752   10.07751429   1.        ]
 [ 13.04560784  10.05280533   1.        ]
 [ 14.00052636  10.03326171   1.        ]
 [  5.05161882  11.04937114   1.        ]
 [  6.05893309  11.02402391   1.        ]
 [  7.07995655  11.01849327   1.        ]
 [  8.06144064  11.04989038   1.        ]
 [  9.0797311   11.09750765   1.        ]
 [ 10.09336853  11.01138083   1.        ]
 [ 11.07661159  11.05501802   1.        ]
 [ 12.02134004  11.02047285   1.        ]
 [ 13.06833532  11.09633272   1.        ]
 [ 14.09375256  11.07227515   1.        ]
 [  5.00558525  12.02692915   1.        ]
 [  6.0026993   12.00610824   1.        ]
 [  7.06466865  12.06677119   1.        ]
 [  8.05192684  12.01148687   1.        ]
 [  9.06618889  12.00636781   1.        ]
 [ 10.07313577  12.06799725   1.        ]
 [ 11.0880314   12.01330022   1.        ]
 [ 12.04296027  12.05752156   1.        ]
 [ 13.09639718  12.04628863   1.        ]
 [ 14.09007058  12.03202915   1.        ]
 [  5.04296677  13.03280584   1.        ]
 [  6.01481393  13.09288143   1.        ]
 [  7.0937654   13.00430056   1.        ]
 [  8.01929638  13.06213185   1.        ]
 [  9.03684295  13.06900476   1.        ]
 [ 10.07898211  13.09672234   1.        ]
 [ 11.03521385  13.02921085   1.        ]
 [ 12.08676985  13.09708012   1.        ]
 [ 13.01937403  13.07115357   1.        ]
 [ 14.0724004   13.05020658   1.        ]
 [  5.05566436  14.04091318   1.        ]
 [  6.07572207  14.01890307   1.        ]
 [  7.04375052  14.03523996   1.        ]
 [  8.01022854  14.0487782    1.        ]
 [  9.02103204  14.03469006   1.        ]
 [ 10.03048223  14.08592756   1.        ]
 [ 11.08239525  14.00341732   1.        ]
 [ 12.00937102  14.02999893   1.        ]
 [ 13.07680234  14.03941884   1.        ]
 [ 14.03150499  14.01092446   1.        ]]
Running basin hopping with paramerters:
PARAMETERS BEGIN

epsilon=4.056563
r0=1.329447
sigma=0.141421
PARAMETERS END


E: -976.1629 accepted 1
E: -974.5845 accepted 0
E: -1010.1172 accepted 1
E: -1054.2970 accepted 1
E: -983.6790 accepted 0
E: -1023.6308 accepted 0
E: -1014.5712 accepted 0
E: -1018.9517 accepted 0
E: -1009.5134 accepted 0
E: -1061.8139 accepted 1
E: -1039.4001 accepted 0
E: -1023.8649 accepted 0
E: -1015.9283 accepted 0
E: -1021.1090 accepted 0
E: -1047.9697 accepted 0
E: -1086.4809 accepted 1
E: -1098.1533 accepted 1
E: -1089.3110 accepted 0
E: -1083.6741 accepted 0
E: -1049.6149 accepted 0
E: -1047.0998 accepted 0
E: -1068.6200 accepted 0
E: -1080.4129 accepted 0
Runtime = 2190.869765


