[[  5.01349511   5.02523687   1.        ]
 [  6.06735829   5.02837144   1.        ]
 [  7.07573384   5.04488155   1.        ]
 [  8.06722483   5.00983949   1.        ]
 [  9.03396458   5.06503597   1.        ]
 [ 10.08833654   5.03939338   1.        ]
 [ 11.01700572   5.02004307   1.        ]
 [ 12.02786149   5.03061042   1.        ]
 [ 13.08291713   5.07691257   1.        ]
 [ 14.07202521   5.01259866   1.        ]
 [  5.08638897   6.00765847   1.        ]
 [  6.03249623   6.00365271   1.        ]
 [  7.04764461   6.03562112   1.        ]
 [  8.05892869   6.08960268   1.        ]
 [  9.02041269   6.01007937   1.        ]
 [ 10.04586323   6.06354541   1.        ]
 [ 11.03180893   6.04170964   1.        ]
 [ 12.02376566   6.01105012   1.        ]
 [ 13.01557139   6.02374061   1.        ]
 [ 14.0013103    6.09657659   1.        ]
 [  5.0307017    7.00627191   1.        ]
 [  6.02989212   7.04264122   1.        ]
 [  7.096886     7.0938151    1.        ]
 [  8.09108902   7.08644801   1.        ]
 [  9.02968816   7.01887974   1.        ]
 [ 10.07095287   7.02695441   1.        ]
 [ 11.03070984   7.08379827   1.        ]
 [ 12.08440338   7.06643159   1.        ]
 [ 13.0271095    7.00874684   1.        ]
 [ 14.07043279   7.07321833   1.        ]
 [  5.06766734   8.03202472   1.        ]
 [  6.0949884    8.07400037   1.        ]
 [  7.02818036   8.07720922   1.        ]
 [  8.03882224   8.00703572   1.        ]
 [  9.07388933   8.06676488   1.        ]
 [ 10.05020722   8.09655755   1.        ]
 [ 11.0981557    8.03210639   1.        ]
 [ 12.08235395   8.004892     1.        ]
 [ 13.08511879   8.03900174   1.        ]
 [ 14.06428344   8.03620849   1.        ]
 [  5.03612471   9.0379581    1.        ]
 [  6.06042054   9.08566893   1.        ]
 [  7.07329798   9.02057545   1.        ]
 [  8.0125587    9.05259674   1.        ]
 [  9.09682135   9.09557332   1.        ]
 [ 10.02816262   9.08635916   1.        ]
 [ 11.0443478    9.01231372   1.        ]
 [ 12.04545572   9.07182251   1.        ]
 [ 13.01532985   9.09048708   1.        ]
 [ 14.02927363   9.05136011   1.        ]
 [  5.04190164  10.09520771   1.        ]
 [  6.00907248  10.03648833   1.        ]
 [  7.07801732  10.01512641   1.        ]
 [  8.0440108   10.02480044   1.        ]
 [  9.05937715  10.04749198   1.        ]
 [ 10.01434468  10.00079322   1.        ]
 [ 11.09825774  10.08616817   1.        ]
 [ 12.00817784  10.050862     1.        ]
 [ 13.01048943  10.06311886   1.        ]
 [ 14.03894386  10.05879238   1.        ]
 [  5.02353913  11.02858407   1.        ]
 [  6.05981002  11.01349388   1.        ]
 [  7.05099169  11.06707694   1.        ]
 [  8.00470823  11.0686018    1.        ]
 [  9.05819174  11.02976769   1.        ]
 [ 10.05106102  11.0252075    1.        ]
 [ 11.03614901  11.01768779   1.        ]
 [ 12.02971754  11.07936605   1.        ]
 [ 13.0606006   11.09012997   1.        ]
 [ 14.00031032  11.00549738   1.        ]
 [  5.02256394  12.00688934   1.        ]
 [  6.08812415  12.03323899   1.        ]
 [  7.0897307   12.0908913    1.        ]
 [  8.00819628  12.09623708   1.        ]
 [  9.02383026  12.07802149   1.        ]
 [ 10.07725897  12.00325241   1.        ]
 [ 11.08279353  12.09969736   1.        ]
 [ 12.05262023  12.0234442    1.        ]
 [ 13.02630073  12.09758036   1.        ]
 [ 14.06304548  12.02146843   1.        ]
 [  5.05969003  13.0718137    1.        ]
 [  6.07722941  13.02422593   1.        ]
 [  7.01393076  13.09555423   1.        ]
 [  8.0120813   13.0783955    1.        ]
 [  9.09576844  13.00479455   1.        ]
 [ 10.05973649  13.04360012   1.        ]
 [ 11.0310899   13.06552141   1.        ]
 [ 12.01107377  13.00630443   1.        ]
 [ 13.06483486  13.0925162    1.        ]
 [ 14.04094891  13.01075406   1.        ]
 [  5.02933212  14.09976024   1.        ]
 [  6.05805598  14.07033684   1.        ]
 [  7.00917596  14.02192873   1.        ]
 [  8.08127072  14.07409785   1.        ]
 [  9.03667793  14.07141765   1.        ]
 [ 10.06129044  14.07953398   1.        ]
 [ 11.08847847  14.07505021   1.        ]
 [ 12.02064198  14.01137111   1.        ]
 [ 13.06072043  14.07940301   1.        ]
 [ 14.09421778  14.07787474   1.        ]]
Running basin hopping with paramerters:
PARAMETERS BEGIN

epsilon=3.388418
r0=1.239530
sigma=0.141421
PARAMETERS END


E: -829.6108 accepted 1
E: -856.8322 accepted 1
E: -863.8051 accepted 1
E: -836.3993 accepted 0
E: -881.0873 accepted 1
E: -871.3852 accepted 0
E: -893.5386 accepted 1
E: -911.6041 accepted 1
E: -895.0348 accepted 0
E: -909.7861 accepted 0
E: -915.5995 accepted 1
E: -918.7560 accepted 1
E: -927.6610 accepted 1
E: -929.3938 accepted 1
E: -907.0059 accepted 0
E: -961.3706 accepted 1
E: -948.7809 accepted 0
E: -972.4291 accepted 1
E: -970.8743 accepted 0
E: -972.4291 accepted 1
E: -970.0573 accepted 0
E: -944.8801 accepted 0
E: -961.8640 accepted 0
E: -960.8048 accepted 0
Runtime = 2951.856633


