[[  5.03039367   5.09011288   1.        ]
 [  6.04253476   5.04758614   1.        ]
 [  7.06432951   5.07116265   1.        ]
 [  8.00228582   5.02657519   1.        ]
 [  9.0870068    5.05315142   1.        ]
 [ 10.06532271   5.03082618   1.        ]
 [ 11.06781159   5.06523282   1.        ]
 [ 12.07529472   5.03346139   1.        ]
 [ 13.06862351   5.01652249   1.        ]
 [ 14.06391983   5.08557396   1.        ]
 [  5.0924683    6.0161974    1.        ]
 [  6.04022332   6.08575338   1.        ]
 [  7.08363641   6.02165627   1.        ]
 [  8.09768809   6.02735679   1.        ]
 [  9.06682276   6.0189524    1.        ]
 [ 10.07806217   6.09644048   1.        ]
 [ 11.02987245   6.03268806   1.        ]
 [ 12.08678794   6.09911672   1.        ]
 [ 13.03257003   6.0978174    1.        ]
 [ 14.09726192   6.08695233   1.        ]
 [  5.04148455   7.02602984   1.        ]
 [  6.04464264   7.00256116   1.        ]
 [  7.09844333   7.01974432   1.        ]
 [  8.05335304   7.07266736   1.        ]
 [  9.03112277   7.00069578   1.        ]
 [ 10.06503676   7.07866619   1.        ]
 [ 11.00077322   7.05566855   1.        ]
 [ 12.09785615   7.02117315   1.        ]
 [ 13.08310398   7.0604535    1.        ]
 [ 14.0858304    7.09337341   1.        ]
 [  5.0120999    8.01679009   1.        ]
 [  6.02369046   8.08693445   1.        ]
 [  7.0822405    8.06430353   1.        ]
 [  8.09170958   8.08993806   1.        ]
 [  9.04385547   8.02999948   1.        ]
 [ 10.02497616   8.05682139   1.        ]
 [ 11.03966649   8.04739688   1.        ]
 [ 12.04291128   8.00474324   1.        ]
 [ 13.00610003   8.04360322   1.        ]
 [ 14.06729021   8.06012777   1.        ]
 [  5.0359739    9.06843479   1.        ]
 [  6.08676559   9.0047365    1.        ]
 [  7.0538751    9.07230366   1.        ]
 [  8.00916094   9.07933963   1.        ]
 [  9.00170265   9.04972409   1.        ]
 [ 10.08312963   9.00285575   1.        ]
 [ 11.01177351   9.01628125   1.        ]
 [ 12.05672085   9.05192943   1.        ]
 [ 13.08131757   9.02165479   1.        ]
 [ 14.02350555   9.04193021   1.        ]
 [  5.05970579  10.05023627   1.        ]
 [  6.0661856   10.03029741   1.        ]
 [  7.0951806   10.02894264   1.        ]
 [  8.04521507  10.06051898   1.        ]
 [  9.0805088   10.07450359   1.        ]
 [ 10.02471851  10.01628631   1.        ]
 [ 11.03587286  10.01737567   1.        ]
 [ 12.03122166  10.05799574   1.        ]
 [ 13.00214086  10.02631436   1.        ]
 [ 14.05209558  10.06598597   1.        ]
 [  5.07798329  11.0805998    1.        ]
 [  6.00137958  11.00960301   1.        ]
 [  7.02203908  11.02680442   1.        ]
 [  8.01378189  11.00381929   1.        ]
 [  9.06796622  11.04084179   1.        ]
 [ 10.02561801  11.02134988   1.        ]
 [ 11.04755354  11.01431324   1.        ]
 [ 12.05484563  11.06615784   1.        ]
 [ 13.04662107  11.02008604   1.        ]
 [ 14.00298679  11.0488399    1.        ]
 [  5.0232736   12.01141733   1.        ]
 [  6.01908384  12.05776032   1.        ]
 [  7.05355788  12.07717355   1.        ]
 [  8.07663745  12.00807424   1.        ]
 [  9.0409494   12.08260459   1.        ]
 [ 10.03143652  12.05286438   1.        ]
 [ 11.03866523  12.06101842   1.        ]
 [ 12.07341099  12.06385925   1.        ]
 [ 13.05965863  12.04760099   1.        ]
 [ 14.08165517  12.01596791   1.        ]
 [  5.06780211  13.04581979   1.        ]
 [  6.07948172  13.081858     1.        ]
 [  7.08136232  13.01173182   1.        ]
 [  8.05974816  13.04994096   1.        ]
 [  9.07732385  13.02246085   1.        ]
 [ 10.04347879  13.00573417   1.        ]
 [ 11.00986156  13.05028477   1.        ]
 [ 12.09738826  13.03618247   1.        ]
 [ 13.00360792  13.00392879   1.        ]
 [ 14.04891817  13.05141929   1.        ]
 [  5.057698    14.01689738   1.        ]
 [  6.00231993  14.0560378    1.        ]
 [  7.04342995  14.01133095   1.        ]
 [  8.03089225  14.01617106   1.        ]
 [  9.07144466  14.03792468   1.        ]
 [ 10.03356036  14.07556398   1.        ]
 [ 11.04754167  14.04374309   1.        ]
 [ 12.00705381  14.06686848   1.        ]
 [ 13.06050147  14.03963435   1.        ]
 [ 14.05300649  14.04428093   1.        ]]
Running basin hopping with paramerters:
PARAMETERS BEGIN

epsilon=4.210766
r0=1.344647
sigma=0.141421
PARAMETERS END


E: -937.3229 accepted 1
E: -963.5404 accepted 1
E: -979.8037 accepted 1
E: -964.0859 accepted 0
E: -954.3602 accepted 0
E: -976.1053 accepted 0
E: -990.4057 accepted 1
E: -987.0406 accepted 0
E: -979.9829 accepted 0
E: -946.6567 accepted 0
E: -992.4025 accepted 1
E: -993.1439 accepted 1
E: -989.8710 accepted 0
E: -986.4100 accepted 0
E: -1009.4051 accepted 1
E: -1003.3105 accepted 0
E: -1008.0870 accepted 0
E: -1017.1544 accepted 1
E: -1018.9759 accepted 1
E: -995.8996 accepted 0
E: -1019.5329 accepted 1
E: -1023.0150 accepted 1
E: -1028.1889 accepted 1
E: -1028.2829 accepted 1
E: -1031.2552 accepted 1
E: -1040.7542 accepted 1
E: -1028.9380 accepted 0
E: -1006.6835 accepted 0
E: -1039.2602 accepted 0
E: -1039.6616 accepted 0
E: -1041.9333 accepted 1
E: -1045.2698 accepted 1
E: -1020.8682 accepted 0
E: -1036.1793 accepted 0
E: -1044.8861 accepted 1
E: -1040.6772 accepted 0
E: -994.7117 accepted 0
E: -1044.6032 accepted 1
Runtime = 4652.354920


