[[  5.05888622   5.02464094   1.        ]
 [  6.00425129   5.07980891   1.        ]
 [  7.07201853   5.01424378   1.        ]
 [  8.02387021   5.04668707   1.        ]
 [  9.09596261   5.03029507   1.        ]
 [ 10.05525366   5.04487964   1.        ]
 [ 11.05070527   5.04900788   1.        ]
 [ 12.02932547   5.07046954   1.        ]
 [ 13.07545683   5.00645855   1.        ]
 [ 14.01093814   5.02896804   1.        ]
 [  5.02138727   6.0957754    1.        ]
 [  6.02901717   6.07752424   1.        ]
 [  7.08833617   6.07504076   1.        ]
 [  8.04615273   6.05205352   1.        ]
 [  9.00195319   6.00429728   1.        ]
 [ 10.07911132   6.0807132    1.        ]
 [ 11.09123075   6.08245194   1.        ]
 [ 12.08075537   6.07521943   1.        ]
 [ 13.01392121   6.08727608   1.        ]
 [ 14.03016992   6.02429382   1.        ]
 [  5.04991734   7.07111683   1.        ]
 [  6.05310334   7.07680672   1.        ]
 [  7.09567037   7.01862984   1.        ]
 [  8.08395337   7.01853328   1.        ]
 [  9.01385993   7.07357955   1.        ]
 [ 10.03189876   7.046054     1.        ]
 [ 11.00874421   7.03287074   1.        ]
 [ 12.04650445   7.06246999   1.        ]
 [ 13.0572798    7.04042085   1.        ]
 [ 14.05198287   7.02780684   1.        ]
 [  5.00284381   8.09707312   1.        ]
 [  6.09839594   8.00719059   1.        ]
 [  7.04281734   8.09883789   1.        ]
 [  8.02095412   8.06354038   1.        ]
 [  9.00082905   8.02473495   1.        ]
 [ 10.03235217   8.06704866   1.        ]
 [ 11.06161814   8.04316091   1.        ]
 [ 12.0580314    8.05864283   1.        ]
 [ 13.00673637   8.03924447   1.        ]
 [ 14.04847688   8.01399255   1.        ]
 [  5.02746164   9.03826965   1.        ]
 [  6.09307513   9.08939314   1.        ]
 [  7.07533957   9.04704873   1.        ]
 [  8.0404926    9.06781448   1.        ]
 [  9.09666795   9.06122761   1.        ]
 [ 10.09499064   9.08141731   1.        ]
 [ 11.01903451   9.01714891   1.        ]
 [ 12.05304794   9.05524021   1.        ]
 [ 13.0581383    9.06350617   1.        ]
 [ 14.03256272   9.08439383   1.        ]
 [  5.08638302  10.08544479   1.        ]
 [  6.01512301  10.04616367   1.        ]
 [  7.07221378  10.09870669   1.        ]
 [  8.03106714  10.06583739   1.        ]
 [  9.09691697  10.01398449   1.        ]
 [ 10.0875342   10.05372022   1.        ]
 [ 11.0513277   10.04012917   1.        ]
 [ 12.01652928  10.04448786   1.        ]
 [ 13.06744078  10.06338558   1.        ]
 [ 14.00901164  10.03838921   1.        ]
 [  5.07109653  11.05582427   1.        ]
 [  6.07178721  11.0939245    1.        ]
 [  7.00708176  11.08462776   1.        ]
 [  8.07009002  11.05896165   1.        ]
 [  9.07895385  11.03922324   1.        ]
 [ 10.08085408  11.0300657    1.        ]
 [ 11.00366984  11.02793333   1.        ]
 [ 12.0234666   11.05219472   1.        ]
 [ 13.07800171  11.0925291    1.        ]
 [ 14.01652775  11.02528001   1.        ]
 [  5.02671416  12.07500228   1.        ]
 [  6.04038973  12.05284674   1.        ]
 [  7.09867328  12.06190732   1.        ]
 [  8.00484443  12.09128044   1.        ]
 [  9.05807605  12.05465871   1.        ]
 [ 10.02249681  12.04940196   1.        ]
 [ 11.07728756  12.0252444    1.        ]
 [ 12.09384126  12.09249889   1.        ]
 [ 13.01266709  12.01678472   1.        ]
 [ 14.07669087  12.07307603   1.        ]
 [  5.05889692  13.03647412   1.        ]
 [  6.08781692  13.00914527   1.        ]
 [  7.08226783  13.01065031   1.        ]
 [  8.00688805  13.05134235   1.        ]
 [  9.08201091  13.06096587   1.        ]
 [ 10.06184539  13.08690358   1.        ]
 [ 11.02955087  13.01752731   1.        ]
 [ 12.06845338  13.07818008   1.        ]
 [ 13.0177712   13.09386955   1.        ]
 [ 14.08098513  13.02947084   1.        ]
 [  5.01812475  14.06580456   1.        ]
 [  6.09631662  14.03462963   1.        ]
 [  7.09251107  14.04342632   1.        ]
 [  8.08879957  14.05064743   1.        ]
 [  9.07531179  14.07157185   1.        ]
 [ 10.09923216  14.05397119   1.        ]
 [ 11.00537383  14.03591523   1.        ]
 [ 12.02886529  14.02060858   1.        ]
 [ 13.09811473  14.02746578   1.        ]
 [ 14.09535131  14.00344171   1.        ]]
Running basin hopping with paramerters:
PARAMETERS BEGIN

epsilon=4.201734
r0=1.166507
sigma=0.141421
PARAMETERS END


E: -1178.0887 accepted 1
E: -1165.9958 accepted 0
E: -1168.8678 accepted 0
E: -1163.9685 accepted 0
E: -1210.9493 accepted 1
E: -1140.0968 accepted 0
E: -1170.1639 accepted 0
E: -1175.2492 accepted 0
E: -1194.6721 accepted 0
E: -1195.7813 accepted 0
E: -1149.3578 accepted 0
Runtime = 1649.531901


