[[  5.02866936   5.072031     1.        ]
 [  6.03081334   5.08437789   1.        ]
 [  7.05425662   5.04739039   1.        ]
 [  8.09421782   5.03801847   1.        ]
 [  9.09724908   5.04254399   1.        ]
 [ 10.05947498   5.01843072   1.        ]
 [ 11.01252098   5.05997587   1.        ]
 [ 12.0529322    5.05486991   1.        ]
 [ 13.00223994   5.08444037   1.        ]
 [ 14.09944743   5.07666012   1.        ]
 [  5.04473048   6.09687081   1.        ]
 [  6.01230676   6.00649309   1.        ]
 [  7.04228985   6.02268512   1.        ]
 [  8.0430074    6.02286872   1.        ]
 [  9.03577043   6.02229817   1.        ]
 [ 10.06615531   6.06363569   1.        ]
 [ 11.04312912   6.09260422   1.        ]
 [ 12.02684864   6.07279783   1.        ]
 [ 13.00770376   6.02890496   1.        ]
 [ 14.08436364   6.07244702   1.        ]
 [  5.09356541   7.09433469   1.        ]
 [  6.08872423   7.05555462   1.        ]
 [  7.05298644   7.05288684   1.        ]
 [  8.09032986   7.06681506   1.        ]
 [  9.07035828   7.08819216   1.        ]
 [ 10.09918532   7.08186082   1.        ]
 [ 11.00304077   7.02867658   1.        ]
 [ 12.04092853   7.04865139   1.        ]
 [ 13.02545754   7.04853279   1.        ]
 [ 14.08159995   7.05337617   1.        ]
 [  5.01990598   8.02109854   1.        ]
 [  6.05382843   8.08226873   1.        ]
 [  7.07733341   8.00186058   1.        ]
 [  8.09495202   8.05789116   1.        ]
 [  9.01931266   8.00608845   1.        ]
 [ 10.05834141   8.09655275   1.        ]
 [ 11.03572245   8.02939202   1.        ]
 [ 12.00044115   8.06580194   1.        ]
 [ 13.04074094   8.09239374   1.        ]
 [ 14.05257      8.0450959    1.        ]
 [  5.07233677   9.03125273   1.        ]
 [  6.08761498   9.01176395   1.        ]
 [  7.02909995   9.07759954   1.        ]
 [  8.05337528   9.09487436   1.        ]
 [  9.02007141   9.08718726   1.        ]
 [ 10.06750574   9.08697625   1.        ]
 [ 11.04320678   9.06510878   1.        ]
 [ 12.0787539    9.02471479   1.        ]
 [ 13.03689771   9.04764144   1.        ]
 [ 14.07855179   9.0471609    1.        ]
 [  5.02255579  10.00606767   1.        ]
 [  6.01530469  10.07998799   1.        ]
 [  7.06973058  10.06579969   1.        ]
 [  8.08413848  10.00875602   1.        ]
 [  9.09800102  10.07651211   1.        ]
 [ 10.04274502  10.02953623   1.        ]
 [ 11.01472689  10.06640618   1.        ]
 [ 12.0812346   10.09647072   1.        ]
 [ 13.06114907  10.04848012   1.        ]
 [ 14.0788911   10.00462433   1.        ]
 [  5.03729559  11.03537766   1.        ]
 [  6.00853386  11.05204126   1.        ]
 [  7.04976484  11.05413131   1.        ]
 [  8.0150761   11.07574489   1.        ]
 [  9.01631615  11.06217798   1.        ]
 [ 10.09466935  11.04506473   1.        ]
 [ 11.01233159  11.07481591   1.        ]
 [ 12.00718804  11.03507074   1.        ]
 [ 13.08147522  11.09394318   1.        ]
 [ 14.02667174  11.04380493   1.        ]
 [  5.08836033  12.01509847   1.        ]
 [  6.0421396   12.00888785   1.        ]
 [  7.09524011  12.04831791   1.        ]
 [  8.00219997  12.09037067   1.        ]
 [  9.07500655  12.00332707   1.        ]
 [ 10.00900036  12.0096053    1.        ]
 [ 11.09636995  12.00707771   1.        ]
 [ 12.02238615  12.07223887   1.        ]
 [ 13.0048809   12.02762713   1.        ]
 [ 14.01477648  12.02307088   1.        ]
 [  5.07493203  13.00139291   1.        ]
 [  6.06708091  13.04850538   1.        ]
 [  7.08275182  13.02920453   1.        ]
 [  8.08133116  13.00478712   1.        ]
 [  9.09397852  13.06181247   1.        ]
 [ 10.03784853  13.04550743   1.        ]
 [ 11.06870898  13.03562069   1.        ]
 [ 12.01769824  13.00039269   1.        ]
 [ 13.04808146  13.02473587   1.        ]
 [ 14.00950834  13.06841518   1.        ]
 [  5.05239576  14.009558     1.        ]
 [  6.01247149  14.03656022   1.        ]
 [  7.09093272  14.05256629   1.        ]
 [  8.06353371  14.00457517   1.        ]
 [  9.09054732  14.00858962   1.        ]
 [ 10.05102362  14.00887843   1.        ]
 [ 11.01176483  14.02077652   1.        ]
 [ 12.02163057  14.08251677   1.        ]
 [ 13.03061025  14.01624749   1.        ]
 [ 14.04911846  14.09315757   1.        ]]
Running basin hopping with paramerters:
PARAMETERS BEGIN

epsilon=3.952816
r0=1.197081
sigma=0.141421
PARAMETERS END


E: -988.8870 accepted 1
E: -999.3515 accepted 1
E: -1034.5888 accepted 1
E: -1014.9386 accepted 0
E: -1063.4530 accepted 1
E: -1069.8500 accepted 1
E: -1074.2974 accepted 1
E: -1082.2902 accepted 1
E: -1065.9826 accepted 0
E: -1085.0411 accepted 1
E: -1100.6253 accepted 1
E: -1089.4952 accepted 0
E: -1092.0025 accepted 0
E: -1088.8697 accepted 0
E: -1059.3985 accepted 0
E: -1096.5790 accepted 0
E: -1052.1967 accepted 0
Runtime = 2547.861315


