[[  5.05159443   5.03410796   1.        ]
 [  6.05043266   5.08370439   1.        ]
 [  7.07125419   5.00121294   1.        ]
 [  8.00582567   5.01800526   1.        ]
 [  9.00970956   5.00064116   1.        ]
 [ 10.07425826   5.00107431   1.        ]
 [ 11.07470445   5.07155676   1.        ]
 [ 12.09672358   5.0787263    1.        ]
 [ 13.00240333   5.06626958   1.        ]
 [ 14.03379822   5.05244417   1.        ]
 [  5.03311293   6.01798154   1.        ]
 [  6.05947218   6.03866006   1.        ]
 [  7.07075166   6.0062624    1.        ]
 [  8.03539328   6.08771127   1.        ]
 [  9.0482178    6.06105028   1.        ]
 [ 10.09173161   6.0591079    1.        ]
 [ 11.08604757   6.01116015   1.        ]
 [ 12.04236535   6.00464113   1.        ]
 [ 13.08561856   6.09047263   1.        ]
 [ 14.06214706   6.03039699   1.        ]
 [  5.02052627   7.03426182   1.        ]
 [  6.04488759   7.02935576   1.        ]
 [  7.07443812   7.06577577   1.        ]
 [  8.08192406   7.07685558   1.        ]
 [  9.09972885   7.08962166   1.        ]
 [ 10.00680705   7.08686877   1.        ]
 [ 11.09467853   7.00753471   1.        ]
 [ 12.0460367    7.01357948   1.        ]
 [ 13.03736281   7.05701113   1.        ]
 [ 14.049744     7.08104417   1.        ]
 [  5.07265531   8.04743275   1.        ]
 [  6.0694945    8.09734211   1.        ]
 [  7.0899728    8.08241167   1.        ]
 [  8.0690708    8.08201584   1.        ]
 [  9.06340738   8.03970377   1.        ]
 [ 10.09611876   8.05852165   1.        ]
 [ 11.09734871   8.07232709   1.        ]
 [ 12.01357771   8.0000503    1.        ]
 [ 13.07442611   8.06855781   1.        ]
 [ 14.0702909    8.04856552   1.        ]
 [  5.02344881   9.00257333   1.        ]
 [  6.00765731   9.00834164   1.        ]
 [  7.09210581   9.00632918   1.        ]
 [  8.0624601    9.01598237   1.        ]
 [  9.04099965   9.05104835   1.        ]
 [ 10.07690783   9.00012509   1.        ]
 [ 11.08257462   9.02058011   1.        ]
 [ 12.00218461   9.09542733   1.        ]
 [ 13.0800982    9.03388109   1.        ]
 [ 14.02960166   9.08546558   1.        ]
 [  5.07089472  10.06085795   1.        ]
 [  6.01299351  10.05019654   1.        ]
 [  7.08772993  10.05174904   1.        ]
 [  8.0150517   10.07676857   1.        ]
 [  9.04909384  10.0867939    1.        ]
 [ 10.08405011  10.07056892   1.        ]
 [ 11.03266115  10.05687218   1.        ]
 [ 12.07745191  10.05704102   1.        ]
 [ 13.02863485  10.06721574   1.        ]
 [ 14.00246453  10.06326592   1.        ]
 [  5.04780642  11.07436076   1.        ]
 [  6.0627855   11.09461746   1.        ]
 [  7.0292358   11.01314699   1.        ]
 [  8.09358528  11.05529287   1.        ]
 [  9.09131941  11.01576101   1.        ]
 [ 10.03826551  11.02914364   1.        ]
 [ 11.02329653  11.04415036   1.        ]
 [ 12.01023236  11.09702275   1.        ]
 [ 13.08495152  11.08816954   1.        ]
 [ 14.03524983  11.07480894   1.        ]
 [  5.06224773  12.08953679   1.        ]
 [  6.09707419  12.02895515   1.        ]
 [  7.0728902   12.03560186   1.        ]
 [  8.00484256  12.03769051   1.        ]
 [  9.08790033  12.04272817   1.        ]
 [ 10.01029535  12.07575907   1.        ]
 [ 11.03682449  12.06045694   1.        ]
 [ 12.09506373  12.07876776   1.        ]
 [ 13.03943195  12.03256403   1.        ]
 [ 14.08630161  12.08396197   1.        ]
 [  5.0121605   13.04779845   1.        ]
 [  6.09045157  13.09319408   1.        ]
 [  7.03666168  13.09056559   1.        ]
 [  8.01686696  13.02873759   1.        ]
 [  9.08398166  13.0160958    1.        ]
 [ 10.07627087  13.00366739   1.        ]
 [ 11.05226557  13.09175296   1.        ]
 [ 12.05588429  13.05849401   1.        ]
 [ 13.01953304  13.04256346   1.        ]
 [ 14.00069547  13.07656206   1.        ]
 [  5.01792276  14.09209495   1.        ]
 [  6.07014428  14.07325911   1.        ]
 [  7.0397557   14.04674667   1.        ]
 [  8.02896786  14.08535489   1.        ]
 [  9.02231639  14.05653408   1.        ]
 [ 10.08650416  14.01924544   1.        ]
 [ 11.07282132  14.08879581   1.        ]
 [ 12.01885807  14.0328797    1.        ]
 [ 13.06824354  14.07460287   1.        ]
 [ 14.02873595  14.08291642   1.        ]]
Running basin hopping with paramerters:
PARAMETERS BEGIN

epsilon=4.606492
r0=1.240871
sigma=0.141421
PARAMETERS END


E: -1117.6548 accepted 1
E: -1154.4757 accepted 1
E: -1151.3274 accepted 0
E: -1155.1328 accepted 1
E: -1124.4553 accepted 0
E: -1149.8896 accepted 0
E: -1104.8196 accepted 0
E: -1170.5637 accepted 1
E: -1147.2677 accepted 0
E: -1127.6673 accepted 0
E: -1099.2473 accepted 0
E: -1148.0632 accepted 0
E: -1170.8309 accepted 1
E: -1201.2734 accepted 1
E: -1197.1770 accepted 0
E: -1208.3610 accepted 1
E: -1197.0925 accepted 0
E: -1184.4420 accepted 0
E: -1204.0466 accepted 0
E: -1182.3343 accepted 0
E: -1212.5163 accepted 1
E: -1191.6448 accepted 0
E: -1162.4370 accepted 0
E: -1227.8660 accepted 1
E: -1227.9715 accepted 1
E: -1216.6763 accepted 0
E: -1227.2582 accepted 0
E: -1229.0917 accepted 1
E: -1242.0754 accepted 1
E: -1241.3934 accepted 0
E: -1211.6183 accepted 0
E: -1199.1182 accepted 0
E: -1253.2622 accepted 1
E: -1254.8488 accepted 1
E: -1272.1795 accepted 1
E: -1222.5230 accepted 0
E: -1273.7998 accepted 1
E: -1253.2090 accepted 0
E: -1252.7783 accepted 0
E: -1268.6830 accepted 0
E: -1261.3903 accepted 0
E: -1252.7658 accepted 0
E: -1248.2550 accepted 0
Runtime = 6310.966889


