[[  5.03228026   5.05333719   1.        ]
 [  6.04341191   5.04309947   1.        ]
 [  7.04198008   5.00868579   1.        ]
 [  8.02220383   5.05116063   1.        ]
 [  9.07116314   5.05369488   1.        ]
 [ 10.03361342   5.0920565    1.        ]
 [ 11.07811177   5.00802276   1.        ]
 [ 12.03733286   5.00453717   1.        ]
 [ 13.03097153   5.04114399   1.        ]
 [ 14.00409656   5.04949652   1.        ]
 [  5.00549947   6.08564849   1.        ]
 [  6.03928665   6.08922611   1.        ]
 [  7.06516786   6.02427039   1.        ]
 [  8.03607473   6.00044149   1.        ]
 [  9.07628301   6.06586889   1.        ]
 [ 10.05362772   6.06203641   1.        ]
 [ 11.00855438   6.01472683   1.        ]
 [ 12.05876129   6.094192     1.        ]
 [ 13.02905069   6.08589578   1.        ]
 [ 14.0116683    6.03026742   1.        ]
 [  5.04393248   7.05430191   1.        ]
 [  6.02632436   7.01393388   1.        ]
 [  7.02193882   7.05441421   1.        ]
 [  8.00771934   7.04693446   1.        ]
 [  9.09624534   7.01435327   1.        ]
 [ 10.02470493   7.08323134   1.        ]
 [ 11.07715452   7.07549397   1.        ]
 [ 12.06528469   7.02458531   1.        ]
 [ 13.02690805   7.04747901   1.        ]
 [ 14.00213828   7.00448373   1.        ]
 [  5.06589328   8.06943106   1.        ]
 [  6.07598375   8.08857789   1.        ]
 [  7.01452097   8.09527085   1.        ]
 [  8.02880298   8.02487796   1.        ]
 [  9.0982483    8.03662891   1.        ]
 [ 10.09201519   8.01791756   1.        ]
 [ 11.0431715    8.02259513   1.        ]
 [ 12.06977222   8.01184607   1.        ]
 [ 13.05104005   8.00744306   1.        ]
 [ 14.04072969   8.02303748   1.        ]
 [  5.01107716   9.02305443   1.        ]
 [  6.08558749   9.07969533   1.        ]
 [  7.02968012   9.03533624   1.        ]
 [  8.04608647   9.08318916   1.        ]
 [  9.01091972   9.00595964   1.        ]
 [ 10.00526124   9.06901185   1.        ]
 [ 11.09074444   9.0146814    1.        ]
 [ 12.03457506   9.07169893   1.        ]
 [ 13.02866473   9.0669108    1.        ]
 [ 14.02826528   9.0884297    1.        ]
 [  5.0242561   10.08198965   1.        ]
 [  6.09263404  10.02634038   1.        ]
 [  7.01990969  10.00490804   1.        ]
 [  8.08586286  10.0074278    1.        ]
 [  9.07245445  10.01933439   1.        ]
 [ 10.0056596   10.08472799   1.        ]
 [ 11.02667318  10.05924552   1.        ]
 [ 12.02625945  10.03861424   1.        ]
 [ 13.09896119  10.04530405   1.        ]
 [ 14.04129695  10.09078248   1.        ]
 [  5.05378866  11.02033193   1.        ]
 [  6.08869666  11.07213567   1.        ]
 [  7.05044725  11.00853341   1.        ]
 [  8.09196728  11.04051732   1.        ]
 [  9.06848021  11.0828016    1.        ]
 [ 10.0666751   11.06819716   1.        ]
 [ 11.01931837  11.0158531    1.        ]
 [ 12.03242811  11.01405107   1.        ]
 [ 13.06770541  11.00187034   1.        ]
 [ 14.08015126  11.01588837   1.        ]
 [  5.09180021  12.0062772    1.        ]
 [  6.08802719  12.08483899   1.        ]
 [  7.06433497  12.09006806   1.        ]
 [  8.03546403  12.059203     1.        ]
 [  9.06033602  12.05054525   1.        ]
 [ 10.07748109  12.07837493   1.        ]
 [ 11.06901812  12.00435172   1.        ]
 [ 12.01369587  12.03093296   1.        ]
 [ 13.03644865  12.05246833   1.        ]
 [ 14.05587326  12.04275395   1.        ]
 [  5.05721526  13.03844209   1.        ]
 [  6.0511123   13.04923165   1.        ]
 [  7.06564823  13.05921301   1.        ]
 [  8.09776879  13.07096244   1.        ]
 [  9.07766017  13.09565706   1.        ]
 [ 10.01352426  13.07059659   1.        ]
 [ 11.07817232  13.06915171   1.        ]
 [ 12.06131715  13.01654784   1.        ]
 [ 13.09997785  13.00766745   1.        ]
 [ 14.01034927  13.03548055   1.        ]
 [  5.05080507  14.08961787   1.        ]
 [  6.0338568   14.05224877   1.        ]
 [  7.02766734  14.0536572    1.        ]
 [  8.05653966  14.0652025    1.        ]
 [  9.09486454  14.01400514   1.        ]
 [ 10.09894608  14.06513576   1.        ]
 [ 11.0953157   14.08100661   1.        ]
 [ 12.08867917  14.01576158   1.        ]
 [ 13.02730154  14.09218788   1.        ]
 [ 14.04308214  14.00826279   1.        ]]
Running basin hopping with paramerters:
PARAMETERS BEGIN

epsilon=0.955074
r0=1.413288
sigma=0.141421
PARAMETERS END


E: -290.5572 accepted 1
E: -285.8030 accepted 0
E: -284.4297 accepted 0
E: -296.1819 accepted 1
E: -291.1114 accepted 0
E: -315.0447 accepted 1
E: -308.8943 accepted 0
E: -306.3537 accepted 0
E: -307.0385 accepted 0
E: -307.8003 accepted 0
E: -309.9373 accepted 0
E: -316.6699 accepted 1
E: -316.3648 accepted 0
E: -315.8229 accepted 0
E: -312.9630 accepted 0
E: -310.5349 accepted 0
E: -322.8230 accepted 1
E: -317.5797 accepted 0
E: -323.5358 accepted 1
E: -322.4735 accepted 0
E: -320.4209 accepted 0
E: -335.9892 accepted 1
E: -331.2830 accepted 0
E: -321.3519 accepted 0
E: -315.8650 accepted 0
E: -331.9964 accepted 0
E: -319.6589 accepted 0
E: -325.2599 accepted 0
Runtime = 4745.796074


