[[  5.09291387   5.02303169   1.        ]
 [  6.01319642   5.0647978    1.        ]
 [  7.09217675   5.02223638   1.        ]
 [  8.03490116   5.0341422    1.        ]
 [  9.05591053   5.07651802   1.        ]
 [ 10.04659551   5.03858876   1.        ]
 [ 11.04720304   5.04218894   1.        ]
 [ 12.05824248   5.00784      1.        ]
 [ 13.01331935   5.0172069    1.        ]
 [ 14.04170562   5.05938773   1.        ]
 [  5.0332291    6.08644047   1.        ]
 [  6.04383125   6.08220951   1.        ]
 [  7.08729134   6.08673348   1.        ]
 [  8.0182393    6.05862717   1.        ]
 [  9.051236     6.00980365   1.        ]
 [ 10.02710886   6.08513153   1.        ]
 [ 11.09227958   6.07101839   1.        ]
 [ 12.06093771   6.08289783   1.        ]
 [ 13.03545563   6.00896694   1.        ]
 [ 14.07874944   6.05344604   1.        ]
 [  5.09638436   7.03534795   1.        ]
 [  6.0649274    7.08071226   1.        ]
 [  7.04244521   7.01695359   1.        ]
 [  8.01482326   7.08271419   1.        ]
 [  9.00238015   7.06294431   1.        ]
 [ 10.04513238   7.00174919   1.        ]
 [ 11.06269787   7.09982048   1.        ]
 [ 12.02937102   7.07665304   1.        ]
 [ 13.0733023    7.09517926   1.        ]
 [ 14.09819941   7.03385824   1.        ]
 [  5.04126632   8.07991258   1.        ]
 [  6.09347792   8.08923474   1.        ]
 [  7.09228267   8.06147464   1.        ]
 [  8.06953492   8.07049761   1.        ]
 [  9.00804116   8.07944317   1.        ]
 [ 10.06675861   8.08720112   1.        ]
 [ 11.03446426   8.06902538   1.        ]
 [ 12.0818548    8.04010025   1.        ]
 [ 13.00781406   8.09073077   1.        ]
 [ 14.02546173   8.05744057   1.        ]
 [  5.02342894   9.04643056   1.        ]
 [  6.05414073   9.08619045   1.        ]
 [  7.02996103   9.01429337   1.        ]
 [  8.04555064   9.00614239   1.        ]
 [  9.0356275    9.01478112   1.        ]
 [ 10.08359214   9.04967275   1.        ]
 [ 11.09554784   9.05291593   1.        ]
 [ 12.09939562   9.04847302   1.        ]
 [ 13.09297693   9.03452755   1.        ]
 [ 14.05035054   9.07866863   1.        ]
 [  5.00441545  10.00466724   1.        ]
 [  6.01525107  10.01485966   1.        ]
 [  7.0756164   10.09422018   1.        ]
 [  8.01826103  10.04684869   1.        ]
 [  9.09522991  10.08680779   1.        ]
 [ 10.03937894  10.06028638   1.        ]
 [ 11.02675963  10.06033604   1.        ]
 [ 12.00425935  10.06441982   1.        ]
 [ 13.00088018  10.06694497   1.        ]
 [ 14.05018579  10.05079614   1.        ]
 [  5.07920366  11.07343846   1.        ]
 [  6.02993817  11.09169923   1.        ]
 [  7.07038152  11.02737177   1.        ]
 [  8.02598283  11.04762569   1.        ]
 [  9.01717479  11.09065078   1.        ]
 [ 10.00078956  11.00110954   1.        ]
 [ 11.08652545  11.08989228   1.        ]
 [ 12.06113118  11.01072173   1.        ]
 [ 13.01162919  11.05034982   1.        ]
 [ 14.09124172  11.07967253   1.        ]
 [  5.01219272  12.06869839   1.        ]
 [  6.00766852  12.01607769   1.        ]
 [  7.07048831  12.07910397   1.        ]
 [  8.00825822  12.02867138   1.        ]
 [  9.09242199  12.07500386   1.        ]
 [ 10.02330779  12.09199719   1.        ]
 [ 11.08381351  12.01807963   1.        ]
 [ 12.0321504   12.07229908   1.        ]
 [ 13.06898558  12.07041783   1.        ]
 [ 14.0996169   12.06954344   1.        ]
 [  5.07158934  13.03328338   1.        ]
 [  6.07908365  13.08168395   1.        ]
 [  7.09482417  13.00936078   1.        ]
 [  8.00086654  13.03993919   1.        ]
 [  9.04160437  13.0652757    1.        ]
 [ 10.0964362   13.05836422   1.        ]
 [ 11.09876131  13.00192826   1.        ]
 [ 12.02735935  13.04342897   1.        ]
 [ 13.09313749  13.06069678   1.        ]
 [ 14.09867371  13.07966137   1.        ]
 [  5.07036585  14.02665488   1.        ]
 [  6.0330102   14.00085359   1.        ]
 [  7.08488147  14.06126943   1.        ]
 [  8.01155529  14.06812723   1.        ]
 [  9.00269622  14.03134087   1.        ]
 [ 10.02501417  14.04315776   1.        ]
 [ 11.05567421  14.00866416   1.        ]
 [ 12.02017501  14.04125309   1.        ]
 [ 13.08399315  14.02180655   1.        ]
 [ 14.02264469  14.03220107   1.        ]]
Running basin hopping with paramerters:
PARAMETERS BEGIN

epsilon=0.950726
r0=1.373096
sigma=0.141421
PARAMETERS END


E: -326.5032 accepted 1
E: -322.6887 accepted 0
E: -326.0575 accepted 0
E: -320.6058 accepted 0
E: -324.1721 accepted 1
E: -317.9488 accepted 0
E: -313.5522 accepted 0
Runtime = 2793.266339


