[[  5.09893769   5.02561643   1.        ]
 [  6.00897868   5.08190401   1.        ]
 [  7.08343665   5.0225913    1.        ]
 [  8.07145961   5.00238751   1.        ]
 [  9.09346747   5.02643716   1.        ]
 [ 10.02743943   5.05572383   1.        ]
 [ 11.05314767   5.0943122    1.        ]
 [ 12.04142392   5.09922247   1.        ]
 [ 13.00336378   5.018894     1.        ]
 [ 14.04529998   5.07305914   1.        ]
 [  5.02278303   6.01384002   1.        ]
 [  6.07569901   6.01294485   1.        ]
 [  7.07414486   6.02990458   1.        ]
 [  8.05275422   6.04577323   1.        ]
 [  9.06818418   6.09644625   1.        ]
 [ 10.09285928   6.02051794   1.        ]
 [ 11.0916814    6.08238166   1.        ]
 [ 12.08788209   6.0199241    1.        ]
 [ 13.03712535   6.07365851   1.        ]
 [ 14.0597598    6.03616372   1.        ]
 [  5.08497056   7.04798408   1.        ]
 [  6.0777078    7.02558436   1.        ]
 [  7.00944362   7.02974272   1.        ]
 [  8.08148958   7.07635004   1.        ]
 [  9.00489761   7.01972534   1.        ]
 [ 10.04227981   7.08783215   1.        ]
 [ 11.08384812   7.00401095   1.        ]
 [ 12.06233256   7.00933259   1.        ]
 [ 13.06549778   7.07410496   1.        ]
 [ 14.04675354   7.09127457   1.        ]
 [  5.01332587   8.05594109   1.        ]
 [  6.03663793   8.00846818   1.        ]
 [  7.06054091   8.08830468   1.        ]
 [  8.00579616   8.04127289   1.        ]
 [  9.05102328   8.00772675   1.        ]
 [ 10.06582146   8.01478952   1.        ]
 [ 11.07746248   8.05676814   1.        ]
 [ 12.01263187   8.00671044   1.        ]
 [ 13.05017843   8.08103595   1.        ]
 [ 14.05579778   8.01182653   1.        ]
 [  5.03421457   9.09062812   1.        ]
 [  6.08221685   9.01786325   1.        ]
 [  7.03412426   9.06628994   1.        ]
 [  8.07022208   9.00290397   1.        ]
 [  9.03654999   9.00100789   1.        ]
 [ 10.02447319   9.07220731   1.        ]
 [ 11.04726148   9.08328471   1.        ]
 [ 12.05808705   9.05164714   1.        ]
 [ 13.00494781   9.09908668   1.        ]
 [ 14.0618034    9.09168057   1.        ]
 [  5.05745481  10.06417863   1.        ]
 [  6.00647267  10.07474825   1.        ]
 [  7.02804924  10.06377724   1.        ]
 [  8.01980831  10.07952983   1.        ]
 [  9.06964288  10.05128633   1.        ]
 [ 10.0737015   10.09065383   1.        ]
 [ 11.05708939  10.06704094   1.        ]
 [ 12.01827129  10.08814814   1.        ]
 [ 13.03271893  10.04173599   1.        ]
 [ 14.03106992  10.02324163   1.        ]
 [  5.0352243   11.00491977   1.        ]
 [  6.04227458  11.00421003   1.        ]
 [  7.04554909  11.09266352   1.        ]
 [  8.07666958  11.04592897   1.        ]
 [  9.07924168  11.00818877   1.        ]
 [ 10.07695565  11.05615168   1.        ]
 [ 11.05320632  11.04677468   1.        ]
 [ 12.0601029   11.08389311   1.        ]
 [ 13.09619983  11.03118798   1.        ]
 [ 14.07298353  11.0525567    1.        ]
 [  5.09496754  12.00164975   1.        ]
 [  6.04561042  12.05250446   1.        ]
 [  7.0982884   12.09749959   1.        ]
 [  8.08242669  12.0406879    1.        ]
 [  9.03608452  12.00900443   1.        ]
 [ 10.0771556   12.04672948   1.        ]
 [ 11.05720985  12.01733307   1.        ]
 [ 12.01863341  12.03303286   1.        ]
 [ 13.02007924  12.02890897   1.        ]
 [ 14.00285322  12.01233846   1.        ]
 [  5.00630046  13.09126338   1.        ]
 [  6.0507986   13.07666087   1.        ]
 [  7.09659034  13.05389927   1.        ]
 [  8.00356433  13.04534824   1.        ]
 [  9.06580409  13.08808629   1.        ]
 [ 10.05486279  13.06127646   1.        ]
 [ 11.03794066  13.07098491   1.        ]
 [ 12.08767667  13.07337246   1.        ]
 [ 13.06662874  13.04291795   1.        ]
 [ 14.0285472   13.01220694   1.        ]
 [  5.09402294  14.00751794   1.        ]
 [  6.02311254  14.07789614   1.        ]
 [  7.0751516   14.02532175   1.        ]
 [  8.05309662  14.03897039   1.        ]
 [  9.02142055  14.06844859   1.        ]
 [ 10.06508489  14.05676076   1.        ]
 [ 11.09429475  14.00629152   1.        ]
 [ 12.06934107  14.02308883   1.        ]
 [ 13.04193407  14.06263182   1.        ]
 [ 14.08378102  14.00423268   1.        ]]
Running basin hopping with paramerters:
PARAMETERS BEGIN

epsilon=3.948130
r0=1.200287
sigma=0.141421
PARAMETERS END


E: -888.5274 accepted 1
E: -946.2498 accepted 1
E: -964.9217 accepted 1
E: -975.7684 accepted 1
E: -989.2538 accepted 1
E: -1002.3515 accepted 1
E: -1029.4240 accepted 1
E: -1007.7298 accepted 0
E: -1012.4465 accepted 0
E: -1002.2434 accepted 0
E: -1027.7522 accepted 0
E: -1017.3305 accepted 0
E: -1030.9653 accepted 1
E: -1050.1738 accepted 1
E: -1053.6079 accepted 1
E: -1062.7145 accepted 1
E: -1058.1145 accepted 0
E: -1042.8155 accepted 0
E: -999.0229 accepted 0
E: -1067.2966 accepted 1
E: -1062.8012 accepted 0
E: -1037.9616 accepted 0
E: -1035.5213 accepted 0
E: -1061.2469 accepted 0
E: -1062.8341 accepted 0
E: -1046.8467 accepted 0
Runtime = 2570.519445


