[[  5.00466832   5.01602116   1.        ]
 [  6.05813732   5.06913251   1.        ]
 [  7.03462015   5.00150389   1.        ]
 [  8.06972388   5.03751582   1.        ]
 [  9.04507972   5.04439686   1.        ]
 [ 10.00760166   5.09639529   1.        ]
 [ 11.08704833   5.06522363   1.        ]
 [ 12.0939074    5.00324732   1.        ]
 [ 13.09804309   5.06127833   1.        ]
 [ 14.03610989   5.03487294   1.        ]
 [  5.00812672   6.00105429   1.        ]
 [  6.05260062   6.04068814   1.        ]
 [  7.01431794   6.00199261   1.        ]
 [  8.02068214   6.03017628   1.        ]
 [  9.09359684   6.0317229    1.        ]
 [ 10.00950881   6.01679443   1.        ]
 [ 11.07597701   6.05143577   1.        ]
 [ 12.03726219   6.09384585   1.        ]
 [ 13.08290096   6.02757461   1.        ]
 [ 14.08182349   6.01282889   1.        ]
 [  5.00943522   7.05643921   1.        ]
 [  6.02311929   7.0329824    1.        ]
 [  7.048703     7.00472595   1.        ]
 [  8.01452819   7.08332313   1.        ]
 [  9.00333237   7.07308895   1.        ]
 [ 10.0270668    7.04430175   1.        ]
 [ 11.01760536   7.0676714    1.        ]
 [ 12.00685243   7.06937183   1.        ]
 [ 13.03081201   7.03124085   1.        ]
 [ 14.02697104   7.06704658   1.        ]
 [  5.0970245    8.00361251   1.        ]
 [  6.01821538   8.09097127   1.        ]
 [  7.09409729   8.09755443   1.        ]
 [  8.01459074   8.02231695   1.        ]
 [  9.05038902   8.03912574   1.        ]
 [ 10.01247958   8.00829712   1.        ]
 [ 11.08380327   8.09054468   1.        ]
 [ 12.09094328   8.01199243   1.        ]
 [ 13.03079685   8.04366383   1.        ]
 [ 14.02073365   8.0588728    1.        ]
 [  5.08195982   9.02592098   1.        ]
 [  6.0080107    9.09506072   1.        ]
 [  7.0741556    9.01572896   1.        ]
 [  8.00584989   9.01407736   1.        ]
 [  9.03618035   9.06926355   1.        ]
 [ 10.08897214   9.01538236   1.        ]
 [ 11.03074367   9.06644037   1.        ]
 [ 12.02652451   9.0203398    1.        ]
 [ 13.03501201   9.0420875    1.        ]
 [ 14.01459062   9.08831299   1.        ]
 [  5.01825347  10.05087094   1.        ]
 [  6.01593626  10.03271076   1.        ]
 [  7.09508565  10.07378437   1.        ]
 [  8.02952088  10.0452725    1.        ]
 [  9.09804754  10.02696329   1.        ]
 [ 10.04636924  10.03307272   1.        ]
 [ 11.01347684  10.02423136   1.        ]
 [ 12.04814051  10.03822683   1.        ]
 [ 13.05809032  10.05501128   1.        ]
 [ 14.04066129  10.01509671   1.        ]
 [  5.00532449  11.00040793   1.        ]
 [  6.03458915  11.05636348   1.        ]
 [  7.00079734  11.01905515   1.        ]
 [  8.09562492  11.08543175   1.        ]
 [  9.06850222  11.06765947   1.        ]
 [ 10.06613793  11.06420431   1.        ]
 [ 11.05773973  11.03528521   1.        ]
 [ 12.03549301  11.02596502   1.        ]
 [ 13.01320815  11.03656579   1.        ]
 [ 14.06198563  11.04413687   1.        ]
 [  5.00469564  12.09960572   1.        ]
 [  6.06495676  12.03537294   1.        ]
 [  7.06150472  12.07226448   1.        ]
 [  8.07280906  12.00010103   1.        ]
 [  9.00992895  12.07559116   1.        ]
 [ 10.07103248  12.02976411   1.        ]
 [ 11.01894459  12.0418324    1.        ]
 [ 12.06523442  12.0999293    1.        ]
 [ 13.07737821  12.07950062   1.        ]
 [ 14.00416595  12.07507412   1.        ]
 [  5.09606433  13.07866269   1.        ]
 [  6.03981857  13.096499     1.        ]
 [  7.07217381  13.06263913   1.        ]
 [  8.01080378  13.06494616   1.        ]
 [  9.04411476  13.01603136   1.        ]
 [ 10.06587376  13.07127205   1.        ]
 [ 11.0428401   13.07965876   1.        ]
 [ 12.01194635  13.09154455   1.        ]
 [ 13.06019689  13.01208296   1.        ]
 [ 14.08042679  13.01570686   1.        ]
 [  5.06471691  14.02819301   1.        ]
 [  6.0870592   14.02881168   1.        ]
 [  7.08731407  14.05359693   1.        ]
 [  8.05355645  14.01131323   1.        ]
 [  9.03279413  14.04192957   1.        ]
 [ 10.07433868  14.08196098   1.        ]
 [ 11.09951258  14.00433231   1.        ]
 [ 12.07346282  14.05720078   1.        ]
 [ 13.08130336  14.07809184   1.        ]
 [ 14.02533576  14.02309354   1.        ]]
Running basin hopping with paramerters:
PARAMETERS BEGIN

epsilon=0.832368
r0=1.416587
sigma=0.141421
PARAMETERS END


E: -304.2348 accepted 1
E: -311.5573 accepted 1
E: -318.2457 accepted 1
E: -331.4549 accepted 1
E: -329.4865 accepted 0
E: -332.4986 accepted 1
E: -327.8069 accepted 0
E: -329.3681 accepted 0
E: -326.3998 accepted 0
E: -328.4150 accepted 0
E: -337.7876 accepted 1
E: -335.9481 accepted 0
E: -336.4079 accepted 1
E: -336.5166 accepted 1
E: -329.2914 accepted 0
E: -331.0062 accepted 0
E: -332.2945 accepted 0
Runtime = 3712.972791


