[[  5.09692418   5.08272126   1.        ]
 [  6.00797379   5.0908435    1.        ]
 [  7.04036587   5.03360768   1.        ]
 [  8.06973302   5.09267231   1.        ]
 [  9.05585495   5.0503316    1.        ]
 [ 10.06046685   5.08928971   1.        ]
 [ 11.02119534   5.05216128   1.        ]
 [ 12.07855361   5.00036906   1.        ]
 [ 13.07867264   5.02013283   1.        ]
 [ 14.02922429   5.01548883   1.        ]
 [  5.09338548   6.08000909   1.        ]
 [  6.09263675   6.04006029   1.        ]
 [  7.08247012   6.00019676   1.        ]
 [  8.00132076   6.07364517   1.        ]
 [  9.09777567   6.03294738   1.        ]
 [ 10.06482898   6.00159316   1.        ]
 [ 11.06545497   6.06333733   1.        ]
 [ 12.07220561   6.0137943    1.        ]
 [ 13.0959539    6.05403262   1.        ]
 [ 14.08031944   6.07918433   1.        ]
 [  5.0617767    7.02797503   1.        ]
 [  6.08296992   7.08365805   1.        ]
 [  7.05682342   7.03498167   1.        ]
 [  8.00380961   7.04159231   1.        ]
 [  9.09780964   7.08492137   1.        ]
 [ 10.03253971   7.09481508   1.        ]
 [ 11.06950599   7.00929023   1.        ]
 [ 12.01774039   7.01831121   1.        ]
 [ 13.07561799   7.05569457   1.        ]
 [ 14.02954579   7.06671466   1.        ]
 [  5.06868361   8.07978017   1.        ]
 [  6.0071012    8.03153525   1.        ]
 [  7.02378024   8.0340972    1.        ]
 [  8.06059027   8.08726197   1.        ]
 [  9.01146807   8.06911722   1.        ]
 [ 10.0726487    8.00507678   1.        ]
 [ 11.06643065   8.06192162   1.        ]
 [ 12.0127447    8.08687229   1.        ]
 [ 13.06878923   8.03564296   1.        ]
 [ 14.09793463   8.01829397   1.        ]
 [  5.05441133   9.01128651   1.        ]
 [  6.07337484   9.07647302   1.        ]
 [  7.05771289   9.08203936   1.        ]
 [  8.06316067   9.08180268   1.        ]
 [  9.05271909   9.01628668   1.        ]
 [ 10.06536585   9.07072855   1.        ]
 [ 11.01933929   9.01942218   1.        ]
 [ 12.00832674   9.0947535    1.        ]
 [ 13.03239577   9.03583341   1.        ]
 [ 14.04608115   9.0576338    1.        ]
 [  5.02555776  10.08561878   1.        ]
 [  6.0818072   10.02324219   1.        ]
 [  7.01993207  10.0663625    1.        ]
 [  8.08281646  10.04514212   1.        ]
 [  9.00442556  10.05233526   1.        ]
 [ 10.07406252  10.00474024   1.        ]
 [ 11.06134507  10.08403987   1.        ]
 [ 12.01042588  10.00270244   1.        ]
 [ 13.06905625  10.00775915   1.        ]
 [ 14.06997733  10.01800065   1.        ]
 [  5.09455622  11.04810966   1.        ]
 [  6.05219436  11.02162117   1.        ]
 [  7.03300118  11.02604144   1.        ]
 [  8.05971467  11.06171715   1.        ]
 [  9.09710481  11.04983941   1.        ]
 [ 10.08239832  11.0073105    1.        ]
 [ 11.02251258  11.09623493   1.        ]
 [ 12.04791138  11.06885525   1.        ]
 [ 13.06162524  11.07332383   1.        ]
 [ 14.00331291  11.03850896   1.        ]
 [  5.03497259  12.06950004   1.        ]
 [  6.00263791  12.0214949    1.        ]
 [  7.00384708  12.00087724   1.        ]
 [  8.02317808  12.07843414   1.        ]
 [  9.02740844  12.08486193   1.        ]
 [ 10.08710082  12.02028464   1.        ]
 [ 11.02554861  12.03806729   1.        ]
 [ 12.09263425  12.05385552   1.        ]
 [ 13.09536068  12.09462816   1.        ]
 [ 14.0806007   12.0532788    1.        ]
 [  5.08596798  13.03803989   1.        ]
 [  6.01779408  13.03408436   1.        ]
 [  7.06474219  13.00451384   1.        ]
 [  8.0312627   13.03207125   1.        ]
 [  9.09381203  13.05444783   1.        ]
 [ 10.07411698  13.00392911   1.        ]
 [ 11.0204648   13.02800203   1.        ]
 [ 12.0948267   13.05982792   1.        ]
 [ 13.06092219  13.09801524   1.        ]
 [ 14.08495828  13.03920809   1.        ]
 [  5.05791168  14.0405138    1.        ]
 [  6.08245337  14.02087914   1.        ]
 [  7.03358578  14.06822538   1.        ]
 [  8.00016409  14.02036727   1.        ]
 [  9.08823842  14.00690566   1.        ]
 [ 10.0739491   14.00716723   1.        ]
 [ 11.0691853   14.02919247   1.        ]
 [ 12.07639051  14.02606208   1.        ]
 [ 13.0619925   14.08774636   1.        ]
 [ 14.03804901  14.00703302   1.        ]]
Running basin hopping with paramerters:
PARAMETERS BEGIN

epsilon=0.926825
r0=1.444864
sigma=0.141421
PARAMETERS END


E: -293.1972 accepted 1
E: -300.3704 accepted 1
E: -315.0464 accepted 1
E: -327.9658 accepted 1
E: -331.3021 accepted 1
E: -326.7195 accepted 0
E: -326.6017 accepted 0
E: -334.9053 accepted 1
E: -346.5375 accepted 1
E: -338.4676 accepted 0
E: -338.6097 accepted 0
E: -339.9160 accepted 0
E: -341.5659 accepted 0
E: -336.2261 accepted 0
E: -336.6235 accepted 0
Runtime = 3333.464764


