[[  5.08850564   5.05263548   1.        ]
 [  6.07129293   5.0416765    1.        ]
 [  7.09744101   5.07993631   1.        ]
 [  8.00246825   5.07306055   1.        ]
 [  9.02696475   5.02848365   1.        ]
 [ 10.09477628   5.00257734   1.        ]
 [ 11.05442581   5.07101391   1.        ]
 [ 12.07916514   5.03852505   1.        ]
 [ 13.07236516   5.04925207   1.        ]
 [ 14.06722067   5.05251389   1.        ]
 [  5.0818967    6.09216229   1.        ]
 [  6.00204281   6.02540827   1.        ]
 [  7.08262589   6.04379106   1.        ]
 [  8.08623735   6.0806781    1.        ]
 [  9.02388188   6.04426482   1.        ]
 [ 10.08297569   6.05844482   1.        ]
 [ 11.00764051   6.04340282   1.        ]
 [ 12.08366042   6.00361834   1.        ]
 [ 13.04221798   6.05388576   1.        ]
 [ 14.06448356   6.09179531   1.        ]
 [  5.06771517   7.04741407   1.        ]
 [  6.08666925   7.04355472   1.        ]
 [  7.0326737    7.01333082   1.        ]
 [  8.07455469   7.09522685   1.        ]
 [  9.02208834   7.00451985   1.        ]
 [ 10.01769895   7.05615392   1.        ]
 [ 11.07626689   7.08326954   1.        ]
 [ 12.02221765   7.05714841   1.        ]
 [ 13.08014559   7.02084852   1.        ]
 [ 14.02038897   7.01663182   1.        ]
 [  5.09562268   8.05818114   1.        ]
 [  6.07688253   8.02968891   1.        ]
 [  7.06007647   8.07824201   1.        ]
 [  8.01530706   8.01654206   1.        ]
 [  9.00094244   8.00300595   1.        ]
 [ 10.07989275   8.01650474   1.        ]
 [ 11.06366917   8.00630285   1.        ]
 [ 12.00674745   8.00404057   1.        ]
 [ 13.01806938   8.01067661   1.        ]
 [ 14.08904315   8.09135628   1.        ]
 [  5.00250368   9.02404278   1.        ]
 [  6.07330795   9.09870761   1.        ]
 [  7.09706448   9.0799373    1.        ]
 [  8.00004303   9.09908016   1.        ]
 [  9.08140928   9.09310654   1.        ]
 [ 10.01389881   9.0327581    1.        ]
 [ 11.09465768   9.04648794   1.        ]
 [ 12.07040127   9.07500951   1.        ]
 [ 13.08140843   9.08678664   1.        ]
 [ 14.0068017    9.01594385   1.        ]
 [  5.05876089  10.09742579   1.        ]
 [  6.00951423  10.09707345   1.        ]
 [  7.08066392  10.06456174   1.        ]
 [  8.08559757  10.03792072   1.        ]
 [  9.01921608  10.05013506   1.        ]
 [ 10.01092629  10.05615273   1.        ]
 [ 11.05377061  10.04380443   1.        ]
 [ 12.01373515  10.02170115   1.        ]
 [ 13.01352041  10.01520927   1.        ]
 [ 14.0950136   10.06893099   1.        ]
 [  5.09216425  11.00280538   1.        ]
 [  6.05253952  11.0529543    1.        ]
 [  7.02768544  11.03352469   1.        ]
 [  8.05548132  11.0241482    1.        ]
 [  9.00770226  11.09023941   1.        ]
 [ 10.0875072   11.05300611   1.        ]
 [ 11.00700765  11.0296826    1.        ]
 [ 12.00979475  11.00435592   1.        ]
 [ 13.02701741  11.00641123   1.        ]
 [ 14.08166228  11.04496455   1.        ]
 [  5.08871837  12.0671836    1.        ]
 [  6.06160193  12.08332585   1.        ]
 [  7.0762085   12.0928943    1.        ]
 [  8.07674183  12.06390516   1.        ]
 [  9.02289803  12.05812993   1.        ]
 [ 10.00903157  12.09490143   1.        ]
 [ 11.0052811   12.03895576   1.        ]
 [ 12.0170498   12.0107526    1.        ]
 [ 13.00652333  12.00855223   1.        ]
 [ 14.04945748  12.07753897   1.        ]
 [  5.08279591  13.04593534   1.        ]
 [  6.02627702  13.08302962   1.        ]
 [  7.0311031   13.01140122   1.        ]
 [  8.09543396  13.01221546   1.        ]
 [  9.06711687  13.04727698   1.        ]
 [ 10.06091457  13.01839453   1.        ]
 [ 11.0198755   13.05708594   1.        ]
 [ 12.02121757  13.0482411    1.        ]
 [ 13.0050523   13.0665628    1.        ]
 [ 14.02431459  13.05569271   1.        ]
 [  5.07578506  14.02183282   1.        ]
 [  6.02490372  14.07246972   1.        ]
 [  7.01636401  14.02244226   1.        ]
 [  8.09918269  14.00261714   1.        ]
 [  9.04433196  14.00932223   1.        ]
 [ 10.07373328  14.06777714   1.        ]
 [ 11.08031072  14.09132359   1.        ]
 [ 12.03116486  14.07421506   1.        ]
 [ 13.0765689   14.00100648   1.        ]
 [ 14.05041448  14.04545519   1.        ]]
Running basin hopping with paramerters:
PARAMETERS BEGIN

epsilon=1.192018
r0=1.361686
sigma=0.141421
PARAMETERS END


E: -337.6657 accepted 1
E: -339.8572 accepted 1
E: -334.4394 accepted 0
E: -351.7457 accepted 1
E: -360.0971 accepted 1
E: -361.9553 accepted 1
E: -372.8095 accepted 1
E: -376.5435 accepted 1
E: -382.1370 accepted 1
E: -374.7423 accepted 0
E: -384.9582 accepted 1
E: -389.3259 accepted 1
E: -387.3038 accepted 0
E: -392.4630 accepted 1
E: -395.0993 accepted 1
E: -386.2445 accepted 0
E: -388.4204 accepted 0
E: -392.3901 accepted 0
E: -402.2752 accepted 1
E: -390.9916 accepted 0
E: -382.6711 accepted 0
E: -397.3770 accepted 0
E: -382.0388 accepted 0
E: -392.1395 accepted 0
E: -402.2589 accepted 1
Runtime = 4118.581901


