[[  5.05208936   5.00464297   1.        ]
 [  6.00876282   5.04576737   1.        ]
 [  7.06897343   5.07516238   1.        ]
 [  8.09908294   5.09726511   1.        ]
 [  9.06043232   5.01254942   1.        ]
 [ 10.0393614    5.07998337   1.        ]
 [ 11.00343882   5.09917233   1.        ]
 [ 12.08348998   5.07838973   1.        ]
 [ 13.01204864   5.08851053   1.        ]
 [ 14.08877975   5.05915146   1.        ]
 [  5.00743472   6.03929296   1.        ]
 [  6.04214363   6.04011254   1.        ]
 [  7.06725305   6.02354644   1.        ]
 [  8.09425974   6.09872115   1.        ]
 [  9.06314847   6.04154273   1.        ]
 [ 10.0096006    6.04035119   1.        ]
 [ 11.08743434   6.09226067   1.        ]
 [ 12.02003326   6.00732747   1.        ]
 [ 13.05445273   6.02847118   1.        ]
 [ 14.02447714   6.0274899    1.        ]
 [  5.067177     7.07035131   1.        ]
 [  6.0694295    7.09273723   1.        ]
 [  7.04726708   7.02545508   1.        ]
 [  8.03511055   7.03343604   1.        ]
 [  9.07472206   7.04253578   1.        ]
 [ 10.00159745   7.07479372   1.        ]
 [ 11.07674637   7.05296065   1.        ]
 [ 12.01775626   7.01894818   1.        ]
 [ 13.06075505   7.07527911   1.        ]
 [ 14.07175641   7.01422091   1.        ]
 [  5.08628045   8.05850852   1.        ]
 [  6.09995354   8.08357048   1.        ]
 [  7.0290995    8.01451166   1.        ]
 [  8.07546738   8.05159271   1.        ]
 [  9.06263026   8.05996031   1.        ]
 [ 10.06032117   8.05826402   1.        ]
 [ 11.07014033   8.05573746   1.        ]
 [ 12.01837966   8.05977387   1.        ]
 [ 13.0323491    8.01164488   1.        ]
 [ 14.01689448   8.02454746   1.        ]
 [  5.0475013    9.06403586   1.        ]
 [  6.09969518   9.09861433   1.        ]
 [  7.07855591   9.03750186   1.        ]
 [  8.07624389   9.08933746   1.        ]
 [  9.02561303   9.08539201   1.        ]
 [ 10.0542377    9.08551302   1.        ]
 [ 11.03339755   9.08424139   1.        ]
 [ 12.075399     9.05444003   1.        ]
 [ 13.01523919   9.09414102   1.        ]
 [ 14.07281575   9.04430097   1.        ]
 [  5.06161308  10.09376925   1.        ]
 [  6.08873842  10.04700396   1.        ]
 [  7.0008845   10.08635249   1.        ]
 [  8.09007242  10.07519995   1.        ]
 [  9.01682967  10.06140402   1.        ]
 [ 10.07621509  10.08145198   1.        ]
 [ 11.02923363  10.0588387    1.        ]
 [ 12.03856772  10.03086097   1.        ]
 [ 13.00780398  10.02359299   1.        ]
 [ 14.07946883  10.00705149   1.        ]
 [  5.08385535  11.02493079   1.        ]
 [  6.05505575  11.06311514   1.        ]
 [  7.0426087   11.0727567    1.        ]
 [  8.04971924  11.09979511   1.        ]
 [  9.08958281  11.03424162   1.        ]
 [ 10.07184396  11.03193042   1.        ]
 [ 11.09065537  11.04820146   1.        ]
 [ 12.09834555  11.09174633   1.        ]
 [ 13.08710972  11.00320897   1.        ]
 [ 14.03243518  11.09011231   1.        ]
 [  5.08413979  12.09624787   1.        ]
 [  6.00556559  12.08618714   1.        ]
 [  7.09496749  12.05357258   1.        ]
 [  8.08774445  12.07254393   1.        ]
 [  9.00453038  12.08067514   1.        ]
 [ 10.0621549   12.0543847    1.        ]
 [ 11.02873622  12.05845117   1.        ]
 [ 12.05578933  12.08714822   1.        ]
 [ 13.06462923  12.05759749   1.        ]
 [ 14.00505411  12.04540934   1.        ]
 [  5.00203939  13.04787225   1.        ]
 [  6.04831123  13.01611654   1.        ]
 [  7.08535691  13.0306493    1.        ]
 [  8.08147726  13.03481866   1.        ]
 [  9.06203396  13.09017162   1.        ]
 [ 10.02712667  13.00921979   1.        ]
 [ 11.02592765  13.01114834   1.        ]
 [ 12.084632    13.02815881   1.        ]
 [ 13.02343163  13.00673053   1.        ]
 [ 14.08418067  13.09673257   1.        ]
 [  5.03710027  14.05664361   1.        ]
 [  6.09885552  14.07580194   1.        ]
 [  7.07646646  14.0120041    1.        ]
 [  8.00368664  14.01355191   1.        ]
 [  9.09784842  14.06849988   1.        ]
 [ 10.06218771  14.09189791   1.        ]
 [ 11.05466684  14.0929455    1.        ]
 [ 12.02170605  14.01685605   1.        ]
 [ 13.09796856  14.04503644   1.        ]
 [ 14.07206682  14.09352064   1.        ]]
Running basin hopping with paramerters:
PARAMETERS BEGIN

epsilon=1.120791
r0=1.409112
sigma=0.141421
PARAMETERS END


E: -317.2069 accepted 1
E: -329.2068 accepted 1
E: -349.0325 accepted 1
E: -364.5300 accepted 1
E: -369.8093 accepted 1
E: -365.7658 accepted 0
E: -365.7533 accepted 0
E: -356.6008 accepted 0
E: -367.7751 accepted 0
E: -348.1593 accepted 0
E: -370.3024 accepted 1
E: -365.4823 accepted 0
E: -374.6049 accepted 1
E: -373.8300 accepted 0
E: -369.9336 accepted 0
E: -379.0280 accepted 1
E: -373.2086 accepted 0
E: -381.9853 accepted 1
E: -375.0766 accepted 0
E: -378.8598 accepted 0
E: -379.3850 accepted 0
E: -379.3872 accepted 0
E: -363.6456 accepted 0
E: -381.5128 accepted 1
Runtime = 3920.667312


