[[  5.01480102   5.03843418   1.        ]
 [  6.02176514   5.09872947   1.        ]
 [  7.01143364   5.04352206   1.        ]
 [  8.01914212   5.00298542   1.        ]
 [  9.02143328   5.09496443   1.        ]
 [ 10.03707144   5.04102495   1.        ]
 [ 11.02054098   5.01060856   1.        ]
 [ 12.07211603   5.0991976    1.        ]
 [ 13.03835311   5.02501085   1.        ]
 [ 14.07702775   5.01403349   1.        ]
 [  5.01080628   6.04959585   1.        ]
 [  6.02887175   6.08576302   1.        ]
 [  7.02464067   6.06052733   1.        ]
 [  8.04671465   6.0242727    1.        ]
 [  9.08937085   6.0366497    1.        ]
 [ 10.0352878    6.03971232   1.        ]
 [ 11.07322742   6.06584241   1.        ]
 [ 12.02893369   6.04851996   1.        ]
 [ 13.02805256   6.0190694    1.        ]
 [ 14.09310013   6.01229834   1.        ]
 [  5.05654596   7.03900822   1.        ]
 [  6.03318878   7.09850762   1.        ]
 [  7.05686167   7.03044692   1.        ]
 [  8.04954783   7.06107866   1.        ]
 [  9.05005115   7.03204401   1.        ]
 [ 10.00838471   7.04321485   1.        ]
 [ 11.0399541    7.08318737   1.        ]
 [ 12.09823393   7.09089661   1.        ]
 [ 13.09614706   7.02653712   1.        ]
 [ 14.08852747   7.04727729   1.        ]
 [  5.05446198   8.02903664   1.        ]
 [  6.05527044   8.05656747   1.        ]
 [  7.00756172   8.03062261   1.        ]
 [  8.0571962    8.03454894   1.        ]
 [  9.03150772   8.00549358   1.        ]
 [ 10.08165977   8.04329843   1.        ]
 [ 11.06812599   8.03580494   1.        ]
 [ 12.05089256   8.00839137   1.        ]
 [ 13.07646925   8.05102108   1.        ]
 [ 14.06503736   8.04157301   1.        ]
 [  5.02452611   9.09246233   1.        ]
 [  6.04785542   9.00617512   1.        ]
 [  7.01753656   9.05001822   1.        ]
 [  8.06636394   9.04983113   1.        ]
 [  9.08773336   9.02751961   1.        ]
 [ 10.0789273    9.00207029   1.        ]
 [ 11.02125214   9.03477293   1.        ]
 [ 12.07486877   9.01644997   1.        ]
 [ 13.02622964   9.09135083   1.        ]
 [ 14.09804058   9.09439233   1.        ]
 [  5.00275104  10.01179858   1.        ]
 [  6.00617853  10.06980158   1.        ]
 [  7.05087564  10.04594826   1.        ]
 [  8.03846978  10.07241335   1.        ]
 [  9.05603339  10.062205     1.        ]
 [ 10.0376763   10.07402526   1.        ]
 [ 11.06784715  10.01705983   1.        ]
 [ 12.05327358  10.00050524   1.        ]
 [ 13.01420471  10.06914501   1.        ]
 [ 14.05030425  10.05463146   1.        ]
 [  5.067844    11.0631512    1.        ]
 [  6.05758984  11.04337407   1.        ]
 [  7.09693247  11.03306176   1.        ]
 [  8.06213404  11.07158397   1.        ]
 [  9.07570056  11.03053731   1.        ]
 [ 10.04656067  11.07150556   1.        ]
 [ 11.02619079  11.08091564   1.        ]
 [ 12.09936041  11.05591268   1.        ]
 [ 13.00455472  11.05158779   1.        ]
 [ 14.04802048  11.01014115   1.        ]
 [  5.05777585  12.05440728   1.        ]
 [  6.01605994  12.01332824   1.        ]
 [  7.00553862  12.09244862   1.        ]
 [  8.01564619  12.08622577   1.        ]
 [  9.0531671   12.09536475   1.        ]
 [ 10.02327044  12.09130473   1.        ]
 [ 11.02121294  12.02902345   1.        ]
 [ 12.07427765  12.001621     1.        ]
 [ 13.01443221  12.02462736   1.        ]
 [ 14.01131952  12.02231811   1.        ]
 [  5.08401677  13.02199298   1.        ]
 [  6.08413581  13.08563194   1.        ]
 [  7.09915136  13.07377756   1.        ]
 [  8.00798845  13.05535463   1.        ]
 [  9.08137892  13.03487437   1.        ]
 [ 10.09293591  13.01936366   1.        ]
 [ 11.0095595   13.07460524   1.        ]
 [ 12.05098359  13.03714058   1.        ]
 [ 13.02822663  13.03801969   1.        ]
 [ 14.04239601  13.02590383   1.        ]
 [  5.08569014  14.04148325   1.        ]
 [  6.04062462  14.0218193    1.        ]
 [  7.07851679  14.06076777   1.        ]
 [  8.02363485  14.07659357   1.        ]
 [  9.00585095  14.08592858   1.        ]
 [ 10.05074069  14.09838877   1.        ]
 [ 11.05805136  14.02634824   1.        ]
 [ 12.04703314  14.08033133   1.        ]
 [ 13.049599    14.03279167   1.        ]
 [ 14.04336391  14.00542562   1.        ]]
Running basin hopping with paramerters:
PARAMETERS BEGIN

epsilon=0.785446
r0=1.361643
sigma=0.141421
PARAMETERS END


E: -277.6044 accepted 1
E: -280.1845 accepted 1
E: -319.0449 accepted 1
E: -312.6330 accepted 0
E: -320.1165 accepted 1
E: -313.0078 accepted 0
E: -301.4882 accepted 0
E: -311.0079 accepted 0
E: -307.5055 accepted 0
E: -301.1174 accepted 0
E: -309.9574 accepted 0
Runtime = 2964.424175


