[[  5.06593694   5.09453383   1.        ]
 [  6.01637061   5.01166406   1.        ]
 [  7.02698356   5.06715461   1.        ]
 [  8.06731458   5.06635629   1.        ]
 [  9.02981493   5.06391599   1.        ]
 [ 10.06919045   5.01844665   1.        ]
 [ 11.02134341   5.04800491   1.        ]
 [ 12.09527034   5.06722705   1.        ]
 [ 13.08276333   5.08982911   1.        ]
 [ 14.09151804   5.09770319   1.        ]
 [  5.00023311   6.06928308   1.        ]
 [  6.02448339   6.00594253   1.        ]
 [  7.03819016   6.03280017   1.        ]
 [  8.08924621   6.04764613   1.        ]
 [  9.00602974   6.03727967   1.        ]
 [ 10.00784704   6.01264701   1.        ]
 [ 11.03746827   6.0149709    1.        ]
 [ 12.09542942   6.09337113   1.        ]
 [ 13.02034551   6.02905233   1.        ]
 [ 14.09484748   6.0388106    1.        ]
 [  5.06181961   7.07948567   1.        ]
 [  6.07082231   7.06790679   1.        ]
 [  7.09615842   7.02485317   1.        ]
 [  8.06372142   7.05116611   1.        ]
 [  9.07341366   7.05696643   1.        ]
 [ 10.09448938   7.03177926   1.        ]
 [ 11.06785655   7.0531754    1.        ]
 [ 12.08191177   7.02107508   1.        ]
 [ 13.08001035   7.05592049   1.        ]
 [ 14.09194532   7.07517698   1.        ]
 [  5.07564817   8.03544101   1.        ]
 [  6.03788129   8.03168899   1.        ]
 [  7.04498974   8.0299285    1.        ]
 [  8.01424042   8.03295067   1.        ]
 [  9.07337338   8.01014431   1.        ]
 [ 10.05821527   8.04579262   1.        ]
 [ 11.05693754   8.05823247   1.        ]
 [ 12.05147159   8.01714702   1.        ]
 [ 13.04395043   8.05794659   1.        ]
 [ 14.09861736   8.06073053   1.        ]
 [  5.0764847    9.03657662   1.        ]
 [  6.01408292   9.05937417   1.        ]
 [  7.06195645   9.09457134   1.        ]
 [  8.02750984   9.09230726   1.        ]
 [  9.0153242    9.05551791   1.        ]
 [ 10.07262757   9.02444063   1.        ]
 [ 11.07760189   9.07204383   1.        ]
 [ 12.04536982   9.05564202   1.        ]
 [ 13.01670772   9.01450862   1.        ]
 [ 14.03134463   9.03930946   1.        ]
 [  5.02926504  10.00971572   1.        ]
 [  6.06382671  10.03979805   1.        ]
 [  7.0497212   10.06132386   1.        ]
 [  8.07960588  10.09176473   1.        ]
 [  9.01038952  10.04687867   1.        ]
 [ 10.0826081   10.0252603    1.        ]
 [ 11.03477808  10.05626285   1.        ]
 [ 12.05465315  10.09461006   1.        ]
 [ 13.01421067  10.07242295   1.        ]
 [ 14.09846989  10.05647665   1.        ]
 [  5.06626163  11.00199845   1.        ]
 [  6.01659997  11.023896     1.        ]
 [  7.02521494  11.05989391   1.        ]
 [  8.07029657  11.02238368   1.        ]
 [  9.04047207  11.07278334   1.        ]
 [ 10.02272219  11.08846554   1.        ]
 [ 11.00038206  11.09971896   1.        ]
 [ 12.04132615  11.01582636   1.        ]
 [ 13.09016835  11.01528536   1.        ]
 [ 14.03641708  11.0047001    1.        ]
 [  5.03862171  12.08581679   1.        ]
 [  6.04482361  12.05262243   1.        ]
 [  7.013371    12.09474535   1.        ]
 [  8.09965147  12.05533051   1.        ]
 [  9.06263668  12.01521639   1.        ]
 [ 10.03688539  12.07236944   1.        ]
 [ 11.00474239  12.09284607   1.        ]
 [ 12.01354997  12.03463268   1.        ]
 [ 13.08020289  12.0158141    1.        ]
 [ 14.08591887  12.016701     1.        ]
 [  5.06884335  13.02211518   1.        ]
 [  6.0715147   13.05874024   1.        ]
 [  7.08425885  13.08162257   1.        ]
 [  8.04503818  13.06265006   1.        ]
 [  9.04865288  13.02569348   1.        ]
 [ 10.08204761  13.06335012   1.        ]
 [ 11.00434764  13.021841     1.        ]
 [ 12.03684153  13.09686056   1.        ]
 [ 13.03400535  13.03155886   1.        ]
 [ 14.04913888  13.0719588    1.        ]
 [  5.05231006  14.0457879    1.        ]
 [  6.07499448  14.06007213   1.        ]
 [  7.02400668  14.06508316   1.        ]
 [  8.01857648  14.02683295   1.        ]
 [  9.03797405  14.00776727   1.        ]
 [ 10.06026744  14.08966931   1.        ]
 [ 11.08048661  14.06749681   1.        ]
 [ 12.03538686  14.01927643   1.        ]
 [ 13.04733606  14.02511326   1.        ]
 [ 14.02557162  14.07439197   1.        ]]
Running basin hopping with paramerters:
PARAMETERS BEGIN

epsilon=1.214709
r0=1.415002
sigma=0.141421
PARAMETERS END


E: -291.0419 accepted 1
E: -319.3270 accepted 1
E: -315.6640 accepted 0
E: -314.7165 accepted 0
E: -339.0615 accepted 1
E: -337.7844 accepted 0
E: -337.1883 accepted 1
E: -352.6210 accepted 1
E: -367.4365 accepted 1
E: -372.6665 accepted 1
E: -365.5589 accepted 0
E: -367.9487 accepted 0
E: -370.9573 accepted 0
E: -369.8357 accepted 1
E: -370.4512 accepted 1
E: -372.2352 accepted 1
Runtime = 4274.157981


