[[  5.01876273   5.0163219    1.        ]
 [  6.03224919   5.02839423   1.        ]
 [  7.01257089   5.03629623   1.        ]
 [  8.036773     5.05757858   1.        ]
 [  9.02466381   5.07567344   1.        ]
 [ 10.0165818    5.04079326   1.        ]
 [ 11.08126566   5.01561001   1.        ]
 [ 12.09730427   5.02005523   1.        ]
 [ 13.0707405    5.06486044   1.        ]
 [ 14.08888564   5.06007703   1.        ]
 [  5.08088883   6.02791003   1.        ]
 [  6.00033744   6.07073542   1.        ]
 [  7.03917841   6.01460431   1.        ]
 [  8.08621671   6.0308618    1.        ]
 [  9.09703818   6.08046199   1.        ]
 [ 10.08303753   6.06619535   1.        ]
 [ 11.0667997    6.0937507    1.        ]
 [ 12.07200235   6.0480537    1.        ]
 [ 13.07541951   6.03930514   1.        ]
 [ 14.0734321    6.02418795   1.        ]
 [  5.07684946   7.09192338   1.        ]
 [  6.09517864   7.04787445   1.        ]
 [  7.02721509   7.04879032   1.        ]
 [  8.01263469   7.05428539   1.        ]
 [  9.08132788   7.01279281   1.        ]
 [ 10.01942116   7.00930354   1.        ]
 [ 11.00970269   7.09216823   1.        ]
 [ 12.09694236   7.01668783   1.        ]
 [ 13.00605696   7.09449518   1.        ]
 [ 14.07844632   7.09158162   1.        ]
 [  5.0662951    8.07522246   1.        ]
 [  6.03883306   8.00596851   1.        ]
 [  7.08221249   8.0608689    1.        ]
 [  8.07724032   8.09883438   1.        ]
 [  9.082935     8.06283086   1.        ]
 [ 10.07607513   8.03024946   1.        ]
 [ 11.0621816    8.05109559   1.        ]
 [ 12.02954358   8.07902379   1.        ]
 [ 13.0258888    8.0172656    1.        ]
 [ 14.03442788   8.06864106   1.        ]
 [  5.03465272   9.08266807   1.        ]
 [  6.05236453   9.01116362   1.        ]
 [  7.01390814   9.06682103   1.        ]
 [  8.02557795   9.01169981   1.        ]
 [  9.05373245   9.01332946   1.        ]
 [ 10.09382303   9.05644564   1.        ]
 [ 11.02033477   9.00832238   1.        ]
 [ 12.03515536   9.04504577   1.        ]
 [ 13.01427915   9.05548937   1.        ]
 [ 14.013949     9.07074977   1.        ]
 [  5.06151622  10.05431595   1.        ]
 [  6.01790281  10.08095906   1.        ]
 [  7.00907317  10.0907532    1.        ]
 [  8.05011179  10.06844871   1.        ]
 [  9.06655344  10.0660366    1.        ]
 [ 10.0771549   10.0439726    1.        ]
 [ 11.09296261  10.05037455   1.        ]
 [ 12.02826096  10.01758976   1.        ]
 [ 13.08706739  10.05510891   1.        ]
 [ 14.0100901   10.04582075   1.        ]
 [  5.09157831  11.0114032    1.        ]
 [  6.02904878  11.01432743   1.        ]
 [  7.02265932  11.01161247   1.        ]
 [  8.02941815  11.01131317   1.        ]
 [  9.09301321  11.05472221   1.        ]
 [ 10.05715758  11.05821463   1.        ]
 [ 11.05702636  11.07791826   1.        ]
 [ 12.07722766  11.04772629   1.        ]
 [ 13.00772063  11.0515433    1.        ]
 [ 14.06900268  11.0472105    1.        ]
 [  5.00458024  12.06142636   1.        ]
 [  6.05006675  12.04268378   1.        ]
 [  7.04630593  12.08265102   1.        ]
 [  8.08357788  12.08234817   1.        ]
 [  9.08078955  12.0323553    1.        ]
 [ 10.04212018  12.06525758   1.        ]
 [ 11.0109393   12.0217097    1.        ]
 [ 12.06182876  12.03428068   1.        ]
 [ 13.02044977  12.04292063   1.        ]
 [ 14.01492183  12.03006052   1.        ]
 [  5.03915854  13.04631099   1.        ]
 [  6.07367984  13.01615254   1.        ]
 [  7.06711242  13.07998374   1.        ]
 [  8.07326432  13.01447832   1.        ]
 [  9.08236308  13.09054027   1.        ]
 [ 10.00252814  13.03962643   1.        ]
 [ 11.00218305  13.04563572   1.        ]
 [ 12.04033993  13.00344989   1.        ]
 [ 13.00401519  13.03328803   1.        ]
 [ 14.09208741  13.06415795   1.        ]
 [  5.06210569  14.06531973   1.        ]
 [  6.06468229  14.06760603   1.        ]
 [  7.0636284   14.01921368   1.        ]
 [  8.06063282  14.01315236   1.        ]
 [  9.06364599  14.06883613   1.        ]
 [ 10.00253241  14.00295182   1.        ]
 [ 11.01056959  14.059665     1.        ]
 [ 12.08738039  14.08554616   1.        ]
 [ 13.00528292  14.05553225   1.        ]
 [ 14.06350592  14.02942386   1.        ]]
Running basin hopping with paramerters:
PARAMETERS BEGIN

epsilon=0.740675
r0=1.424058
sigma=0.141421
PARAMETERS END


E: -255.3776 accepted 1
E: -285.2000 accepted 1
E: -298.4334 accepted 1
E: -301.8268 accepted 1
E: -309.3073 accepted 1
E: -305.9249 accepted 0
E: -311.1008 accepted 1
E: -310.5414 accepted 0
E: -306.1119 accepted 0
E: -314.7095 accepted 1
E: -316.3241 accepted 1
E: -315.0574 accepted 0
E: -318.3470 accepted 1
E: -318.6428 accepted 1
E: -317.8147 accepted 0
E: -322.4236 accepted 1
E: -316.4106 accepted 0
E: -319.8202 accepted 0
E: -319.9196 accepted 0
E: -318.5297 accepted 0
E: -320.8611 accepted 0
E: -322.4124 accepted 1
Runtime = 3804.110413


