[[  5.0036846    5.02961481   1.        ]
 [  6.05910115   5.0306837    1.        ]
 [  7.07962565   5.00657033   1.        ]
 [  8.06244344   5.08172291   1.        ]
 [  9.06713008   5.0116837    1.        ]
 [ 10.05969274   5.07726845   1.        ]
 [ 11.01972411   5.06636319   1.        ]
 [ 12.08755786   5.01623177   1.        ]
 [ 13.00171575   5.01324296   1.        ]
 [ 14.08860293   5.06350097   1.        ]
 [  5.04471513   6.03000842   1.        ]
 [  6.0249159    6.07308601   1.        ]
 [  7.09229104   6.01532739   1.        ]
 [  8.06860431   6.01718263   1.        ]
 [  9.09072508   6.02672924   1.        ]
 [ 10.0086555    6.03390652   1.        ]
 [ 11.03542404   6.07269605   1.        ]
 [ 12.06625326   6.01149961   1.        ]
 [ 13.02884563   6.0398711    1.        ]
 [ 14.07716495   6.04704931   1.        ]
 [  5.08367378   7.03283169   1.        ]
 [  6.02636603   7.0509233    1.        ]
 [  7.08756266   7.07777373   1.        ]
 [  8.05509051   7.0182671    1.        ]
 [  9.03701082   7.05284308   1.        ]
 [ 10.0672643    7.0126603    1.        ]
 [ 11.03697375   7.04353155   1.        ]
 [ 12.04227495   7.08985945   1.        ]
 [ 13.03647165   7.08973599   1.        ]
 [ 14.08684633   7.01468957   1.        ]
 [  5.02272743   8.06942944   1.        ]
 [  6.04890595   8.06403162   1.        ]
 [  7.02618298   8.05315561   1.        ]
 [  8.07693401   8.03895584   1.        ]
 [  9.07716595   8.05666949   1.        ]
 [ 10.02929322   8.02881844   1.        ]
 [ 11.03872716   8.06636394   1.        ]
 [ 12.0681425    8.03083686   1.        ]
 [ 13.06897537   8.06438626   1.        ]
 [ 14.02122393   8.00478445   1.        ]
 [  5.07106132   9.07657618   1.        ]
 [  6.0183053    9.0846331    1.        ]
 [  7.00793775   9.07316233   1.        ]
 [  8.05277254   9.06759421   1.        ]
 [  9.04144866   9.06953353   1.        ]
 [ 10.04690239   9.0388883    1.        ]
 [ 11.05439626   9.0349941    1.        ]
 [ 12.0035364    9.06018412   1.        ]
 [ 13.00577401   9.02285116   1.        ]
 [ 14.0562317    9.08400611   1.        ]
 [  5.09768401  10.02575366   1.        ]
 [  6.07418842  10.0856401    1.        ]
 [  7.04876423  10.01617893   1.        ]
 [  8.01470013  10.02969726   1.        ]
 [  9.09780241  10.00861969   1.        ]
 [ 10.05431571  10.08183588   1.        ]
 [ 11.06660595  10.03840548   1.        ]
 [ 12.03670834  10.09126235   1.        ]
 [ 13.02649658  10.09345761   1.        ]
 [ 14.06647217  10.08913866   1.        ]
 [  5.06574551  11.08745422   1.        ]
 [  6.04721587  11.0524257    1.        ]
 [  7.07516975  11.03134779   1.        ]
 [  8.0434961   11.07509993   1.        ]
 [  9.03301061  11.08700196   1.        ]
 [ 10.09798098  11.02004764   1.        ]
 [ 11.08514982  11.0118263    1.        ]
 [ 12.03000145  11.01881441   1.        ]
 [ 13.06296438  11.01919716   1.        ]
 [ 14.01749009  11.01633415   1.        ]
 [  5.00513941  12.07463405   1.        ]
 [  6.01499792  12.08782741   1.        ]
 [  7.09517137  12.09462907   1.        ]
 [  8.07787177  12.09621421   1.        ]
 [  9.06338348  12.07002143   1.        ]
 [ 10.0976477   12.08853161   1.        ]
 [ 11.00272967  12.01150631   1.        ]
 [ 12.02623065  12.08759019   1.        ]
 [ 13.07994553  12.06426625   1.        ]
 [ 14.04964668  12.03613555   1.        ]
 [  5.01894625  13.00236305   1.        ]
 [  6.0537022   13.08073797   1.        ]
 [  7.04062997  13.0394873    1.        ]
 [  8.09080892  13.09713157   1.        ]
 [  9.05107465  13.02519256   1.        ]
 [ 10.06974363  13.08019842   1.        ]
 [ 11.08153927  13.06164136   1.        ]
 [ 12.00694945  13.0055761    1.        ]
 [ 13.05053124  13.09660794   1.        ]
 [ 14.09478244  13.03443038   1.        ]
 [  5.08241162  14.06231611   1.        ]
 [  6.0848652   14.06272132   1.        ]
 [  7.0777458   14.02482716   1.        ]
 [  8.00324626  14.06253923   1.        ]
 [  9.04416863  14.05070679   1.        ]
 [ 10.07180198  14.05306355   1.        ]
 [ 11.04715195  14.07731821   1.        ]
 [ 12.08340993  14.00067149   1.        ]
 [ 13.01856242  14.03567305   1.        ]
 [ 14.00833923  14.01845562   1.        ]]
Running basin hopping with paramerters:
PARAMETERS BEGIN

epsilon=1.297234
r0=1.435307
sigma=0.141421
PARAMETERS END


E: -320.2845 accepted 1
E: -342.0794 accepted 1
E: -346.3423 accepted 1
E: -350.4819 accepted 1
E: -364.4041 accepted 1
E: -369.7345 accepted 1
E: -364.5696 accepted 0
E: -376.8218 accepted 1
E: -368.1897 accepted 0
E: -376.7600 accepted 1
E: -365.7613 accepted 0
E: -368.8745 accepted 0
E: -369.2310 accepted 0
E: -375.6841 accepted 0
Runtime = 3012.813419


