[[  5.0955804    5.02242684   1.        ]
 [  6.03951817   5.05638132   1.        ]
 [  7.03179502   5.0912722    1.        ]
 [  8.00000681   5.06522972   1.        ]
 [  9.06054666   5.02075218   1.        ]
 [ 10.04946204   5.03112428   1.        ]
 [ 11.00874684   5.09014825   1.        ]
 [ 12.01667518   5.05506698   1.        ]
 [ 13.05554566   5.08407252   1.        ]
 [ 14.04562733   5.01584361   1.        ]
 [  5.07828711   6.04359558   1.        ]
 [  6.01236956   6.0572921    1.        ]
 [  7.0646791    6.07105136   1.        ]
 [  8.08244376   6.04199833   1.        ]
 [  9.06440607   6.04848269   1.        ]
 [ 10.02038611   6.09609562   1.        ]
 [ 11.07267434   6.0955947    1.        ]
 [ 12.01783898   6.09852168   1.        ]
 [ 13.09750664   6.06248166   1.        ]
 [ 14.00490398   6.03228385   1.        ]
 [  5.09791723   7.04519003   1.        ]
 [  6.08965859   7.04385436   1.        ]
 [  7.00484414   7.04307878   1.        ]
 [  8.01658422   7.04361743   1.        ]
 [  9.03536605   7.03639165   1.        ]
 [ 10.0492519    7.02095045   1.        ]
 [ 11.00195685   7.02364403   1.        ]
 [ 12.08252857   7.08815698   1.        ]
 [ 13.03899125   7.00856617   1.        ]
 [ 14.01644787   7.01548429   1.        ]
 [  5.09597223   8.07903285   1.        ]
 [  6.04034324   8.08784439   1.        ]
 [  7.00717611   8.02467604   1.        ]
 [  8.05232728   8.04846385   1.        ]
 [  9.04957999   8.018956     1.        ]
 [ 10.00475634   8.01408157   1.        ]
 [ 11.02245818   8.07920949   1.        ]
 [ 12.00030502   8.09898185   1.        ]
 [ 13.09105164   8.04071489   1.        ]
 [ 14.0023692    8.08577597   1.        ]
 [  5.06655889   9.05246371   1.        ]
 [  6.09054986   9.0213455    1.        ]
 [  7.08028601   9.07114444   1.        ]
 [  8.08831955   9.05478624   1.        ]
 [  9.09054013   9.05988181   1.        ]
 [ 10.05853212   9.09404499   1.        ]
 [ 11.07959533   9.03018489   1.        ]
 [ 12.02941753   9.06881192   1.        ]
 [ 13.09854591   9.04818083   1.        ]
 [ 14.00718219   9.02100095   1.        ]
 [  5.04205912  10.04725387   1.        ]
 [  6.04206481  10.04288051   1.        ]
 [  7.03349907  10.0088445    1.        ]
 [  8.07991405  10.01583785   1.        ]
 [  9.02883263  10.03683777   1.        ]
 [ 10.02061909  10.03441308   1.        ]
 [ 11.06231071  10.0055598    1.        ]
 [ 12.06740995  10.06536958   1.        ]
 [ 13.07169073  10.03556942   1.        ]
 [ 14.01660508  10.06268049   1.        ]
 [  5.02443887  11.03061129   1.        ]
 [  6.03221544  11.05230775   1.        ]
 [  7.0362733   11.06655835   1.        ]
 [  8.07534893  11.06365183   1.        ]
 [  9.09756765  11.08579467   1.        ]
 [ 10.0259242   11.06870783   1.        ]
 [ 11.06289209  11.02039004   1.        ]
 [ 12.01793616  11.01699684   1.        ]
 [ 13.09647505  11.03734917   1.        ]
 [ 14.02210673  11.06974905   1.        ]
 [  5.06027223  12.09733666   1.        ]
 [  6.03232772  12.0201467    1.        ]
 [  7.05601988  12.08912059   1.        ]
 [  8.02294271  12.09706056   1.        ]
 [  9.04691808  12.0567994    1.        ]
 [ 10.03700788  12.00696406   1.        ]
 [ 11.08229458  12.0256755    1.        ]
 [ 12.02703965  12.06251499   1.        ]
 [ 13.01014618  12.08317423   1.        ]
 [ 14.09274056  12.06133024   1.        ]
 [  5.05356676  13.06126712   1.        ]
 [  6.07387961  13.07591754   1.        ]
 [  7.00296221  13.09134169   1.        ]
 [  8.09973958  13.01447184   1.        ]
 [  9.03437704  13.00931448   1.        ]
 [ 10.08423752  13.0288614    1.        ]
 [ 11.05164837  13.01209713   1.        ]
 [ 12.01248927  13.0583727    1.        ]
 [ 13.0691581   13.09310845   1.        ]
 [ 14.04303155  13.06672866   1.        ]
 [  5.02242627  14.01430663   1.        ]
 [  6.06333358  14.07275209   1.        ]
 [  7.09559516  14.05223621   1.        ]
 [  8.06825652  14.07391812   1.        ]
 [  9.02661338  14.05189364   1.        ]
 [ 10.00505706  14.02447128   1.        ]
 [ 11.09866837  14.06826096   1.        ]
 [ 12.06038049  14.08711      1.        ]
 [ 13.05393422  14.09017356   1.        ]
 [ 14.05233666  14.00477031   1.        ]]
Running basin hopping with paramerters:
PARAMETERS BEGIN

epsilon=1.105240
r0=1.449334
sigma=0.141421
PARAMETERS END


E: -263.0483 accepted 1
E: -324.0770 accepted 1
E: -322.4230 accepted 1
E: -331.2426 accepted 1
E: -329.2960 accepted 0
E: -340.3517 accepted 1
E: -345.3061 accepted 1
E: -349.3244 accepted 1
E: -355.5336 accepted 1
E: -356.5921 accepted 1
E: -362.4274 accepted 1
E: -363.7481 accepted 1
E: -371.7898 accepted 1
E: -369.1539 accepted 0
E: -356.8376 accepted 0
E: -355.1914 accepted 0
E: -358.5038 accepted 0
E: -360.8119 accepted 0
E: -361.1034 accepted 0
Runtime = 3196.702798


