[[  5.01265758   5.08491377   1.        ]
 [  6.05108009   5.03050803   1.        ]
 [  7.07525433   5.0319777    1.        ]
 [  8.03734823   5.07827842   1.        ]
 [  9.05025083   5.08447419   1.        ]
 [ 10.04329984   5.01549543   1.        ]
 [ 11.06681659   5.0333686    1.        ]
 [ 12.04971695   5.00087612   1.        ]
 [ 13.01566068   5.00597267   1.        ]
 [ 14.06416499   5.08020793   1.        ]
 [  5.01342443   6.00664207   1.        ]
 [  6.01887532   6.08360978   1.        ]
 [  7.09208604   6.01617814   1.        ]
 [  8.01151198   6.06091346   1.        ]
 [  9.08509334   6.07900177   1.        ]
 [ 10.05021624   6.09624257   1.        ]
 [ 11.04661576   6.05139628   1.        ]
 [ 12.00086423   6.06168627   1.        ]
 [ 13.09593814   6.09400827   1.        ]
 [ 14.09225626   6.09112078   1.        ]
 [  5.0856883    7.02181072   1.        ]
 [  6.08063716   7.01563928   1.        ]
 [  7.02705029   7.0639167    1.        ]
 [  8.0932689    7.01556409   1.        ]
 [  9.09822098   7.0055017    1.        ]
 [ 10.03822147   7.08433201   1.        ]
 [ 11.0363098    7.08645421   1.        ]
 [ 12.07709334   7.04582158   1.        ]
 [ 13.00711236   7.02380929   1.        ]
 [ 14.0579304    7.09163525   1.        ]
 [  5.09451484   8.04269488   1.        ]
 [  6.03939618   8.07251402   1.        ]
 [  7.02963645   8.01514288   1.        ]
 [  8.03794212   8.08831035   1.        ]
 [  9.0915943    8.08085089   1.        ]
 [ 10.00072621   8.07547498   1.        ]
 [ 11.04875254   8.07740914   1.        ]
 [ 12.09854091   8.06438436   1.        ]
 [ 13.08846027   8.09269035   1.        ]
 [ 14.02541374   8.04258228   1.        ]
 [  5.08237523   9.04019538   1.        ]
 [  6.06488782   9.09770489   1.        ]
 [  7.03644071   9.09827198   1.        ]
 [  8.08161445   9.06757037   1.        ]
 [  9.07611944   9.02298906   1.        ]
 [ 10.01880287   9.0960245    1.        ]
 [ 11.09341307   9.0374648    1.        ]
 [ 12.07410304   9.09018856   1.        ]
 [ 13.05206645   9.08544513   1.        ]
 [ 14.06734848   9.09612764   1.        ]
 [  5.05262651  10.04859601   1.        ]
 [  6.06281633  10.09920767   1.        ]
 [  7.01381748  10.0060401    1.        ]
 [  8.0503988   10.00448527   1.        ]
 [  9.08236304  10.03836525   1.        ]
 [ 10.07054529  10.00654949   1.        ]
 [ 11.03101789  10.00758813   1.        ]
 [ 12.01573359  10.06168033   1.        ]
 [ 13.06108614  10.02873717   1.        ]
 [ 14.05616794  10.07461873   1.        ]
 [  5.06963329  11.08874317   1.        ]
 [  6.07777652  11.0632354    1.        ]
 [  7.09595303  11.07101494   1.        ]
 [  8.07315182  11.02141762   1.        ]
 [  9.02474105  11.04480446   1.        ]
 [ 10.01847998  11.0896208    1.        ]
 [ 11.07234238  11.04246097   1.        ]
 [ 12.05617151  11.09955645   1.        ]
 [ 13.07068686  11.02418512   1.        ]
 [ 14.01288073  11.02370666   1.        ]
 [  5.04297717  12.03502132   1.        ]
 [  6.02753446  12.04866695   1.        ]
 [  7.04319159  12.08254034   1.        ]
 [  8.00657186  12.0111902    1.        ]
 [  9.05735808  12.00650391   1.        ]
 [ 10.02407041  12.00276725   1.        ]
 [ 11.06442236  12.07115904   1.        ]
 [ 12.00220069  12.06197512   1.        ]
 [ 13.03867308  12.0341935    1.        ]
 [ 14.07192484  12.01199719   1.        ]
 [  5.08852755  13.08280756   1.        ]
 [  6.09119283  13.07236844   1.        ]
 [  7.01199632  13.07996227   1.        ]
 [  8.02454464  13.05988326   1.        ]
 [  9.0270312   13.09465672   1.        ]
 [ 10.05811938  13.02186043   1.        ]
 [ 11.01551176  13.01784514   1.        ]
 [ 12.01631713  13.0756496    1.        ]
 [ 13.05969008  13.02894069   1.        ]
 [ 14.01291282  13.00319932   1.        ]
 [  5.03079627  14.09812971   1.        ]
 [  6.02556146  14.08149607   1.        ]
 [  7.0101775   14.06142434   1.        ]
 [  8.0561614   14.09656334   1.        ]
 [  9.08390776  14.09139574   1.        ]
 [ 10.03548944  14.05304515   1.        ]
 [ 11.08856136  14.04322424   1.        ]
 [ 12.03897831  14.05808806   1.        ]
 [ 13.00274958  14.09601833   1.        ]
 [ 14.01649776  14.04324396   1.        ]]
Running basin hopping with paramerters:
PARAMETERS BEGIN

epsilon=1.024125
r0=1.398235
sigma=0.141421
PARAMETERS END


E: -309.0871 accepted 1
E: -315.6848 accepted 1
E: -310.9062 accepted 0
E: -322.1444 accepted 1
E: -332.4883 accepted 1
E: -322.5471 accepted 0
E: -328.1973 accepted 0
E: -325.1997 accepted 0
E: -329.9862 accepted 0
E: -332.1946 accepted 0
E: -328.9926 accepted 0
Runtime = 2744.928332


