[[  5.06020464   5.04771272   1.        ]
 [  6.05254103   5.04799448   1.        ]
 [  7.0624179    5.07463763   1.        ]
 [  8.07630243   5.04682167   1.        ]
 [  9.00083624   5.01702496   1.        ]
 [ 10.05694818   5.05596294   1.        ]
 [ 11.02302512   5.08273624   1.        ]
 [ 12.03659103   5.09297393   1.        ]
 [ 13.05356193   5.07187724   1.        ]
 [ 14.09873203   5.04411135   1.        ]
 [  5.03941099   6.07594204   1.        ]
 [  6.04905185   6.09639609   1.        ]
 [  7.07761541   6.05539754   1.        ]
 [  8.07176471   6.04429457   1.        ]
 [  9.0231464    6.00783504   1.        ]
 [ 10.07343252   6.0126195    1.        ]
 [ 11.02376451   6.03918972   1.        ]
 [ 12.00377252   6.01291788   1.        ]
 [ 13.0948398    6.00512214   1.        ]
 [ 14.05170501   6.00592034   1.        ]
 [  5.03818054   7.080483     1.        ]
 [  6.00251563   7.00551613   1.        ]
 [  7.04005765   7.0006101    1.        ]
 [  8.09845271   7.02417087   1.        ]
 [  9.06735031   7.05427456   1.        ]
 [ 10.07903015   7.04904087   1.        ]
 [ 11.03851169   7.07508618   1.        ]
 [ 12.05670207   7.00926401   1.        ]
 [ 13.04164891   7.07342812   1.        ]
 [ 14.02892776   7.09162946   1.        ]
 [  5.02822149   8.00883886   1.        ]
 [  6.05501436   8.03610839   1.        ]
 [  7.01178398   8.0598083    1.        ]
 [  8.05777513   8.00163344   1.        ]
 [  9.06756258   8.09323948   1.        ]
 [ 10.04030734   8.09372454   1.        ]
 [ 11.01886588   8.02779041   1.        ]
 [ 12.04725593   8.0477483    1.        ]
 [ 13.04493421   8.02613394   1.        ]
 [ 14.07294066   8.09871587   1.        ]
 [  5.01975385   9.08194343   1.        ]
 [  6.03105203   9.07563985   1.        ]
 [  7.08724576   9.06673778   1.        ]
 [  8.08796893   9.0012108    1.        ]
 [  9.05683156   9.03099331   1.        ]
 [ 10.0912069    9.01454667   1.        ]
 [ 11.00017185   9.03778594   1.        ]
 [ 12.05463217   9.06655854   1.        ]
 [ 13.0808973    9.07472439   1.        ]
 [ 14.04770495   9.01099828   1.        ]
 [  5.05127029  10.01688797   1.        ]
 [  6.04435752  10.05247784   1.        ]
 [  7.05949617  10.03469395   1.        ]
 [  8.00240017  10.05208015   1.        ]
 [  9.04533873  10.06415542   1.        ]
 [ 10.09543819  10.06640842   1.        ]
 [ 11.08351643  10.07903113   1.        ]
 [ 12.02526167  10.04663705   1.        ]
 [ 13.06414524  10.06891082   1.        ]
 [ 14.048841    10.09799037   1.        ]
 [  5.04542331  11.06607706   1.        ]
 [  6.00621875  11.07964737   1.        ]
 [  7.06918425  11.06908922   1.        ]
 [  8.00813688  11.08763639   1.        ]
 [  9.02135197  11.05916452   1.        ]
 [ 10.02680582  11.03215445   1.        ]
 [ 11.08018481  11.01470161   1.        ]
 [ 12.01735128  11.09234557   1.        ]
 [ 13.07200456  11.09763003   1.        ]
 [ 14.08019448  11.04150904   1.        ]
 [  5.08414908  12.05664072   1.        ]
 [  6.02416575  12.08306462   1.        ]
 [  7.08901123  12.09384136   1.        ]
 [  8.00798098  12.01109999   1.        ]
 [  9.00474786  12.06094895   1.        ]
 [ 10.05587698  12.01951525   1.        ]
 [ 11.06054628  12.03296149   1.        ]
 [ 12.00657641  12.00300741   1.        ]
 [ 13.05821172  12.02464543   1.        ]
 [ 14.00333527  12.04155335   1.        ]
 [  5.08604755  13.00896698   1.        ]
 [  6.08895392  13.05759741   1.        ]
 [  7.05926934  13.02745277   1.        ]
 [  8.00286964  13.08931958   1.        ]
 [  9.05822393  13.09824104   1.        ]
 [ 10.05751516  13.03680611   1.        ]
 [ 11.06315941  13.04318176   1.        ]
 [ 12.04978559  13.06612077   1.        ]
 [ 13.0066557   13.00826022   1.        ]
 [ 14.04637493  13.07984882   1.        ]
 [  5.02851181  14.07142503   1.        ]
 [  6.0422073   14.07055435   1.        ]
 [  7.02635577  14.01122686   1.        ]
 [  8.03611214  14.0593765    1.        ]
 [  9.00219098  14.07448607   1.        ]
 [ 10.07924814  14.0440099    1.        ]
 [ 11.08810082  14.05249904   1.        ]
 [ 12.09836383  14.09482412   1.        ]
 [ 13.02883723  14.04543611   1.        ]
 [ 14.08869498  14.028676     1.        ]]
Running basin hopping with paramerters:
PARAMETERS BEGIN

epsilon=4.154201
r0=1.223936
sigma=0.141421
PARAMETERS END


E: -1024.9352 accepted 1
E: -1017.0392 accepted 0
E: -984.0945 accepted 0
E: -1055.7832 accepted 1
E: -1073.8834 accepted 1
E: -1128.6658 accepted 1
E: -1127.9781 accepted 1
E: -1122.5777 accepted 0
E: -1129.5914 accepted 1
E: -1144.1039 accepted 1
E: -1154.8255 accepted 1
E: -1157.2246 accepted 1
E: -1167.5911 accepted 1
E: -1171.1304 accepted 1
E: -1153.4486 accepted 0
E: -1146.5846 accepted 0
E: -1136.3497 accepted 0
E: -1180.5334 accepted 1
E: -1171.1433 accepted 0
E: -1175.8374 accepted 0
E: -1180.5334 accepted 1
E: -1163.2609 accepted 0
E: -1176.9939 accepted 0
E: -1152.7032 accepted 0
E: -1108.8695 accepted 0
E: -1180.5334 accepted 1
E: -1180.5334 accepted 1
Runtime = 3477.257509


