[[  5.05041308   5.0892008    1.        ]
 [  6.00025505   5.05658478   1.        ]
 [  7.02396567   5.00609329   1.        ]
 [  8.02664648   5.01753979   1.        ]
 [  9.04354595   5.06820382   1.        ]
 [ 10.04310729   5.02136338   1.        ]
 [ 11.02322644   5.06632862   1.        ]
 [ 12.09191603   5.06409714   1.        ]
 [ 13.00244789   5.00729131   1.        ]
 [ 14.08476098   5.05420172   1.        ]
 [  5.08509106   6.04784795   1.        ]
 [  6.05174499   6.06794407   1.        ]
 [  7.0044577    6.00574859   1.        ]
 [  8.05631541   6.09979135   1.        ]
 [  9.08023959   6.08611638   1.        ]
 [ 10.04012379   6.04990006   1.        ]
 [ 11.08020458   6.03846428   1.        ]
 [ 12.01712154   6.01916531   1.        ]
 [ 13.08752665   6.05047456   1.        ]
 [ 14.00523949   6.0620799    1.        ]
 [  5.09342402   7.06398125   1.        ]
 [  6.07960222   7.03653799   1.        ]
 [  7.0736333    7.04119976   1.        ]
 [  8.04985297   7.062942     1.        ]
 [  9.09064154   7.08554441   1.        ]
 [ 10.02350271   7.08317423   1.        ]
 [ 11.02883236   7.05525367   1.        ]
 [ 12.00846915   7.03525235   1.        ]
 [ 13.00423994   7.094345     1.        ]
 [ 14.0751574    7.03239632   1.        ]
 [  5.03388062   8.09445916   1.        ]
 [  6.05468186   8.05384377   1.        ]
 [  7.05381225   8.0094676    1.        ]
 [  8.06202921   8.01487374   1.        ]
 [  9.00943161   8.00626626   1.        ]
 [ 10.01867735   8.03995408   1.        ]
 [ 11.05825458   8.03985214   1.        ]
 [ 12.09840161   8.09402619   1.        ]
 [ 13.08608205   8.08372086   1.        ]
 [ 14.07521      8.08064745   1.        ]
 [  5.00322402   9.04828041   1.        ]
 [  6.0857748    9.07629509   1.        ]
 [  7.07107595   9.099095     1.        ]
 [  8.00996547   9.07980104   1.        ]
 [  9.01672701   9.02737018   1.        ]
 [ 10.06019364   9.07530431   1.        ]
 [ 11.01921654   9.08794212   1.        ]
 [ 12.08718196   9.06293111   1.        ]
 [ 13.05062044   9.02431336   1.        ]
 [ 14.06978948   9.05908409   1.        ]
 [  5.09516132  10.08239607   1.        ]
 [  6.06003686  10.02513602   1.        ]
 [  7.07389191  10.04325616   1.        ]
 [  8.08202247  10.04481954   1.        ]
 [  9.09521172  10.08834664   1.        ]
 [ 10.04500401  10.0222807    1.        ]
 [ 11.05890862  10.04324537   1.        ]
 [ 12.07846456  10.0607196    1.        ]
 [ 13.00229588  10.04795157   1.        ]
 [ 14.07837619  10.09558898   1.        ]
 [  5.06729835  11.09240574   1.        ]
 [  6.08176025  11.00529105   1.        ]
 [  7.03744664  11.09265168   1.        ]
 [  8.08131619  11.01131303   1.        ]
 [  9.05461095  11.03089088   1.        ]
 [ 10.03736674  11.08251391   1.        ]
 [ 11.05953409  11.07611943   1.        ]
 [ 12.03651711  11.00144906   1.        ]
 [ 13.09131842  11.00794903   1.        ]
 [ 14.00091801  11.0283004    1.        ]
 [  5.0153234   12.01250004   1.        ]
 [  6.02089303  12.04300646   1.        ]
 [  7.0252703   12.0730908    1.        ]
 [  8.08150566  12.00826991   1.        ]
 [  9.02387112  12.08023021   1.        ]
 [ 10.04546259  12.00632148   1.        ]
 [ 11.07011872  12.09125169   1.        ]
 [ 12.06521498  12.0438198    1.        ]
 [ 13.01566166  12.01352731   1.        ]
 [ 14.01657536  12.09138184   1.        ]
 [  5.02632429  13.01341257   1.        ]
 [  6.007225    13.02971329   1.        ]
 [  7.00091332  13.09184044   1.        ]
 [  8.09254762  13.04361108   1.        ]
 [  9.08470111  13.07731837   1.        ]
 [ 10.01477116  13.00241048   1.        ]
 [ 11.0439321   13.03016086   1.        ]
 [ 12.02424024  13.06700792   1.        ]
 [ 13.07391082  13.06398132   1.        ]
 [ 14.09232977  13.04086143   1.        ]
 [  5.03038554  14.02049495   1.        ]
 [  6.0237108   14.03570883   1.        ]
 [  7.0494505   14.09447988   1.        ]
 [  8.03427602  14.02269766   1.        ]
 [  9.03797493  14.05408201   1.        ]
 [ 10.04375366  14.03546874   1.        ]
 [ 11.09473991  14.05154189   1.        ]
 [ 12.02735225  14.08265571   1.        ]
 [ 13.041839    14.03476315   1.        ]
 [ 14.01256076  14.05939429   1.        ]]
Running basin hopping with paramerters:
PARAMETERS BEGIN

epsilon=1.205859
r0=1.436586
sigma=0.141421
PARAMETERS END


E: -367.7925 accepted 1
E: -361.6378 accepted 0
E: -377.4987 accepted 1
E: -378.1949 accepted 1
E: -387.1837 accepted 1
E: -381.2924 accepted 0
E: -384.5743 accepted 0
E: -383.0193 accepted 0
E: -379.5182 accepted 0
E: -398.7697 accepted 1
E: -386.9157 accepted 0
E: -380.7819 accepted 0
E: -382.1056 accepted 0
E: -388.9888 accepted 0
E: -385.2395 accepted 0
E: -394.3134 accepted 0
Runtime = 2064.485524


