[[  5.0742366    5.00478599   1.        ]
 [  6.03011438   5.08152789   1.        ]
 [  7.08253003   5.0056824    1.        ]
 [  8.05187428   5.03548122   1.        ]
 [  9.04923565   5.05301205   1.        ]
 [ 10.05346722   5.06269946   1.        ]
 [ 11.06425037   5.03803305   1.        ]
 [ 12.04459588   5.04653914   1.        ]
 [ 13.06500238   5.05333356   1.        ]
 [ 14.09458508   5.03639479   1.        ]
 [  5.02470917   6.04197394   1.        ]
 [  6.0092007    6.066596     1.        ]
 [  7.05025325   6.02513996   1.        ]
 [  8.05719472   6.06240656   1.        ]
 [  9.01393508   6.0426015    1.        ]
 [ 10.07720418   6.08591172   1.        ]
 [ 11.03085879   6.05227006   1.        ]
 [ 12.0181079    6.02541099   1.        ]
 [ 13.08586129   6.04506269   1.        ]
 [ 14.07173396   6.05639176   1.        ]
 [  5.00183146   7.01621603   1.        ]
 [  6.05947588   7.0475067    1.        ]
 [  7.02271494   7.06699892   1.        ]
 [  8.06163083   7.09978662   1.        ]
 [  9.02450604   7.05096015   1.        ]
 [ 10.06785875   7.0256555    1.        ]
 [ 11.08966472   7.09716934   1.        ]
 [ 12.05620606   7.02490639   1.        ]
 [ 13.02904671   7.04276043   1.        ]
 [ 14.02128632   7.08891734   1.        ]
 [  5.029843     8.06382763   1.        ]
 [  6.05808398   8.09840854   1.        ]
 [  7.03363288   8.01027062   1.        ]
 [  8.08414027   8.01879445   1.        ]
 [  9.06184418   8.03409253   1.        ]
 [ 10.02399559   8.09248552   1.        ]
 [ 11.01261433   8.08476103   1.        ]
 [ 12.01335142   8.0521481    1.        ]
 [ 13.0139982    8.03370716   1.        ]
 [ 14.08824069   8.0455992    1.        ]
 [  5.03461546   9.0998793    1.        ]
 [  6.0051377    9.09265223   1.        ]
 [  7.07823657   9.01591459   1.        ]
 [  8.04084497   9.0295084    1.        ]
 [  9.06276481   9.00313426   1.        ]
 [ 10.02767874   9.04771226   1.        ]
 [ 11.0145648    9.06580833   1.        ]
 [ 12.07792963   9.07971894   1.        ]
 [ 13.06750513   9.01103858   1.        ]
 [ 14.02174952   9.06244187   1.        ]
 [  5.03669313  10.02192915   1.        ]
 [  6.07194682  10.05382882   1.        ]
 [  7.09314756  10.01081971   1.        ]
 [  8.06937156  10.09516049   1.        ]
 [  9.09908115  10.0342869    1.        ]
 [ 10.04764724  10.09013983   1.        ]
 [ 11.01992267  10.00633257   1.        ]
 [ 12.0084976   10.01864062   1.        ]
 [ 13.09094913  10.04883336   1.        ]
 [ 14.03473661  10.08110628   1.        ]
 [  5.00537254  11.03210361   1.        ]
 [  6.05657511  11.05876599   1.        ]
 [  7.07784188  11.08070802   1.        ]
 [  8.08801015  11.01053129   1.        ]
 [  9.04955439  11.04887508   1.        ]
 [ 10.09985672  11.05519634   1.        ]
 [ 11.09068375  11.0178718    1.        ]
 [ 12.05601274  11.00401212   1.        ]
 [ 13.01416441  11.09234559   1.        ]
 [ 14.04793821  11.01814469   1.        ]
 [  5.09558677  12.06082146   1.        ]
 [  6.08805864  12.05223267   1.        ]
 [  7.04408169  12.07875859   1.        ]
 [  8.09918671  12.0958323    1.        ]
 [  9.05234425  12.05834969   1.        ]
 [ 10.05680619  12.0275283    1.        ]
 [ 11.03942573  12.09180325   1.        ]
 [ 12.09143573  12.08877891   1.        ]
 [ 13.06043124  12.07278547   1.        ]
 [ 14.09708801  12.06051461   1.        ]
 [  5.03779762  13.09371869   1.        ]
 [  6.01749793  13.07430929   1.        ]
 [  7.0780391   13.01616158   1.        ]
 [  8.07612154  13.01838035   1.        ]
 [  9.08539195  13.02776529   1.        ]
 [ 10.03882827  13.08455046   1.        ]
 [ 11.03756217  13.05810883   1.        ]
 [ 12.0461358   13.05276779   1.        ]
 [ 13.02506955  13.02894705   1.        ]
 [ 14.05402577  13.0911441    1.        ]
 [  5.01565735  14.00702193   1.        ]
 [  6.0014861   14.06672238   1.        ]
 [  7.02713821  14.08324451   1.        ]
 [  8.09040977  14.04803274   1.        ]
 [  9.01707878  14.01339435   1.        ]
 [ 10.07159747  14.09633857   1.        ]
 [ 11.06287652  14.08065575   1.        ]
 [ 12.00852051  14.09699772   1.        ]
 [ 13.02297806  14.07246268   1.        ]
 [ 14.03888613  14.09548127   1.        ]]
Running basin hopping with paramerters:
PARAMETERS BEGIN

epsilon=0.777550
r0=1.441242
sigma=0.141421
PARAMETERS END


E: -289.8937 accepted 1
E: -307.5023 accepted 1
E: -316.5935 accepted 1
E: -315.8700 accepted 1
E: -319.5485 accepted 1
E: -319.8472 accepted 1
E: -320.8027 accepted 1
E: -327.1559 accepted 1
E: -326.0680 accepted 0
E: -323.8048 accepted 0
E: -320.5973 accepted 0
E: -330.0719 accepted 1
E: -323.8000 accepted 0
E: -328.1110 accepted 1
E: -324.1809 accepted 0
E: -331.3758 accepted 1
E: -328.1329 accepted 0
E: -330.6159 accepted 1
E: -325.4079 accepted 0
E: -331.5356 accepted 1
E: -336.7362 accepted 1
E: -328.2808 accepted 0
E: -327.4841 accepted 0
E: -326.9050 accepted 0
E: -325.4758 accepted 0
E: -326.1903 accepted 0
E: -329.3109 accepted 0
Runtime = 3814.191968


