[[  5.01649705   5.06223469   1.        ]
 [  6.06367671   5.08004219   1.        ]
 [  7.00628486   5.08031459   1.        ]
 [  8.05786953   5.01519497   1.        ]
 [  9.08827023   5.07876769   1.        ]
 [ 10.05763884   5.06649944   1.        ]
 [ 11.029131     5.00426836   1.        ]
 [ 12.08668539   5.04728139   1.        ]
 [ 13.09977299   5.08974442   1.        ]
 [ 14.08658684   5.05340082   1.        ]
 [  5.0419589    6.04045664   1.        ]
 [  6.08313642   6.02738856   1.        ]
 [  7.01444141   6.01464287   1.        ]
 [  8.03801262   6.09996585   1.        ]
 [  9.07208591   6.07705606   1.        ]
 [ 10.04084875   6.03397402   1.        ]
 [ 11.00725135   6.04393327   1.        ]
 [ 12.016094     6.03427981   1.        ]
 [ 13.09568893   6.06285558   1.        ]
 [ 14.05828009   6.06386704   1.        ]
 [  5.05232706   7.01917201   1.        ]
 [  6.0955324    7.05570048   1.        ]
 [  7.02385397   7.02064809   1.        ]
 [  8.01471616   7.01565572   1.        ]
 [  9.04826944   7.03404267   1.        ]
 [ 10.05540959   7.03476665   1.        ]
 [ 11.09854856   7.09113749   1.        ]
 [ 12.09875187   7.04701375   1.        ]
 [ 13.01853617   7.06069007   1.        ]
 [ 14.08517205   7.02089799   1.        ]
 [  5.05081887   8.0909577    1.        ]
 [  6.08537283   8.02766418   1.        ]
 [  7.01721771   8.08138244   1.        ]
 [  8.07462205   8.08417626   1.        ]
 [  9.02435267   8.0526487    1.        ]
 [ 10.00491795   8.01819493   1.        ]
 [ 11.04200212   8.09147453   1.        ]
 [ 12.02380589   8.04709194   1.        ]
 [ 13.08743067   8.02829149   1.        ]
 [ 14.08081235   8.03146493   1.        ]
 [  5.03590121   9.0556886    1.        ]
 [  6.05871022   9.01931259   1.        ]
 [  7.09558958   9.06369254   1.        ]
 [  8.07353811   9.06764148   1.        ]
 [  9.09586293   9.00714857   1.        ]
 [ 10.03495482   9.0816067    1.        ]
 [ 11.03302713   9.05653528   1.        ]
 [ 12.09147667   9.08752618   1.        ]
 [ 13.02004757   9.03510183   1.        ]
 [ 14.06685616   9.06204093   1.        ]
 [  5.01773878  10.06261494   1.        ]
 [  6.05473112  10.02323854   1.        ]
 [  7.02212737  10.02937271   1.        ]
 [  8.07176151  10.08231778   1.        ]
 [  9.08312596  10.02482035   1.        ]
 [ 10.03721655  10.01523783   1.        ]
 [ 11.03578787  10.04138154   1.        ]
 [ 12.03520312  10.01938839   1.        ]
 [ 13.04407637  10.04139968   1.        ]
 [ 14.05112994  10.02207429   1.        ]
 [  5.0700429   11.03055771   1.        ]
 [  6.05107362  11.00623745   1.        ]
 [  7.04936233  11.01981046   1.        ]
 [  8.09384935  11.01449866   1.        ]
 [  9.03104947  11.03429658   1.        ]
 [ 10.03836373  11.06114443   1.        ]
 [ 11.01733524  11.0139625    1.        ]
 [ 12.05085742  11.02272656   1.        ]
 [ 13.02279387  11.00097019   1.        ]
 [ 14.00926263  11.00784791   1.        ]
 [  5.00730562  12.06465683   1.        ]
 [  6.04866742  12.0482546    1.        ]
 [  7.00997402  12.09534499   1.        ]
 [  8.0000447   12.00025776   1.        ]
 [  9.07526942  12.04515001   1.        ]
 [ 10.0020146   12.07000634   1.        ]
 [ 11.01357697  12.01229519   1.        ]
 [ 12.07424815  12.04125463   1.        ]
 [ 13.08348656  12.08518818   1.        ]
 [ 14.08937372  12.06658124   1.        ]
 [  5.01822437  13.04716709   1.        ]
 [  6.03983172  13.04113802   1.        ]
 [  7.0437131   13.00935999   1.        ]
 [  8.09472417  13.02042693   1.        ]
 [  9.06702908  13.08800619   1.        ]
 [ 10.08681946  13.01288347   1.        ]
 [ 11.05878828  13.06431543   1.        ]
 [ 12.07530917  13.05107806   1.        ]
 [ 13.09232482  13.09372373   1.        ]
 [ 14.01568862  13.00417232   1.        ]
 [  5.04630386  14.05276985   1.        ]
 [  6.04798205  14.00951014   1.        ]
 [  7.04233854  14.00710293   1.        ]
 [  8.04865369  14.06369114   1.        ]
 [  9.05490439  14.03277391   1.        ]
 [ 10.01582551  14.04538688   1.        ]
 [ 11.03464072  14.01205591   1.        ]
 [ 12.07488485  14.04531095   1.        ]
 [ 13.06706814  14.04808826   1.        ]
 [ 14.00482497  14.02149975   1.        ]]
Running basin hopping with paramerters:
PARAMETERS BEGIN

epsilon=1.191463
r0=1.407741
sigma=0.141421
PARAMETERS END


E: -341.4123 accepted 1
E: -339.1475 accepted 0
E: -361.2349 accepted 1
E: -360.9694 accepted 1
E: -371.0782 accepted 1
E: -375.1850 accepted 1
E: -381.0243 accepted 1
E: -380.8049 accepted 1
E: -381.6344 accepted 1
E: -381.6788 accepted 1
E: -380.9439 accepted 1
E: -379.1679 accepted 0
E: -377.1477 accepted 0
E: -387.4633 accepted 1
E: -400.3577 accepted 1
E: -385.3735 accepted 0
E: -384.0708 accepted 0
E: -392.5624 accepted 0
E: -378.8766 accepted 0
E: -376.8627 accepted 0
E: -381.7307 accepted 0
Runtime = 4255.693799


