[[  5.02794599   5.07520527   1.        ]
 [  6.08196424   5.05615934   1.        ]
 [  7.06819213   5.05726765   1.        ]
 [  8.01759353   5.09818834   1.        ]
 [  9.00490002   5.07190677   1.        ]
 [ 10.02735234   5.03567566   1.        ]
 [ 11.04759773   5.02984411   1.        ]
 [ 12.02500651   5.01200751   1.        ]
 [ 13.02969887   5.00847047   1.        ]
 [ 14.09002583   5.05798596   1.        ]
 [  5.05608863   6.01001544   1.        ]
 [  6.09599431   6.09544944   1.        ]
 [  7.02729879   6.05632514   1.        ]
 [  8.0575075    6.09970914   1.        ]
 [  9.05943644   6.09347811   1.        ]
 [ 10.03919082   6.00223822   1.        ]
 [ 11.01252031   6.09907002   1.        ]
 [ 12.00882015   6.04649899   1.        ]
 [ 13.09976313   6.09479206   1.        ]
 [ 14.04413615   6.00578629   1.        ]
 [  5.01773284   7.02308604   1.        ]
 [  6.02140699   7.08389357   1.        ]
 [  7.05787755   7.03361561   1.        ]
 [  8.09348626   7.03795248   1.        ]
 [  9.01820797   7.09393068   1.        ]
 [ 10.05377655   7.01211416   1.        ]
 [ 11.08287165   7.05113383   1.        ]
 [ 12.06892268   7.03769173   1.        ]
 [ 13.09552521   7.09220908   1.        ]
 [ 14.002195     7.05378111   1.        ]
 [  5.02275255   8.07301564   1.        ]
 [  6.05131549   8.05532568   1.        ]
 [  7.02965546   8.0217691    1.        ]
 [  8.02097388   8.08300639   1.        ]
 [  9.02989964   8.02920652   1.        ]
 [ 10.04976948   8.01733997   1.        ]
 [ 11.03029052   8.00650758   1.        ]
 [ 12.09233104   8.06145991   1.        ]
 [ 13.02784088   8.08324521   1.        ]
 [ 14.07062042   8.05208656   1.        ]
 [  5.01835313   9.05380331   1.        ]
 [  6.02121286   9.09621096   1.        ]
 [  7.09977598   9.04505776   1.        ]
 [  8.02821712   9.00164249   1.        ]
 [  9.05342657   9.09250802   1.        ]
 [ 10.06239693   9.05010149   1.        ]
 [ 11.06980628   9.08138994   1.        ]
 [ 12.02157934   9.0985248    1.        ]
 [ 13.0844348    9.07894499   1.        ]
 [ 14.00028968   9.04166203   1.        ]
 [  5.05746228  10.06505714   1.        ]
 [  6.04991197  10.0966749    1.        ]
 [  7.08918899  10.01494474   1.        ]
 [  8.02432196  10.09509844   1.        ]
 [  9.01590662  10.0214931    1.        ]
 [ 10.0383322   10.01893368   1.        ]
 [ 11.08122558  10.06305211   1.        ]
 [ 12.02907843  10.02448066   1.        ]
 [ 13.07187697  10.07316901   1.        ]
 [ 14.07498081  10.09177561   1.        ]
 [  5.04496811  11.04026643   1.        ]
 [  6.00107447  11.08058884   1.        ]
 [  7.05995408  11.01677601   1.        ]
 [  8.06006466  11.04386163   1.        ]
 [  9.06231495  11.01788107   1.        ]
 [ 10.08666817  11.02213194   1.        ]
 [ 11.01820732  11.0209317    1.        ]
 [ 12.03548555  11.04835802   1.        ]
 [ 13.04795059  11.08817217   1.        ]
 [ 14.06958281  11.03136641   1.        ]
 [  5.08230243  12.08297447   1.        ]
 [  6.03175507  12.04361442   1.        ]
 [  7.03934585  12.05063708   1.        ]
 [  8.02983154  12.01146637   1.        ]
 [  9.07809424  12.05139025   1.        ]
 [ 10.09284463  12.09252726   1.        ]
 [ 11.03339088  12.05630328   1.        ]
 [ 12.09742182  12.06947891   1.        ]
 [ 13.08070245  12.09112124   1.        ]
 [ 14.01682691  12.09093364   1.        ]
 [  5.07391664  13.07260838   1.        ]
 [  6.03729629  13.06292371   1.        ]
 [  7.06629859  13.06253783   1.        ]
 [  8.02776739  13.0539513    1.        ]
 [  9.07228398  13.04488676   1.        ]
 [ 10.04921155  13.09590465   1.        ]
 [ 11.01425517  13.05682327   1.        ]
 [ 12.02453377  13.00443118   1.        ]
 [ 13.05931396  13.0127404    1.        ]
 [ 14.09253927  13.00156821   1.        ]
 [  5.01616842  14.06690492   1.        ]
 [  6.01251464  14.0636298    1.        ]
 [  7.01694415  14.09505106   1.        ]
 [  8.05478494  14.06146698   1.        ]
 [  9.06748136  14.05780769   1.        ]
 [ 10.08291193  14.09440522   1.        ]
 [ 11.00478889  14.08239494   1.        ]
 [ 12.02914586  14.07900403   1.        ]
 [ 13.01177304  14.04601966   1.        ]
 [ 14.00879079  14.00009198   1.        ]]
Running basin hopping with paramerters:
PARAMETERS BEGIN

epsilon=0.812356
r0=1.417008
sigma=0.141421
PARAMETERS END


E: -294.5184 accepted 1
E: -304.8818 accepted 1
E: -298.8101 accepted 0
E: -303.8008 accepted 0
E: -301.0258 accepted 0
E: -300.1950 accepted 0
E: -305.4413 accepted 1
E: -299.0770 accepted 0
E: -302.0094 accepted 0
E: -297.6417 accepted 0
E: -302.9482 accepted 0
E: -297.7759 accepted 0
E: -298.1625 accepted 0
Runtime = 3275.616874


