[[  5.01028093   5.00247021   1.        ]
 [  6.04597723   5.05505297   1.        ]
 [  7.03069862   5.09363335   1.        ]
 [  8.00335811   5.06174417   1.        ]
 [  9.09347844   5.0456005    1.        ]
 [ 10.00839927   5.01930459   1.        ]
 [ 11.0470357    5.06889224   1.        ]
 [ 12.09520225   5.00266791   1.        ]
 [ 13.01632421   5.07660494   1.        ]
 [ 14.01950417   5.01456389   1.        ]
 [  5.05162553   6.04115824   1.        ]
 [  6.04599944   6.02636142   1.        ]
 [  7.02929696   6.08108915   1.        ]
 [  8.03925214   6.0127001    1.        ]
 [  9.0142281    6.06306711   1.        ]
 [ 10.00496687   6.04532034   1.        ]
 [ 11.06620967   6.08447451   1.        ]
 [ 12.08715462   6.05061273   1.        ]
 [ 13.09882224   6.04726697   1.        ]
 [ 14.08429122   6.08327518   1.        ]
 [  5.06192845   7.03172075   1.        ]
 [  6.03561566   7.0146942    1.        ]
 [  7.05519693   7.01465851   1.        ]
 [  8.00112024   7.09180601   1.        ]
 [  9.02800674   7.00857797   1.        ]
 [ 10.03909135   7.02552746   1.        ]
 [ 11.03782205   7.07123189   1.        ]
 [ 12.06722857   7.09661261   1.        ]
 [ 13.0479473    7.01613593   1.        ]
 [ 14.03078703   7.05108697   1.        ]
 [  5.07664806   8.09939612   1.        ]
 [  6.06479191   8.07357744   1.        ]
 [  7.01490328   8.07231286   1.        ]
 [  8.07842298   8.02154326   1.        ]
 [  9.01713213   8.01563898   1.        ]
 [ 10.03305309   8.06006016   1.        ]
 [ 11.09230612   8.07195471   1.        ]
 [ 12.04756967   8.06224474   1.        ]
 [ 13.01969584   8.09267388   1.        ]
 [ 14.0868192    8.06538722   1.        ]
 [  5.07094437   9.0292153    1.        ]
 [  6.05618244   9.09722037   1.        ]
 [  7.01675502   9.07122213   1.        ]
 [  8.04660109   9.06105476   1.        ]
 [  9.0341291    9.03933574   1.        ]
 [ 10.00795315   9.02049912   1.        ]
 [ 11.0962782    9.03913266   1.        ]
 [ 12.00468201   9.07663825   1.        ]
 [ 13.0277111    9.07096015   1.        ]
 [ 14.05404011   9.04265644   1.        ]
 [  5.02052876  10.0677106    1.        ]
 [  6.01371746  10.06879462   1.        ]
 [  7.01081122  10.05132725   1.        ]
 [  8.01755375  10.04180255   1.        ]
 [  9.09051084  10.02234638   1.        ]
 [ 10.00140948  10.01430079   1.        ]
 [ 11.09651209  10.08161085   1.        ]
 [ 12.08955131  10.05389036   1.        ]
 [ 13.05944033  10.05442967   1.        ]
 [ 14.00376685  10.0750583    1.        ]
 [  5.01721121  11.00423592   1.        ]
 [  6.02070861  11.03851884   1.        ]
 [  7.0724747   11.04793889   1.        ]
 [  8.08298944  11.01031145   1.        ]
 [  9.09570179  11.00247316   1.        ]
 [ 10.06736663  11.00046222   1.        ]
 [ 11.07273654  11.02933554   1.        ]
 [ 12.06713827  11.07742787   1.        ]
 [ 13.04060385  11.05692383   1.        ]
 [ 14.07544587  11.07573487   1.        ]
 [  5.04391566  12.02292443   1.        ]
 [  6.05269841  12.01038826   1.        ]
 [  7.08161909  12.09139456   1.        ]
 [  8.08140167  12.05487788   1.        ]
 [  9.03835553  12.01877265   1.        ]
 [ 10.02913964  12.00492375   1.        ]
 [ 11.08067233  12.00832146   1.        ]
 [ 12.06751153  12.00137104   1.        ]
 [ 13.00026957  12.03672104   1.        ]
 [ 14.04496245  12.02469226   1.        ]
 [  5.0770317   13.08063417   1.        ]
 [  6.0813625   13.01895474   1.        ]
 [  7.01419682  13.00780252   1.        ]
 [  8.03207904  13.06908431   1.        ]
 [  9.0112825   13.0584351    1.        ]
 [ 10.02482698  13.05913337   1.        ]
 [ 11.06798747  13.04851084   1.        ]
 [ 12.0775021   13.03936781   1.        ]
 [ 13.03790089  13.08241054   1.        ]
 [ 14.08916027  13.05645865   1.        ]
 [  5.03071256  14.09357268   1.        ]
 [  6.0638589   14.01775357   1.        ]
 [  7.01682975  14.05391695   1.        ]
 [  8.09730325  14.02704658   1.        ]
 [  9.03361947  14.04901024   1.        ]
 [ 10.03206476  14.01857437   1.        ]
 [ 11.03176242  14.09573696   1.        ]
 [ 12.00910356  14.00310222   1.        ]
 [ 13.00486058  14.02947415   1.        ]
 [ 14.03762962  14.0147952    1.        ]]
Running basin hopping with paramerters:
PARAMETERS BEGIN

epsilon=1.146578
r0=1.426462
sigma=0.141421
PARAMETERS END


E: -352.7816 accepted 1
E: -356.8683 accepted 1
E: -356.2976 accepted 1
E: -372.2206 accepted 1
E: -366.5962 accepted 0
E: -373.8027 accepted 1
E: -369.7156 accepted 0
E: -371.0543 accepted 0
E: -374.2212 accepted 1
E: -377.5539 accepted 1
E: -381.5892 accepted 1
E: -382.3756 accepted 1
E: -376.7229 accepted 0
E: -371.7014 accepted 0
E: -376.1358 accepted 0
E: -377.7788 accepted 0
E: -383.4088 accepted 1
E: -382.8637 accepted 1
E: -378.8992 accepted 0
E: -381.9314 accepted 0
E: -375.2629 accepted 0
E: -384.7690 accepted 1
E: -383.9244 accepted 0
E: -378.7877 accepted 0
E: -378.4511 accepted 0
E: -380.8431 accepted 0
E: -385.5783 accepted 1
E: -384.0692 accepted 0
E: -381.7782 accepted 0
E: -376.7235 accepted 0
E: -375.4911 accepted 0
E: -376.8044 accepted 0
E: -377.1479 accepted 0
Runtime = 4043.373005


