[[  5.06840035   5.01901109   1.        ]
 [  6.03460399   5.09455042   1.        ]
 [  7.02799239   5.06343641   1.        ]
 [  8.0400876    5.06575921   1.        ]
 [  9.0582562    5.04523172   1.        ]
 [ 10.04529072   5.014581     1.        ]
 [ 11.06616449   5.08470968   1.        ]
 [ 12.07787599   5.03087235   1.        ]
 [ 13.0901558    5.09143989   1.        ]
 [ 14.0979899    5.0040871    1.        ]
 [  5.00767681   6.04035444   1.        ]
 [  6.04132607   6.03857688   1.        ]
 [  7.04605508   6.02459064   1.        ]
 [  8.01551205   6.08367635   1.        ]
 [  9.04031622   6.05024872   1.        ]
 [ 10.0396137    6.06932242   1.        ]
 [ 11.00285688   6.05232659   1.        ]
 [ 12.0021197    6.0000031    1.        ]
 [ 13.08221825   6.09731796   1.        ]
 [ 14.07264074   6.09145906   1.        ]
 [  5.00085081   7.07389633   1.        ]
 [  6.09128737   7.00321925   1.        ]
 [  7.00597713   7.0730385    1.        ]
 [  8.0360178    7.07916763   1.        ]
 [  9.07908318   7.00700263   1.        ]
 [ 10.08237442   7.02161258   1.        ]
 [ 11.04725962   7.0966846    1.        ]
 [ 12.00758623   7.08080839   1.        ]
 [ 13.05513464   7.07821698   1.        ]
 [ 14.08469594   7.09632621   1.        ]
 [  5.07837759   8.0791633    1.        ]
 [  6.04197023   8.09240052   1.        ]
 [  7.07375795   8.0529158    1.        ]
 [  8.02416468   8.0217824    1.        ]
 [  9.06124811   8.06324994   1.        ]
 [ 10.02698231   8.0284294    1.        ]
 [ 11.0315435    8.04502817   1.        ]
 [ 12.09514893   8.09577733   1.        ]
 [ 13.08147279   8.0014674    1.        ]
 [ 14.01343617   8.06320568   1.        ]
 [  5.0196824    9.01404848   1.        ]
 [  6.02160905   9.01148177   1.        ]
 [  7.07734947   9.09965312   1.        ]
 [  8.07178522   9.0123977    1.        ]
 [  9.08832884   9.04477609   1.        ]
 [ 10.03653763   9.09691622   1.        ]
 [ 11.00635806   9.0378734    1.        ]
 [ 12.03752322   9.0363406    1.        ]
 [ 13.03885577   9.0265827    1.        ]
 [ 14.02440415   9.08104941   1.        ]
 [  5.07256095  10.0098597    1.        ]
 [  6.01903973  10.01076126   1.        ]
 [  7.09791349  10.01732168   1.        ]
 [  8.03967995  10.05627148   1.        ]
 [  9.01860071  10.00871288   1.        ]
 [ 10.07861032  10.02626604   1.        ]
 [ 11.03455793  10.07746036   1.        ]
 [ 12.0975592   10.04880851   1.        ]
 [ 13.08738358  10.03905757   1.        ]
 [ 14.06049109  10.08557174   1.        ]
 [  5.07765678  11.00880282   1.        ]
 [  6.02032296  11.06210434   1.        ]
 [  7.05941184  11.03995772   1.        ]
 [  8.08644367  11.03127688   1.        ]
 [  9.00033994  11.07195459   1.        ]
 [ 10.01385271  11.04906768   1.        ]
 [ 11.00757965  11.02763785   1.        ]
 [ 12.09107765  11.09329842   1.        ]
 [ 13.00351682  11.0429702    1.        ]
 [ 14.08496376  11.08515702   1.        ]
 [  5.06894365  12.09305669   1.        ]
 [  6.03051967  12.06565694   1.        ]
 [  7.02021576  12.00280885   1.        ]
 [  8.09298452  12.09845703   1.        ]
 [  9.02679546  12.06018068   1.        ]
 [ 10.04031117  12.07213391   1.        ]
 [ 11.06047297  12.01028677   1.        ]
 [ 12.01336873  12.09733863   1.        ]
 [ 13.08805528  12.05777555   1.        ]
 [ 14.01836247  12.07913725   1.        ]
 [  5.01281051  13.09722613   1.        ]
 [  6.0503597   13.06551728   1.        ]
 [  7.08113818  13.03126664   1.        ]
 [  8.09010131  13.05362144   1.        ]
 [  9.08646498  13.05141383   1.        ]
 [ 10.04160721  13.0583809    1.        ]
 [ 11.08186802  13.01107304   1.        ]
 [ 12.04564677  13.05336598   1.        ]
 [ 13.02962679  13.04711357   1.        ]
 [ 14.00475796  13.0623843    1.        ]
 [  5.0774108   14.01618935   1.        ]
 [  6.09759498  14.01687014   1.        ]
 [  7.00961077  14.06242488   1.        ]
 [  8.01239955  14.08952555   1.        ]
 [  9.06343781  14.0421148    1.        ]
 [ 10.07374099  14.0214597    1.        ]
 [ 11.01394122  14.03665601   1.        ]
 [ 12.02137955  14.01404515   1.        ]
 [ 13.05134958  14.05297547   1.        ]
 [ 14.00449748  14.08929349   1.        ]]
Running basin hopping with paramerters:
PARAMETERS BEGIN

epsilon=0.974958
r0=1.374614
sigma=0.141421
PARAMETERS END


E: -306.6268 accepted 1
E: -299.4362 accepted 0
E: -312.6757 accepted 1
E: -332.4628 accepted 1
E: -321.2207 accepted 0
E: -341.2358 accepted 1
E: -342.0779 accepted 1
E: -332.4448 accepted 0
E: -348.0418 accepted 1
E: -338.3044 accepted 0
E: -338.7741 accepted 0
E: -357.6506 accepted 1
E: -349.2692 accepted 0
E: -343.8265 accepted 0
E: -340.0879 accepted 0
E: -355.3503 accepted 0
E: -349.0623 accepted 0
E: -347.6801 accepted 0
Runtime = 3243.218853


