[[  5.07799695   5.0958949    1.        ]
 [  6.08901969   5.0546663    1.        ]
 [  7.02154557   5.07137125   1.        ]
 [  8.09584607   5.08168931   1.        ]
 [  9.06726849   5.04882432   1.        ]
 [ 10.06308515   5.01405196   1.        ]
 [ 11.01403992   5.0869558    1.        ]
 [ 12.0705949    5.01149724   1.        ]
 [ 13.052274     5.03142825   1.        ]
 [ 14.06820235   5.00850044   1.        ]
 [  5.06209863   6.05853195   1.        ]
 [  6.01690751   6.03870247   1.        ]
 [  7.01003936   6.0300638    1.        ]
 [  8.03940742   6.04048107   1.        ]
 [  9.0811004    6.0613912    1.        ]
 [ 10.07217626   6.02909232   1.        ]
 [ 11.07435159   6.0834702    1.        ]
 [ 12.0572186    6.0979582    1.        ]
 [ 13.03740744   6.04749969   1.        ]
 [ 14.01957466   6.0253347    1.        ]
 [  5.07014608   7.05930268   1.        ]
 [  6.04542797   7.05778821   1.        ]
 [  7.00159343   7.09780447   1.        ]
 [  8.06681645   7.01948549   1.        ]
 [  9.09690127   7.09867212   1.        ]
 [ 10.03482288   7.09811632   1.        ]
 [ 11.09702079   7.06224862   1.        ]
 [ 12.00820065   7.09181804   1.        ]
 [ 13.04026545   7.09697305   1.        ]
 [ 14.0542999    7.06475245   1.        ]
 [  5.09171912   8.0029369    1.        ]
 [  6.08732676   8.04526849   1.        ]
 [  7.00815826   8.0940584    1.        ]
 [  8.06907224   8.03267977   1.        ]
 [  9.08923457   8.00854588   1.        ]
 [ 10.03838037   8.08327497   1.        ]
 [ 11.00646953   8.0203064    1.        ]
 [ 12.01601563   8.09087358   1.        ]
 [ 13.09964154   8.07256979   1.        ]
 [ 14.01705707   8.00109389   1.        ]
 [  5.06869641   9.02516777   1.        ]
 [  6.06171578   9.01268874   1.        ]
 [  7.01535824   9.05384265   1.        ]
 [  8.09276423   9.06529013   1.        ]
 [  9.07403272   9.07325508   1.        ]
 [ 10.02423775   9.04721845   1.        ]
 [ 11.03198599   9.08913659   1.        ]
 [ 12.00747161   9.0715174    1.        ]
 [ 13.02775877   9.05863995   1.        ]
 [ 14.00605031   9.0148717    1.        ]
 [  5.05401348  10.04764526   1.        ]
 [  6.09965025  10.04473803   1.        ]
 [  7.01116819  10.00359058   1.        ]
 [  8.07152353  10.05317379   1.        ]
 [  9.04555241  10.06555743   1.        ]
 [ 10.07282082  10.08793086   1.        ]
 [ 11.00440361  10.07952066   1.        ]
 [ 12.09640156  10.04062266   1.        ]
 [ 13.08350366  10.04303437   1.        ]
 [ 14.07132865  10.02156394   1.        ]
 [  5.01836774  11.07606024   1.        ]
 [  6.07466222  11.01490066   1.        ]
 [  7.09630811  11.06262019   1.        ]
 [  8.01446517  11.0701634    1.        ]
 [  9.03713104  11.07778524   1.        ]
 [ 10.06515094  11.02149013   1.        ]
 [ 11.00157971  11.01391313   1.        ]
 [ 12.08226805  11.0110888    1.        ]
 [ 13.06051051  11.07161409   1.        ]
 [ 14.07382022  11.03659742   1.        ]
 [  5.01769159  12.08851817   1.        ]
 [  6.0144276   12.04092237   1.        ]
 [  7.02048656  12.03682119   1.        ]
 [  8.07027017  12.08420836   1.        ]
 [  9.02745242  12.04999716   1.        ]
 [ 10.0326766   12.04908676   1.        ]
 [ 11.00043518  12.01027166   1.        ]
 [ 12.09001577  12.03744022   1.        ]
 [ 13.06147515  12.04241639   1.        ]
 [ 14.08470694  12.05790034   1.        ]
 [  5.06040037  13.0987776    1.        ]
 [  6.07376784  13.04769602   1.        ]
 [  7.03643653  13.05534313   1.        ]
 [  8.03996333  13.01642589   1.        ]
 [  9.08631237  13.04369354   1.        ]
 [ 10.0442505   13.03776247   1.        ]
 [ 11.02227769  13.06013676   1.        ]
 [ 12.03598938  13.05980371   1.        ]
 [ 13.09426895  13.01616989   1.        ]
 [ 14.00840851  13.09474848   1.        ]
 [  5.06520339  14.06991304   1.        ]
 [  6.08625073  14.09920754   1.        ]
 [  7.09140323  14.00494658   1.        ]
 [  8.07186256  14.03086391   1.        ]
 [  9.08888658  14.08912331   1.        ]
 [ 10.03971666  14.06141855   1.        ]
 [ 11.05572701  14.04516886   1.        ]
 [ 12.0968997   14.05476061   1.        ]
 [ 13.06688665  14.08845014   1.        ]
 [ 14.02877805  14.06543762   1.        ]]
Running basin hopping with paramerters:
PARAMETERS BEGIN

epsilon=0.834740
r0=1.396798
sigma=0.141421
PARAMETERS END


E: -295.3845 accepted 1
E: -312.2647 accepted 1
E: 479728.3251 accepted 0
E: -313.7905 accepted 1
E: -313.7768 accepted 1
E: -312.3477 accepted 0
E: -310.8569 accepted 0
E: -319.0851 accepted 1
E: -318.6200 accepted 0
E: -322.6489 accepted 1
E: -319.5472 accepted 0
E: -322.3739 accepted 0
E: -326.8311 accepted 1
E: -326.1728 accepted 0
E: -329.0168 accepted 1
E: -327.8322 accepted 0
E: -319.9426 accepted 0
E: -325.7223 accepted 0
E: -328.5664 accepted 1
E: -329.4109 accepted 1
E: -331.4389 accepted 1
E: -335.0742 accepted 1
E: -336.3191 accepted 1
E: -332.1322 accepted 0
E: -332.1944 accepted 0
E: -328.3908 accepted 0
E: -340.4984 accepted 1
E: -331.8823 accepted 0
E: -327.9540 accepted 0
E: -337.2526 accepted 0
E: -336.1329 accepted 0
E: -341.2106 accepted 1
E: -341.8102 accepted 1
E: -342.5404 accepted 1
E: -339.6148 accepted 0
E: -339.6010 accepted 0
E: -342.4249 accepted 0
E: -341.9160 accepted 0
E: -335.8498 accepted 0
E: -335.3207 accepted 0
Runtime = 5679.507212


