[[  5.08221677   5.05242136   1.        ]
 [  6.04796326   5.09559672   1.        ]
 [  7.09101672   5.05081569   1.        ]
 [  8.09666227   5.04095653   1.        ]
 [  9.02075879   5.05010889   1.        ]
 [ 10.05356003   5.06230899   1.        ]
 [ 11.05163955   5.01868156   1.        ]
 [ 12.05625592   5.00384097   1.        ]
 [ 13.03759402   5.03474519   1.        ]
 [ 14.00791814   5.03373641   1.        ]
 [  5.04743359   6.04853984   1.        ]
 [  6.0826761    6.09534806   1.        ]
 [  7.09680796   6.00041465   1.        ]
 [  8.02181354   6.02887751   1.        ]
 [  9.04596011   6.09802739   1.        ]
 [ 10.07535777   6.04283932   1.        ]
 [ 11.0098506    6.08142131   1.        ]
 [ 12.09796933   6.0289905    1.        ]
 [ 13.00133139   6.06346765   1.        ]
 [ 14.05902477   6.04301504   1.        ]
 [  5.02077982   7.00741538   1.        ]
 [  6.06718738   7.08434977   1.        ]
 [  7.0745714    7.01355514   1.        ]
 [  8.00030244   7.09688827   1.        ]
 [  9.08555271   7.0663398    1.        ]
 [ 10.08754159   7.02477127   1.        ]
 [ 11.01968864   7.01960483   1.        ]
 [ 12.08944249   7.05349925   1.        ]
 [ 13.08830405   7.01014661   1.        ]
 [ 14.01717532   7.06418706   1.        ]
 [  5.07757588   8.04882153   1.        ]
 [  6.06846883   8.09571948   1.        ]
 [  7.05829753   8.09228042   1.        ]
 [  8.02119344   8.0483185    1.        ]
 [  9.021052     8.03600008   1.        ]
 [ 10.05228388   8.03766004   1.        ]
 [ 11.02484609   8.0083961    1.        ]
 [ 12.0244635    8.09839397   1.        ]
 [ 13.0071095    8.092998     1.        ]
 [ 14.0087378    8.06751738   1.        ]
 [  5.0658846    9.06538567   1.        ]
 [  6.0494474    9.02938416   1.        ]
 [  7.06270775   9.06829652   1.        ]
 [  8.04504815   9.07413977   1.        ]
 [  9.05783031   9.02665362   1.        ]
 [ 10.01604804   9.05176543   1.        ]
 [ 11.01565586   9.05297981   1.        ]
 [ 12.00592471   9.06324984   1.        ]
 [ 13.0153271    9.0027054    1.        ]
 [ 14.08990828   9.04186891   1.        ]
 [  5.04808788  10.04912834   1.        ]
 [  6.01474567  10.00304038   1.        ]
 [  7.03598221  10.08605943   1.        ]
 [  8.08780737  10.0374916    1.        ]
 [  9.01708086  10.04264482   1.        ]
 [ 10.07587105  10.09083674   1.        ]
 [ 11.05722701  10.09991041   1.        ]
 [ 12.04641828  10.05275346   1.        ]
 [ 13.08121851  10.05355357   1.        ]
 [ 14.09734026  10.00343668   1.        ]
 [  5.01730045  11.02647593   1.        ]
 [  6.03320574  11.08205282   1.        ]
 [  7.0817105   11.0392273    1.        ]
 [  8.0301856   11.02930198   1.        ]
 [  9.05943745  11.00163309   1.        ]
 [ 10.02036776  11.00402557   1.        ]
 [ 11.02583754  11.005817     1.        ]
 [ 12.07372901  11.04082907   1.        ]
 [ 13.03776056  11.07942369   1.        ]
 [ 14.07654482  11.01988465   1.        ]
 [  5.03498056  12.02137974   1.        ]
 [  6.02122698  12.04205161   1.        ]
 [  7.03444112  12.08100576   1.        ]
 [  8.00468429  12.03565002   1.        ]
 [  9.01134734  12.08395866   1.        ]
 [ 10.01275726  12.04914584   1.        ]
 [ 11.05523212  12.05047007   1.        ]
 [ 12.0888881   12.01605018   1.        ]
 [ 13.02351379  12.07170768   1.        ]
 [ 14.00534382  12.03272563   1.        ]
 [  5.09815233  13.09753154   1.        ]
 [  6.03258705  13.07625621   1.        ]
 [  7.0772757   13.08158011   1.        ]
 [  8.07278031  13.06369782   1.        ]
 [  9.03798157  13.07561333   1.        ]
 [ 10.09752924  13.00779951   1.        ]
 [ 11.09631855  13.01057562   1.        ]
 [ 12.04489347  13.08245411   1.        ]
 [ 13.08844293  13.05022165   1.        ]
 [ 14.02164544  13.01216615   1.        ]
 [  5.04330827  14.07814037   1.        ]
 [  6.00893908  14.02073908   1.        ]
 [  7.0673576   14.03311942   1.        ]
 [  8.05478572  14.07483702   1.        ]
 [  9.05497686  14.01805314   1.        ]
 [ 10.07934332  14.04843907   1.        ]
 [ 11.07766701  14.05459798   1.        ]
 [ 12.06694701  14.00374634   1.        ]
 [ 13.04964964  14.07339718   1.        ]
 [ 14.0990517   14.06494625   1.        ]]
Running basin hopping with paramerters:
PARAMETERS BEGIN

epsilon=1.275414
r0=1.357714
sigma=0.141421
PARAMETERS END


E: -352.5618 accepted 1
E: -375.3323 accepted 1
E: -371.3525 accepted 0
E: -375.0562 accepted 0
E: -368.8258 accepted 0
E: -372.9568 accepted 0
E: -379.9410 accepted 1
E: -373.0910 accepted 0
E: -379.1753 accepted 0
E: -380.3162 accepted 1
E: -383.8653 accepted 1
E: -385.4813 accepted 1
E: -377.1679 accepted 0
E: -376.2861 accepted 0
E: -382.1800 accepted 0
E: -382.3380 accepted 1
E: -379.2484 accepted 0
E: -366.7755 accepted 0
Runtime = 3356.118333


