[[  5.00774273   5.09199523   1.        ]
 [  6.08636363   5.06426311   1.        ]
 [  7.07110483   5.0232042    1.        ]
 [  8.05528262   5.02275323   1.        ]
 [  9.05389775   5.013392     1.        ]
 [ 10.0081461    5.0940783    1.        ]
 [ 11.0887428    5.08203975   1.        ]
 [ 12.02265091   5.01268197   1.        ]
 [ 13.06693158   5.0402117    1.        ]
 [ 14.0815399    5.00655705   1.        ]
 [  5.01529593   6.0078689    1.        ]
 [  6.05823413   6.09167672   1.        ]
 [  7.05336871   6.00684845   1.        ]
 [  8.00972799   6.03236115   1.        ]
 [  9.06294295   6.09905646   1.        ]
 [ 10.04812918   6.03948495   1.        ]
 [ 11.0972853    6.01669757   1.        ]
 [ 12.01617124   6.06878447   1.        ]
 [ 13.03285842   6.03184741   1.        ]
 [ 14.09725529   6.06384346   1.        ]
 [  5.0833228    7.0598797    1.        ]
 [  6.08321426   7.03052093   1.        ]
 [  7.04677352   7.08799675   1.        ]
 [  8.09588353   7.04128805   1.        ]
 [  9.0828815    7.08837812   1.        ]
 [ 10.07087991   7.01132228   1.        ]
 [ 11.09931932   7.03924941   1.        ]
 [ 12.03701614   7.06523041   1.        ]
 [ 13.09212118   7.02482898   1.        ]
 [ 14.04867962   7.00750842   1.        ]
 [  5.04895737   8.00801547   1.        ]
 [  6.00293645   8.0278074    1.        ]
 [  7.0007564    8.07870434   1.        ]
 [  8.09652105   8.06196714   1.        ]
 [  9.05216132   8.04988128   1.        ]
 [ 10.02215735   8.09525207   1.        ]
 [ 11.01588964   8.07768924   1.        ]
 [ 12.09090784   8.02200756   1.        ]
 [ 13.05618429   8.07733086   1.        ]
 [ 14.04616618   8.02911344   1.        ]
 [  5.05102275   9.07444223   1.        ]
 [  6.00340409   9.07141731   1.        ]
 [  7.07572688   9.00476792   1.        ]
 [  8.02103651   9.04455223   1.        ]
 [  9.06299389   9.04667897   1.        ]
 [ 10.00883437   9.0490443    1.        ]
 [ 11.07261995   9.02501147   1.        ]
 [ 12.06497786   9.02239987   1.        ]
 [ 13.07948323   9.06342848   1.        ]
 [ 14.02622858   9.09194226   1.        ]
 [  5.00552325  10.00064129   1.        ]
 [  6.03684538  10.06251872   1.        ]
 [  7.09915371  10.00558202   1.        ]
 [  8.02428298  10.09574506   1.        ]
 [  9.03612925  10.07840392   1.        ]
 [ 10.08917942  10.09057541   1.        ]
 [ 11.0815572   10.06604521   1.        ]
 [ 12.08288042  10.08221101   1.        ]
 [ 13.02480828  10.08323617   1.        ]
 [ 14.04825471  10.02583151   1.        ]
 [  5.03365289  11.03673941   1.        ]
 [  6.08853276  11.0885475    1.        ]
 [  7.08909946  11.01679844   1.        ]
 [  8.09956536  11.04549589   1.        ]
 [  9.08581473  11.03991819   1.        ]
 [ 10.05711882  11.05182037   1.        ]
 [ 11.01460492  11.07728651   1.        ]
 [ 12.08653402  11.07726635   1.        ]
 [ 13.07084617  11.04712455   1.        ]
 [ 14.03320288  11.07915916   1.        ]
 [  5.01871341  12.04809475   1.        ]
 [  6.00072475  12.05970953   1.        ]
 [  7.06593029  12.00212856   1.        ]
 [  8.06844944  12.05148931   1.        ]
 [  9.07273719  12.0924814    1.        ]
 [ 10.03644994  12.01591317   1.        ]
 [ 11.08468629  12.09015833   1.        ]
 [ 12.07293269  12.04058312   1.        ]
 [ 13.05655167  12.0182718    1.        ]
 [ 14.08985019  12.06567742   1.        ]
 [  5.05135432  13.02561747   1.        ]
 [  6.07616939  13.02167572   1.        ]
 [  7.05142046  13.0219661    1.        ]
 [  8.09562795  13.01377396   1.        ]
 [  9.02953788  13.03841273   1.        ]
 [ 10.02976263  13.06381298   1.        ]
 [ 11.01770881  13.02787742   1.        ]
 [ 12.01699453  13.00988991   1.        ]
 [ 13.00793097  13.0597759    1.        ]
 [ 14.05754605  13.04215547   1.        ]
 [  5.06764561  14.05898746   1.        ]
 [  6.05126823  14.00010302   1.        ]
 [  7.04866768  14.03713422   1.        ]
 [  8.03384931  14.07379631   1.        ]
 [  9.09557609  14.08842274   1.        ]
 [ 10.07858292  14.08820119   1.        ]
 [ 11.07530893  14.0904767    1.        ]
 [ 12.07362977  14.00298095   1.        ]
 [ 13.0683617   14.02506989   1.        ]
 [ 14.00291689  14.09087262   1.        ]]
Running basin hopping with paramerters:
PARAMETERS BEGIN

epsilon=1.146582
r0=1.352652
sigma=0.141421
PARAMETERS END


E: -325.2501 accepted 1
E: -330.2727 accepted 1
E: -339.1787 accepted 1
E: -349.2097 accepted 1
E: -357.5481 accepted 1
E: -357.3896 accepted 1
E: -361.7868 accepted 1
E: -368.5486 accepted 1
E: -360.6522 accepted 0
E: -357.9466 accepted 0
E: -364.0274 accepted 0
E: -363.5466 accepted 0
E: -358.5414 accepted 0
E: -361.1973 accepted 0
Runtime = 3800.657343


