[[  5.09306604   5.05364613   1.        ]
 [  6.08254461   5.07171128   1.        ]
 [  7.09383274   5.08408245   1.        ]
 [  8.05831142   5.0988243    1.        ]
 [  9.00013074   5.09964175   1.        ]
 [ 10.08436439   5.00101947   1.        ]
 [ 11.0241266    5.08888274   1.        ]
 [ 12.09343205   5.01493497   1.        ]
 [ 13.04443534   5.00095419   1.        ]
 [ 14.05323506   5.05022316   1.        ]
 [  5.0708467    6.04370208   1.        ]
 [  6.09456036   6.08595404   1.        ]
 [  7.00291079   6.08832222   1.        ]
 [  8.04270184   6.02294167   1.        ]
 [  9.00741577   6.0356329    1.        ]
 [ 10.03996122   6.03567616   1.        ]
 [ 11.00375742   6.01448465   1.        ]
 [ 12.01563005   6.03019626   1.        ]
 [ 13.00204809   6.04412553   1.        ]
 [ 14.05099896   6.06053423   1.        ]
 [  5.00769359   7.08687344   1.        ]
 [  6.09113203   7.00330329   1.        ]
 [  7.0888666    7.06629069   1.        ]
 [  8.08775159   7.03493855   1.        ]
 [  9.01704268   7.0600661    1.        ]
 [ 10.03353004   7.08831268   1.        ]
 [ 11.03521484   7.0795927    1.        ]
 [ 12.09492772   7.03485619   1.        ]
 [ 13.09974632   7.09586026   1.        ]
 [ 14.02589635   7.05516334   1.        ]
 [  5.08139958   8.02079682   1.        ]
 [  6.0471758    8.07480678   1.        ]
 [  7.06576318   8.04811393   1.        ]
 [  8.00409692   8.06566145   1.        ]
 [  9.0911881    8.03010565   1.        ]
 [ 10.06553321   8.00637366   1.        ]
 [ 11.06914699   8.08512378   1.        ]
 [ 12.0270809    8.0860252    1.        ]
 [ 13.07415118   8.06783954   1.        ]
 [ 14.06868935   8.01493447   1.        ]
 [  5.08385356   9.04265607   1.        ]
 [  6.06351692   9.05482634   1.        ]
 [  7.00026923   9.04675482   1.        ]
 [  8.00981987   9.00939026   1.        ]
 [  9.09793615   9.00338028   1.        ]
 [ 10.04436686   9.03241671   1.        ]
 [ 11.01229485   9.08482334   1.        ]
 [ 12.00644409   9.03793454   1.        ]
 [ 13.01449327   9.03235029   1.        ]
 [ 14.05673571   9.09231384   1.        ]
 [  5.07963505  10.01930878   1.        ]
 [  6.07887804  10.07772255   1.        ]
 [  7.02651759  10.00429407   1.        ]
 [  8.05548932  10.04101446   1.        ]
 [  9.02702556  10.07297693   1.        ]
 [ 10.0870822   10.02595092   1.        ]
 [ 11.06571038  10.08899777   1.        ]
 [ 12.04921049  10.09251544   1.        ]
 [ 13.05178346  10.08740842   1.        ]
 [ 14.04787918  10.0484813    1.        ]
 [  5.04301835  11.09346558   1.        ]
 [  6.06481641  11.08550157   1.        ]
 [  7.0436619   11.08822943   1.        ]
 [  8.07965733  11.01650232   1.        ]
 [  9.04102775  11.07170762   1.        ]
 [ 10.00919149  11.0709375    1.        ]
 [ 11.0150237   11.09074873   1.        ]
 [ 12.06845924  11.09935532   1.        ]
 [ 13.00764077  11.04128467   1.        ]
 [ 14.05628796  11.06663959   1.        ]
 [  5.07901599  12.09860923   1.        ]
 [  6.08704218  12.09237875   1.        ]
 [  7.03146261  12.0494675    1.        ]
 [  8.08383189  12.09065418   1.        ]
 [  9.03708549  12.02114673   1.        ]
 [ 10.03561994  12.06936707   1.        ]
 [ 11.08183345  12.06899065   1.        ]
 [ 12.07624174  12.09185308   1.        ]
 [ 13.08493781  12.00408043   1.        ]
 [ 14.05348455  12.07235219   1.        ]
 [  5.00423804  13.04701441   1.        ]
 [  6.03850875  13.03369541   1.        ]
 [  7.05782168  13.02726154   1.        ]
 [  8.02112495  13.08984815   1.        ]
 [  9.07406078  13.07879341   1.        ]
 [ 10.08140279  13.09202048   1.        ]
 [ 11.03357753  13.08674584   1.        ]
 [ 12.0959645   13.01072878   1.        ]
 [ 13.04589331  13.02308875   1.        ]
 [ 14.06295837  13.07602139   1.        ]
 [  5.02338696  14.09613966   1.        ]
 [  6.05000329  14.02041301   1.        ]
 [  7.09952994  14.0475728    1.        ]
 [  8.01714325  14.06059745   1.        ]
 [  9.04245833  14.02759868   1.        ]
 [ 10.01436757  14.04179589   1.        ]
 [ 11.06020828  14.07334338   1.        ]
 [ 12.02070178  14.02906556   1.        ]
 [ 13.02881174  14.04401336   1.        ]
 [ 14.0952931   14.03191795   1.        ]]
Running basin hopping with paramerters:
PARAMETERS BEGIN

epsilon=0.779844
r0=1.397843
sigma=0.141421
PARAMETERS END


E: -306.6658 accepted 1
E: -321.9616 accepted 1
E: -314.2576 accepted 0
E: -319.7977 accepted 0
E: -321.5854 accepted 1
E: -313.9230 accepted 0
E: -324.7161 accepted 1
E: -335.0931 accepted 1
E: -342.2480 accepted 1
E: -338.7747 accepted 0
E: -340.0168 accepted 0
E: -333.6515 accepted 0
E: -333.7829 accepted 0
E: -335.4453 accepted 0
E: -326.4046 accepted 0
Runtime = 2196.197365


