[[  5.03800415   5.03493343   1.        ]
 [  6.01743908   5.016221     1.        ]
 [  7.04537964   5.07423577   1.        ]
 [  8.00969706   5.09829077   1.        ]
 [  9.00971174   5.09450578   1.        ]
 [ 10.06458389   5.09216143   1.        ]
 [ 11.03180799   5.00490169   1.        ]
 [ 12.03064271   5.013384     1.        ]
 [ 13.00172906   5.0777073    1.        ]
 [ 14.01462167   5.05954661   1.        ]
 [  5.05236742   6.03433194   1.        ]
 [  6.04094335   6.04267438   1.        ]
 [  7.06389654   6.05322405   1.        ]
 [  8.05142458   6.06701714   1.        ]
 [  9.05880027   6.0603097    1.        ]
 [ 10.0240112    6.02132535   1.        ]
 [ 11.02292684   6.04275498   1.        ]
 [ 12.03972946   6.05337593   1.        ]
 [ 13.02868901   6.08252835   1.        ]
 [ 14.07977909   6.04457009   1.        ]
 [  5.06596396   7.00853259   1.        ]
 [  6.02102988   7.07812485   1.        ]
 [  7.09993162   7.02364296   1.        ]
 [  8.0612698    7.09422107   1.        ]
 [  9.09589265   7.02373228   1.        ]
 [ 10.07191393   7.02755462   1.        ]
 [ 11.04320504   7.06547212   1.        ]
 [ 12.02863354   7.02708126   1.        ]
 [ 13.08357683   7.09996298   1.        ]
 [ 14.00793476   7.05579287   1.        ]
 [  5.03578229   8.03469821   1.        ]
 [  6.04851586   8.02335037   1.        ]
 [  7.09647364   8.01445016   1.        ]
 [  8.03429769   8.01140335   1.        ]
 [  9.05079647   8.07364315   1.        ]
 [ 10.08783788   8.05624963   1.        ]
 [ 11.0442988    8.00662787   1.        ]
 [ 12.0579603    8.08921395   1.        ]
 [ 13.00944217   8.04046636   1.        ]
 [ 14.08844993   8.03113471   1.        ]
 [  5.0998201    9.03578638   1.        ]
 [  6.0911684    9.07726527   1.        ]
 [  7.08359866   9.03231074   1.        ]
 [  8.00747503   9.03245418   1.        ]
 [  9.01612462   9.07502974   1.        ]
 [ 10.0689726    9.09715756   1.        ]
 [ 11.01105273   9.0554851    1.        ]
 [ 12.08554177   9.00416779   1.        ]
 [ 13.09344442   9.00570717   1.        ]
 [ 14.05787452   9.00616832   1.        ]
 [  5.05491062  10.0564661    1.        ]
 [  6.04946387  10.03367812   1.        ]
 [  7.00396063  10.06469755   1.        ]
 [  8.03052163  10.08733156   1.        ]
 [  9.01289305  10.0519643    1.        ]
 [ 10.05602997  10.09702415   1.        ]
 [ 11.00434841  10.01313783   1.        ]
 [ 12.01344694  10.00960494   1.        ]
 [ 13.07471157  10.00516159   1.        ]
 [ 14.08582007  10.08248723   1.        ]
 [  5.01844283  11.04528971   1.        ]
 [  6.09640407  11.01749822   1.        ]
 [  7.02656035  11.07132824   1.        ]
 [  8.00876084  11.0269708    1.        ]
 [  9.03845761  11.0470675    1.        ]
 [ 10.01093505  11.07279478   1.        ]
 [ 11.06497029  11.02135582   1.        ]
 [ 12.01149522  11.02952456   1.        ]
 [ 13.07423517  11.0564449    1.        ]
 [ 14.04037522  11.0984231    1.        ]
 [  5.0959373   12.09110906   1.        ]
 [  6.04000424  12.08445666   1.        ]
 [  7.06455429  12.04380166   1.        ]
 [  8.02631866  12.03830024   1.        ]
 [  9.02205197  12.05739895   1.        ]
 [ 10.02005573  12.08011054   1.        ]
 [ 11.04017926  12.08086618   1.        ]
 [ 12.03466268  12.07141052   1.        ]
 [ 13.07938619  12.08231476   1.        ]
 [ 14.07192082  12.05797979   1.        ]
 [  5.06787325  13.05265328   1.        ]
 [  6.03782918  13.05240702   1.        ]
 [  7.07280021  13.02743387   1.        ]
 [  8.08213585  13.05301743   1.        ]
 [  9.00023031  13.07372092   1.        ]
 [ 10.01928694  13.04077838   1.        ]
 [ 11.00465367  13.01416779   1.        ]
 [ 12.02889378  13.0747838    1.        ]
 [ 13.0503802   13.02554074   1.        ]
 [ 14.02041006  13.09518241   1.        ]
 [  5.07915536  14.07025957   1.        ]
 [  6.09580682  14.03656396   1.        ]
 [  7.03435914  14.01090879   1.        ]
 [  8.01358761  14.04161115   1.        ]
 [  9.0370232   14.0142201    1.        ]
 [ 10.09461263  14.05998038   1.        ]
 [ 11.00218957  14.0496864    1.        ]
 [ 12.09296635  14.029074     1.        ]
 [ 13.08753112  14.08956514   1.        ]
 [ 14.03812639  14.02351859   1.        ]]
Running basin hopping with paramerters:
PARAMETERS BEGIN

epsilon=3.264561
r0=1.320645
sigma=0.141421
PARAMETERS END


E: -812.3344 accepted 1
E: -784.8949 accepted 0
E: -829.6974 accepted 1
E: -833.3481 accepted 1
E: -845.7738 accepted 1
E: -830.4927 accepted 0
E: -853.3624 accepted 1
E: -813.1380 accepted 0
E: -845.5396 accepted 0
E: -844.7777 accepted 0
E: -855.3548 accepted 1
E: -851.0726 accepted 0
E: -861.6256 accepted 1
E: -865.6794 accepted 1
E: -852.3485 accepted 0
E: -865.6639 accepted 1
E: -848.8737 accepted 0
E: -856.6853 accepted 0
E: -845.1036 accepted 0
E: -860.0508 accepted 0
Runtime = 3219.539558


