[[  5.04566456   5.03689972   1.        ]
 [  6.04759841   5.07182385   1.        ]
 [  7.0937583    5.06235465   1.        ]
 [  8.04522324   5.01060968   1.        ]
 [  9.04925485   5.02859911   1.        ]
 [ 10.0644398    5.05403913   1.        ]
 [ 11.07875001   5.04829776   1.        ]
 [ 12.01252112   5.00355666   1.        ]
 [ 13.07061745   5.03286328   1.        ]
 [ 14.03550315   5.01816143   1.        ]
 [  5.00435462   6.0592567    1.        ]
 [  6.04039084   6.04866605   1.        ]
 [  7.02472676   6.0867575    1.        ]
 [  8.0560422    6.0361574    1.        ]
 [  9.03272805   6.06318671   1.        ]
 [ 10.05763439   6.07515493   1.        ]
 [ 11.08476263   6.02619605   1.        ]
 [ 12.01077001   6.0782039    1.        ]
 [ 13.0460024    6.00030175   1.        ]
 [ 14.06203362   6.00345553   1.        ]
 [  5.00907461   7.04820848   1.        ]
 [  6.07658773   7.05122803   1.        ]
 [  7.06668405   7.00156634   1.        ]
 [  8.05216719   7.05650454   1.        ]
 [  9.07886161   7.08834617   1.        ]
 [ 10.00530139   7.02676015   1.        ]
 [ 11.09467784   7.04588289   1.        ]
 [ 12.03583355   7.08888979   1.        ]
 [ 13.00507071   7.08298673   1.        ]
 [ 14.07066086   7.01445427   1.        ]
 [  5.04414847   8.07773744   1.        ]
 [  6.06177774   8.05605033   1.        ]
 [  7.07191371   8.00973501   1.        ]
 [  8.08985814   8.05798735   1.        ]
 [  9.08011281   8.01743725   1.        ]
 [ 10.05628479   8.01195571   1.        ]
 [ 11.00051016   8.02131268   1.        ]
 [ 12.08382479   8.09513531   1.        ]
 [ 13.04732806   8.07482057   1.        ]
 [ 14.08498424   8.04511519   1.        ]
 [  5.08142689   9.01810578   1.        ]
 [  6.09377358   9.05664748   1.        ]
 [  7.02766406   9.08842061   1.        ]
 [  8.05480589   9.06659612   1.        ]
 [  9.09534619   9.04916678   1.        ]
 [ 10.05043863   9.04776802   1.        ]
 [ 11.08009535   9.08110033   1.        ]
 [ 12.05931256   9.09317181   1.        ]
 [ 13.00627826   9.09156992   1.        ]
 [ 14.03686124   9.01699796   1.        ]
 [  5.06495102  10.05943308   1.        ]
 [  6.07329473  10.02141919   1.        ]
 [  7.08250728  10.09711826   1.        ]
 [  8.07911785  10.06348503   1.        ]
 [  9.06746998  10.09989394   1.        ]
 [ 10.05685635  10.04063103   1.        ]
 [ 11.02891325  10.0931607    1.        ]
 [ 12.02024889  10.08003431   1.        ]
 [ 13.08882933  10.03336405   1.        ]
 [ 14.01081961  10.04668446   1.        ]
 [  5.05855704  11.07072993   1.        ]
 [  6.03392921  11.03757219   1.        ]
 [  7.06255042  11.0590412    1.        ]
 [  8.09924215  11.03202322   1.        ]
 [  9.02558337  11.0315655    1.        ]
 [ 10.01243229  11.09055888   1.        ]
 [ 11.06951074  11.06744975   1.        ]
 [ 12.07454664  11.01904814   1.        ]
 [ 13.05619001  11.02721371   1.        ]
 [ 14.05079172  11.0050143    1.        ]
 [  5.00697808  12.06899669   1.        ]
 [  6.05821334  12.07371602   1.        ]
 [  7.05895316  12.0141538    1.        ]
 [  8.06876664  12.04715884   1.        ]
 [  9.07512103  12.04407109   1.        ]
 [ 10.05543989  12.07184797   1.        ]
 [ 11.06007003  12.01313778   1.        ]
 [ 12.00857297  12.01364865   1.        ]
 [ 13.09617397  12.04715837   1.        ]
 [ 14.04624748  12.06708858   1.        ]
 [  5.00674643  13.04690175   1.        ]
 [  6.02738907  13.01095238   1.        ]
 [  7.0052056   13.05338118   1.        ]
 [  8.05279797  13.09885545   1.        ]
 [  9.00282538  13.00255682   1.        ]
 [ 10.05018341  13.08404051   1.        ]
 [ 11.00093631  13.05692732   1.        ]
 [ 12.03348184  13.07968005   1.        ]
 [ 13.0384844   13.04013784   1.        ]
 [ 14.00746212  13.05668328   1.        ]
 [  5.03458001  14.06140981   1.        ]
 [  6.05959708  14.01821848   1.        ]
 [  7.00937871  14.02392136   1.        ]
 [  8.06427655  14.02803105   1.        ]
 [  9.09629807  14.08635117   1.        ]
 [ 10.08551677  14.09742796   1.        ]
 [ 11.08269632  14.03357611   1.        ]
 [ 12.04576321  14.03779549   1.        ]
 [ 13.04081711  14.01998665   1.        ]
 [ 14.04704941  14.07264018   1.        ]]
Running basin hopping with paramerters:
PARAMETERS BEGIN

epsilon=0.813766
r0=1.443944
sigma=0.141421
PARAMETERS END


E: -263.2562 accepted 1
E: -282.6085 accepted 1
E: -284.6133 accepted 1
E: -290.2597 accepted 1
E: -304.5853 accepted 1
E: -306.7282 accepted 1
E: -308.0506 accepted 1
E: -306.3133 accepted 0
E: -303.5023 accepted 0
E: -305.7847 accepted 0
E: -309.7674 accepted 1
E: -316.8826 accepted 1
E: -304.8401 accepted 0
E: -305.7255 accepted 0
E: -308.4101 accepted 0
E: -312.0458 accepted 0
E: -310.2383 accepted 0
E: -301.2495 accepted 0
Runtime = 2978.015031


