[[  5.09750526   5.0660599    1.        ]
 [  6.0011057    5.04586089   1.        ]
 [  7.04769168   5.06684298   1.        ]
 [  8.07531815   5.0281779    1.        ]
 [  9.08020279   5.0891389    1.        ]
 [ 10.06666754   5.03683788   1.        ]
 [ 11.01445867   5.02103086   1.        ]
 [ 12.03658488   5.09693359   1.        ]
 [ 13.07401357   5.0719517    1.        ]
 [ 14.04395049   5.04903997   1.        ]
 [  5.02769697   6.0779968    1.        ]
 [  6.00167575   6.03583959   1.        ]
 [  7.05294824   6.05211854   1.        ]
 [  8.08338321   6.03988706   1.        ]
 [  9.08384411   6.02582362   1.        ]
 [ 10.09941354   6.01053051   1.        ]
 [ 11.04735712   6.05155225   1.        ]
 [ 12.03036731   6.08567353   1.        ]
 [ 13.07576363   6.05535199   1.        ]
 [ 14.06677658   6.04363489   1.        ]
 [  5.01539582   7.03958187   1.        ]
 [  6.03981117   7.04041545   1.        ]
 [  7.01326202   7.00851137   1.        ]
 [  8.05580817   7.05150762   1.        ]
 [  9.08939501   7.05025644   1.        ]
 [ 10.00267499   7.08146423   1.        ]
 [ 11.09228122   7.00831002   1.        ]
 [ 12.00534099   7.00056817   1.        ]
 [ 13.05263792   7.09975899   1.        ]
 [ 14.04870774   7.09510821   1.        ]
 [  5.05249903   8.05903452   1.        ]
 [  6.07987042   8.07490486   1.        ]
 [  7.0152379    8.08749035   1.        ]
 [  8.07265827   8.05481827   1.        ]
 [  9.06389183   8.05187235   1.        ]
 [ 10.04505299   8.05718141   1.        ]
 [ 11.02966784   8.0254926    1.        ]
 [ 12.04042104   8.0102071    1.        ]
 [ 13.06193544   8.01283495   1.        ]
 [ 14.0176026    8.01421453   1.        ]
 [  5.05369242   9.00245539   1.        ]
 [  6.01598217   9.06384166   1.        ]
 [  7.00226802   9.05258847   1.        ]
 [  8.05865837   9.05975534   1.        ]
 [  9.08480171   9.09952395   1.        ]
 [ 10.07483046   9.02519567   1.        ]
 [ 11.06577842   9.01346878   1.        ]
 [ 12.00724657   9.01655139   1.        ]
 [ 13.05424832   9.03479368   1.        ]
 [ 14.03663868   9.05626347   1.        ]
 [  5.04873136  10.0170792    1.        ]
 [  6.09313104  10.06190442   1.        ]
 [  7.00148023  10.0060752    1.        ]
 [  8.02462426  10.07780427   1.        ]
 [  9.07376714  10.02751901   1.        ]
 [ 10.06311979  10.03459393   1.        ]
 [ 11.09063377  10.05148705   1.        ]
 [ 12.05478676  10.07148368   1.        ]
 [ 13.09570987  10.05729295   1.        ]
 [ 14.04194779  10.00214954   1.        ]
 [  5.0888574   11.00378852   1.        ]
 [  6.07388697  11.09482505   1.        ]
 [  7.01163183  11.08304462   1.        ]
 [  8.02321638  11.06881283   1.        ]
 [  9.06058194  11.0817527    1.        ]
 [ 10.0517184   11.07320741   1.        ]
 [ 11.02402516  11.01715401   1.        ]
 [ 12.0474052   11.04895854   1.        ]
 [ 13.09890923  11.07463563   1.        ]
 [ 14.01194592  11.05185087   1.        ]
 [  5.09303317  12.01199447   1.        ]
 [  6.05668592  12.08204942   1.        ]
 [  7.06401952  12.03502329   1.        ]
 [  8.09579778  12.0320794    1.        ]
 [  9.07981387  12.09913209   1.        ]
 [ 10.05625124  12.05190872   1.        ]
 [ 11.06060753  12.05803677   1.        ]
 [ 12.03516966  12.05984381   1.        ]
 [ 13.02016735  12.09661455   1.        ]
 [ 14.01248734  12.04905174   1.        ]
 [  5.09066907  13.01900597   1.        ]
 [  6.00891604  13.00790653   1.        ]
 [  7.06144687  13.06010702   1.        ]
 [  8.01968739  13.07809547   1.        ]
 [  9.01490119  13.03641152   1.        ]
 [ 10.03676066  13.04119715   1.        ]
 [ 11.07480261  13.00566107   1.        ]
 [ 12.0152869   13.00549743   1.        ]
 [ 13.08065254  13.05519405   1.        ]
 [ 14.01166284  13.0904143    1.        ]
 [  5.09039632  14.02783858   1.        ]
 [  6.09142073  14.08231444   1.        ]
 [  7.06184887  14.08765728   1.        ]
 [  8.02085791  14.01121669   1.        ]
 [  9.00426766  14.02494935   1.        ]
 [ 10.00429591  14.06611143   1.        ]
 [ 11.07834456  14.06607917   1.        ]
 [ 12.0685042   14.09359561   1.        ]
 [ 13.094801    14.08212311   1.        ]
 [ 14.06788868  14.01581877   1.        ]]
Running basin hopping with paramerters:
PARAMETERS BEGIN

epsilon=1.119148
r0=1.357259
sigma=0.141421
PARAMETERS END


E: -328.9445 accepted 1
E: -326.4599 accepted 0
E: -338.4742 accepted 1
E: -329.6469 accepted 0
E: -343.0101 accepted 1
E: -343.5553 accepted 1
E: -346.0760 accepted 1
E: -350.7449 accepted 1
E: -361.1356 accepted 1
E: -358.4569 accepted 0
E: -376.9037 accepted 1
E: -369.4176 accepted 0
E: -362.7470 accepted 0
E: -378.1574 accepted 1
E: -368.6261 accepted 0
E: -374.5262 accepted 0
E: -369.7691 accepted 0
E: -376.4043 accepted 0
E: -386.9973 accepted 1
E: -364.0636 accepted 0
E: -384.6457 accepted 0
E: -369.9151 accepted 0
E: -385.7758 accepted 0
E: -384.6398 accepted 0
E: -378.8031 accepted 0
Runtime = 5305.165097


