[[  5.0430186    5.04474419   1.        ]
 [  6.01907712   5.09836757   1.        ]
 [  7.09654746   5.0647862    1.        ]
 [  8.08596188   5.06575865   1.        ]
 [  9.0104012    5.00694907   1.        ]
 [ 10.07189086   5.01397672   1.        ]
 [ 11.0323085    5.02717416   1.        ]
 [ 12.00602098   5.09145001   1.        ]
 [ 13.0118986    5.0818285    1.        ]
 [ 14.09319163   5.04150553   1.        ]
 [  5.08507314   6.05258264   1.        ]
 [  6.06985105   6.0192367    1.        ]
 [  7.07493165   6.0789375    1.        ]
 [  8.06075756   6.03077972   1.        ]
 [  9.04301191   6.08106526   1.        ]
 [ 10.08588363   6.05786875   1.        ]
 [ 11.08892477   6.05303543   1.        ]
 [ 12.06563284   6.08631812   1.        ]
 [ 13.08178805   6.03903066   1.        ]
 [ 14.00359295   6.09287009   1.        ]
 [  5.06998217   7.06713689   1.        ]
 [  6.09058572   7.04129834   1.        ]
 [  7.07229513   7.0631609    1.        ]
 [  8.07410027   7.03537863   1.        ]
 [  9.05226557   7.06649919   1.        ]
 [ 10.00558175   7.01756083   1.        ]
 [ 11.02165271   7.04311369   1.        ]
 [ 12.03082962   7.02303628   1.        ]
 [ 13.09230569   7.04595792   1.        ]
 [ 14.05230727   7.01921963   1.        ]
 [  5.09674863   8.07033802   1.        ]
 [  6.0611267    8.04645545   1.        ]
 [  7.08828207   8.09275205   1.        ]
 [  8.06881228   8.01691044   1.        ]
 [  9.03171986   8.08977383   1.        ]
 [ 10.04802192   8.09971926   1.        ]
 [ 11.03981419   8.092669     1.        ]
 [ 12.06732738   8.09987485   1.        ]
 [ 13.0832184    8.03156635   1.        ]
 [ 14.06527708   8.03986251   1.        ]
 [  5.04770878   9.01029063   1.        ]
 [  6.03850307   9.01051111   1.        ]
 [  7.01294275   9.09787569   1.        ]
 [  8.06170902   9.01022689   1.        ]
 [  9.03444854   9.01568031   1.        ]
 [ 10.05431561   9.075253     1.        ]
 [ 11.03935245   9.04409982   1.        ]
 [ 12.09153225   9.01107831   1.        ]
 [ 13.02365723   9.05433803   1.        ]
 [ 14.00851818   9.01538198   1.        ]
 [  5.09517529  10.04018809   1.        ]
 [  6.06467165  10.04869497   1.        ]
 [  7.08205499  10.03702987   1.        ]
 [  8.05750326  10.02822237   1.        ]
 [  9.02702607  10.04124131   1.        ]
 [ 10.02057891  10.07728656   1.        ]
 [ 11.07663355  10.07196646   1.        ]
 [ 12.05126554  10.08414064   1.        ]
 [ 13.05302363  10.06471806   1.        ]
 [ 14.02152505  10.05446983   1.        ]
 [  5.01582539  11.04921115   1.        ]
 [  6.09189778  11.05373714   1.        ]
 [  7.03417927  11.07048124   1.        ]
 [  8.08103314  11.01761074   1.        ]
 [  9.03316561  11.03740162   1.        ]
 [ 10.03074059  11.05236064   1.        ]
 [ 11.02651273  11.0149328    1.        ]
 [ 12.0788075   11.00231777   1.        ]
 [ 13.0487863   11.0143611    1.        ]
 [ 14.03666885  11.00710722   1.        ]
 [  5.06153329  12.03393646   1.        ]
 [  6.07698157  12.0460851    1.        ]
 [  7.05366909  12.01211973   1.        ]
 [  8.08289722  12.01073246   1.        ]
 [  9.07924004  12.03314176   1.        ]
 [ 10.02958478  12.06281289   1.        ]
 [ 11.02374273  12.02922975   1.        ]
 [ 12.02651632  12.03902318   1.        ]
 [ 13.05957389  12.02497394   1.        ]
 [ 14.03835209  12.0139413    1.        ]
 [  5.06794298  13.04831819   1.        ]
 [  6.06687414  13.0034239    1.        ]
 [  7.03686365  13.00161      1.        ]
 [  8.03729759  13.00839557   1.        ]
 [  9.09627567  13.09741663   1.        ]
 [ 10.04863359  13.07077333   1.        ]
 [ 11.06688161  13.03071593   1.        ]
 [ 12.02325062  13.06877761   1.        ]
 [ 13.0387784   13.06455643   1.        ]
 [ 14.08083652  13.04972677   1.        ]
 [  5.09341099  14.07868758   1.        ]
 [  6.05223105  14.05341192   1.        ]
 [  7.00343129  14.03495374   1.        ]
 [  8.03833039  14.09690021   1.        ]
 [  9.02500581  14.06165858   1.        ]
 [ 10.02614546  14.04514545   1.        ]
 [ 11.02480773  14.00623179   1.        ]
 [ 12.06752786  14.06341574   1.        ]
 [ 13.09145904  14.04130718   1.        ]
 [ 14.04774872  14.06286334   1.        ]]
Running basin hopping with paramerters:
PARAMETERS BEGIN

epsilon=0.941561
r0=1.377567
sigma=0.141421
PARAMETERS END


E: -324.7051 accepted 1
E: -337.5365 accepted 1
E: -323.9120 accepted 0
E: -345.8079 accepted 1
E: -353.3791 accepted 1
E: -352.8541 accepted 1
E: -348.6440 accepted 0
E: -335.7482 accepted 0
E: -341.1472 accepted 0
E: -344.8055 accepted 0
E: -344.7968 accepted 0
Runtime = 3818.739617


