[[  5.01638996   5.06521704   1.        ]
 [  6.08538811   5.00441836   1.        ]
 [  7.04571623   5.08196668   1.        ]
 [  8.03970661   5.08952037   1.        ]
 [  9.08495594   5.00137625   1.        ]
 [ 10.0062048    5.09014298   1.        ]
 [ 11.07846496   5.01963543   1.        ]
 [ 12.0898237    5.02706061   1.        ]
 [ 13.06494694   5.05019917   1.        ]
 [ 14.01391741   5.01297326   1.        ]
 [  5.06235063   6.0432399    1.        ]
 [  6.02396831   6.07777011   1.        ]
 [  7.09208946   6.09305081   1.        ]
 [  8.08151422   6.05944302   1.        ]
 [  9.03997853   6.04177059   1.        ]
 [ 10.01561718   6.03000669   1.        ]
 [ 11.01479415   6.0536462    1.        ]
 [ 12.05602685   6.02769445   1.        ]
 [ 13.02906314   6.09409648   1.        ]
 [ 14.08361561   6.01478484   1.        ]
 [  5.01317028   7.04040665   1.        ]
 [  6.0793737    7.0148037    1.        ]
 [  7.03738075   7.00233554   1.        ]
 [  8.01530006   7.07096878   1.        ]
 [  9.06070045   7.0443476    1.        ]
 [ 10.04883788   7.08678937   1.        ]
 [ 11.00555834   7.03323258   1.        ]
 [ 12.06711966   7.02394328   1.        ]
 [ 13.07167659   7.09522715   1.        ]
 [ 14.0752743    7.08294063   1.        ]
 [  5.04510249   8.05837044   1.        ]
 [  6.0117418    8.05873561   1.        ]
 [  7.00700901   8.0681373    1.        ]
 [  8.09640767   8.07062857   1.        ]
 [  9.03368914   8.05749931   1.        ]
 [ 10.0608092    8.06111656   1.        ]
 [ 11.03756387   8.00790546   1.        ]
 [ 12.09108639   8.07639083   1.        ]
 [ 13.06273515   8.01940859   1.        ]
 [ 14.01734246   8.06271128   1.        ]
 [  5.04855527   9.00975998   1.        ]
 [  6.04796251   9.01214279   1.        ]
 [  7.02213117   9.06789057   1.        ]
 [  8.05806896   9.03013777   1.        ]
 [  9.06399598   9.04447198   1.        ]
 [ 10.00638502   9.05605656   1.        ]
 [ 11.01175419   9.05010659   1.        ]
 [ 12.09011148   9.07367794   1.        ]
 [ 13.02841242   9.01944546   1.        ]
 [ 14.08200548   9.02443312   1.        ]
 [  5.04248679  10.08325891   1.        ]
 [  6.06498771  10.07131228   1.        ]
 [  7.00476437  10.01261624   1.        ]
 [  8.01949964  10.03372524   1.        ]
 [  9.06742932  10.04207388   1.        ]
 [ 10.07032644  10.00005234   1.        ]
 [ 11.07146939  10.08054303   1.        ]
 [ 12.07027106  10.03080458   1.        ]
 [ 13.00318907  10.05031649   1.        ]
 [ 14.08730809  10.01058566   1.        ]
 [  5.03176506  11.00970297   1.        ]
 [  6.01081313  11.0776003    1.        ]
 [  7.05584557  11.01489435   1.        ]
 [  8.0178161   11.09325288   1.        ]
 [  9.00724582  11.03074823   1.        ]
 [ 10.05909385  11.04423164   1.        ]
 [ 11.00062137  11.08655574   1.        ]
 [ 12.05187801  11.06244385   1.        ]
 [ 13.05617178  11.0613764    1.        ]
 [ 14.07158944  11.08531481   1.        ]
 [  5.03458887  12.05295331   1.        ]
 [  6.08310394  12.07885881   1.        ]
 [  7.04085944  12.00538947   1.        ]
 [  8.09073568  12.08033499   1.        ]
 [  9.04761246  12.01087297   1.        ]
 [ 10.0634476   12.02743074   1.        ]
 [ 11.02984895  12.04135333   1.        ]
 [ 12.09910432  12.05087543   1.        ]
 [ 13.09403603  12.0603833    1.        ]
 [ 14.07053577  12.09406552   1.        ]
 [  5.08812317  13.05778991   1.        ]
 [  6.05917348  13.09427035   1.        ]
 [  7.00184491  13.03739394   1.        ]
 [  8.02275113  13.01376449   1.        ]
 [  9.03890115  13.05279504   1.        ]
 [ 10.05696879  13.0918432    1.        ]
 [ 11.06772972  13.02598294   1.        ]
 [ 12.07585586  13.05995935   1.        ]
 [ 13.03373639  13.08263352   1.        ]
 [ 14.0080359   13.04118226   1.        ]
 [  5.07470274  14.09229119   1.        ]
 [  6.01279926  14.03111296   1.        ]
 [  7.0283766   14.09973338   1.        ]
 [  8.08793707  14.08589754   1.        ]
 [  9.08314675  14.04473717   1.        ]
 [ 10.07305048  14.06920273   1.        ]
 [ 11.04234831  14.09446739   1.        ]
 [ 12.01845405  14.05693117   1.        ]
 [ 13.03972322  14.0729371    1.        ]
 [ 14.03096177  14.07501191   1.        ]]
Running basin hopping with paramerters:
PARAMETERS BEGIN

epsilon=1.146480
r0=1.427793
sigma=0.141421
PARAMETERS END


E: -345.0930 accepted 1
E: -349.0166 accepted 1
E: -342.9665 accepted 0
E: -341.1802 accepted 0
E: -345.3085 accepted 0
E: -347.1835 accepted 0
E: -354.7434 accepted 1
E: -360.3563 accepted 1
E: -364.1135 accepted 1
E: -350.4634 accepted 0
E: -358.7800 accepted 0
E: -351.1668 accepted 0
E: -347.2668 accepted 0
E: -363.6415 accepted 0
E: -351.2443 accepted 0
Runtime = 3182.317245


