[[  5.06538335   5.0257795    1.        ]
 [  6.05388064   5.08825111   1.        ]
 [  7.08946688   5.05166339   1.        ]
 [  8.07253739   5.08383606   1.        ]
 [  9.02804486   5.0183962    1.        ]
 [ 10.02379421   5.0169176    1.        ]
 [ 11.08773585   5.06384899   1.        ]
 [ 12.08951551   5.09489991   1.        ]
 [ 13.07135258   5.04107281   1.        ]
 [ 14.08549661   5.07932846   1.        ]
 [  5.09901907   6.00548567   1.        ]
 [  6.09440928   6.00437759   1.        ]
 [  7.05640035   6.06781042   1.        ]
 [  8.06621913   6.08216633   1.        ]
 [  9.09714146   6.00466941   1.        ]
 [ 10.00096545   6.03405252   1.        ]
 [ 11.06140876   6.08744456   1.        ]
 [ 12.07162996   6.03452078   1.        ]
 [ 13.00858204   6.08933002   1.        ]
 [ 14.09568071   6.06797342   1.        ]
 [  5.05457903   7.03482551   1.        ]
 [  6.00656175   7.02361108   1.        ]
 [  7.00807945   7.03743401   1.        ]
 [  8.08263791   7.08977983   1.        ]
 [  9.06200253   7.05629601   1.        ]
 [ 10.00934634   7.09386045   1.        ]
 [ 11.01754284   7.06052363   1.        ]
 [ 12.03949669   7.03222897   1.        ]
 [ 13.00609399   7.09353649   1.        ]
 [ 14.06214429   7.08626235   1.        ]
 [  5.09569481   8.08982048   1.        ]
 [  6.06577281   8.03498104   1.        ]
 [  7.09111455   8.06285431   1.        ]
 [  8.04880977   8.07474393   1.        ]
 [  9.07825005   8.06769899   1.        ]
 [ 10.04185785   8.0141388    1.        ]
 [ 11.08426787   8.00879503   1.        ]
 [ 12.08025854   8.06572878   1.        ]
 [ 13.01792067   8.06120618   1.        ]
 [ 14.05871511   8.026759     1.        ]
 [  5.09818675   9.08448564   1.        ]
 [  6.02165987   9.01468417   1.        ]
 [  7.06463154   9.00920563   1.        ]
 [  8.06357098   9.07690098   1.        ]
 [  9.08048414   9.06044871   1.        ]
 [ 10.08035313   9.01587224   1.        ]
 [ 11.08883669   9.04752137   1.        ]
 [ 12.01742418   9.09756245   1.        ]
 [ 13.01663149   9.04309194   1.        ]
 [ 14.02813601   9.06923565   1.        ]
 [  5.04283491  10.07453768   1.        ]
 [  6.07886772  10.01751371   1.        ]
 [  7.03443447  10.01139691   1.        ]
 [  8.00176527  10.08277458   1.        ]
 [  9.07119359  10.01251665   1.        ]
 [ 10.02470699  10.04211118   1.        ]
 [ 11.0464917   10.04081882   1.        ]
 [ 12.03169953  10.02154673   1.        ]
 [ 13.00041387  10.03703664   1.        ]
 [ 14.04262734  10.04748222   1.        ]
 [  5.02422967  11.01512865   1.        ]
 [  6.03499448  11.05066661   1.        ]
 [  7.03682022  11.02479428   1.        ]
 [  8.07313468  11.07567936   1.        ]
 [  9.07598296  11.06131028   1.        ]
 [ 10.0181276   11.08928032   1.        ]
 [ 11.05154457  11.07217535   1.        ]
 [ 12.09612121  11.09451015   1.        ]
 [ 13.01436122  11.05430059   1.        ]
 [ 14.08407635  11.0078669    1.        ]
 [  5.09223723  12.0359563    1.        ]
 [  6.0335841   12.01844816   1.        ]
 [  7.09798991  12.09143099   1.        ]
 [  8.01717458  12.07205523   1.        ]
 [  9.02521127  12.01368983   1.        ]
 [ 10.09983409  12.09717305   1.        ]
 [ 11.00628774  12.01660128   1.        ]
 [ 12.03963995  12.07292776   1.        ]
 [ 13.06095231  12.03753247   1.        ]
 [ 14.08786764  12.0685454    1.        ]
 [  5.00487708  13.0346446    1.        ]
 [  6.056437    13.09979318   1.        ]
 [  7.08057888  13.02837652   1.        ]
 [  8.00203396  13.00505096   1.        ]
 [  9.02585688  13.09924049   1.        ]
 [ 10.08413859  13.02195998   1.        ]
 [ 11.08657877  13.0306236    1.        ]
 [ 12.02283402  13.058898     1.        ]
 [ 13.03722189  13.00855815   1.        ]
 [ 14.05675152  13.08228573   1.        ]
 [  5.01888065  14.08925991   1.        ]
 [  6.03203743  14.02158132   1.        ]
 [  7.06813673  14.07105898   1.        ]
 [  8.05384764  14.02306149   1.        ]
 [  9.02476984  14.02334994   1.        ]
 [ 10.04815303  14.07867481   1.        ]
 [ 11.03363949  14.04850209   1.        ]
 [ 12.07196149  14.06380409   1.        ]
 [ 13.01739034  14.07415581   1.        ]
 [ 14.01086989  14.05058481   1.        ]]
Running basin hopping with paramerters:
PARAMETERS BEGIN

epsilon=1.111981
r0=1.356914
sigma=0.141421
PARAMETERS END


E: -317.5737 accepted 1
E: -332.5578 accepted 1
E: -340.0429 accepted 1
E: -331.5447 accepted 0
E: -346.4124 accepted 1
E: -349.8381 accepted 1
E: -345.8693 accepted 0
E: -343.0688 accepted 0
E: -349.7236 accepted 0
E: -346.8557 accepted 0
E: -353.0175 accepted 1
E: -351.3120 accepted 0
E: -348.9016 accepted 0
E: -350.0300 accepted 0
E: -354.7630 accepted 1
E: -351.0963 accepted 0
E: -360.7707 accepted 1
E: -359.2452 accepted 0
E: -352.8997 accepted 0
E: -367.0749 accepted 1
E: -368.5590 accepted 1
E: -363.1110 accepted 0
E: -376.1664 accepted 1
E: -363.6786 accepted 0
E: -376.7170 accepted 1
E: -370.7723 accepted 0
E: -362.5798 accepted 0
E: -379.5852 accepted 1
E: -373.4176 accepted 0
E: -365.5902 accepted 0
E: -363.0815 accepted 0
E: -376.3929 accepted 0
E: -372.2333 accepted 0
E: -363.9718 accepted 0
Runtime = 5138.682998


