[[  5.07578674   5.06443702   1.        ]
 [  6.03174344   5.06609365   1.        ]
 [  7.00494941   5.03158122   1.        ]
 [  8.01793282   5.02104154   1.        ]
 [  9.02892579   5.03794799   1.        ]
 [ 10.07695059   5.0665278    1.        ]
 [ 11.00807821   5.08528905   1.        ]
 [ 12.07468222   5.00481345   1.        ]
 [ 13.06192105   5.07646209   1.        ]
 [ 14.01503631   5.03868581   1.        ]
 [  5.02453634   6.01121083   1.        ]
 [  6.01454616   6.05904982   1.        ]
 [  7.02376462   6.09211193   1.        ]
 [  8.00780624   6.08439168   1.        ]
 [  9.01156817   6.06567342   1.        ]
 [ 10.00280237   6.02030558   1.        ]
 [ 11.06947944   6.01541409   1.        ]
 [ 12.08121511   6.00186969   1.        ]
 [ 13.01064004   6.00277448   1.        ]
 [ 14.04611462   6.0579058    1.        ]
 [  5.08805334   7.01496135   1.        ]
 [  6.01004851   7.09320711   1.        ]
 [  7.00209599   7.01893151   1.        ]
 [  8.00562946   7.07546513   1.        ]
 [  9.02945132   7.0903339    1.        ]
 [ 10.0852766    7.05339692   1.        ]
 [ 11.07889236   7.02565494   1.        ]
 [ 12.0209843    7.08814806   1.        ]
 [ 13.03409709   7.00758049   1.        ]
 [ 14.07184169   7.0406133    1.        ]
 [  5.09507437   8.02930291   1.        ]
 [  6.02790885   8.06416864   1.        ]
 [  7.04616795   8.09098181   1.        ]
 [  8.03272508   8.01648558   1.        ]
 [  9.02682762   8.043003     1.        ]
 [ 10.04935839   8.0997429    1.        ]
 [ 11.06546193   8.06477854   1.        ]
 [ 12.00360471   8.07179796   1.        ]
 [ 13.03233746   8.00880288   1.        ]
 [ 14.00281354   8.0466695    1.        ]
 [  5.04493527   9.05612827   1.        ]
 [  6.08197226   9.03490166   1.        ]
 [  7.06014355   9.05118499   1.        ]
 [  8.02092422   9.00065701   1.        ]
 [  9.08270489   9.07876563   1.        ]
 [ 10.01715175   9.08401205   1.        ]
 [ 11.05996861   9.04823082   1.        ]
 [ 12.03452681   9.08963995   1.        ]
 [ 13.09323869   9.03871131   1.        ]
 [ 14.02641229   9.04451529   1.        ]
 [  5.07430188  10.01796874   1.        ]
 [  6.07717974  10.02395469   1.        ]
 [  7.0682309   10.01848279   1.        ]
 [  8.01098586  10.01688928   1.        ]
 [  9.01844094  10.01880427   1.        ]
 [ 10.04095101  10.09275059   1.        ]
 [ 11.02974089  10.05217299   1.        ]
 [ 12.02335376  10.09096536   1.        ]
 [ 13.0319931   10.09784757   1.        ]
 [ 14.05166087  10.07454509   1.        ]
 [  5.04999521  11.00289247   1.        ]
 [  6.0612011   11.00966578   1.        ]
 [  7.08533251  11.03796623   1.        ]
 [  8.06310396  11.02993496   1.        ]
 [  9.06126741  11.08033204   1.        ]
 [ 10.0686746   11.02544758   1.        ]
 [ 11.08104203  11.07207942   1.        ]
 [ 12.03318605  11.01667576   1.        ]
 [ 13.09853364  11.0271818    1.        ]
 [ 14.09189134  11.02198621   1.        ]
 [  5.00204509  12.00101197   1.        ]
 [  6.02867899  12.06126257   1.        ]
 [  7.06463598  12.04731692   1.        ]
 [  8.04651214  12.06965305   1.        ]
 [  9.06656507  12.03406896   1.        ]
 [ 10.06725066  12.07592397   1.        ]
 [ 11.04472616  12.07631835   1.        ]
 [ 12.04417522  12.09085527   1.        ]
 [ 13.05305261  12.08706938   1.        ]
 [ 14.07974403  12.06023093   1.        ]
 [  5.09993106  13.02239912   1.        ]
 [  6.05267968  13.01571963   1.        ]
 [  7.07702192  13.07104015   1.        ]
 [  8.01035419  13.05807436   1.        ]
 [  9.02637045  13.0008924    1.        ]
 [ 10.06973908  13.05015945   1.        ]
 [ 11.06949935  13.09196455   1.        ]
 [ 12.03977621  13.02786592   1.        ]
 [ 13.0680584   13.09535594   1.        ]
 [ 14.01494287  13.00788201   1.        ]
 [  5.08130344  14.00285658   1.        ]
 [  6.02114869  14.09253497   1.        ]
 [  7.01665092  14.02893187   1.        ]
 [  8.02010463  14.02942529   1.        ]
 [  9.09292504  14.05182066   1.        ]
 [ 10.03778724  14.07483259   1.        ]
 [ 11.03492514  14.06836533   1.        ]
 [ 12.07603507  14.00342718   1.        ]
 [ 13.04457981  14.02596065   1.        ]
 [ 14.00839199  14.01593732   1.        ]]
Running basin hopping with paramerters:
PARAMETERS BEGIN

epsilon=0.937830
r0=1.395942
sigma=0.141421
PARAMETERS END


E: -311.2954 accepted 1
E: -328.2769 accepted 1
E: -337.1166 accepted 1
E: -329.3336 accepted 0
E: -330.3170 accepted 0
E: -327.1844 accepted 0
E: -343.9213 accepted 1
E: -349.2601 accepted 1
E: -356.7904 accepted 1
E: -348.0209 accepted 0
E: -357.7178 accepted 1
E: -345.7924 accepted 0
E: -347.9832 accepted 0
E: -356.7444 accepted 0
E: -345.7004 accepted 0
E: -345.6694 accepted 0
E: -354.6400 accepted 0
Runtime = 3147.868747


