[[  5.05227866   5.02720965   1.        ]
 [  6.09560017   5.06253331   1.        ]
 [  7.02424621   5.06471812   1.        ]
 [  8.02807132   5.06658311   1.        ]
 [  9.04476173   5.00728831   1.        ]
 [ 10.00006351   5.03381457   1.        ]
 [ 11.0217392    5.08187453   1.        ]
 [ 12.03972018   5.0761381    1.        ]
 [ 13.02190331   5.05564911   1.        ]
 [ 14.09509282   5.07286366   1.        ]
 [  5.08322516   6.0149991    1.        ]
 [  6.07305338   6.05951359   1.        ]
 [  7.07660918   6.06123221   1.        ]
 [  8.05537821   6.00773802   1.        ]
 [  9.0297738    6.06405348   1.        ]
 [ 10.04902795   6.01683401   1.        ]
 [ 11.04067455   6.01814539   1.        ]
 [ 12.03586321   6.04052546   1.        ]
 [ 13.04111893   6.09137722   1.        ]
 [ 14.08948132   6.08623624   1.        ]
 [  5.0539831    7.03037215   1.        ]
 [  6.00233062   7.03093666   1.        ]
 [  7.07525884   7.07090495   1.        ]
 [  8.06740744   7.0175946    1.        ]
 [  9.04299743   7.02829636   1.        ]
 [ 10.0780662    7.07655026   1.        ]
 [ 11.09682182   7.08455003   1.        ]
 [ 12.0054323    7.05934438   1.        ]
 [ 13.04232968   7.0390642    1.        ]
 [ 14.07231262   7.01992822   1.        ]
 [  5.05117748   8.09897218   1.        ]
 [  6.04063091   8.08858046   1.        ]
 [  7.06276022   8.09308298   1.        ]
 [  8.00451962   8.0093137    1.        ]
 [  9.01125012   8.0027045    1.        ]
 [ 10.06151668   8.0152532    1.        ]
 [ 11.03794126   8.09744996   1.        ]
 [ 12.00773765   8.06992623   1.        ]
 [ 13.08205283   8.09491504   1.        ]
 [ 14.08429839   8.03203982   1.        ]
 [  5.02497888   9.00738865   1.        ]
 [  6.01543516   9.00862698   1.        ]
 [  7.05662537   9.05013923   1.        ]
 [  8.07780909   9.08155504   1.        ]
 [  9.06771491   9.04777274   1.        ]
 [ 10.09453816   9.00644645   1.        ]
 [ 11.05510923   9.08985508   1.        ]
 [ 12.01433379   9.05241884   1.        ]
 [ 13.07498212   9.01301088   1.        ]
 [ 14.06063982   9.09013759   1.        ]
 [  5.02021434  10.09833479   1.        ]
 [  6.05903943  10.04553144   1.        ]
 [  7.04214785  10.06249278   1.        ]
 [  8.09217449  10.04823936   1.        ]
 [  9.03822234  10.00736752   1.        ]
 [ 10.08682423  10.09328097   1.        ]
 [ 11.0703181   10.04416938   1.        ]
 [ 12.08631136  10.06574042   1.        ]
 [ 13.05547171  10.08644097   1.        ]
 [ 14.02326468  10.05079837   1.        ]
 [  5.07483101  11.00017818   1.        ]
 [  6.01954819  11.07523915   1.        ]
 [  7.0647569   11.0439583    1.        ]
 [  8.05624409  11.02866701   1.        ]
 [  9.02756493  11.04537545   1.        ]
 [ 10.03152078  11.03221147   1.        ]
 [ 11.09618574  11.0232503    1.        ]
 [ 12.03167384  11.08940219   1.        ]
 [ 13.04055015  11.09723559   1.        ]
 [ 14.03868504  11.08754428   1.        ]
 [  5.00615375  12.05464888   1.        ]
 [  6.0426801   12.07537183   1.        ]
 [  7.04556896  12.01280661   1.        ]
 [  8.05820655  12.03226386   1.        ]
 [  9.01400805  12.01048148   1.        ]
 [ 10.07403997  12.01519076   1.        ]
 [ 11.0954106   12.02512011   1.        ]
 [ 12.0461838   12.08376461   1.        ]
 [ 13.05865073  12.02687819   1.        ]
 [ 14.08022761  12.00494602   1.        ]
 [  5.00692548  13.09903161   1.        ]
 [  6.0361052   13.01131985   1.        ]
 [  7.03485655  13.05705914   1.        ]
 [  8.06834452  13.02268151   1.        ]
 [  9.04437846  13.00139988   1.        ]
 [ 10.07576681  13.04697895   1.        ]
 [ 11.09218415  13.01941265   1.        ]
 [ 12.07034798  13.07850105   1.        ]
 [ 13.03854519  13.05148      1.        ]
 [ 14.01873946  13.05071377   1.        ]
 [  5.0837566   14.09794059   1.        ]
 [  6.07304583  14.00342157   1.        ]
 [  7.03516207  14.01744316   1.        ]
 [  8.0642016   14.00458349   1.        ]
 [  9.03254611  14.09794775   1.        ]
 [ 10.09991692  14.01533789   1.        ]
 [ 11.02290513  14.08702234   1.        ]
 [ 12.0636821   14.04036584   1.        ]
 [ 13.04289006  14.00189574   1.        ]
 [ 14.07054469  14.04406735   1.        ]]
Running basin hopping with paramerters:
PARAMETERS BEGIN

epsilon=1.226217
r0=1.360993
sigma=0.141421
PARAMETERS END


E: -342.5242 accepted 1
E: -332.8164 accepted 0
E: -326.9241 accepted 0
E: -328.8051 accepted 0
E: -317.7506 accepted 0
E: -352.2290 accepted 1
E: -349.9562 accepted 0
E: -348.0592 accepted 0
E: -356.2514 accepted 1
E: -363.6924 accepted 1
E: -360.4054 accepted 0
E: -369.9028 accepted 1
E: -358.7713 accepted 0
E: -388.0315 accepted 1
E: -376.5432 accepted 0
E: -373.5791 accepted 0
E: -381.6114 accepted 0
E: -377.8787 accepted 0
E: -377.7830 accepted 0
E: -378.3207 accepted 0
Runtime = 5286.658307


