[[  5.04988038   5.09841877   1.        ]
 [  6.02211461   5.09445742   1.        ]
 [  7.0832177    5.00814618   1.        ]
 [  8.02485739   5.0352063    1.        ]
 [  9.03041588   5.05160887   1.        ]
 [ 10.08243979   5.03209673   1.        ]
 [ 11.03835717   5.00056015   1.        ]
 [ 12.08552431   5.00369204   1.        ]
 [ 13.05352544   5.05952627   1.        ]
 [ 14.00114112   5.02142336   1.        ]
 [  5.09521883   6.01737052   1.        ]
 [  6.05080067   6.04649552   1.        ]
 [  7.07285956   6.00465067   1.        ]
 [  8.0645265    6.05086889   1.        ]
 [  9.03612728   6.0408224    1.        ]
 [ 10.0835993    6.06681308   1.        ]
 [ 11.08388203   6.00802491   1.        ]
 [ 12.01683569   6.08117531   1.        ]
 [ 13.0502485    6.05601478   1.        ]
 [ 14.04276913   6.04379657   1.        ]
 [  5.00765517   7.05168902   1.        ]
 [  6.06274801   7.04542303   1.        ]
 [  7.09647297   7.02170365   1.        ]
 [  8.00830958   7.00159874   1.        ]
 [  9.09345757   7.06606889   1.        ]
 [ 10.08753363   7.06661064   1.        ]
 [ 11.03892083   7.05877238   1.        ]
 [ 12.06873305   7.03318421   1.        ]
 [ 13.04693329   7.07526446   1.        ]
 [ 14.08188145   7.05241512   1.        ]
 [  5.01853302   8.08897962   1.        ]
 [  6.03294201   8.06623743   1.        ]
 [  7.04943205   8.09323937   1.        ]
 [  8.03407504   8.03334758   1.        ]
 [  9.07868242   8.04927791   1.        ]
 [ 10.04630158   8.09276262   1.        ]
 [ 11.01558807   8.01972665   1.        ]
 [ 12.06115765   8.06698435   1.        ]
 [ 13.02926708   8.0402602    1.        ]
 [ 14.08288496   8.08030828   1.        ]
 [  5.08387636   9.05676696   1.        ]
 [  6.07994544   9.03829368   1.        ]
 [  7.01741943   9.07709604   1.        ]
 [  8.01592315   9.06595346   1.        ]
 [  9.05137706   9.04378937   1.        ]
 [ 10.01588153   9.07366192   1.        ]
 [ 11.09726498   9.0093381    1.        ]
 [ 12.02779963   9.02015597   1.        ]
 [ 13.09689532   9.00356686   1.        ]
 [ 14.08635546   9.00381032   1.        ]
 [  5.03245396  10.01062828   1.        ]
 [  6.00272207  10.09933744   1.        ]
 [  7.05543369  10.05170637   1.        ]
 [  8.07326004  10.02511152   1.        ]
 [  9.08600826  10.07612738   1.        ]
 [ 10.09364232  10.01943042   1.        ]
 [ 11.07878021  10.07516633   1.        ]
 [ 12.09178117  10.0244311    1.        ]
 [ 13.01980499  10.07205995   1.        ]
 [ 14.03325282  10.00824067   1.        ]
 [  5.01959463  11.04406056   1.        ]
 [  6.03930294  11.04361169   1.        ]
 [  7.0499827   11.02747379   1.        ]
 [  8.04292986  11.01523018   1.        ]
 [  9.01578028  11.00162801   1.        ]
 [ 10.03993119  11.01751756   1.        ]
 [ 11.06899479  11.07060981   1.        ]
 [ 12.03817311  11.03281371   1.        ]
 [ 13.01404099  11.08271927   1.        ]
 [ 14.05398586  11.03925396   1.        ]
 [  5.0777835   12.0304196    1.        ]
 [  6.00387575  12.07890551   1.        ]
 [  7.09036824  12.02565895   1.        ]
 [  8.05353228  12.09458786   1.        ]
 [  9.02780648  12.07261163   1.        ]
 [ 10.00058573  12.02911093   1.        ]
 [ 11.03126837  12.03219062   1.        ]
 [ 12.05474934  12.0810142    1.        ]
 [ 13.06226305  12.08002765   1.        ]
 [ 14.02217665  12.00149965   1.        ]
 [  5.00059662  13.0091548    1.        ]
 [  6.07946096  13.05711724   1.        ]
 [  7.05776937  13.03547448   1.        ]
 [  8.04302985  13.07293005   1.        ]
 [  9.09492155  13.00432223   1.        ]
 [ 10.01972814  13.05867455   1.        ]
 [ 11.07475835  13.05633055   1.        ]
 [ 12.08924093  13.01025642   1.        ]
 [ 13.02129325  13.06349172   1.        ]
 [ 14.03281295  13.06297788   1.        ]
 [  5.05712796  14.05162601   1.        ]
 [  6.04711471  14.02973252   1.        ]
 [  7.01227164  14.0436348    1.        ]
 [  8.07794375  14.07483131   1.        ]
 [  9.08518686  14.07447458   1.        ]
 [ 10.05756111  14.03578594   1.        ]
 [ 11.0990965   14.04481396   1.        ]
 [ 12.07431177  14.03970965   1.        ]
 [ 13.08754745  14.07373941   1.        ]
 [ 14.02527996  14.07445771   1.        ]]
Running basin hopping with paramerters:
PARAMETERS BEGIN

epsilon=1.102120
r0=1.429081
sigma=0.141421
PARAMETERS END


E: -303.2588 accepted 1
E: -302.4567 accepted 1
E: -309.6925 accepted 1
E: -318.3849 accepted 1
E: -332.8953 accepted 1
E: -329.9788 accepted 0
E: -334.6252 accepted 1
E: -335.0597 accepted 1
E: -334.2654 accepted 0
E: -335.0764 accepted 1
E: -345.2639 accepted 1
E: -343.0632 accepted 0
E: -348.8004 accepted 1
E: -345.2138 accepted 0
E: -348.1814 accepted 0
E: -354.4250 accepted 1
E: -349.7197 accepted 0
E: -344.7192 accepted 0
E: -353.3664 accepted 0
E: -347.7551 accepted 0
E: -352.1206 accepted 1
E: -348.6341 accepted 0
Runtime = 4104.589347


