[[  5.07776563   5.05008045   1.        ]
 [  6.02865934   5.05341967   1.        ]
 [  7.06515857   5.02985365   1.        ]
 [  8.04368926   5.07743467   1.        ]
 [  9.09512212   5.02545427   1.        ]
 [ 10.09496349   5.06095224   1.        ]
 [ 11.08135871   5.09342007   1.        ]
 [ 12.0553884    5.0072268    1.        ]
 [ 13.05757944   5.05368254   1.        ]
 [ 14.09352821   5.00278947   1.        ]
 [  5.07234254   6.02634127   1.        ]
 [  6.08266428   6.09049457   1.        ]
 [  7.04620857   6.00016323   1.        ]
 [  8.00934772   6.01430081   1.        ]
 [  9.09339993   6.04749223   1.        ]
 [ 10.09790265   6.0813737    1.        ]
 [ 11.05385229   6.06783055   1.        ]
 [ 12.07145682   6.06504194   1.        ]
 [ 13.06468992   6.08711117   1.        ]
 [ 14.00053893   6.09352327   1.        ]
 [  5.03751543   7.04545188   1.        ]
 [  6.05217608   7.06339764   1.        ]
 [  7.02445815   7.08886846   1.        ]
 [  8.00529903   7.09957164   1.        ]
 [  9.02816767   7.08842509   1.        ]
 [ 10.07154476   7.01097802   1.        ]
 [ 11.05357276   7.09491379   1.        ]
 [ 12.02166888   7.06379609   1.        ]
 [ 13.00682617   7.03015801   1.        ]
 [ 14.0291921    7.00721518   1.        ]
 [  5.06155122   8.08418896   1.        ]
 [  6.04380915   8.08103905   1.        ]
 [  7.03084363   8.07033285   1.        ]
 [  8.00225516   8.02580013   1.        ]
 [  9.05474854   8.07516151   1.        ]
 [ 10.07620641   8.04879398   1.        ]
 [ 11.02725233   8.09263748   1.        ]
 [ 12.08374862   8.06875004   1.        ]
 [ 13.09476697   8.02084289   1.        ]
 [ 14.0023373    8.09445575   1.        ]
 [  5.02472809   9.04009611   1.        ]
 [  6.09244679   9.00301968   1.        ]
 [  7.02115229   9.08471554   1.        ]
 [  8.04745695   9.04105209   1.        ]
 [  9.03273467   9.0243658    1.        ]
 [ 10.07608889   9.08709365   1.        ]
 [ 11.03230874   9.00311996   1.        ]
 [ 12.04943826   9.029964     1.        ]
 [ 13.07909265   9.05851471   1.        ]
 [ 14.0779569    9.03582523   1.        ]
 [  5.05989544  10.02057434   1.        ]
 [  6.00469844  10.03358973   1.        ]
 [  7.07017909  10.00175894   1.        ]
 [  8.06401632  10.04213685   1.        ]
 [  9.0209451   10.01234286   1.        ]
 [ 10.01659896  10.05008024   1.        ]
 [ 11.02471512  10.04708398   1.        ]
 [ 12.00428096  10.09244141   1.        ]
 [ 13.05429551  10.09009553   1.        ]
 [ 14.08415512  10.05631216   1.        ]
 [  5.02873046  11.05651303   1.        ]
 [  6.04138847  11.07009399   1.        ]
 [  7.06652689  11.06175915   1.        ]
 [  8.08602361  11.04051604   1.        ]
 [  9.03024449  11.06059294   1.        ]
 [ 10.01765587  11.00851853   1.        ]
 [ 11.09833204  11.09731394   1.        ]
 [ 12.03935896  11.08089262   1.        ]
 [ 13.03806875  11.02841822   1.        ]
 [ 14.0008188   11.07213296   1.        ]
 [  5.06549817  12.03158524   1.        ]
 [  6.0070264   12.01930211   1.        ]
 [  7.03545655  12.0464771    1.        ]
 [  8.051693    12.06326836   1.        ]
 [  9.0021696   12.01194204   1.        ]
 [ 10.08811405  12.08699428   1.        ]
 [ 11.08745751  12.09645083   1.        ]
 [ 12.09028985  12.08150096   1.        ]
 [ 13.01540184  12.02349027   1.        ]
 [ 14.01062927  12.03418312   1.        ]
 [  5.07220874  13.05608339   1.        ]
 [  6.09618734  13.05239063   1.        ]
 [  7.06407346  13.04589784   1.        ]
 [  8.00737075  13.03283576   1.        ]
 [  9.02158421  13.02990121   1.        ]
 [ 10.04042308  13.01308516   1.        ]
 [ 11.07854593  13.08460451   1.        ]
 [ 12.08130322  13.07625127   1.        ]
 [ 13.09199681  13.07218131   1.        ]
 [ 14.06541851  13.03663352   1.        ]
 [  5.05272707  14.01049344   1.        ]
 [  6.07439072  14.02188167   1.        ]
 [  7.06087627  14.07419771   1.        ]
 [  8.0250276   14.07799472   1.        ]
 [  9.06531313  14.09833402   1.        ]
 [ 10.06522968  14.0755488    1.        ]
 [ 11.04372497  14.02571889   1.        ]
 [ 12.06476349  14.05575166   1.        ]
 [ 13.05346224  14.02013227   1.        ]
 [ 14.03280057  14.03912325   1.        ]]
Running basin hopping with paramerters:
PARAMETERS BEGIN

epsilon=0.877876
r0=1.428961
sigma=0.141421
PARAMETERS END


E: -300.5828 accepted 1
E: -299.0173 accepted 1
E: -317.4151 accepted 1
E: -312.6692 accepted 0
E: -316.4664 accepted 0
E: -313.0345 accepted 0
E: -321.3611 accepted 1
E: -319.0475 accepted 0
E: -315.7862 accepted 0
E: -320.3444 accepted 0
E: -322.0901 accepted 1
E: -325.8930 accepted 1
E: -319.3300 accepted 0
E: -312.3109 accepted 0
E: -318.5777 accepted 0
E: -328.9847 accepted 1
E: -330.3718 accepted 1
E: -331.8008 accepted 1
E: -329.9351 accepted 0
E: -328.2220 accepted 0
E: -328.0368 accepted 0
E: -328.6771 accepted 0
E: -328.0418 accepted 0
E: -329.5980 accepted 0
Runtime = 3898.007411


