[[  5.05272141   5.03054056   1.        ]
 [  6.02445544   5.0491446    1.        ]
 [  7.05622643   5.04291571   1.        ]
 [  8.07721051   5.0230913    1.        ]
 [  9.03391579   5.04248679   1.        ]
 [ 10.03683251   5.01603088   1.        ]
 [ 11.01206626   5.06124459   1.        ]
 [ 12.08562389   5.08437687   1.        ]
 [ 13.0532355    5.00516356   1.        ]
 [ 14.0383148    5.02320687   1.        ]
 [  5.03384972   6.04460143   1.        ]
 [  6.0988501    6.05690004   1.        ]
 [  7.06865563   6.09080331   1.        ]
 [  8.07297869   6.06554879   1.        ]
 [  9.03646229   6.02095869   1.        ]
 [ 10.04071805   6.00422106   1.        ]
 [ 11.08464653   6.08958171   1.        ]
 [ 12.03420114   6.03934825   1.        ]
 [ 13.04278432   6.06502687   1.        ]
 [ 14.01380957   6.03428196   1.        ]
 [  5.01590581   7.05202231   1.        ]
 [  6.07220193   7.04558392   1.        ]
 [  7.05151174   7.07532129   1.        ]
 [  8.03945288   7.09822691   1.        ]
 [  9.02399558   7.09544965   1.        ]
 [ 10.00319732   7.08123801   1.        ]
 [ 11.02156222   7.06650911   1.        ]
 [ 12.08788      7.08725078   1.        ]
 [ 13.04003321   7.07113274   1.        ]
 [ 14.07018916   7.03188322   1.        ]
 [  5.02550635   8.01751811   1.        ]
 [  6.08841756   8.00224036   1.        ]
 [  7.03290417   8.06924941   1.        ]
 [  8.0395551    8.00269207   1.        ]
 [  9.02978686   8.05985042   1.        ]
 [ 10.05106941   8.01327689   1.        ]
 [ 11.0124083    8.07916856   1.        ]
 [ 12.02160254   8.09496669   1.        ]
 [ 13.08270547   8.06073899   1.        ]
 [ 14.03664561   8.08339854   1.        ]
 [  5.07373319   9.02092491   1.        ]
 [  6.07736411   9.00250977   1.        ]
 [  7.07706683   9.01797262   1.        ]
 [  8.03097505   9.00791506   1.        ]
 [  9.04698312   9.07854636   1.        ]
 [ 10.06590499   9.02787615   1.        ]
 [ 11.08747251   9.0611423    1.        ]
 [ 12.0982881    9.08428721   1.        ]
 [ 13.08294861   9.07242288   1.        ]
 [ 14.04349944   9.00023006   1.        ]
 [  5.08620277  10.04826899   1.        ]
 [  6.04595166  10.04667735   1.        ]
 [  7.0262456   10.03047591   1.        ]
 [  8.0504417   10.08165284   1.        ]
 [  9.04572629  10.05066155   1.        ]
 [ 10.0088948   10.07085438   1.        ]
 [ 11.02052797  10.0048099    1.        ]
 [ 12.03343313  10.0816335    1.        ]
 [ 13.07087837  10.01227311   1.        ]
 [ 14.00876164  10.07939058   1.        ]
 [  5.09253757  11.01407766   1.        ]
 [  6.03346862  11.01118649   1.        ]
 [  7.07659932  11.04780159   1.        ]
 [  8.0278185   11.09041959   1.        ]
 [  9.07687259  11.00706499   1.        ]
 [ 10.03089205  11.03302987   1.        ]
 [ 11.01661185  11.00475665   1.        ]
 [ 12.00699309  11.01169019   1.        ]
 [ 13.0039805   11.09508729   1.        ]
 [ 14.04734985  11.06693892   1.        ]
 [  5.07616013  12.08430689   1.        ]
 [  6.01733194  12.0234929    1.        ]
 [  7.02158281  12.03646747   1.        ]
 [  8.08559341  12.01880472   1.        ]
 [  9.06285679  12.05149631   1.        ]
 [ 10.02263507  12.07714365   1.        ]
 [ 11.09247526  12.0215229    1.        ]
 [ 12.03947232  12.01904868   1.        ]
 [ 13.06604947  12.09802747   1.        ]
 [ 14.00954902  12.04703054   1.        ]
 [  5.04558554  13.03162145   1.        ]
 [  6.01345367  13.01301422   1.        ]
 [  7.03565091  13.0834738    1.        ]
 [  8.00680359  13.03019119   1.        ]
 [  9.0575359   13.0358001    1.        ]
 [ 10.02218545  13.07467273   1.        ]
 [ 11.09639855  13.02574763   1.        ]
 [ 12.02140121  13.05306347   1.        ]
 [ 13.09846364  13.06986842   1.        ]
 [ 14.02023206  13.08501572   1.        ]
 [  5.06872765  14.09158323   1.        ]
 [  6.03871712  14.09536132   1.        ]
 [  7.05383816  14.0873528    1.        ]
 [  8.05245155  14.00902676   1.        ]
 [  9.08817058  14.00039804   1.        ]
 [ 10.08855396  14.09592835   1.        ]
 [ 11.07930318  14.00141246   1.        ]
 [ 12.01347354  14.09107619   1.        ]
 [ 13.06531737  14.09046217   1.        ]
 [ 14.00929584  14.06801208   1.        ]]
Running basin hopping with paramerters:
PARAMETERS BEGIN

epsilon=0.859515
r0=1.440820
sigma=0.141421
PARAMETERS END


E: -291.2622 accepted 1
E: -299.3171 accepted 1
E: -300.2695 accepted 1
E: -294.6558 accepted 0
E: -302.6139 accepted 1
E: -306.9964 accepted 1
E: -316.9027 accepted 1
E: -324.6546 accepted 1
E: -318.9578 accepted 0
E: -326.2779 accepted 1
E: -334.4842 accepted 1
E: -328.1355 accepted 0
E: -328.7222 accepted 0
E: -323.1295 accepted 0
E: -325.9484 accepted 0
E: -328.6992 accepted 0
E: -330.8182 accepted 0
Runtime = 3737.506246


