[[  5.05187444   5.0715192    1.        ]
 [  6.03522406   5.03370508   1.        ]
 [  7.05333658   5.00418177   1.        ]
 [  8.06838763   5.09238248   1.        ]
 [  9.01314596   5.01143297   1.        ]
 [ 10.0807819    5.0818236    1.        ]
 [ 11.06931787   5.08470604   1.        ]
 [ 12.02966308   5.04306368   1.        ]
 [ 13.08733977   5.04724748   1.        ]
 [ 14.09481515   5.01409927   1.        ]
 [  5.0681847    6.08533622   1.        ]
 [  6.06317205   6.04081714   1.        ]
 [  7.0240596    6.01619994   1.        ]
 [  8.00282049   6.04735781   1.        ]
 [  9.07271957   6.07648485   1.        ]
 [ 10.04901437   6.00901027   1.        ]
 [ 11.02349099   6.07019998   1.        ]
 [ 12.00660221   6.09832726   1.        ]
 [ 13.05136868   6.01922209   1.        ]
 [ 14.03792509   6.08141517   1.        ]
 [  5.02712655   7.08276094   1.        ]
 [  6.03635669   7.03724867   1.        ]
 [  7.06918572   7.06856902   1.        ]
 [  8.07727346   7.072236     1.        ]
 [  9.07183381   7.09642284   1.        ]
 [ 10.09709269   7.04669508   1.        ]
 [ 11.01136141   7.03724584   1.        ]
 [ 12.0441194    7.04775526   1.        ]
 [ 13.00483119   7.01776611   1.        ]
 [ 14.02013311   7.07369574   1.        ]
 [  5.079621     8.0284429    1.        ]
 [  6.01645799   8.09334146   1.        ]
 [  7.00806836   8.03892914   1.        ]
 [  8.02423338   8.09050714   1.        ]
 [  9.02370772   8.06648829   1.        ]
 [ 10.08673079   8.05365617   1.        ]
 [ 11.05700736   8.04345785   1.        ]
 [ 12.09872011   8.05049125   1.        ]
 [ 13.04045914   8.0631187    1.        ]
 [ 14.05079978   8.01702665   1.        ]
 [  5.0514589    9.05708327   1.        ]
 [  6.07169319   9.01332549   1.        ]
 [  7.02534073   9.06918455   1.        ]
 [  8.03494309   9.00604249   1.        ]
 [  9.0668501    9.02802533   1.        ]
 [ 10.06025327   9.09425733   1.        ]
 [ 11.03519683   9.05859833   1.        ]
 [ 12.02774124   9.09714442   1.        ]
 [ 13.03522943   9.01091907   1.        ]
 [ 14.04531417   9.01591979   1.        ]
 [  5.07280059  10.03261686   1.        ]
 [  6.00374576  10.06608931   1.        ]
 [  7.01664519  10.09244431   1.        ]
 [  8.02853541  10.01280078   1.        ]
 [  9.05248936  10.04074055   1.        ]
 [ 10.02218799  10.0595309    1.        ]
 [ 11.01275915  10.00820075   1.        ]
 [ 12.04287895  10.08116633   1.        ]
 [ 13.07864253  10.07987896   1.        ]
 [ 14.04156575  10.07839911   1.        ]
 [  5.08855483  11.02383761   1.        ]
 [  6.02695443  11.06111627   1.        ]
 [  7.09516148  11.02403482   1.        ]
 [  8.08230653  11.01488919   1.        ]
 [  9.07680846  11.08745422   1.        ]
 [ 10.04683513  11.09204402   1.        ]
 [ 11.06604578  11.08095728   1.        ]
 [ 12.06383281  11.05947021   1.        ]
 [ 13.05138301  11.05316003   1.        ]
 [ 14.01888538  11.05659959   1.        ]
 [  5.09206631  12.06502075   1.        ]
 [  6.0289928   12.09898753   1.        ]
 [  7.0118823   12.07600403   1.        ]
 [  8.05544688  12.04679608   1.        ]
 [  9.07021127  12.01986116   1.        ]
 [ 10.04776908  12.01918836   1.        ]
 [ 11.04785946  12.06968908   1.        ]
 [ 12.03820876  12.08591595   1.        ]
 [ 13.03101083  12.06722359   1.        ]
 [ 14.01441802  12.02101631   1.        ]
 [  5.05254934  13.01895615   1.        ]
 [  6.06724037  13.07454753   1.        ]
 [  7.0003354   13.06852926   1.        ]
 [  8.077663    13.01433263   1.        ]
 [  9.0303288   13.01812899   1.        ]
 [ 10.05345947  13.06497625   1.        ]
 [ 11.01843133  13.07984586   1.        ]
 [ 12.07956212  13.05654761   1.        ]
 [ 13.07336124  13.07490722   1.        ]
 [ 14.06161881  13.01469669   1.        ]
 [  5.04982837  14.06988351   1.        ]
 [  6.05468301  14.05894348   1.        ]
 [  7.01881514  14.09399546   1.        ]
 [  8.07391537  14.05730444   1.        ]
 [  9.07867498  14.09933008   1.        ]
 [ 10.05442755  14.06597922   1.        ]
 [ 11.06435856  14.07705945   1.        ]
 [ 12.01072863  14.08681198   1.        ]
 [ 13.03774487  14.0870274    1.        ]
 [ 14.0493988   14.03263578   1.        ]]
Running basin hopping with paramerters:
PARAMETERS BEGIN

epsilon=4.379682
r0=1.287005
sigma=0.141421
PARAMETERS END


E: -1037.0043 accepted 1
E: -1055.3354 accepted 1
E: -1061.0636 accepted 1
E: -1078.1313 accepted 1
E: -1052.8129 accepted 0
E: -1078.7885 accepted 1
E: -1090.3326 accepted 1
E: -1082.0050 accepted 0
E: -1109.1867 accepted 1
E: -1108.6681 accepted 1
E: -1102.6127 accepted 0
E: -1112.1109 accepted 1
E: -1123.5282 accepted 1
E: -1104.3771 accepted 0
E: -1100.1206 accepted 0
E: -1121.2732 accepted 0
E: -1136.6125 accepted 1
E: -1152.6127 accepted 1
E: -1138.6688 accepted 0
E: -1157.4867 accepted 1
E: -1160.4549 accepted 1
E: -1126.0445 accepted 0
E: -1162.8441 accepted 1
E: -1101.7668 accepted 0
E: -1155.9029 accepted 0
E: -1105.7935 accepted 0
E: -1152.9587 accepted 0
E: -1159.2359 accepted 0
E: -1180.9689 accepted 1
E: -1181.4543 accepted 1
E: -1122.9246 accepted 0
E: -1181.4540 accepted 1
E: -1182.5836 accepted 1
E: -1171.3960 accepted 0
E: -1155.1115 accepted 0
E: -1182.5839 accepted 1
E: -1182.5838 accepted 1
E: -1163.6480 accepted 0
E: -1190.5579 accepted 1
E: -1190.5576 accepted 1
E: -1175.9925 accepted 0
E: -1166.2924 accepted 0
E: -1190.5576 accepted 1
E: -1175.6766 accepted 0
E: -1155.8094 accepted 0
Runtime = 4744.054737


