[[  5.00553565   5.07868809   1.        ]
 [  6.00781141   5.07130818   1.        ]
 [  7.01586232   5.05827921   1.        ]
 [  8.09973725   5.08873463   1.        ]
 [  9.04885515   5.05244274   1.        ]
 [ 10.04313779   5.09892123   1.        ]
 [ 11.07931773   5.05860074   1.        ]
 [ 12.09745748   5.05886173   1.        ]
 [ 13.03729862   5.0845201    1.        ]
 [ 14.04955041   5.01070488   1.        ]
 [  5.07650597   6.08947317   1.        ]
 [  6.06016308   6.08796955   1.        ]
 [  7.06563317   6.00286414   1.        ]
 [  8.05945168   6.06579363   1.        ]
 [  9.0322875    6.06880439   1.        ]
 [ 10.08967793   6.03607089   1.        ]
 [ 11.00368332   6.08520027   1.        ]
 [ 12.06519716   6.0639923    1.        ]
 [ 13.08227539   6.07598939   1.        ]
 [ 14.08875521   6.02875433   1.        ]
 [  5.07160782   7.08998109   1.        ]
 [  6.07501096   7.09314316   1.        ]
 [  7.08007527   7.04519379   1.        ]
 [  8.05430187   7.09313933   1.        ]
 [  9.01755289   7.08198945   1.        ]
 [ 10.00443898   7.03318666   1.        ]
 [ 11.08932051   7.08181583   1.        ]
 [ 12.0308247    7.02876385   1.        ]
 [ 13.06047845   7.03125159   1.        ]
 [ 14.079193     7.09567501   1.        ]
 [  5.04837094   8.07061638   1.        ]
 [  6.04110263   8.03538584   1.        ]
 [  7.03693959   8.00913496   1.        ]
 [  8.07891734   8.04206952   1.        ]
 [  9.08648788   8.05671009   1.        ]
 [ 10.02571008   8.09525963   1.        ]
 [ 11.0095975    8.05060275   1.        ]
 [ 12.02199947   8.07966892   1.        ]
 [ 13.02527081   8.02927565   1.        ]
 [ 14.0653873    8.09408464   1.        ]
 [  5.05868751   9.02513436   1.        ]
 [  6.01908006   9.02162774   1.        ]
 [  7.03718745   9.01154586   1.        ]
 [  8.06043328   9.08207686   1.        ]
 [  9.08977827   9.06504616   1.        ]
 [ 10.08682526   9.05941046   1.        ]
 [ 11.08194771   9.00040595   1.        ]
 [ 12.09114163   9.09390319   1.        ]
 [ 13.00592856   9.09564047   1.        ]
 [ 14.04447827   9.00643509   1.        ]
 [  5.08655837  10.00008859   1.        ]
 [  6.08416483  10.02417073   1.        ]
 [  7.00161586  10.00191759   1.        ]
 [  8.08587554  10.0055273    1.        ]
 [  9.01508479  10.02240025   1.        ]
 [ 10.08321766  10.07819745   1.        ]
 [ 11.072092    10.03622973   1.        ]
 [ 12.01028097  10.02104768   1.        ]
 [ 13.04589112  10.08735962   1.        ]
 [ 14.01578255  10.01516902   1.        ]
 [  5.0173856   11.09888741   1.        ]
 [  6.04435592  11.09662567   1.        ]
 [  7.04945165  11.00813544   1.        ]
 [  8.04389612  11.05254336   1.        ]
 [  9.00631466  11.09150168   1.        ]
 [ 10.03817748  11.05329936   1.        ]
 [ 11.03014942  11.02248501   1.        ]
 [ 12.08007119  11.04875102   1.        ]
 [ 13.01862577  11.05259079   1.        ]
 [ 14.04409093  11.01217915   1.        ]
 [  5.03922962  12.09379182   1.        ]
 [  6.09554308  12.07435181   1.        ]
 [  7.03613582  12.04139629   1.        ]
 [  8.00850802  12.01420368   1.        ]
 [  9.05029954  12.07388298   1.        ]
 [ 10.00929683  12.06631124   1.        ]
 [ 11.0582251   12.03265102   1.        ]
 [ 12.03198865  12.04436092   1.        ]
 [ 13.0465173   12.01396601   1.        ]
 [ 14.05961518  12.05483526   1.        ]
 [  5.03373426  13.06201354   1.        ]
 [  6.09864943  13.04978981   1.        ]
 [  7.08562374  13.01916493   1.        ]
 [  8.08303801  13.04902336   1.        ]
 [  9.00095514  13.0302734    1.        ]
 [ 10.04387931  13.08197709   1.        ]
 [ 11.00125736  13.03517914   1.        ]
 [ 12.01815756  13.00244083   1.        ]
 [ 13.05960616  13.0196468    1.        ]
 [ 14.06569413  13.04593594   1.        ]
 [  5.06768761  14.00768764   1.        ]
 [  6.02878479  14.04820959   1.        ]
 [  7.05277527  14.05393804   1.        ]
 [  8.01202426  14.06588607   1.        ]
 [  9.03676857  14.04394221   1.        ]
 [ 10.03901137  14.07820766   1.        ]
 [ 11.01935475  14.01004589   1.        ]
 [ 12.08038214  14.0637588    1.        ]
 [ 13.02783915  14.07656973   1.        ]
 [ 14.08790862  14.00822928   1.        ]]
Running basin hopping with paramerters:
PARAMETERS BEGIN

epsilon=1.030242
r0=1.382096
sigma=0.141421
PARAMETERS END


E: -340.2687 accepted 1
E: -362.0291 accepted 1
E: -370.6737 accepted 1
E: -368.9536 accepted 0
E: -360.3548 accepted 0
E: -360.0174 accepted 0
E: -368.0958 accepted 0
E: -368.1389 accepted 1
E: -373.7538 accepted 1
E: -364.3661 accepted 0
E: -372.9795 accepted 1
E: -362.6648 accepted 0
E: -371.1350 accepted 0
E: -364.4691 accepted 0
E: -369.9801 accepted 0
Runtime = 2098.078619


