[[  5.09278251   5.09955263   1.        ]
 [  6.03509093   5.06659944   1.        ]
 [  7.00944976   5.07023379   1.        ]
 [  8.02960895   5.09099509   1.        ]
 [  9.04149675   5.09461746   1.        ]
 [ 10.082126     5.07296837   1.        ]
 [ 11.08309967   5.00804055   1.        ]
 [ 12.05896077   5.09299126   1.        ]
 [ 13.03494854   5.06965553   1.        ]
 [ 14.09928316   5.05751354   1.        ]
 [  5.04845957   6.00970282   1.        ]
 [  6.0788372    6.01724636   1.        ]
 [  7.03704411   6.05055879   1.        ]
 [  8.0351589    6.03676833   1.        ]
 [  9.05427326   6.05046212   1.        ]
 [ 10.06304397   6.00830957   1.        ]
 [ 11.09357033   6.06718205   1.        ]
 [ 12.08978321   6.09861807   1.        ]
 [ 13.00269036   6.04303242   1.        ]
 [ 14.02462606   6.02475786   1.        ]
 [  5.07583755   7.03715703   1.        ]
 [  6.0365464    7.02551585   1.        ]
 [  7.00059033   7.04401584   1.        ]
 [  8.00601178   7.05868712   1.        ]
 [  9.00729054   7.01598344   1.        ]
 [ 10.02260493   7.00595863   1.        ]
 [ 11.07889627   7.07505778   1.        ]
 [ 12.06472651   7.00173619   1.        ]
 [ 13.07834709   7.06216679   1.        ]
 [ 14.09303906   7.09146136   1.        ]
 [  5.06552256   8.04462016   1.        ]
 [  6.04888102   8.01208443   1.        ]
 [  7.02053015   8.0829065    1.        ]
 [  8.06672571   8.001281     1.        ]
 [  9.0736738    8.04951555   1.        ]
 [ 10.02158949   8.03375642   1.        ]
 [ 11.0346027    8.05620022   1.        ]
 [ 12.0291951    8.05062468   1.        ]
 [ 13.01472972   8.0094603    1.        ]
 [ 14.07628692   8.08819261   1.        ]
 [  5.04517769   9.08466508   1.        ]
 [  6.03382754   9.05505838   1.        ]
 [  7.0140027    9.03541962   1.        ]
 [  8.01683744   9.058431     1.        ]
 [  9.08572042   9.05532136   1.        ]
 [ 10.00387942   9.03035973   1.        ]
 [ 11.06038885   9.04935286   1.        ]
 [ 12.08250912   9.06186518   1.        ]
 [ 13.06242027   9.04282519   1.        ]
 [ 14.02415831   9.0750735    1.        ]
 [  5.08327687  10.01358122   1.        ]
 [  6.00381991  10.07730029   1.        ]
 [  7.02749236  10.00059521   1.        ]
 [  8.0700465   10.08482701   1.        ]
 [  9.02282098  10.01364566   1.        ]
 [ 10.06855177  10.02523539   1.        ]
 [ 11.0146868   10.00280045   1.        ]
 [ 12.06623966  10.08442753   1.        ]
 [ 13.00203446  10.03502029   1.        ]
 [ 14.03333886  10.06144979   1.        ]
 [  5.02273732  11.03130096   1.        ]
 [  6.01057319  11.03971097   1.        ]
 [  7.04849156  11.0772102    1.        ]
 [  8.0219758   11.05740488   1.        ]
 [  9.08938556  11.02022478   1.        ]
 [ 10.09198354  11.05981952   1.        ]
 [ 11.04224418  11.09889544   1.        ]
 [ 12.04745375  11.07812596   1.        ]
 [ 13.015294    11.01423366   1.        ]
 [ 14.05867439  11.03478896   1.        ]
 [  5.01452576  12.0127182    1.        ]
 [  6.06921625  12.01956043   1.        ]
 [  7.07954987  12.00562247   1.        ]
 [  8.01120909  12.0958613    1.        ]
 [  9.07793342  12.00764927   1.        ]
 [ 10.03310426  12.09578776   1.        ]
 [ 11.08088956  12.06702595   1.        ]
 [ 12.02766149  12.0263334    1.        ]
 [ 13.01055911  12.02505872   1.        ]
 [ 14.09906112  12.09886784   1.        ]
 [  5.01723184  13.07480005   1.        ]
 [  6.00310135  13.03357633   1.        ]
 [  7.07688967  13.09555416   1.        ]
 [  8.09834109  13.02143819   1.        ]
 [  9.01343391  13.02004741   1.        ]
 [ 10.07209133  13.08510632   1.        ]
 [ 11.02330766  13.00547578   1.        ]
 [ 12.07034786  13.02423082   1.        ]
 [ 13.0399699   13.0588224    1.        ]
 [ 14.06994612  13.05673696   1.        ]
 [  5.06911148  14.05267791   1.        ]
 [  6.07881422  14.09300834   1.        ]
 [  7.09760318  14.08585289   1.        ]
 [  8.06965532  14.04169025   1.        ]
 [  9.00585974  14.0561189    1.        ]
 [ 10.08331873  14.04012335   1.        ]
 [ 11.02081478  14.02781416   1.        ]
 [ 12.00078429  14.0723684    1.        ]
 [ 13.01561556  14.05757057   1.        ]
 [ 14.0922243   14.02953776   1.        ]]
Running basin hopping with paramerters:
PARAMETERS BEGIN

epsilon=3.405440
r0=1.308363
sigma=0.141421
PARAMETERS END


E: -774.4572 accepted 1
E: -837.4644 accepted 1
E: -849.1404 accepted 1
E: -855.1018 accepted 1
E: -866.1567 accepted 1
E: -875.8764 accepted 1
E: -879.4193 accepted 1
E: -872.0716 accepted 0
E: -880.5662 accepted 1
E: -877.1500 accepted 0
E: -883.6131 accepted 1
E: -872.6832 accepted 0
E: -850.9641 accepted 0
E: -881.0073 accepted 0
E: -872.2807 accepted 0
E: -864.4888 accepted 0
E: -892.2839 accepted 1
E: -902.4448 accepted 1
E: -888.6636 accepted 0
E: -857.5371 accepted 0
E: -890.2249 accepted 0
E: -896.0374 accepted 0
E: -894.9345 accepted 0
E: -890.5010 accepted 0
Runtime = 3783.827664


