[[  5.04149952   5.08327106   1.        ]
 [  6.0238097    5.09192051   1.        ]
 [  7.01366805   5.00587711   1.        ]
 [  8.09106477   5.00978009   1.        ]
 [  9.05191955   5.0549541    1.        ]
 [ 10.06442443   5.06403021   1.        ]
 [ 11.04225653   5.08365363   1.        ]
 [ 12.04484437   5.07438812   1.        ]
 [ 13.02030995   5.08489496   1.        ]
 [ 14.07492102   5.05552902   1.        ]
 [  5.01899536   6.02295172   1.        ]
 [  6.04042966   6.00369084   1.        ]
 [  7.01278968   6.05237477   1.        ]
 [  8.04166641   6.02998899   1.        ]
 [  9.01106267   6.01324243   1.        ]
 [ 10.06038239   6.02509646   1.        ]
 [ 11.0228789    6.0112311    1.        ]
 [ 12.03616327   6.07029416   1.        ]
 [ 13.01888246   6.03413667   1.        ]
 [ 14.00675967   6.09925043   1.        ]
 [  5.04367137   7.07528634   1.        ]
 [  6.09106957   7.0891699    1.        ]
 [  7.05840305   7.03561373   1.        ]
 [  8.00691963   7.0833516    1.        ]
 [  9.03692836   7.07717523   1.        ]
 [ 10.07704727   7.02495949   1.        ]
 [ 11.00276755   7.07920736   1.        ]
 [ 12.04558267   7.03129239   1.        ]
 [ 13.07388222   7.02765048   1.        ]
 [ 14.03893939   7.07733106   1.        ]
 [  5.01880137   8.04412773   1.        ]
 [  6.0220896    8.09405504   1.        ]
 [  7.0911359    8.01405098   1.        ]
 [  8.08051076   8.05637994   1.        ]
 [  9.09108438   8.05838893   1.        ]
 [ 10.00132019   8.08265241   1.        ]
 [ 11.08258011   8.08096586   1.        ]
 [ 12.03434397   8.05505489   1.        ]
 [ 13.0575751    8.05000897   1.        ]
 [ 14.02889153   8.07565299   1.        ]
 [  5.07694539   9.01843499   1.        ]
 [  6.07517254   9.01158094   1.        ]
 [  7.09560889   9.03477664   1.        ]
 [  8.00190751   9.01266582   1.        ]
 [  9.03581824   9.01856316   1.        ]
 [ 10.04726332   9.03012929   1.        ]
 [ 11.04847439   9.04601392   1.        ]
 [ 12.04402099   9.06409852   1.        ]
 [ 13.02932753   9.04545725   1.        ]
 [ 14.08596323   9.05176519   1.        ]
 [  5.07216016  10.08333932   1.        ]
 [  6.0031342   10.00418127   1.        ]
 [  7.04414334  10.02912969   1.        ]
 [  8.08384515  10.07488664   1.        ]
 [  9.06685712  10.03085594   1.        ]
 [ 10.05177249  10.09925136   1.        ]
 [ 11.03030664  10.04435004   1.        ]
 [ 12.05943231  10.03009455   1.        ]
 [ 13.02574375  10.05695046   1.        ]
 [ 14.00343259  10.08508419   1.        ]
 [  5.07186892  11.0073339    1.        ]
 [  6.09191361  11.02499677   1.        ]
 [  7.06801895  11.01896195   1.        ]
 [  8.00420951  11.09034288   1.        ]
 [  9.04234846  11.03762342   1.        ]
 [ 10.00922635  11.06145341   1.        ]
 [ 11.08712691  11.09135254   1.        ]
 [ 12.03363826  11.00195691   1.        ]
 [ 13.01637196  11.07835368   1.        ]
 [ 14.02951383  11.05874531   1.        ]
 [  5.05967177  12.03849382   1.        ]
 [  6.05729283  12.08457075   1.        ]
 [  7.01786043  12.03577213   1.        ]
 [  8.04289979  12.08862978   1.        ]
 [  9.0347773   12.02874333   1.        ]
 [ 10.09472349  12.03886474   1.        ]
 [ 11.06623202  12.06642117   1.        ]
 [ 12.04023222  12.03814708   1.        ]
 [ 13.02301549  12.08790324   1.        ]
 [ 14.00051032  12.01831784   1.        ]
 [  5.06445525  13.01413879   1.        ]
 [  6.00738478  13.05804013   1.        ]
 [  7.03557026  13.03283442   1.        ]
 [  8.0349682   13.07783034   1.        ]
 [  9.04517097  13.05585546   1.        ]
 [ 10.09083957  13.0882151    1.        ]
 [ 11.04031268  13.03484388   1.        ]
 [ 12.07191558  13.08311832   1.        ]
 [ 13.07895701  13.03921896   1.        ]
 [ 14.05041366  13.08831005   1.        ]
 [  5.08423877  14.00392981   1.        ]
 [  6.04682515  14.09044781   1.        ]
 [  7.01600282  14.03456887   1.        ]
 [  8.0816701   14.07617455   1.        ]
 [  9.08647787  14.05013103   1.        ]
 [ 10.05950082  14.07538044   1.        ]
 [ 11.06315933  14.07666309   1.        ]
 [ 12.05833564  14.07680076   1.        ]
 [ 13.03783722  14.01463032   1.        ]
 [ 14.04618359  14.06378166   1.        ]]
Running basin hopping with paramerters:
PARAMETERS BEGIN

epsilon=1.000000
r0=1.100000
sigma=0.141421
PARAMETERS END


E: -426.6231 accepted 1
E: -416.3069 accepted 0
E: -429.1100 accepted 1
E: -438.0728 accepted 1
E: -440.0959 accepted 1
E: -448.8578 accepted 1
E: -462.0263 accepted 1
E: -456.2871 accepted 0
E: -455.9869 accepted 0
E: -464.0335 accepted 1
E: -464.2257 accepted 1
E: -455.0539 accepted 0
E: -449.5092 accepted 0
E: -466.0728 accepted 1
E: -469.8565 accepted 1
E: -463.4445 accepted 0
E: -460.9668 accepted 0
E: -456.3407 accepted 0
E: -468.0293 accepted 0
E: -459.0936 accepted 0
E: -469.8228 accepted 1
Runtime = 3759.508629


