[[  5.05838188   5.0906314    1.        ]
 [  6.07393014   5.00756539   1.        ]
 [  7.04649095   5.05296329   1.        ]
 [  8.01809253   5.04201823   1.        ]
 [  9.01098234   5.08324423   1.        ]
 [ 10.07841821   5.03615597   1.        ]
 [ 11.00105722   5.01112418   1.        ]
 [ 12.0908344    5.02328359   1.        ]
 [ 13.09772518   5.09292353   1.        ]
 [ 14.06552906   5.07768881   1.        ]
 [  5.06332637   6.04327656   1.        ]
 [  6.01766747   6.08418911   1.        ]
 [  7.07500258   6.04603227   1.        ]
 [  8.02975836   6.05713966   1.        ]
 [  9.09894723   6.00641247   1.        ]
 [ 10.07647268   6.06457513   1.        ]
 [ 11.09506509   6.04986683   1.        ]
 [ 12.04778196   6.06227158   1.        ]
 [ 13.08946598   6.04334531   1.        ]
 [ 14.0502127    6.02514584   1.        ]
 [  5.04459348   7.02272551   1.        ]
 [  6.04131166   7.05982624   1.        ]
 [  7.00401059   7.08018066   1.        ]
 [  8.00369508   7.07442655   1.        ]
 [  9.03785483   7.07318899   1.        ]
 [ 10.09162482   7.09629536   1.        ]
 [ 11.04790128   7.03412806   1.        ]
 [ 12.06422352   7.03712177   1.        ]
 [ 13.04432805   7.08538005   1.        ]
 [ 14.03946414   7.08461981   1.        ]
 [  5.07708692   8.0815654    1.        ]
 [  6.00677207   8.03010421   1.        ]
 [  7.08909507   8.08643901   1.        ]
 [  8.02757682   8.00633539   1.        ]
 [  9.06250227   8.02539618   1.        ]
 [ 10.05164736   8.06091051   1.        ]
 [ 11.08426131   8.08920894   1.        ]
 [ 12.02230506   8.0896625    1.        ]
 [ 13.07996489   8.02978563   1.        ]
 [ 14.0444397    8.06336545   1.        ]
 [  5.03640314   9.08914179   1.        ]
 [  6.08706376   9.03704027   1.        ]
 [  7.01271884   9.06721356   1.        ]
 [  8.07523653   9.04158921   1.        ]
 [  9.00166462   9.06147449   1.        ]
 [ 10.04858571   9.00044123   1.        ]
 [ 11.05118715   9.01161186   1.        ]
 [ 12.01874677   9.08122508   1.        ]
 [ 13.00451104   9.02029392   1.        ]
 [ 14.03670751   9.06135434   1.        ]
 [  5.00441843  10.02710533   1.        ]
 [  6.09194154  10.02052171   1.        ]
 [  7.09276176  10.08912071   1.        ]
 [  8.05807671  10.03573266   1.        ]
 [  9.03488294  10.04968645   1.        ]
 [ 10.06996119  10.02934043   1.        ]
 [ 11.03979909  10.01060159   1.        ]
 [ 12.05511574  10.02191937   1.        ]
 [ 13.09657535  10.07151046   1.        ]
 [ 14.04570577  10.06377467   1.        ]
 [  5.0485663   11.02134849   1.        ]
 [  6.0909047   11.02745696   1.        ]
 [  7.09541064  11.07700674   1.        ]
 [  8.05279212  11.08546459   1.        ]
 [  9.06286905  11.01148146   1.        ]
 [ 10.06309361  11.04386385   1.        ]
 [ 11.09727021  11.02239296   1.        ]
 [ 12.01681088  11.03898405   1.        ]
 [ 13.08863311  11.06293465   1.        ]
 [ 14.00326246  11.0319317    1.        ]
 [  5.06880737  12.02842174   1.        ]
 [  6.0452843   12.04142651   1.        ]
 [  7.04820376  12.00891067   1.        ]
 [  8.04517892  12.05215687   1.        ]
 [  9.07714308  12.04912222   1.        ]
 [ 10.00392185  12.01974005   1.        ]
 [ 11.03713157  12.03364817   1.        ]
 [ 12.00762622  12.04667288   1.        ]
 [ 13.04432092  12.09314824   1.        ]
 [ 14.03237623  12.05458985   1.        ]
 [  5.06297085  13.00782276   1.        ]
 [  6.00794865  13.09587291   1.        ]
 [  7.06127984  13.04885379   1.        ]
 [  8.03011597  13.04523009   1.        ]
 [  9.02897305  13.02852277   1.        ]
 [ 10.00733402  13.00236853   1.        ]
 [ 11.09105771  13.06800557   1.        ]
 [ 12.00204522  13.08250168   1.        ]
 [ 13.07481915  13.05581333   1.        ]
 [ 14.0930839   13.0710134    1.        ]
 [  5.06640745  14.03959258   1.        ]
 [  6.03297806  14.08415541   1.        ]
 [  7.01386383  14.02652207   1.        ]
 [  8.06354232  14.03189515   1.        ]
 [  9.00384851  14.06293287   1.        ]
 [ 10.09285224  14.04869073   1.        ]
 [ 11.02417965  14.09105895   1.        ]
 [ 12.04448484  14.08833077   1.        ]
 [ 13.09113221  14.05621495   1.        ]
 [ 14.01159707  14.07780514   1.        ]]
Running basin hopping with paramerters:
PARAMETERS BEGIN

epsilon=1.000000
r0=1.400000
sigma=0.141421
PARAMETERS END


E: -332.4867 accepted 1
E: -344.1576 accepted 1
E: -334.4163 accepted 0
E: -338.6060 accepted 0
E: -338.6806 accepted 0
E: -342.4942 accepted 1
E: -340.8108 accepted 1
E: -357.9105 accepted 1
E: -352.6535 accepted 0
E: -344.1063 accepted 0
E: -341.9721 accepted 0
E: -340.7893 accepted 0
E: -344.5361 accepted 0
E: -353.6399 accepted 0
Runtime = 5119.181373


