[[  5.03313399   5.08346906   1.        ]
 [  6.05104194   5.00249526   1.        ]
 [  7.01018047   5.05851319   1.        ]
 [  8.06958509   5.06344978   1.        ]
 [  9.05180705   5.00089518   1.        ]
 [ 10.0140327    5.00892172   1.        ]
 [ 11.03959664   5.09435603   1.        ]
 [ 12.05828996   5.03764019   1.        ]
 [ 13.06449817   5.09435345   1.        ]
 [ 14.00921864   5.08586969   1.        ]
 [  5.06267522   6.07095347   1.        ]
 [  6.09525614   6.07082285   1.        ]
 [  7.06156975   6.0688067    1.        ]
 [  8.08420806   6.01559961   1.        ]
 [  9.00011313   6.07437576   1.        ]
 [ 10.05820419   6.01855479   1.        ]
 [ 11.03883789   6.01844905   1.        ]
 [ 12.05611862   6.00657552   1.        ]
 [ 13.08298009   6.04143611   1.        ]
 [ 14.06273863   6.07414574   1.        ]
 [  5.06358926   7.00765374   1.        ]
 [  6.06431172   7.04634273   1.        ]
 [  7.08345293   7.06860196   1.        ]
 [  8.01750616   7.03771897   1.        ]
 [  9.09905486   7.07122715   1.        ]
 [ 10.05397519   7.01159671   1.        ]
 [ 11.03321028   7.01953916   1.        ]
 [ 12.03952186   7.08406036   1.        ]
 [ 13.02445815   7.02602178   1.        ]
 [ 14.04006046   7.08835312   1.        ]
 [  5.06705255   8.0142737    1.        ]
 [  6.06768636   8.01863951   1.        ]
 [  7.07494183   8.09313058   1.        ]
 [  8.05888141   8.02628205   1.        ]
 [  9.00280014   8.00334796   1.        ]
 [ 10.08188212   8.09694797   1.        ]
 [ 11.02515565   8.05531513   1.        ]
 [ 12.03405158   8.08920255   1.        ]
 [ 13.09032198   8.01147869   1.        ]
 [ 14.03945314   8.04359991   1.        ]
 [  5.00447184   9.01793103   1.        ]
 [  6.04653464   9.00516508   1.        ]
 [  7.04102767   9.02322      1.        ]
 [  8.04055392   9.06508023   1.        ]
 [  9.00552886   9.00881864   1.        ]
 [ 10.09121365   9.02898407   1.        ]
 [ 11.02626566   9.07860242   1.        ]
 [ 12.03676572   9.01496861   1.        ]
 [ 13.02841045   9.05308364   1.        ]
 [ 14.04112732   9.08792869   1.        ]
 [  5.03773898  10.05016964   1.        ]
 [  6.05772709  10.09288921   1.        ]
 [  7.05737863  10.00525674   1.        ]
 [  8.0024447   10.03178582   1.        ]
 [  9.02333243  10.06406105   1.        ]
 [ 10.0598252   10.0074148    1.        ]
 [ 11.07584906  10.01537022   1.        ]
 [ 12.06753669  10.06292934   1.        ]
 [ 13.03113562  10.0280798    1.        ]
 [ 14.08474931  10.02712495   1.        ]
 [  5.06913398  11.06522226   1.        ]
 [  6.02617089  11.07437953   1.        ]
 [  7.01110727  11.00692435   1.        ]
 [  8.00873264  11.05029452   1.        ]
 [  9.03837584  11.03377418   1.        ]
 [ 10.0216189   11.00585356   1.        ]
 [ 11.03835434  11.01639438   1.        ]
 [ 12.00207597  11.03218242   1.        ]
 [ 13.04271752  11.07242968   1.        ]
 [ 14.03984527  11.0482076    1.        ]
 [  5.04662763  12.05213946   1.        ]
 [  6.06238515  12.0480254    1.        ]
 [  7.08633081  12.03010125   1.        ]
 [  8.0264191   12.09476442   1.        ]
 [  9.02504239  12.03369505   1.        ]
 [ 10.05812743  12.07370719   1.        ]
 [ 11.05439374  12.02202574   1.        ]
 [ 12.05074408  12.05391553   1.        ]
 [ 13.02137424  12.06081375   1.        ]
 [ 14.0105492   12.004308     1.        ]
 [  5.03436816  13.07880337   1.        ]
 [  6.04167846  13.0950859    1.        ]
 [  7.04185399  13.04821992   1.        ]
 [  8.09881178  13.00231414   1.        ]
 [  9.06535161  13.08884962   1.        ]
 [ 10.05955684  13.07581042   1.        ]
 [ 11.0571616   13.06417986   1.        ]
 [ 12.0063232   13.02208817   1.        ]
 [ 13.04186853  13.00355037   1.        ]
 [ 14.08562891  13.02692685   1.        ]
 [  5.02158386  14.0856431    1.        ]
 [  6.09401692  14.02745713   1.        ]
 [  7.04073953  14.07556823   1.        ]
 [  8.09993791  14.03617077   1.        ]
 [  9.0104098   14.00214816   1.        ]
 [ 10.08093041  14.05644417   1.        ]
 [ 11.0008451   14.04033535   1.        ]
 [ 12.07223206  14.03155897   1.        ]
 [ 13.04130831  14.02693857   1.        ]
 [ 14.03882111  14.04690305   1.        ]]
Running basin hopping with paramerters:
PARAMETERS BEGIN

epsilon=1.450000
r0=1.500000
sigma=0.141421
PARAMETERS END


E: -337.1207 accepted 1
E: -341.5022 accepted 1
E: -376.9107 accepted 1
E: -372.8083 accepted 0
E: -386.4729 accepted 1
E: -379.0903 accepted 0
E: -378.1503 accepted 0
E: -392.0539 accepted 1
E: -389.4058 accepted 0
E: -390.2840 accepted 0
E: -388.3632 accepted 0
E: -383.8892 accepted 0
E: -395.5909 accepted 1
E: -382.7034 accepted 0
E: -390.2675 accepted 0
E: -383.5683 accepted 0
E: -388.5866 accepted 0
E: -399.5203 accepted 1
E: -384.1029 accepted 0
E: -393.7427 accepted 0
E: -396.3316 accepted 0
E: -387.6434 accepted 0
E: -393.1274 accepted 0
E: -405.2085 accepted 1
E: -402.6125 accepted 0
E: -398.8949 accepted 0
E: -403.4041 accepted 0
E: -394.5874 accepted 0
E: -393.6575 accepted 0
E: -399.3752 accepted 0
Runtime = 9996.749492


