[[  5.05493025   5.05235559   1.        ]
 [  6.01586736   5.03268571   1.        ]
 [  7.07360382   5.08036854   1.        ]
 [  8.00567047   5.03035691   1.        ]
 [  9.0672255    5.00214099   1.        ]
 [ 10.03795482   5.08188571   1.        ]
 [ 11.09713493   5.02365434   1.        ]
 [ 12.026564     5.08273229   1.        ]
 [ 13.01087726   5.05339318   1.        ]
 [ 14.04925218   5.04503428   1.        ]
 [  5.01537857   6.07118542   1.        ]
 [  6.02682574   6.02630542   1.        ]
 [  7.01938444   6.04501701   1.        ]
 [  8.05185613   6.03021019   1.        ]
 [  9.07360204   6.07548209   1.        ]
 [ 10.07159139   6.01399308   1.        ]
 [ 11.00851103   6.06006819   1.        ]
 [ 12.02967394   6.08199595   1.        ]
 [ 13.00789311   6.05174914   1.        ]
 [ 14.08115704   6.03412849   1.        ]
 [  5.04838495   7.07407462   1.        ]
 [  6.01951422   7.07063537   1.        ]
 [  7.04894122   7.03361021   1.        ]
 [  8.06859529   7.05194918   1.        ]
 [  9.05897394   7.06862803   1.        ]
 [ 10.09829857   7.00742337   1.        ]
 [ 11.09653504   7.0459854    1.        ]
 [ 12.07320705   7.05973672   1.        ]
 [ 13.08970695   7.08312956   1.        ]
 [ 14.055217     7.0092753    1.        ]
 [  5.03992412   8.04353413   1.        ]
 [  6.08303224   8.01484166   1.        ]
 [  7.05141279   8.08511588   1.        ]
 [  8.09927043   8.0479023    1.        ]
 [  9.07321691   8.05760612   1.        ]
 [ 10.08590219   8.0354338    1.        ]
 [ 11.01396059   8.01017072   1.        ]
 [ 12.07825477   8.06497965   1.        ]
 [ 13.00180701   8.0454756    1.        ]
 [ 14.03583579   8.05908193   1.        ]
 [  5.01666397   9.08032221   1.        ]
 [  6.09187207   9.00545292   1.        ]
 [  7.04214231   9.01887989   1.        ]
 [  8.05442351   9.07100047   1.        ]
 [  9.03242189   9.09229693   1.        ]
 [ 10.08296449   9.02074839   1.        ]
 [ 11.0997014    9.00804847   1.        ]
 [ 12.06952838   9.04102755   1.        ]
 [ 13.0600999    9.0339117    1.        ]
 [ 14.00832581   9.09184568   1.        ]
 [  5.07717299  10.00124708   1.        ]
 [  6.01872712  10.0915464    1.        ]
 [  7.08194734  10.03719043   1.        ]
 [  8.09447181  10.02060966   1.        ]
 [  9.0476716   10.08947969   1.        ]
 [ 10.0845367   10.08091366   1.        ]
 [ 11.06862042  10.05755176   1.        ]
 [ 12.09326727  10.06829419   1.        ]
 [ 13.05593669  10.03131012   1.        ]
 [ 14.06478377  10.09892673   1.        ]
 [  5.07291938  11.08296425   1.        ]
 [  6.00701904  11.03211838   1.        ]
 [  7.07576637  11.07260605   1.        ]
 [  8.0677396   11.08694101   1.        ]
 [  9.06858652  11.00467043   1.        ]
 [ 10.01994243  11.05831189   1.        ]
 [ 11.05103314  11.04769122   1.        ]
 [ 12.08588138  11.09855943   1.        ]
 [ 13.08236501  11.09090258   1.        ]
 [ 14.09894909  11.04939073   1.        ]
 [  5.02619354  12.01900473   1.        ]
 [  6.07123814  12.00008294   1.        ]
 [  7.08189166  12.08998487   1.        ]
 [  8.05042639  12.08864961   1.        ]
 [  9.08280002  12.05874714   1.        ]
 [ 10.05788707  12.07588744   1.        ]
 [ 11.09860643  12.01557684   1.        ]
 [ 12.0221126   12.05504984   1.        ]
 [ 13.05564192  12.09821646   1.        ]
 [ 14.02458018  12.06215293   1.        ]
 [  5.05015202  13.06684148   1.        ]
 [  6.09290857  13.01642902   1.        ]
 [  7.03201829  13.0705199    1.        ]
 [  8.01838832  13.06158419   1.        ]
 [  9.04806318  13.06819012   1.        ]
 [ 10.0315744   13.02106592   1.        ]
 [ 11.05579207  13.04463227   1.        ]
 [ 12.03791117  13.06143624   1.        ]
 [ 13.03330604  13.08426839   1.        ]
 [ 14.05116715  13.08995371   1.        ]
 [  5.05069227  14.07999242   1.        ]
 [  6.00605691  14.06699191   1.        ]
 [  7.00023321  14.08739046   1.        ]
 [  8.08131384  14.01385695   1.        ]
 [  9.03903948  14.00871942   1.        ]
 [ 10.09245514  14.03622718   1.        ]
 [ 11.00754929  14.0964264    1.        ]
 [ 12.03165411  14.09622335   1.        ]
 [ 13.09771607  14.07217656   1.        ]
 [ 14.02970658  14.04213094   1.        ]]
Running basin hopping with paramerters:
PARAMETERS BEGIN

epsilon=1.450000
r0=1.520000
sigma=0.141421
PARAMETERS END


E: -370.1052 accepted 1
E: -368.5153 accepted 0
E: -386.1112 accepted 1
E: -394.0803 accepted 1
E: -380.0278 accepted 0
E: -396.3313 accepted 1
E: -407.2466 accepted 1
E: -407.1577 accepted 1
E: -395.8178 accepted 0
E: -401.8745 accepted 0
E: -408.0277 accepted 1
E: -414.3680 accepted 1
E: -424.1959 accepted 1
E: -430.8540 accepted 1
E: -425.9757 accepted 0
E: -423.3210 accepted 0
E: -427.8237 accepted 1
E: -423.2729 accepted 0
E: -424.9289 accepted 0
E: -421.6535 accepted 0
Runtime = 7067.321188


