[[  5.05163143   5.03820343   1.        ]
 [  6.05875236   5.06782468   1.        ]
 [  7.05386036   5.02681401   1.        ]
 [  8.03059198   5.0660338    1.        ]
 [  9.05956592   5.04855752   1.        ]
 [ 10.05658408   5.0050832    1.        ]
 [ 11.08761128   5.05435644   1.        ]
 [ 12.07691059   5.05969387   1.        ]
 [ 13.08197267   5.0676643    1.        ]
 [ 14.09867972   5.08328296   1.        ]
 [  5.00828206   6.05787418   1.        ]
 [  6.00198366   6.00949975   1.        ]
 [  7.01045674   6.0011797    1.        ]
 [  8.0808032    6.03061622   1.        ]
 [  9.00297276   6.0216899    1.        ]
 [ 10.04873935   6.05503494   1.        ]
 [ 11.01986902   6.01196231   1.        ]
 [ 12.0835123    6.06680656   1.        ]
 [ 13.08075909   6.08777564   1.        ]
 [ 14.05375435   6.01522702   1.        ]
 [  5.014346     7.06725098   1.        ]
 [  6.01457672   7.01478998   1.        ]
 [  7.00645825   7.0840647    1.        ]
 [  8.08029862   7.04137162   1.        ]
 [  9.00163034   7.00796821   1.        ]
 [ 10.02707274   7.08781666   1.        ]
 [ 11.06759132   7.00193093   1.        ]
 [ 12.06340574   7.02675497   1.        ]
 [ 13.00374206   7.00684754   1.        ]
 [ 14.04542216   7.09386237   1.        ]
 [  5.0884114    8.05397457   1.        ]
 [  6.06817924   8.07036426   1.        ]
 [  7.01237796   8.00732347   1.        ]
 [  8.0337686    8.02008218   1.        ]
 [  9.05618706   8.03912603   1.        ]
 [ 10.02729166   8.02583763   1.        ]
 [ 11.01427018   8.04356728   1.        ]
 [ 12.0641373    8.03013354   1.        ]
 [ 13.00132001   8.08989415   1.        ]
 [ 14.01486202   8.08896212   1.        ]
 [  5.08989979   9.03420798   1.        ]
 [  6.06074094   9.0389839    1.        ]
 [  7.04441519   9.00975181   1.        ]
 [  8.04781385   9.02152535   1.        ]
 [  9.08922581   9.00644756   1.        ]
 [ 10.07301648   9.00763436   1.        ]
 [ 11.02385337   9.07299129   1.        ]
 [ 12.07102813   9.04410484   1.        ]
 [ 13.06514873   9.03549891   1.        ]
 [ 14.09858277   9.0984368    1.        ]
 [  5.0259266   10.02027287   1.        ]
 [  6.01233405  10.04982091   1.        ]
 [  7.01698465  10.05975302   1.        ]
 [  8.07863012  10.09929115   1.        ]
 [  9.04857681  10.06039189   1.        ]
 [ 10.07898724  10.04936145   1.        ]
 [ 11.08635169  10.03888309   1.        ]
 [ 12.06857949  10.06729032   1.        ]
 [ 13.01501332  10.01974274   1.        ]
 [ 14.09395435  10.09280263   1.        ]
 [  5.0181245   11.06312279   1.        ]
 [  6.06430452  11.08021759   1.        ]
 [  7.07099448  11.05322292   1.        ]
 [  8.03486029  11.02126654   1.        ]
 [  9.08326352  11.00681075   1.        ]
 [ 10.05610454  11.02214893   1.        ]
 [ 11.0292572   11.07241172   1.        ]
 [ 12.08625396  11.04273433   1.        ]
 [ 13.08506473  11.06131171   1.        ]
 [ 14.0430497   11.09059069   1.        ]
 [  5.09496524  12.07578852   1.        ]
 [  6.08684256  12.01242679   1.        ]
 [  7.00198147  12.0187264    1.        ]
 [  8.07599026  12.06226014   1.        ]
 [  9.03850066  12.05162243   1.        ]
 [ 10.06325786  12.05380441   1.        ]
 [ 11.00695439  12.00919031   1.        ]
 [ 12.03567084  12.08109138   1.        ]
 [ 13.01287066  12.00739976   1.        ]
 [ 14.09470011  12.01071247   1.        ]
 [  5.06719845  13.00447722   1.        ]
 [  6.08111797  13.09369108   1.        ]
 [  7.02588368  13.00344198   1.        ]
 [  8.06883647  13.04932996   1.        ]
 [  9.04503562  13.0628475    1.        ]
 [ 10.04674151  13.09159607   1.        ]
 [ 11.04058541  13.00826219   1.        ]
 [ 12.0780702   13.04912342   1.        ]
 [ 13.07945966  13.0809091    1.        ]
 [ 14.05320109  13.09732834   1.        ]
 [  5.02780058  14.02096334   1.        ]
 [  6.09334435  14.03051073   1.        ]
 [  7.04801123  14.04019718   1.        ]
 [  8.05256289  14.05406563   1.        ]
 [  9.03183532  14.05961449   1.        ]
 [ 10.0975295   14.09931285   1.        ]
 [ 11.09551336  14.0160044    1.        ]
 [ 12.07734574  14.04950865   1.        ]
 [ 13.05051456  14.08595439   1.        ]
 [ 14.05484512  14.09450035   1.        ]]
Running basin hopping with paramerters:
PARAMETERS BEGIN

epsilon=1.450000
r0=1.560000
sigma=0.141421
PARAMETERS END


E: -358.0202 accepted 1
E: -381.5682 accepted 1
E: -373.6041 accepted 0
E: -379.4224 accepted 0
E: -392.3180 accepted 1
E: -397.3082 accepted 1
E: -411.5872 accepted 1
E: -423.4311 accepted 1
E: -435.0163 accepted 1
E: -439.3897 accepted 1
E: -458.3199 accepted 1
E: -441.2004 accepted 0
E: -463.9401 accepted 1
E: -464.4071 accepted 1
E: -446.7314 accepted 0
E: -451.7461 accepted 0
E: -458.3045 accepted 0
E: -473.2623 accepted 1
E: -474.0055 accepted 1
E: -464.3449 accepted 0
E: -467.4196 accepted 0
E: -474.5010 accepted 1
E: -467.5616 accepted 0
E: -489.4682 accepted 1
E: -485.7433 accepted 1
E: -490.3705 accepted 1
E: -483.4317 accepted 0
E: -472.2945 accepted 0
E: -459.2054 accepted 0
E: -493.4946 accepted 1
E: -465.8979 accepted 0
E: -487.3564 accepted 0
E: -483.7948 accepted 0
E: -487.0448 accepted 0
E: -476.6119 accepted 0
E: -467.9189 accepted 0
Runtime = 10897.472929


