[[  5.05248678   5.03676228   1.        ]
 [  6.0056796    5.08995174   1.        ]
 [  7.01558943   5.09675001   1.        ]
 [  8.03439991   5.00914052   1.        ]
 [  9.04144997   5.03205863   1.        ]
 [ 10.01529301   5.08889338   1.        ]
 [ 11.00691141   5.09503419   1.        ]
 [ 12.06258887   5.08560518   1.        ]
 [ 13.06193336   5.07575752   1.        ]
 [ 14.0468426    5.07685507   1.        ]
 [  5.01547516   6.09567863   1.        ]
 [  6.05005119   6.06456522   1.        ]
 [  7.0676571    6.03364332   1.        ]
 [  8.06660483   6.03097233   1.        ]
 [  9.05577962   6.06985577   1.        ]
 [ 10.06280494   6.09945545   1.        ]
 [ 11.08776198   6.09134542   1.        ]
 [ 12.05270143   6.01193329   1.        ]
 [ 13.024707     6.03254616   1.        ]
 [ 14.04547136   6.05299785   1.        ]
 [  5.02389644   7.06965643   1.        ]
 [  6.06577072   7.01583876   1.        ]
 [  7.01082663   7.01075761   1.        ]
 [  8.06269253   7.0887958    1.        ]
 [  9.05447626   7.00138868   1.        ]
 [ 10.00907148   7.07215455   1.        ]
 [ 11.0965093    7.00453167   1.        ]
 [ 12.06287618   7.05871436   1.        ]
 [ 13.01456736   7.05412008   1.        ]
 [ 14.04290503   7.02289197   1.        ]
 [  5.05696947   8.04942586   1.        ]
 [  6.05015821   8.08900979   1.        ]
 [  7.01029472   8.0728263    1.        ]
 [  8.08725049   8.05411067   1.        ]
 [  9.05609304   8.04584104   1.        ]
 [ 10.01299943   8.01551294   1.        ]
 [ 11.07422711   8.06330115   1.        ]
 [ 12.03347114   8.00082318   1.        ]
 [ 13.04213753   8.05411543   1.        ]
 [ 14.04260972   8.02717375   1.        ]
 [  5.08987708   9.0561077    1.        ]
 [  6.00640969   9.00326867   1.        ]
 [  7.01007544   9.03973607   1.        ]
 [  8.09025301   9.0984252    1.        ]
 [  9.05389969   9.02927368   1.        ]
 [ 10.01075207   9.06896622   1.        ]
 [ 11.09357844   9.0760085    1.        ]
 [ 12.05530366   9.00798103   1.        ]
 [ 13.08051112   9.02595761   1.        ]
 [ 14.09583417   9.05285623   1.        ]
 [  5.03264044  10.08383963   1.        ]
 [  6.03595707  10.05252388   1.        ]
 [  7.04306136  10.08326257   1.        ]
 [  8.02048921  10.09135179   1.        ]
 [  9.07991194  10.05872415   1.        ]
 [ 10.0534216   10.07219058   1.        ]
 [ 11.06801622  10.03710479   1.        ]
 [ 12.08047686  10.06528021   1.        ]
 [ 13.09896735  10.08385732   1.        ]
 [ 14.03403729  10.08825732   1.        ]
 [  5.08419551  11.01502169   1.        ]
 [  6.09993796  11.0365469    1.        ]
 [  7.00234043  11.07648078   1.        ]
 [  8.08208908  11.02770415   1.        ]
 [  9.04989555  11.03963986   1.        ]
 [ 10.00485202  11.07783133   1.        ]
 [ 11.04936892  11.00503661   1.        ]
 [ 12.04432822  11.09561619   1.        ]
 [ 13.04653232  11.05134302   1.        ]
 [ 14.06093796  11.01718793   1.        ]
 [  5.02168141  12.04955177   1.        ]
 [  6.01753931  12.03000249   1.        ]
 [  7.07874728  12.00304519   1.        ]
 [  8.08064094  12.01439075   1.        ]
 [  9.02762521  12.08951484   1.        ]
 [ 10.05324317  12.0324607    1.        ]
 [ 11.01626139  12.08927487   1.        ]
 [ 12.01158391  12.05963072   1.        ]
 [ 13.07500346  12.04126626   1.        ]
 [ 14.01990292  12.08989169   1.        ]
 [  5.08227229  13.07616702   1.        ]
 [  6.03540567  13.06487061   1.        ]
 [  7.03257487  13.08280583   1.        ]
 [  8.02548439  13.08586546   1.        ]
 [  9.05015797  13.09380273   1.        ]
 [ 10.0395221   13.0540138    1.        ]
 [ 11.04627801  13.02125109   1.        ]
 [ 12.04972473  13.00770997   1.        ]
 [ 13.02384381  13.0211302    1.        ]
 [ 14.00839391  13.08314342   1.        ]
 [  5.08522958  14.08358837   1.        ]
 [  6.0429075   14.02318016   1.        ]
 [  7.03432333  14.0879114    1.        ]
 [  8.09584364  14.0965127    1.        ]
 [  9.05163787  14.0721348    1.        ]
 [ 10.05928582  14.05357769   1.        ]
 [ 11.07392195  14.04961553   1.        ]
 [ 12.00488586  14.06160352   1.        ]
 [ 13.00774654  14.01225825   1.        ]
 [ 14.0508579   14.08295588   1.        ]]
Running basin hopping with paramerters:
PARAMETERS BEGIN

epsilon=1.450000
r0=1.660000
sigma=0.141421
PARAMETERS END


E: -390.3500 accepted 1
E: -419.4951 accepted 1
E: -449.3662 accepted 1
E: -511.2648 accepted 1
E: -501.6726 accepted 0
E: -505.4458 accepted 0
E: -522.8980 accepted 1
E: -541.6659 accepted 1
E: -570.1587 accepted 1
E: -564.2596 accepted 0
E: -583.7547 accepted 1
E: -580.7639 accepted 0
E: -567.5478 accepted 0
E: -572.5740 accepted 0
E: -558.5025 accepted 0
E: -574.7913 accepted 0
E: -592.3449 accepted 1
E: -562.8538 accepted 0
E: -570.0791 accepted 0
E: -576.8846 accepted 0
E: -560.1216 accepted 0
E: -596.5191 accepted 1
E: -585.7241 accepted 0
E: -590.4112 accepted 0
E: -592.9404 accepted 0
E: -599.0102 accepted 1
E: -596.4442 accepted 0
E: -590.9552 accepted 0
E: -600.6562 accepted 1
E: -582.7495 accepted 0
E: -584.4817 accepted 0
E: -594.2531 accepted 0
E: -602.4451 accepted 1
E: -595.9340 accepted 0
E: -575.5982 accepted 0
E: -575.7415 accepted 0
E: -596.4604 accepted 0
E: -590.4974 accepted 0
E: -588.4273 accepted 0
Runtime = 9830.790631


