[[  5.0389746    5.06628546   1.        ]
 [  6.06094792   5.07195056   1.        ]
 [  7.03827      5.04204984   1.        ]
 [  8.05808131   5.08794188   1.        ]
 [  9.09890824   5.0758382    1.        ]
 [ 10.02506672   5.00739913   1.        ]
 [ 11.01682581   5.00783134   1.        ]
 [ 12.09313544   5.07011791   1.        ]
 [ 13.06694255   5.09999978   1.        ]
 [ 14.06680664   5.0593238    1.        ]
 [  5.07958971   6.03028444   1.        ]
 [  6.08400406   6.0096355    1.        ]
 [  7.04770562   6.020931     1.        ]
 [  8.00670319   6.07817685   1.        ]
 [  9.08416061   6.02562108   1.        ]
 [ 10.09025762   6.02191668   1.        ]
 [ 11.09026713   6.00663344   1.        ]
 [ 12.01739928   6.00196496   1.        ]
 [ 13.06161038   6.01494188   1.        ]
 [ 14.07563473   6.01267498   1.        ]
 [  5.01025376   7.07402216   1.        ]
 [  6.04835009   7.09349411   1.        ]
 [  7.0926724    7.09230401   1.        ]
 [  8.08639263   7.07823433   1.        ]
 [  9.05141867   7.00726316   1.        ]
 [ 10.06955681   7.01967039   1.        ]
 [ 11.08865633   7.08719359   1.        ]
 [ 12.05037543   7.0542859    1.        ]
 [ 13.082439     7.03817759   1.        ]
 [ 14.05253846   7.07008729   1.        ]
 [  5.03318882   8.01591586   1.        ]
 [  6.01288861   8.06265165   1.        ]
 [  7.00425842   8.09700381   1.        ]
 [  8.06437352   8.06978635   1.        ]
 [  9.08196467   8.04086749   1.        ]
 [ 10.01674305   8.02693579   1.        ]
 [ 11.03416771   8.03940374   1.        ]
 [ 12.00465335   8.03818989   1.        ]
 [ 13.03556132   8.02099817   1.        ]
 [ 14.06927476   8.08418198   1.        ]
 [  5.09765753   9.05618274   1.        ]
 [  6.06546731   9.07128741   1.        ]
 [  7.03687455   9.02769879   1.        ]
 [  8.04633679   9.06506492   1.        ]
 [  9.06415425   9.07597395   1.        ]
 [ 10.01406626   9.02423588   1.        ]
 [ 11.0928109    9.04321057   1.        ]
 [ 12.03299544   9.04665681   1.        ]
 [ 13.09661671   9.08423331   1.        ]
 [ 14.01192461   9.00005918   1.        ]
 [  5.02723982  10.02207784   1.        ]
 [  6.06891295  10.02324605   1.        ]
 [  7.04500989  10.08652965   1.        ]
 [  8.0292772   10.00301473   1.        ]
 [  9.00918595  10.00523663   1.        ]
 [ 10.06731759  10.05146551   1.        ]
 [ 11.0429384   10.0727591    1.        ]
 [ 12.05772465  10.06155269   1.        ]
 [ 13.09524511  10.01666834   1.        ]
 [ 14.06352766  10.08225308   1.        ]
 [  5.02361617  11.09490117   1.        ]
 [  6.09369236  11.0826734    1.        ]
 [  7.08179655  11.07464667   1.        ]
 [  8.07910589  11.08951476   1.        ]
 [  9.06868252  11.04346403   1.        ]
 [ 10.04127879  11.04072501   1.        ]
 [ 11.06801575  11.01837062   1.        ]
 [ 12.08098158  11.04067074   1.        ]
 [ 13.0352434   11.00951513   1.        ]
 [ 14.04573458  11.05377502   1.        ]
 [  5.03898338  12.04198351   1.        ]
 [  6.07098397  12.0338788    1.        ]
 [  7.02121799  12.05899448   1.        ]
 [  8.09094504  12.05161556   1.        ]
 [  9.07912289  12.00727123   1.        ]
 [ 10.01373212  12.05138932   1.        ]
 [ 11.09631382  12.08878038   1.        ]
 [ 12.08070682  12.05500158   1.        ]
 [ 13.06872377  12.07808626   1.        ]
 [ 14.03922195  12.03430815   1.        ]
 [  5.03271697  13.06114637   1.        ]
 [  6.07842609  13.08243045   1.        ]
 [  7.05379044  13.0259918    1.        ]
 [  8.07773165  13.05595503   1.        ]
 [  9.07759899  13.05221049   1.        ]
 [ 10.07569994  13.00635282   1.        ]
 [ 11.06048805  13.04124538   1.        ]
 [ 12.0056892   13.03736452   1.        ]
 [ 13.0842785   13.01624022   1.        ]
 [ 14.03643149  13.08891696   1.        ]
 [  5.02569214  14.03695017   1.        ]
 [  6.048855    14.08745311   1.        ]
 [  7.04861883  14.04329591   1.        ]
 [  8.01225947  14.0521681    1.        ]
 [  9.03640824  14.00981244   1.        ]
 [ 10.01309841  14.01932245   1.        ]
 [ 11.03678234  14.0262483    1.        ]
 [ 12.00699138  14.08547146   1.        ]
 [ 13.06910767  14.01263464   1.        ]
 [ 14.05235775  14.02062316   1.        ]]
Running basin hopping with paramerters:
PARAMETERS BEGIN

epsilon=1.450000
r0=1.900000
sigma=0.141421
PARAMETERS END


E: -551.9964 accepted 1
E: -521.5765 accepted 0
E: -524.6918 accepted 0
E: -530.6148 accepted 0
E: -580.5738 accepted 1
E: -627.0591 accepted 1
E: -644.2256 accepted 1
E: -639.4028 accepted 0
E: -667.2476 accepted 1
E: -686.8990 accepted 1
E: -689.4839 accepted 1
E: -688.2433 accepted 0
E: -672.6327 accepted 0
E: -661.5989 accepted 0
E: -670.6294 accepted 0
E: -674.7215 accepted 0
E: -692.8685 accepted 1
E: -677.0257 accepted 0
E: -676.4055 accepted 0
E: -693.4848 accepted 1
E: -680.6897 accepted 0
E: -683.6772 accepted 0
E: -689.4411 accepted 0
E: -687.6742 accepted 0
E: -679.8067 accepted 0
E: -684.4675 accepted 0
Runtime = 4483.568804


