[[  5.00967702   5.09255745   1.        ]
 [  6.0753673    5.09981919   1.        ]
 [  7.02080028   5.01518625   1.        ]
 [  8.0619203    5.07441523   1.        ]
 [  9.09233239   5.04396614   1.        ]
 [ 10.0602785    5.06097026   1.        ]
 [ 11.07169474   5.00679977   1.        ]
 [ 12.02779434   5.08837544   1.        ]
 [ 13.04577408   5.03656956   1.        ]
 [ 14.05081043   5.05096257   1.        ]
 [  5.00478934   6.03469952   1.        ]
 [  6.06927554   6.08576127   1.        ]
 [  7.01161302   6.02950263   1.        ]
 [  8.06917311   6.09627006   1.        ]
 [  9.05934618   6.06822763   1.        ]
 [ 10.06797662   6.02388811   1.        ]
 [ 11.09234816   6.03413129   1.        ]
 [ 12.03284889   6.06685904   1.        ]
 [ 13.03749452   6.09115207   1.        ]
 [ 14.06638268   6.09907275   1.        ]
 [  5.03992146   7.01018635   1.        ]
 [  6.03020941   7.06137057   1.        ]
 [  7.03224178   7.03828037   1.        ]
 [  8.06955007   7.04405853   1.        ]
 [  9.01762978   7.00976275   1.        ]
 [ 10.07049427   7.06025859   1.        ]
 [ 11.01444414   7.0709811    1.        ]
 [ 12.06522488   7.05534254   1.        ]
 [ 13.08871833   7.0040156    1.        ]
 [ 14.04821319   7.01900305   1.        ]
 [  5.09222639   8.05163869   1.        ]
 [  6.06745567   8.06910713   1.        ]
 [  7.06646626   8.03396777   1.        ]
 [  8.00366499   8.09746179   1.        ]
 [  9.05897313   8.06262306   1.        ]
 [ 10.05811746   8.06184068   1.        ]
 [ 11.04950179   8.08403824   1.        ]
 [ 12.00834004   8.08808277   1.        ]
 [ 13.08953218   8.06709071   1.        ]
 [ 14.00593078   8.01917564   1.        ]
 [  5.04635038   9.02886002   1.        ]
 [  6.04468948   9.00159725   1.        ]
 [  7.08264696   9.05453902   1.        ]
 [  8.09490236   9.03714394   1.        ]
 [  9.01132397   9.05019063   1.        ]
 [ 10.00231383   9.09694709   1.        ]
 [ 11.06374776   9.00970091   1.        ]
 [ 12.04589889   9.04853137   1.        ]
 [ 13.09196624   9.00849804   1.        ]
 [ 14.09240536   9.05719144   1.        ]
 [  5.03663621  10.07338858   1.        ]
 [  6.06523382  10.05066033   1.        ]
 [  7.09017746  10.05108692   1.        ]
 [  8.06468926  10.07623798   1.        ]
 [  9.01631528  10.05014522   1.        ]
 [ 10.03376398  10.07186254   1.        ]
 [ 11.08216242  10.01263941   1.        ]
 [ 12.07619416  10.09204285   1.        ]
 [ 13.02711961  10.09867191   1.        ]
 [ 14.07764861  10.00321019   1.        ]
 [  5.08608778  11.08286421   1.        ]
 [  6.00294639  11.08484948   1.        ]
 [  7.057792    11.00467761   1.        ]
 [  8.0761207   11.05554836   1.        ]
 [  9.05800276  11.0821307    1.        ]
 [ 10.04775822  11.00791627   1.        ]
 [ 11.02231715  11.00219911   1.        ]
 [ 12.07668755  11.07672637   1.        ]
 [ 13.09389884  11.03251137   1.        ]
 [ 14.06325976  11.06322823   1.        ]
 [  5.0964159   12.01730667   1.        ]
 [  6.07542019  12.02026059   1.        ]
 [  7.08267199  12.02940151   1.        ]
 [  8.01090206  12.09707372   1.        ]
 [  9.09013387  12.0825084    1.        ]
 [ 10.09853277  12.0223569    1.        ]
 [ 11.00886094  12.06013154   1.        ]
 [ 12.03180595  12.00124727   1.        ]
 [ 13.05159345  12.08750659   1.        ]
 [ 14.09883819  12.07754126   1.        ]
 [  5.0282371   13.08209541   1.        ]
 [  6.03433532  13.09557107   1.        ]
 [  7.04972647  13.09655505   1.        ]
 [  8.02845573  13.08924865   1.        ]
 [  9.00721718  13.00824642   1.        ]
 [ 10.05792269  13.0147036    1.        ]
 [ 11.04870495  13.05727275   1.        ]
 [ 12.09506624  13.09087625   1.        ]
 [ 13.06894193  13.04962197   1.        ]
 [ 14.00954523  13.03007532   1.        ]
 [  5.07523373  14.06244577   1.        ]
 [  6.07329452  14.00923852   1.        ]
 [  7.04606342  14.08580191   1.        ]
 [  8.09793698  14.05120426   1.        ]
 [  9.0216365   14.00804875   1.        ]
 [ 10.05601273  14.04363098   1.        ]
 [ 11.07903271  14.05454632   1.        ]
 [ 12.00400867  14.0922878    1.        ]
 [ 13.06017923  14.04479246   1.        ]
 [ 14.09067971  14.01176616   1.        ]]
Running basin hopping with paramerters:
PARAMETERS BEGIN

epsilon=1.450000
r0=2.060000
sigma=0.141421
PARAMETERS END


E: -427.2596 accepted 1
E: -496.9507 accepted 1
E: -507.9800 accepted 1
E: -528.7087 accepted 1
E: -563.3689 accepted 1
E: -574.0711 accepted 1
E: -587.7919 accepted 1
E: -593.2711 accepted 1
E: -606.5921 accepted 1
E: -616.9169 accepted 1
E: -610.3031 accepted 0
E: -613.8597 accepted 0
E: -620.8616 accepted 1
E: -612.8998 accepted 0
E: -620.2702 accepted 1
E: -630.8181 accepted 1
E: -633.7530 accepted 1
E: -641.5602 accepted 1
E: -640.2288 accepted 1
E: -629.5772 accepted 0
E: -628.6821 accepted 0
E: -640.1715 accepted 1
E: -628.7458 accepted 0
E: -648.1558 accepted 1
E: -627.9893 accepted 0
E: -632.5661 accepted 0
E: -654.4086 accepted 1
E: -664.9598 accepted 1
E: -662.5242 accepted 0
E: -661.6759 accepted 0
E: -673.7234 accepted 1
E: -662.7828 accepted 0
E: -658.4040 accepted 0
E: -662.8702 accepted 0
E: -648.1668 accepted 0
E: -654.0663 accepted 0
E: -641.5769 accepted 0
Runtime = 5890.254435


