[[  5.01555006   5.02633586   1.        ]
 [  6.09107827   5.01277879   1.        ]
 [  7.03954044   5.08513158   1.        ]
 [  8.00641196   5.09855705   1.        ]
 [  9.08067574   5.01903073   1.        ]
 [ 10.01415512   5.02298362   1.        ]
 [ 11.00841826   5.09695628   1.        ]
 [ 12.08682325   5.00960525   1.        ]
 [ 13.01640815   5.0945147    1.        ]
 [ 14.01989743   5.04091583   1.        ]
 [  5.02826019   6.05327739   1.        ]
 [  6.01209286   6.09133377   1.        ]
 [  7.06926922   6.01045969   1.        ]
 [  8.06754714   6.04054862   1.        ]
 [  9.06661442   6.09340306   1.        ]
 [ 10.00986846   6.03102794   1.        ]
 [ 11.07282092   6.05877493   1.        ]
 [ 12.06651389   6.08526142   1.        ]
 [ 13.02996813   6.04531405   1.        ]
 [ 14.04077426   6.02822736   1.        ]
 [  5.01088022   7.0706649    1.        ]
 [  6.03366977   7.08738139   1.        ]
 [  7.08899351   7.07032582   1.        ]
 [  8.07800038   7.05489967   1.        ]
 [  9.02819614   7.05568859   1.        ]
 [ 10.01508374   7.0948237    1.        ]
 [ 11.04064824   7.03407182   1.        ]
 [ 12.04473283   7.04889074   1.        ]
 [ 13.0389674    7.08561096   1.        ]
 [ 14.07501597   7.07015375   1.        ]
 [  5.04057191   8.02963488   1.        ]
 [  6.05978404   8.00297974   1.        ]
 [  7.030766     8.09276006   1.        ]
 [  8.00867471   8.053816     1.        ]
 [  9.04346156   8.08095536   1.        ]
 [ 10.08690939   8.01820236   1.        ]
 [ 11.03768264   8.04593618   1.        ]
 [ 12.03748181   8.0937031    1.        ]
 [ 13.06790389   8.07612885   1.        ]
 [ 14.03811839   8.01618339   1.        ]
 [  5.04894037   9.06401469   1.        ]
 [  6.06186618   9.02888388   1.        ]
 [  7.07405996   9.08401974   1.        ]
 [  8.02697503   9.03838485   1.        ]
 [  9.03432312   9.06251525   1.        ]
 [ 10.04047491   9.03682479   1.        ]
 [ 11.03580831   9.05875789   1.        ]
 [ 12.09516887   9.05481746   1.        ]
 [ 13.08841646   9.00468308   1.        ]
 [ 14.06846452   9.06181932   1.        ]
 [  5.06908333  10.0945732    1.        ]
 [  6.02833425  10.05372787   1.        ]
 [  7.08956326  10.03736138   1.        ]
 [  8.08036488  10.09646751   1.        ]
 [  9.01016637  10.04664063   1.        ]
 [ 10.07258452  10.03343235   1.        ]
 [ 11.01009981  10.02314985   1.        ]
 [ 12.00777292  10.03841664   1.        ]
 [ 13.06238517  10.03314117   1.        ]
 [ 14.0157906   10.05248034   1.        ]
 [  5.05625635  11.04244293   1.        ]
 [  6.09270762  11.05173587   1.        ]
 [  7.09096978  11.05582399   1.        ]
 [  8.08280421  11.08756474   1.        ]
 [  9.02956405  11.02705349   1.        ]
 [ 10.08292724  11.07065366   1.        ]
 [ 11.04407731  11.07761271   1.        ]
 [ 12.06377304  11.08912935   1.        ]
 [ 13.01302952  11.00608903   1.        ]
 [ 14.01898419  11.03041309   1.        ]
 [  5.06584591  12.07857615   1.        ]
 [  6.01080283  12.07546388   1.        ]
 [  7.03530817  12.01288951   1.        ]
 [  8.01915616  12.09443071   1.        ]
 [  9.08253086  12.05170955   1.        ]
 [ 10.07131748  12.04826643   1.        ]
 [ 11.03209     12.06018405   1.        ]
 [ 12.02464192  12.07087946   1.        ]
 [ 13.02504721  12.07654632   1.        ]
 [ 14.05568712  12.09649564   1.        ]
 [  5.08609503  13.06255264   1.        ]
 [  6.0056093   13.04681237   1.        ]
 [  7.03540928  13.03889242   1.        ]
 [  8.06631162  13.05013109   1.        ]
 [  9.09745919  13.09855587   1.        ]
 [ 10.09491096  13.08492235   1.        ]
 [ 11.05611387  13.09125194   1.        ]
 [ 12.05139584  13.07447499   1.        ]
 [ 13.02958917  13.06582084   1.        ]
 [ 14.09321486  13.05017729   1.        ]
 [  5.08096478  14.07916992   1.        ]
 [  6.08158001  14.08456012   1.        ]
 [  7.05074618  14.04010979   1.        ]
 [  8.00503701  14.07912766   1.        ]
 [  9.04174219  14.01911387   1.        ]
 [ 10.00171727  14.05062592   1.        ]
 [ 11.00635535  14.02198792   1.        ]
 [ 12.02801658  14.09085558   1.        ]
 [ 13.09340178  14.03430234   1.        ]
 [ 14.05228894  14.00247812   1.        ]]
Running basin hopping with paramerters:
PARAMETERS BEGIN

epsilon=2.200000
r0=1.100000
sigma=0.141421
PARAMETERS END


E: -688.1775 accepted 1
E: -712.3692 accepted 1
E: -695.6279 accepted 0
E: -670.3359 accepted 0
E: -677.8997 accepted 0
E: -697.8418 accepted 0
E: -716.5826 accepted 1
E: -692.9197 accepted 0
E: -713.3825 accepted 1
E: -715.5847 accepted 1
E: -729.6767 accepted 1
E: -728.3859 accepted 0
E: -715.5821 accepted 0
E: -735.9692 accepted 1
E: -720.9889 accepted 0
E: -710.0932 accepted 0
E: -736.0999 accepted 1
E: -721.1792 accepted 0
E: -729.9047 accepted 0
E: -718.9632 accepted 0
E: -736.1601 accepted 1
E: -742.2200 accepted 1
E: -731.1904 accepted 0
E: -742.1136 accepted 1
E: -721.5579 accepted 0
E: -734.7266 accepted 0
E: -740.6260 accepted 0
E: -729.8959 accepted 0
Runtime = 7280.316422


