[[  5.00528032   5.0954499    1.        ]
 [  6.02771522   5.09517454   1.        ]
 [  7.07078114   5.04419708   1.        ]
 [  8.04146005   5.09146106   1.        ]
 [  9.0950355    5.0616762    1.        ]
 [ 10.07412265   5.03069598   1.        ]
 [ 11.03534561   5.01435703   1.        ]
 [ 12.07063913   5.03984372   1.        ]
 [ 13.09333603   5.07686061   1.        ]
 [ 14.07217988   5.08124729   1.        ]
 [  5.02698389   6.02788739   1.        ]
 [  6.01644232   6.02842816   1.        ]
 [  7.09700888   6.05944008   1.        ]
 [  8.07359508   6.06168217   1.        ]
 [  9.00246178   6.05988024   1.        ]
 [ 10.0980992    6.01607621   1.        ]
 [ 11.0151586    6.01601356   1.        ]
 [ 12.09363725   6.09600022   1.        ]
 [ 13.07479735   6.00461118   1.        ]
 [ 14.07856879   6.02690277   1.        ]
 [  5.09775815   7.06366088   1.        ]
 [  6.09743072   7.04978298   1.        ]
 [  7.04993795   7.05405874   1.        ]
 [  8.03434121   7.0370821    1.        ]
 [  9.07106856   7.08134286   1.        ]
 [ 10.06363586   7.01248173   1.        ]
 [ 11.07144898   7.04707204   1.        ]
 [ 12.05480113   7.00961692   1.        ]
 [ 13.08888679   7.02089889   1.        ]
 [ 14.07401635   7.00641822   1.        ]
 [  5.07438742   8.00300003   1.        ]
 [  6.09292004   8.09053623   1.        ]
 [  7.09700625   8.08492898   1.        ]
 [  8.07870035   8.01157393   1.        ]
 [  9.07730262   8.0902867    1.        ]
 [ 10.03208435   8.00821404   1.        ]
 [ 11.07719492   8.00647315   1.        ]
 [ 12.07542308   8.08680036   1.        ]
 [ 13.09438025   8.04359255   1.        ]
 [ 14.00447806   8.01433462   1.        ]
 [  5.0386192    9.09617955   1.        ]
 [  6.04809593   9.07085855   1.        ]
 [  7.01356538   9.02028754   1.        ]
 [  8.05434272   9.07826209   1.        ]
 [  9.09339022   9.06069424   1.        ]
 [ 10.09004307   9.02417002   1.        ]
 [ 11.01634504   9.09685753   1.        ]
 [ 12.05344638   9.04940806   1.        ]
 [ 13.00615923   9.06925316   1.        ]
 [ 14.00542957   9.02330347   1.        ]
 [  5.0676792   10.00689952   1.        ]
 [  6.01035694  10.09533772   1.        ]
 [  7.03687354  10.07491451   1.        ]
 [  8.08100632  10.08920691   1.        ]
 [  9.04065524  10.06006059   1.        ]
 [ 10.0104611   10.00280257   1.        ]
 [ 11.03295966  10.04483631   1.        ]
 [ 12.05251934  10.08062557   1.        ]
 [ 13.0930005   10.05154622   1.        ]
 [ 14.0292237   10.05473681   1.        ]
 [  5.00315903  11.09065211   1.        ]
 [  6.09820867  11.08771827   1.        ]
 [  7.09188032  11.05423489   1.        ]
 [  8.01251719  11.09930015   1.        ]
 [  9.04675918  11.09821664   1.        ]
 [ 10.00905406  11.08183821   1.        ]
 [ 11.03758953  11.07386865   1.        ]
 [ 12.06477212  11.09426782   1.        ]
 [ 13.00590717  11.08389833   1.        ]
 [ 14.04300347  11.08851379   1.        ]
 [  5.06524251  12.03831311   1.        ]
 [  6.05497923  12.09612231   1.        ]
 [  7.06194681  12.01435721   1.        ]
 [  8.03707222  12.01377226   1.        ]
 [  9.05257683  12.00116546   1.        ]
 [ 10.08600662  12.09425397   1.        ]
 [ 11.01292313  12.09727512   1.        ]
 [ 12.07222228  12.07348944   1.        ]
 [ 13.03693603  12.06304595   1.        ]
 [ 14.06832111  12.01300952   1.        ]
 [  5.02931876  13.08443479   1.        ]
 [  6.07139765  13.01920593   1.        ]
 [  7.08415608  13.03197214   1.        ]
 [  8.01475652  13.00729243   1.        ]
 [  9.04401309  13.04413923   1.        ]
 [ 10.06893874  13.02865575   1.        ]
 [ 11.07751658  13.04330058   1.        ]
 [ 12.05401321  13.02716514   1.        ]
 [ 13.09079709  13.07710026   1.        ]
 [ 14.00507828  13.06905305   1.        ]
 [  5.08342425  14.04373715   1.        ]
 [  6.00104792  14.04093229   1.        ]
 [  7.02820255  14.04412949   1.        ]
 [  8.04415237  14.07801411   1.        ]
 [  9.05913754  14.02027899   1.        ]
 [ 10.05043322  14.08794189   1.        ]
 [ 11.09193875  14.03958695   1.        ]
 [ 12.02699336  14.05382607   1.        ]
 [ 13.04755302  14.08027838   1.        ]
 [ 14.02742449  14.03119262   1.        ]]
Running basin hopping with paramerters:
PARAMETERS BEGIN

epsilon=2.200000
r0=1.400000
sigma=0.141421
PARAMETERS END


E: -500.3154 accepted 1
E: -519.1958 accepted 1
E: -533.3901 accepted 1
E: -522.5780 accepted 0
E: -519.9226 accepted 0
E: -536.9794 accepted 1
E: -538.3331 accepted 1
E: -545.4367 accepted 1
E: -557.2743 accepted 1
E: -562.2932 accepted 1
E: -546.7234 accepted 0
E: -552.2950 accepted 0
E: -559.1767 accepted 0
E: -548.9163 accepted 0
E: -561.6547 accepted 0
E: -563.9990 accepted 1
E: -563.8485 accepted 1
E: -543.6237 accepted 0
E: -562.1537 accepted 0
E: -567.3166 accepted 1
E: -568.1966 accepted 1
E: -570.8443 accepted 1
E: -566.1457 accepted 0
E: -559.2617 accepted 0
E: -577.5293 accepted 1
E: -571.7054 accepted 0
E: -571.2036 accepted 0
E: -551.2985 accepted 0
E: -571.5793 accepted 0
E: -559.4780 accepted 0
E: -554.8221 accepted 0
Runtime = 7933.552315


