[[  5.06500207   5.05202112   1.        ]
 [  6.06838348   5.0466387    1.        ]
 [  7.00113832   5.07238668   1.        ]
 [  8.02254982   5.01921213   1.        ]
 [  9.03239331   5.01893118   1.        ]
 [ 10.08143914   5.06756927   1.        ]
 [ 11.09489184   5.04513369   1.        ]
 [ 12.06875847   5.07650047   1.        ]
 [ 13.08980161   5.04888233   1.        ]
 [ 14.0208328    5.05799551   1.        ]
 [  5.09027612   6.06113895   1.        ]
 [  6.09612827   6.01295313   1.        ]
 [  7.08718497   6.05704206   1.        ]
 [  8.02352803   6.03110096   1.        ]
 [  9.08414407   6.03463888   1.        ]
 [ 10.04623217   6.04149628   1.        ]
 [ 11.06094864   6.0896637    1.        ]
 [ 12.00989924   6.09376892   1.        ]
 [ 13.01862695   6.02357392   1.        ]
 [ 14.03068575   6.05614755   1.        ]
 [  5.05032631   7.06286196   1.        ]
 [  6.04619623   7.05457669   1.        ]
 [  7.05371615   7.06280826   1.        ]
 [  8.05782225   7.0552402    1.        ]
 [  9.01541719   7.0321877    1.        ]
 [ 10.02212178   7.09226972   1.        ]
 [ 11.0231497    7.09249746   1.        ]
 [ 12.07529987   7.05292616   1.        ]
 [ 13.02584607   7.0400576    1.        ]
 [ 14.03489638   7.07644963   1.        ]
 [  5.01707003   8.08271697   1.        ]
 [  6.01548637   8.07622547   1.        ]
 [  7.00341475   8.00059312   1.        ]
 [  8.07358675   8.05345912   1.        ]
 [  9.02642263   8.04686895   1.        ]
 [ 10.05894695   8.00457437   1.        ]
 [ 11.02798836   8.07115979   1.        ]
 [ 12.04549905   8.04131939   1.        ]
 [ 13.0544924    8.07330808   1.        ]
 [ 14.01983043   8.04834722   1.        ]
 [  5.0160794    9.09157357   1.        ]
 [  6.03963744   9.04116645   1.        ]
 [  7.09921784   9.02477309   1.        ]
 [  8.09738258   9.00094248   1.        ]
 [  9.07711524   9.07119745   1.        ]
 [ 10.01583916   9.01761811   1.        ]
 [ 11.05284721   9.0050215    1.        ]
 [ 12.0811011    9.03554848   1.        ]
 [ 13.07856507   9.08922456   1.        ]
 [ 14.08877897   9.05092456   1.        ]
 [  5.05486744  10.08739142   1.        ]
 [  6.02701957  10.09465906   1.        ]
 [  7.03201456  10.03443864   1.        ]
 [  8.08101688  10.06146333   1.        ]
 [  9.00609974  10.04297965   1.        ]
 [ 10.02095105  10.05875959   1.        ]
 [ 11.09330511  10.07333214   1.        ]
 [ 12.09959883  10.012942     1.        ]
 [ 13.02669697  10.04941087   1.        ]
 [ 14.05818141  10.00678692   1.        ]
 [  5.06006541  11.03176999   1.        ]
 [  6.0952301   11.09457863   1.        ]
 [  7.06158121  11.01146417   1.        ]
 [  8.03444738  11.04462579   1.        ]
 [  9.03957798  11.01633212   1.        ]
 [ 10.02056642  11.02319903   1.        ]
 [ 11.01988161  11.00621487   1.        ]
 [ 12.03425882  11.06758927   1.        ]
 [ 13.02668489  11.05942435   1.        ]
 [ 14.07414879  11.05716486   1.        ]
 [  5.01982006  12.02391436   1.        ]
 [  6.01665515  12.09579946   1.        ]
 [  7.018395    12.09684551   1.        ]
 [  8.01688771  12.06281591   1.        ]
 [  9.02223136  12.02728737   1.        ]
 [ 10.04105878  12.07719942   1.        ]
 [ 11.06948053  12.07751294   1.        ]
 [ 12.02604255  12.01413415   1.        ]
 [ 13.0573204   12.08795989   1.        ]
 [ 14.09746635  12.01576537   1.        ]
 [  5.04306038  13.05301872   1.        ]
 [  6.06404376  13.04265055   1.        ]
 [  7.06203643  13.08581374   1.        ]
 [  8.05632734  13.0801637    1.        ]
 [  9.0459727   13.04230827   1.        ]
 [ 10.03692417  13.04131906   1.        ]
 [ 11.05686543  13.02464519   1.        ]
 [ 12.06978019  13.02165215   1.        ]
 [ 13.0681331   13.06767839   1.        ]
 [ 14.00775038  13.01306747   1.        ]
 [  5.0815631   14.09230102   1.        ]
 [  6.01200668  14.00287988   1.        ]
 [  7.0224218   14.01118986   1.        ]
 [  8.05248874  14.0019553    1.        ]
 [  9.01592052  14.04479084   1.        ]
 [ 10.06645586  14.00486273   1.        ]
 [ 11.06376061  14.07058998   1.        ]
 [ 12.02354004  14.05372686   1.        ]
 [ 13.09108605  14.00423918   1.        ]
 [ 14.08507112  14.04599044   1.        ]]
Running basin hopping with paramerters:
PARAMETERS BEGIN

epsilon=2.200000
r0=1.500000
sigma=0.141421
PARAMETERS END


E: -490.6932 accepted 1
E: -500.3296 accepted 1
E: -520.1466 accepted 1
E: -528.0041 accepted 1
E: -519.7997 accepted 0
E: -509.3876 accepted 0
E: -517.8481 accepted 0
E: -529.3878 accepted 1
E: -539.2190 accepted 1
E: -535.0794 accepted 0
E: -533.0142 accepted 0
E: -523.0026 accepted 0
E: -547.0200 accepted 1
E: -546.1981 accepted 0
E: -557.1435 accepted 1
E: -553.9982 accepted 0
E: -552.2314 accepted 0
E: -566.1220 accepted 1
E: -559.9923 accepted 0
E: -527.4657 accepted 0
E: -540.5094 accepted 0
E: -567.4565 accepted 1
E: -563.0019 accepted 0
E: -578.5707 accepted 1
E: -551.8186 accepted 0
E: -562.6695 accepted 0
E: -572.1683 accepted 0
E: 355707.3058 accepted 0
E: -557.1752 accepted 0
E: -554.3670 accepted 0
Runtime = 8315.361248


