[[  5.08790725   5.04295374   1.        ]
 [  6.05346388   5.06833535   1.        ]
 [  7.00880053   5.04764252   1.        ]
 [  8.05289566   5.00735442   1.        ]
 [  9.08485851   5.0689918    1.        ]
 [ 10.00394767   5.04189159   1.        ]
 [ 11.02725896   5.07467011   1.        ]
 [ 12.09904703   5.03586158   1.        ]
 [ 13.03130455   5.00789366   1.        ]
 [ 14.02453985   5.09968714   1.        ]
 [  5.09732405   6.069554     1.        ]
 [  6.08280004   6.02809181   1.        ]
 [  7.0515087    6.05916986   1.        ]
 [  8.08363243   6.0933374    1.        ]
 [  9.03795147   6.01755009   1.        ]
 [ 10.07387647   6.07457319   1.        ]
 [ 11.09333738   6.03418268   1.        ]
 [ 12.04064508   6.08126189   1.        ]
 [ 13.08391781   6.00059962   1.        ]
 [ 14.03906714   6.0341299    1.        ]
 [  5.07438906   7.02872391   1.        ]
 [  6.06355686   7.02176494   1.        ]
 [  7.03551092   7.03202165   1.        ]
 [  8.00652408   7.04054502   1.        ]
 [  9.03638188   7.02022945   1.        ]
 [ 10.04569191   7.01610308   1.        ]
 [ 11.00399006   7.02454626   1.        ]
 [ 12.08889986   7.00350842   1.        ]
 [ 13.03364732   7.05709625   1.        ]
 [ 14.0678749    7.06565828   1.        ]
 [  5.02501196   8.0448357    1.        ]
 [  6.06648464   8.02763669   1.        ]
 [  7.00098405   8.08044991   1.        ]
 [  8.0463787    8.08168572   1.        ]
 [  9.09276028   8.08552551   1.        ]
 [ 10.04563844   8.04840192   1.        ]
 [ 11.01798938   8.03466203   1.        ]
 [ 12.08275999   8.06357269   1.        ]
 [ 13.00072363   8.01901017   1.        ]
 [ 14.03103047   8.06533272   1.        ]
 [  5.06494943   9.03685216   1.        ]
 [  6.04481705   9.07911678   1.        ]
 [  7.09457658   9.0038854    1.        ]
 [  8.07639947   9.09001433   1.        ]
 [  9.05350156   9.0467125    1.        ]
 [ 10.04619712   9.00834665   1.        ]
 [ 11.02789074   9.06639449   1.        ]
 [ 12.04127929   9.09824753   1.        ]
 [ 13.05657602   9.06590188   1.        ]
 [ 14.04842556   9.07134912   1.        ]
 [  5.02454175  10.04117008   1.        ]
 [  6.02924288  10.0854253    1.        ]
 [  7.08550417  10.01817725   1.        ]
 [  8.04576298  10.046874     1.        ]
 [  9.02546993  10.00314067   1.        ]
 [ 10.07949917  10.01649346   1.        ]
 [ 11.04782546  10.05807598   1.        ]
 [ 12.07675816  10.03829147   1.        ]
 [ 13.02833758  10.0865678    1.        ]
 [ 14.00031135  10.04230267   1.        ]
 [  5.04726394  11.01412465   1.        ]
 [  6.00010283  11.07856772   1.        ]
 [  7.00716447  11.02007004   1.        ]
 [  8.00971995  11.07308669   1.        ]
 [  9.06692446  11.03522038   1.        ]
 [ 10.04253326  11.07457055   1.        ]
 [ 11.05502278  11.00202991   1.        ]
 [ 12.03269474  11.0214246    1.        ]
 [ 13.04723694  11.00245932   1.        ]
 [ 14.09470372  11.05662794   1.        ]
 [  5.0012867   12.09521142   1.        ]
 [  6.08058228  12.03248641   1.        ]
 [  7.02261843  12.06348561   1.        ]
 [  8.05252321  12.09518099   1.        ]
 [  9.07116272  12.01589002   1.        ]
 [ 10.04519112  12.03174838   1.        ]
 [ 11.05627789  12.03955506   1.        ]
 [ 12.06996499  12.03049127   1.        ]
 [ 13.06508094  12.08037542   1.        ]
 [ 14.01867314  12.01601816   1.        ]
 [  5.06880395  13.06226832   1.        ]
 [  6.04307053  13.06521238   1.        ]
 [  7.05949496  13.06739106   1.        ]
 [  8.05436741  13.00620622   1.        ]
 [  9.01816859  13.08265958   1.        ]
 [ 10.06793502  13.03773457   1.        ]
 [ 11.09493327  13.06758297   1.        ]
 [ 12.00215071  13.08980274   1.        ]
 [ 13.05987078  13.03350314   1.        ]
 [ 14.06559571  13.08930684   1.        ]
 [  5.01051001  14.01030076   1.        ]
 [  6.01440367  14.03216994   1.        ]
 [  7.03363011  14.06757989   1.        ]
 [  8.02626908  14.09575763   1.        ]
 [  9.08046585  14.06464904   1.        ]
 [ 10.0041469   14.02513932   1.        ]
 [ 11.0089927   14.008995     1.        ]
 [ 12.05779036  14.00406731   1.        ]
 [ 13.0483176   14.02092254   1.        ]
 [ 14.06335151  14.00952305   1.        ]]
Running basin hopping with paramerters:
PARAMETERS BEGIN

epsilon=2.200000
r0=1.520000
sigma=0.141421
PARAMETERS END


E: -526.0637 accepted 1
E: -507.2004 accepted 0
E: -539.2881 accepted 1
E: -562.0889 accepted 1
E: -586.1397 accepted 1
E: -584.7230 accepted 0
E: -591.2339 accepted 1
E: -574.6229 accepted 0
E: -590.9148 accepted 0
E: -584.1160 accepted 0
E: -595.4904 accepted 1
E: -580.0227 accepted 0
E: -589.4999 accepted 0
E: -582.5945 accepted 0
E: -590.2755 accepted 0
E: -578.4122 accepted 0
E: -573.5149 accepted 0
Runtime = 4679.071928


