[[  5.05290786   5.03526022   1.        ]
 [  6.01651937   5.03771106   1.        ]
 [  7.08544311   5.04647062   1.        ]
 [  8.09518      5.00881778   1.        ]
 [  9.03308146   5.05591304   1.        ]
 [ 10.04004955   5.03362865   1.        ]
 [ 11.08720891   5.05286007   1.        ]
 [ 12.05219566   5.05984321   1.        ]
 [ 13.0122375    5.0640336    1.        ]
 [ 14.07520046   5.08942227   1.        ]
 [  5.06699811   6.05710387   1.        ]
 [  6.08257007   6.06320928   1.        ]
 [  7.09072795   6.0374488    1.        ]
 [  8.06986829   6.09646474   1.        ]
 [  9.07672959   6.0252198    1.        ]
 [ 10.00790121   6.00656828   1.        ]
 [ 11.01700435   6.07398409   1.        ]
 [ 12.0196098    6.0896042    1.        ]
 [ 13.09421233   6.00538327   1.        ]
 [ 14.00689917   6.0435752    1.        ]
 [  5.07195763   7.09669325   1.        ]
 [  6.09191286   7.04099104   1.        ]
 [  7.02481334   7.07959962   1.        ]
 [  8.09618294   7.01009486   1.        ]
 [  9.06049078   7.01695257   1.        ]
 [ 10.01680362   7.01943268   1.        ]
 [ 11.09298344   7.02804707   1.        ]
 [ 12.04957544   7.00442267   1.        ]
 [ 13.07796072   7.0427112    1.        ]
 [ 14.06251863   7.03764761   1.        ]
 [  5.00478019   8.05854516   1.        ]
 [  6.03939327   8.06275253   1.        ]
 [  7.07043776   8.02357751   1.        ]
 [  8.07932208   8.08315101   1.        ]
 [  9.07920679   8.09831279   1.        ]
 [ 10.08540206   8.06590492   1.        ]
 [ 11.02696726   8.00292559   1.        ]
 [ 12.08680658   8.00743275   1.        ]
 [ 13.00014539   8.05111461   1.        ]
 [ 14.01193989   8.03257489   1.        ]
 [  5.0112272    9.06776497   1.        ]
 [  6.03752687   9.06264271   1.        ]
 [  7.04957302   9.06460374   1.        ]
 [  8.01147003   9.04882688   1.        ]
 [  9.07254051   9.05910577   1.        ]
 [ 10.0494728    9.02753364   1.        ]
 [ 11.0851575    9.03162892   1.        ]
 [ 12.01786386   9.08868487   1.        ]
 [ 13.05583758   9.08129341   1.        ]
 [ 14.08025276   9.01293313   1.        ]
 [  5.09345254  10.02576685   1.        ]
 [  6.00182152  10.07145334   1.        ]
 [  7.04907392  10.05736083   1.        ]
 [  8.05013712  10.04010639   1.        ]
 [  9.09411147  10.06478167   1.        ]
 [ 10.05560407  10.09017905   1.        ]
 [ 11.0790841   10.09832198   1.        ]
 [ 12.0888934   10.03224702   1.        ]
 [ 13.01603022  10.01086313   1.        ]
 [ 14.03318355  10.03300664   1.        ]
 [  5.00395611  11.03645503   1.        ]
 [  6.03717532  11.01944032   1.        ]
 [  7.0223027   11.03210041   1.        ]
 [  8.09380955  11.07124655   1.        ]
 [  9.05495182  11.04510347   1.        ]
 [ 10.0790104   11.09984452   1.        ]
 [ 11.05284538  11.07577877   1.        ]
 [ 12.09832643  11.05481098   1.        ]
 [ 13.08671987  11.00841278   1.        ]
 [ 14.0683774   11.06891661   1.        ]
 [  5.06909982  12.08911596   1.        ]
 [  6.02831877  12.07252104   1.        ]
 [  7.07211619  12.04889109   1.        ]
 [  8.04643013  12.07471234   1.        ]
 [  9.09043238  12.08887919   1.        ]
 [ 10.08613027  12.08074009   1.        ]
 [ 11.0118768   12.04859044   1.        ]
 [ 12.06649418  12.07063072   1.        ]
 [ 13.0965543   12.0343016    1.        ]
 [ 14.07267898  12.01040756   1.        ]
 [  5.03194793  13.08090758   1.        ]
 [  6.0795541   13.09901987   1.        ]
 [  7.06927903  13.06240777   1.        ]
 [  8.06222611  13.06027754   1.        ]
 [  9.00593619  13.02606619   1.        ]
 [ 10.06289041  13.03829448   1.        ]
 [ 11.01986658  13.09506947   1.        ]
 [ 12.09764991  13.01856967   1.        ]
 [ 13.09795496  13.01860581   1.        ]
 [ 14.04955982  13.03918532   1.        ]
 [  5.00532209  14.01824786   1.        ]
 [  6.09128398  14.06228259   1.        ]
 [  7.08148139  14.07842842   1.        ]
 [  8.05402488  14.00141904   1.        ]
 [  9.06974443  14.05188135   1.        ]
 [ 10.09643303  14.0291232    1.        ]
 [ 11.01972256  14.00904094   1.        ]
 [ 12.08385569  14.05237268   1.        ]
 [ 13.04870923  14.02969481   1.        ]
 [ 14.05040124  14.00171987   1.        ]]
Running basin hopping with paramerters:
PARAMETERS BEGIN

epsilon=1.000000
r0=1.500000
sigma=0.141421
PARAMETERS END


E: -292.9185 accepted 1
E: -301.6215 accepted 1
E: -303.2830 accepted 1
E: -302.3837 accepted 0
E: -300.3236 accepted 0
E: -312.9332 accepted 1
E: -311.8165 accepted 1
E: -317.6949 accepted 1
E: -313.4232 accepted 0
E: -330.3885 accepted 1
E: -334.1916 accepted 1
E: -325.4704 accepted 0
E: -333.1892 accepted 0
E: -331.9098 accepted 0
E: -334.4959 accepted 1
E: -342.5003 accepted 1
E: -337.1342 accepted 0
E: -342.1637 accepted 1
E: -343.9473 accepted 1
E: -349.5544 accepted 1
E: -350.8327 accepted 1
E: -353.8506 accepted 1
E: -350.4834 accepted 0
E: -357.9396 accepted 1
E: -358.6161 accepted 1
E: -362.4664 accepted 1
E: -355.3984 accepted 0
E: -352.0109 accepted 0
E: -359.8588 accepted 1
E: -359.9910 accepted 1
E: -358.9052 accepted 0
E: -357.6514 accepted 0
Runtime = 9799.569941


