[[  5.07735033   5.03939181   1.        ]
 [  6.01433856   5.09381801   1.        ]
 [  7.01086874   5.08702871   1.        ]
 [  8.08025774   5.02230163   1.        ]
 [  9.04495924   5.03979375   1.        ]
 [ 10.05489423   5.09152757   1.        ]
 [ 11.02620489   5.05054077   1.        ]
 [ 12.08948136   5.09726118   1.        ]
 [ 13.07841682   5.08649752   1.        ]
 [ 14.09263562   5.02671534   1.        ]
 [  5.00587748   6.03852363   1.        ]
 [  6.08011877   6.02576186   1.        ]
 [  7.08053213   6.07997737   1.        ]
 [  8.07175425   6.0145561    1.        ]
 [  9.01669026   6.08416543   1.        ]
 [ 10.05701727   6.04247868   1.        ]
 [ 11.09529245   6.06469738   1.        ]
 [ 12.08937505   6.09844839   1.        ]
 [ 13.03705206   6.00936509   1.        ]
 [ 14.08146507   6.03879592   1.        ]
 [  5.07831355   7.09422958   1.        ]
 [  6.08751097   7.0091108    1.        ]
 [  7.0245525    7.04768712   1.        ]
 [  8.00266241   7.08785703   1.        ]
 [  9.00042073   7.04919088   1.        ]
 [ 10.0652973    7.07495223   1.        ]
 [ 11.06613475   7.08176836   1.        ]
 [ 12.01377381   7.06928853   1.        ]
 [ 13.02466662   7.0510533    1.        ]
 [ 14.02320832   7.06557402   1.        ]
 [  5.03323787   8.09634082   1.        ]
 [  6.00082372   8.03571924   1.        ]
 [  7.08623237   8.05682823   1.        ]
 [  8.00035959   8.06852966   1.        ]
 [  9.08781348   8.03036394   1.        ]
 [ 10.0744392    8.00954773   1.        ]
 [ 11.03400999   8.08698659   1.        ]
 [ 12.09819419   8.04379762   1.        ]
 [ 13.0492447    8.06645712   1.        ]
 [ 14.08295894   8.03503207   1.        ]
 [  5.01471753   9.04021934   1.        ]
 [  6.0604128    9.02870985   1.        ]
 [  7.08593077   9.05801061   1.        ]
 [  8.07054599   9.01418711   1.        ]
 [  9.03550069   9.09544982   1.        ]
 [ 10.03951624   9.06420989   1.        ]
 [ 11.09100904   9.09608684   1.        ]
 [ 12.01651314   9.01289661   1.        ]
 [ 13.07200922   9.0710557    1.        ]
 [ 14.09692275   9.09673101   1.        ]
 [  5.06848059  10.03874885   1.        ]
 [  6.01673438  10.02618974   1.        ]
 [  7.05561144  10.00485057   1.        ]
 [  8.0169528   10.00618558   1.        ]
 [  9.04323903  10.03336193   1.        ]
 [ 10.06516453  10.09334192   1.        ]
 [ 11.06139601  10.05309319   1.        ]
 [ 12.05879838  10.06803813   1.        ]
 [ 13.01486938  10.00442339   1.        ]
 [ 14.07277581  10.08449064   1.        ]
 [  5.06332254  11.03756798   1.        ]
 [  6.01015359  11.03717154   1.        ]
 [  7.06556991  11.08468126   1.        ]
 [  8.02378006  11.09762214   1.        ]
 [  9.08765612  11.03621027   1.        ]
 [ 10.07001177  11.04741534   1.        ]
 [ 11.01012256  11.08290363   1.        ]
 [ 12.05977867  11.06591756   1.        ]
 [ 13.06176575  11.07072655   1.        ]
 [ 14.05454603  11.0680766    1.        ]
 [  5.06064002  12.09282139   1.        ]
 [  6.09336751  12.07998723   1.        ]
 [  7.03201659  12.00360924   1.        ]
 [  8.01063973  12.08088941   1.        ]
 [  9.03335728  12.01706725   1.        ]
 [ 10.00928695  12.09316693   1.        ]
 [ 11.04872944  12.08446567   1.        ]
 [ 12.04459986  12.05458315   1.        ]
 [ 13.07902121  12.01397244   1.        ]
 [ 14.01614935  12.07872767   1.        ]
 [  5.01232086  13.06249719   1.        ]
 [  6.03462725  13.08369716   1.        ]
 [  7.02887429  13.00072882   1.        ]
 [  8.01610727  13.07897238   1.        ]
 [  9.02785645  13.00072721   1.        ]
 [ 10.05779278  13.02618576   1.        ]
 [ 11.0547754   13.04672787   1.        ]
 [ 12.03864891  13.07230983   1.        ]
 [ 13.02680597  13.04131005   1.        ]
 [ 14.09185972  13.0070107    1.        ]
 [  5.08112846  14.07824372   1.        ]
 [  6.0341312   14.05991784   1.        ]
 [  7.08854338  14.06667578   1.        ]
 [  8.07201907  14.02135444   1.        ]
 [  9.06879881  14.09137375   1.        ]
 [ 10.08848811  14.01213564   1.        ]
 [ 11.07009861  14.06115736   1.        ]
 [ 12.0578885   14.08101882   1.        ]
 [ 13.07310184  14.08973264   1.        ]
 [ 14.06314047  14.0229272    1.        ]]
Running basin hopping with paramerters:
PARAMETERS BEGIN

epsilon=2.200000
r0=1.560000
sigma=0.141421
PARAMETERS END


E: -480.1685 accepted 1
E: -477.3392 accepted 0
E: -498.9314 accepted 1
E: -504.4997 accepted 1
E: -534.5436 accepted 1
E: -516.2558 accepted 0
E: -523.0881 accepted 0
E: -539.7416 accepted 1
E: -573.8997 accepted 1
E: -551.9263 accepted 0
E: -574.0615 accepted 1
E: -579.4932 accepted 1
E: -598.7101 accepted 1
E: -605.0253 accepted 1
E: -584.2054 accepted 0
E: -602.9490 accepted 0
E: -587.0472 accepted 0
E: -611.1736 accepted 1
E: -605.9032 accepted 0
E: -608.0346 accepted 0
E: -604.2719 accepted 0
E: -616.8048 accepted 1
E: -605.6649 accepted 0
E: -612.8721 accepted 0
E: -586.7155 accepted 0
E: -610.4181 accepted 0
E: -619.5417 accepted 1
E: -603.7393 accepted 0
E: -600.9501 accepted 0
E: -602.0394 accepted 0
E: -618.6337 accepted 0
E: -613.7779 accepted 0
E: -598.0494 accepted 0
Runtime = 11434.996126


