[[  5.05463942   5.01960724   1.        ]
 [  6.00018002   5.02376276   1.        ]
 [  7.00330001   5.02742759   1.        ]
 [  8.02652812   5.08635293   1.        ]
 [  9.07251737   5.02986829   1.        ]
 [ 10.06025122   5.09776105   1.        ]
 [ 11.06572443   5.06855665   1.        ]
 [ 12.07655229   5.00701063   1.        ]
 [ 13.03794117   5.09125832   1.        ]
 [ 14.08910173   5.0768333    1.        ]
 [  5.09766143   6.02426916   1.        ]
 [  6.00936656   6.00478473   1.        ]
 [  7.07755613   6.02392864   1.        ]
 [  8.07115676   6.06555318   1.        ]
 [  9.07384837   6.04239473   1.        ]
 [ 10.00159346   6.07401793   1.        ]
 [ 11.01662994   6.08803718   1.        ]
 [ 12.08699067   6.00858798   1.        ]
 [ 13.09182041   6.06544828   1.        ]
 [ 14.09396475   6.02446892   1.        ]
 [  5.01694893   7.02216829   1.        ]
 [  6.0136706    7.05351006   1.        ]
 [  7.07983981   7.05320089   1.        ]
 [  8.07684789   7.03332273   1.        ]
 [  9.01249241   7.04630351   1.        ]
 [ 10.02818677   7.0331775    1.        ]
 [ 11.02543588   7.07717323   1.        ]
 [ 12.09977559   7.06167343   1.        ]
 [ 13.05777394   7.06898778   1.        ]
 [ 14.003419     7.06465805   1.        ]
 [  5.06037242   8.07011265   1.        ]
 [  6.05895157   8.06178943   1.        ]
 [  7.02117007   8.03677196   1.        ]
 [  8.01699766   8.01102836   1.        ]
 [  9.09833767   8.07949589   1.        ]
 [ 10.02449505   8.00572452   1.        ]
 [ 11.02697066   8.07220542   1.        ]
 [ 12.03879964   8.09815495   1.        ]
 [ 13.05431607   8.0733081    1.        ]
 [ 14.04402115   8.09299649   1.        ]
 [  5.09119645   9.06451528   1.        ]
 [  6.02422582   9.01841601   1.        ]
 [  7.01286968   9.07711163   1.        ]
 [  8.06177574   9.07760235   1.        ]
 [  9.07888226   9.01377199   1.        ]
 [ 10.08695255   9.06603478   1.        ]
 [ 11.08082081   9.07569943   1.        ]
 [ 12.07690413   9.05265376   1.        ]
 [ 13.05238956   9.09996986   1.        ]
 [ 14.07775889   9.01314181   1.        ]
 [  5.02051242  10.02732114   1.        ]
 [  6.04812776  10.06773973   1.        ]
 [  7.06154671  10.0142952    1.        ]
 [  8.00586715  10.0542512    1.        ]
 [  9.00928875  10.06260255   1.        ]
 [ 10.05752085  10.0031496    1.        ]
 [ 11.04776213  10.02807041   1.        ]
 [ 12.03382459  10.03515939   1.        ]
 [ 13.05500009  10.0030177    1.        ]
 [ 14.04769687  10.01064389   1.        ]
 [  5.02156744  11.08325061   1.        ]
 [  6.04409211  11.03342291   1.        ]
 [  7.08239373  11.08484984   1.        ]
 [  8.04023991  11.05295277   1.        ]
 [  9.04249776  11.09708673   1.        ]
 [ 10.07328569  11.07479651   1.        ]
 [ 11.04941405  11.01824111   1.        ]
 [ 12.05279518  11.05481533   1.        ]
 [ 13.06467798  11.00835433   1.        ]
 [ 14.04700752  11.0113939    1.        ]
 [  5.02295338  12.017656     1.        ]
 [  6.01902657  12.06257694   1.        ]
 [  7.03182805  12.09100483   1.        ]
 [  8.09836734  12.02330059   1.        ]
 [  9.00415583  12.08639953   1.        ]
 [ 10.0949358   12.07541457   1.        ]
 [ 11.02454593  12.07337038   1.        ]
 [ 12.03345058  12.04194246   1.        ]
 [ 13.02202088  12.00992485   1.        ]
 [ 14.02915437  12.08014489   1.        ]
 [  5.09143807  13.09664416   1.        ]
 [  6.08973178  13.02710665   1.        ]
 [  7.04490357  13.07805526   1.        ]
 [  8.09628169  13.0739433    1.        ]
 [  9.08725861  13.01130605   1.        ]
 [ 10.02112113  13.08288155   1.        ]
 [ 11.08055039  13.00870768   1.        ]
 [ 12.04186568  13.03952      1.        ]
 [ 13.03267752  13.07703312   1.        ]
 [ 14.05128281  13.07987243   1.        ]
 [  5.0791146   14.00679586   1.        ]
 [  6.00618632  14.084057     1.        ]
 [  7.04989641  14.02243152   1.        ]
 [  8.08097081  14.02288605   1.        ]
 [  9.0897805   14.07331033   1.        ]
 [ 10.08198721  14.0413499    1.        ]
 [ 11.09522799  14.03231174   1.        ]
 [ 12.00562885  14.09725669   1.        ]
 [ 13.00206619  14.00891643   1.        ]
 [ 14.067098    14.03247394   1.        ]]
Running basin hopping with paramerters:
PARAMETERS BEGIN

epsilon=2.200000
r0=1.660000
sigma=0.141421
PARAMETERS END


E: -521.9478 accepted 1
E: -540.4479 accepted 1
E: -553.2255 accepted 1
E: -552.6735 accepted 1
E: -585.7394 accepted 1
E: -646.5398 accepted 1
E: -633.8834 accepted 0
E: -648.2627 accepted 1
E: -659.0987 accepted 1
E: -672.0992 accepted 1
E: -718.2044 accepted 1
E: -731.2898 accepted 1
E: -717.6681 accepted 0
E: -732.5627 accepted 1
E: -734.3120 accepted 1
E: -717.1420 accepted 0
E: -774.5588 accepted 1
E: -729.4363 accepted 0
E: -792.7218 accepted 1
E: -777.4116 accepted 0
E: -790.3225 accepted 1
E: -781.9618 accepted 0
E: -803.6908 accepted 1
E: -773.7006 accepted 0
E: -759.3262 accepted 0
E: -788.3002 accepted 0
E: -794.0242 accepted 0
E: -828.1922 accepted 1
E: -822.4012 accepted 0
E: -807.6227 accepted 0
E: -788.5568 accepted 0
E: -794.9798 accepted 0
E: -805.7021 accepted 0
E: -790.9103 accepted 0
Runtime = 8214.134755


