[[  5.08362025   5.07749104   1.        ]
 [  6.04587868   5.03224824   1.        ]
 [  7.09402625   5.06554368   1.        ]
 [  8.04048919   5.09068578   1.        ]
 [  9.09285236   5.01435431   1.        ]
 [ 10.01095865   5.04454488   1.        ]
 [ 11.04242419   5.02026281   1.        ]
 [ 12.08312532   5.00266124   1.        ]
 [ 13.0808429    5.07366369   1.        ]
 [ 14.06536628   5.02990693   1.        ]
 [  5.0460135    6.08192225   1.        ]
 [  6.06630633   6.09960893   1.        ]
 [  7.01681359   6.00574622   1.        ]
 [  8.02817623   6.06790979   1.        ]
 [  9.04672774   6.06587174   1.        ]
 [ 10.05635611   6.04101105   1.        ]
 [ 11.08618953   6.08522206   1.        ]
 [ 12.00764766   6.04484983   1.        ]
 [ 13.09125289   6.04502619   1.        ]
 [ 14.03096894   6.07440228   1.        ]
 [  5.08959679   7.04388204   1.        ]
 [  6.06190672   7.09350035   1.        ]
 [  7.0809577    7.06415638   1.        ]
 [  8.06422402   7.01326794   1.        ]
 [  9.03110872   7.0969737    1.        ]
 [ 10.06238606   7.07876081   1.        ]
 [ 11.03827073   7.04717419   1.        ]
 [ 12.01793782   7.026752     1.        ]
 [ 13.0636513    7.03717983   1.        ]
 [ 14.06916347   7.08607504   1.        ]
 [  5.08397994   8.00035843   1.        ]
 [  6.04536306   8.08234564   1.        ]
 [  7.03481344   8.06606895   1.        ]
 [  8.07949316   8.02013036   1.        ]
 [  9.00364798   8.05486553   1.        ]
 [ 10.08610059   8.0857394    1.        ]
 [ 11.00558296   8.07324453   1.        ]
 [ 12.00666829   8.06016356   1.        ]
 [ 13.0174095    8.02740949   1.        ]
 [ 14.04066874   8.0413286    1.        ]
 [  5.09197615   9.01120026   1.        ]
 [  6.01052936   9.07614709   1.        ]
 [  7.01484736   9.03638166   1.        ]
 [  8.07854871   9.03791039   1.        ]
 [  9.0197151    9.08328176   1.        ]
 [ 10.06452553   9.03142928   1.        ]
 [ 11.04979119   9.0801716    1.        ]
 [ 12.08421091   9.0610541    1.        ]
 [ 13.00620391   9.07060463   1.        ]
 [ 14.09209266   9.08291331   1.        ]
 [  5.04687848  10.00208107   1.        ]
 [  6.06274607  10.04887787   1.        ]
 [  7.01676531  10.01092998   1.        ]
 [  8.03451489  10.01639768   1.        ]
 [  9.0576258   10.03892472   1.        ]
 [ 10.08258182  10.03714383   1.        ]
 [ 11.00358057  10.06977623   1.        ]
 [ 12.01664302  10.05850365   1.        ]
 [ 13.09303948  10.07031388   1.        ]
 [ 14.04224524  10.06212474   1.        ]
 [  5.04424428  11.08163915   1.        ]
 [  6.04564958  11.04925792   1.        ]
 [  7.0868424   11.09928275   1.        ]
 [  8.00913901  11.06823117   1.        ]
 [  9.09780322  11.04320068   1.        ]
 [ 10.09998316  11.00870607   1.        ]
 [ 11.00995196  11.09217282   1.        ]
 [ 12.09440872  11.07564996   1.        ]
 [ 13.01917925  11.09753319   1.        ]
 [ 14.06994944  11.05240272   1.        ]
 [  5.02214781  12.07798953   1.        ]
 [  6.07833548  12.07019987   1.        ]
 [  7.08149468  12.07593458   1.        ]
 [  8.06058089  12.02717773   1.        ]
 [  9.06849301  12.07310234   1.        ]
 [ 10.04614442  12.04821214   1.        ]
 [ 11.03992845  12.05713165   1.        ]
 [ 12.02737819  12.00539618   1.        ]
 [ 13.02881431  12.06700801   1.        ]
 [ 14.0448955   12.06279655   1.        ]
 [  5.04489257  13.09873715   1.        ]
 [  6.01008402  13.00510929   1.        ]
 [  7.06934959  13.00961859   1.        ]
 [  8.01438202  13.06022606   1.        ]
 [  9.06863048  13.08484298   1.        ]
 [ 10.0120722   13.06102516   1.        ]
 [ 11.06136167  13.05957967   1.        ]
 [ 12.03140195  13.01294783   1.        ]
 [ 13.02872003  13.08873456   1.        ]
 [ 14.04536833  13.06281476   1.        ]
 [  5.02378887  14.07129919   1.        ]
 [  6.02878896  14.08981054   1.        ]
 [  7.07573884  14.00276481   1.        ]
 [  8.07685999  14.05558396   1.        ]
 [  9.06350765  14.01109841   1.        ]
 [ 10.00257552  14.07172449   1.        ]
 [ 11.01156564  14.07377321   1.        ]
 [ 12.06529826  14.05860233   1.        ]
 [ 13.08675204  14.08550745   1.        ]
 [ 14.03962183  14.02863066   1.        ]]
Running basin hopping with paramerters:
PARAMETERS BEGIN

epsilon=2.200000
r0=1.900000
sigma=0.141421
PARAMETERS END


E: -628.2777 accepted 1
E: -672.1584 accepted 1
E: -717.9605 accepted 1
E: -746.2649 accepted 1
E: -802.8862 accepted 1
E: -821.3977 accepted 1
E: -850.3167 accepted 1
E: -830.8105 accepted 0
E: -862.0522 accepted 1
E: -875.7240 accepted 1
E: -863.8371 accepted 0
E: -843.7665 accepted 0
E: -892.2009 accepted 1
E: -866.7665 accepted 0
E: -896.0119 accepted 1
E: -886.5059 accepted 0
E: -874.4070 accepted 0
E: -900.6982 accepted 1
E: -891.6356 accepted 0
E: -913.7283 accepted 1
E: -930.8994 accepted 1
E: -901.5323 accepted 0
E: -911.5794 accepted 0
E: -911.0413 accepted 0
E: -916.6450 accepted 0
E: -888.9734 accepted 0
E: -927.7537 accepted 1
Runtime = 5586.361317


