[[  5.07621539   5.0918186    1.        ]
 [  6.05714707   5.00686046   1.        ]
 [  7.0025669    5.06009909   1.        ]
 [  8.06681917   5.07789531   1.        ]
 [  9.00765889   5.05340694   1.        ]
 [ 10.08908317   5.0904175    1.        ]
 [ 11.01901351   5.06730278   1.        ]
 [ 12.02983392   5.07573112   1.        ]
 [ 13.00752971   5.06809726   1.        ]
 [ 14.00870694   5.05675438   1.        ]
 [  5.03424049   6.06794253   1.        ]
 [  6.03036844   6.04256646   1.        ]
 [  7.0576686    6.02024142   1.        ]
 [  8.00565721   6.08956217   1.        ]
 [  9.05574861   6.06336238   1.        ]
 [ 10.06454477   6.09091636   1.        ]
 [ 11.07923537   6.06909376   1.        ]
 [ 12.07747288   6.09248562   1.        ]
 [ 13.08117052   6.06104054   1.        ]
 [ 14.04382731   6.06751906   1.        ]
 [  5.05165183   7.01885988   1.        ]
 [  6.07235546   7.0739191    1.        ]
 [  7.08789089   7.00957405   1.        ]
 [  8.02906972   7.06093311   1.        ]
 [  9.04832508   7.08677457   1.        ]
 [ 10.03667931   7.08348179   1.        ]
 [ 11.07917189   7.08757091   1.        ]
 [ 12.05257361   7.07504272   1.        ]
 [ 13.06225351   7.08201976   1.        ]
 [ 14.03530246   7.049866     1.        ]
 [  5.08602061   8.02044168   1.        ]
 [  6.01175064   8.06868502   1.        ]
 [  7.07354878   8.06472695   1.        ]
 [  8.02265625   8.07556393   1.        ]
 [  9.08017197   8.07568642   1.        ]
 [ 10.03280449   8.06846398   1.        ]
 [ 11.09592629   8.06696702   1.        ]
 [ 12.06784104   8.08161414   1.        ]
 [ 13.05577568   8.05339224   1.        ]
 [ 14.09626937   8.03284452   1.        ]
 [  5.02546236   9.01775215   1.        ]
 [  6.04947853   9.01433226   1.        ]
 [  7.01490756   9.02862769   1.        ]
 [  8.06691555   9.05523045   1.        ]
 [  9.08434737   9.09008897   1.        ]
 [ 10.07879711   9.00570277   1.        ]
 [ 11.08992622   9.03648243   1.        ]
 [ 12.03935264   9.06196114   1.        ]
 [ 13.09882095   9.06665918   1.        ]
 [ 14.00744098   9.01289239   1.        ]
 [  5.04067364  10.0765992    1.        ]
 [  6.02429942  10.01869382   1.        ]
 [  7.02725068  10.06731049   1.        ]
 [  8.06284155  10.07720507   1.        ]
 [  9.0382484   10.03639575   1.        ]
 [ 10.01584617  10.03729512   1.        ]
 [ 11.03786232  10.01938439   1.        ]
 [ 12.00069079  10.09549346   1.        ]
 [ 13.08837558  10.07697523   1.        ]
 [ 14.04786731  10.06572569   1.        ]
 [  5.07064579  11.05818407   1.        ]
 [  6.04177975  11.06003468   1.        ]
 [  7.02988279  11.06269976   1.        ]
 [  8.02069377  11.00459553   1.        ]
 [  9.09369285  11.06177764   1.        ]
 [ 10.003559    11.05725253   1.        ]
 [ 11.0928884   11.05032919   1.        ]
 [ 12.06224125  11.08064266   1.        ]
 [ 13.01179093  11.08402611   1.        ]
 [ 14.05634343  11.07148639   1.        ]
 [  5.07701128  12.01693249   1.        ]
 [  6.07531836  12.09395699   1.        ]
 [  7.09839295  12.08385766   1.        ]
 [  8.0156304   12.05587593   1.        ]
 [  9.07064566  12.06745953   1.        ]
 [ 10.02323367  12.02827898   1.        ]
 [ 11.06181483  12.01509824   1.        ]
 [ 12.01446506  12.00560985   1.        ]
 [ 13.01074567  12.06385194   1.        ]
 [ 14.06676233  12.01531775   1.        ]
 [  5.02592186  13.01391992   1.        ]
 [  6.02642298  13.04608922   1.        ]
 [  7.0378896   13.08769702   1.        ]
 [  8.07588906  13.03189747   1.        ]
 [  9.0938754   13.05617977   1.        ]
 [ 10.02489738  13.01403872   1.        ]
 [ 11.03550794  13.04331952   1.        ]
 [ 12.03926639  13.08287476   1.        ]
 [ 13.07711866  13.08881351   1.        ]
 [ 14.01964226  13.0384216    1.        ]
 [  5.03153547  14.04960692   1.        ]
 [  6.07098363  14.03637278   1.        ]
 [  7.06544632  14.00642649   1.        ]
 [  8.09259464  14.01238971   1.        ]
 [  9.01209925  14.07962728   1.        ]
 [ 10.0666063   14.05508961   1.        ]
 [ 11.0885424   14.02121831   1.        ]
 [ 12.02463633  14.08546112   1.        ]
 [ 13.05838409  14.02211976   1.        ]
 [ 14.04772453  14.06185576   1.        ]]
Running basin hopping with paramerters:
PARAMETERS BEGIN

epsilon=2.200000
r0=2.060000
sigma=0.141421
PARAMETERS END


E: -590.9916 accepted 1
E: -634.2446 accepted 1
E: -642.4002 accepted 1
E: -663.3113 accepted 1
E: -662.2435 accepted 0
E: -690.1109 accepted 1
E: -718.0909 accepted 1
E: -725.4705 accepted 1
E: -769.2839 accepted 1
E: -783.2603 accepted 1
E: -787.4169 accepted 1
E: -804.7682 accepted 1
E: -836.0271 accepted 1
E: -836.6579 accepted 1
E: -837.5338 accepted 1
E: -836.0444 accepted 0
E: -831.2883 accepted 0
E: -845.4550 accepted 1
E: -865.5255 accepted 1
E: -852.8542 accepted 0
E: -837.3820 accepted 0
E: -872.5755 accepted 1
E: -844.8995 accepted 0
E: -857.3387 accepted 0
E: -883.6555 accepted 1
E: -862.6068 accepted 0
E: -881.1686 accepted 0
E: -868.2146 accepted 0
E: -896.9270 accepted 1
E: -878.6085 accepted 0
E: -869.6416 accepted 0
E: -880.5762 accepted 0
E: -878.8221 accepted 0
E: -883.8491 accepted 0
E: -895.3950 accepted 0
Runtime = 5812.274421


