[[  5.01279972   5.08453065   1.        ]
 [  6.06496777   5.0403827    1.        ]
 [  7.02345521   5.07109748   1.        ]
 [  8.05743354   5.05604289   1.        ]
 [  9.00254994   5.00609335   1.        ]
 [ 10.07871962   5.00537605   1.        ]
 [ 11.02723392   5.09248577   1.        ]
 [ 12.03058353   5.04407834   1.        ]
 [ 13.08712506   5.04548656   1.        ]
 [ 14.01293634   5.04949003   1.        ]
 [  5.04970459   6.01350545   1.        ]
 [  6.05691172   6.0499351    1.        ]
 [  7.06418811   6.00157418   1.        ]
 [  8.06940498   6.0435742    1.        ]
 [  9.00320819   6.0830786    1.        ]
 [ 10.05535038   6.08223097   1.        ]
 [ 11.0520088    6.00480975   1.        ]
 [ 12.05133348   6.02833931   1.        ]
 [ 13.07758501   6.04289617   1.        ]
 [ 14.0816657    6.07423576   1.        ]
 [  5.08385622   7.05131194   1.        ]
 [  6.04263114   7.082448     1.        ]
 [  7.08757671   7.00396554   1.        ]
 [  8.04710186   7.01302206   1.        ]
 [  9.01056203   7.01516259   1.        ]
 [ 10.05825881   7.04922785   1.        ]
 [ 11.00950497   7.01115186   1.        ]
 [ 12.02295225   7.08639848   1.        ]
 [ 13.01026494   7.01979931   1.        ]
 [ 14.01538549   7.08626919   1.        ]
 [  5.07522878   8.08901114   1.        ]
 [  6.00020956   8.00390494   1.        ]
 [  7.04149939   8.04967072   1.        ]
 [  8.07411677   8.05375723   1.        ]
 [  9.02130009   8.08557781   1.        ]
 [ 10.02829524   8.06481938   1.        ]
 [ 11.07686672   8.00714994   1.        ]
 [ 12.05564233   8.03831329   1.        ]
 [ 13.07372996   8.07509403   1.        ]
 [ 14.00817661   8.06156922   1.        ]
 [  5.02191588   9.09139989   1.        ]
 [  6.06972888   9.09745689   1.        ]
 [  7.01146931   9.02571922   1.        ]
 [  8.00487774   9.01474767   1.        ]
 [  9.06737154   9.03986879   1.        ]
 [ 10.06164731   9.09963902   1.        ]
 [ 11.01510686   9.08218782   1.        ]
 [ 12.04482312   9.0694824    1.        ]
 [ 13.07680477   9.03149369   1.        ]
 [ 14.00151231   9.03546545   1.        ]
 [  5.00914674  10.07278211   1.        ]
 [  6.02813871  10.03027909   1.        ]
 [  7.07960881  10.04388475   1.        ]
 [  8.08778199  10.03721265   1.        ]
 [  9.02929547  10.08265155   1.        ]
 [ 10.06542772  10.01932987   1.        ]
 [ 11.02575054  10.04425219   1.        ]
 [ 12.08157922  10.00591646   1.        ]
 [ 13.05511799  10.02384885   1.        ]
 [ 14.04025606  10.06276789   1.        ]
 [  5.09374274  11.09809921   1.        ]
 [  6.05640077  11.05615797   1.        ]
 [  7.01127894  11.08350665   1.        ]
 [  8.0643343   11.05341377   1.        ]
 [  9.010026    11.01295133   1.        ]
 [ 10.09572562  11.00678439   1.        ]
 [ 11.01254623  11.05561177   1.        ]
 [ 12.06593349  11.03811959   1.        ]
 [ 13.04199926  11.07242774   1.        ]
 [ 14.07243213  11.04060054   1.        ]
 [  5.0878373   12.01233677   1.        ]
 [  6.09141779  12.05172425   1.        ]
 [  7.04347702  12.07180037   1.        ]
 [  8.0538541   12.04382403   1.        ]
 [  9.03628317  12.07548319   1.        ]
 [ 10.00689187  12.03837044   1.        ]
 [ 11.08749947  12.0454637    1.        ]
 [ 12.09951135  12.09369475   1.        ]
 [ 13.0612298   12.0977551    1.        ]
 [ 14.04840162  12.04716597   1.        ]
 [  5.02239802  13.06490605   1.        ]
 [  6.01492172  13.01012645   1.        ]
 [  7.05228116  13.00120264   1.        ]
 [  8.08163607  13.01789914   1.        ]
 [  9.07946345  13.01880607   1.        ]
 [ 10.06651987  13.01120118   1.        ]
 [ 11.04215972  13.032963     1.        ]
 [ 12.01443702  13.09675324   1.        ]
 [ 13.07737398  13.0658492    1.        ]
 [ 14.07239798  13.07002754   1.        ]
 [  5.00743208  14.03537411   1.        ]
 [  6.08263482  14.08389314   1.        ]
 [  7.0747824   14.0203544    1.        ]
 [  8.06178816  14.02161358   1.        ]
 [  9.02802211  14.02503213   1.        ]
 [ 10.00953723  14.04532504   1.        ]
 [ 11.06583798  14.0252434    1.        ]
 [ 12.0764615   14.02552011   1.        ]
 [ 13.0442866   14.02306457   1.        ]
 [ 14.05674526  14.02307894   1.        ]]
Running basin hopping with paramerters:
PARAMETERS BEGIN

epsilon=4.700000
r0=1.100000
sigma=0.141421
PARAMETERS END


E: -1237.7205 accepted 1
E: -1267.0723 accepted 1
E: -1228.0733 accepted 0
E: -1267.2138 accepted 1
E: -1223.2035 accepted 0
E: -1267.1896 accepted 1
E: -1227.6387 accepted 0
E: -1253.5711 accepted 0
E: -1279.2303 accepted 1
E: -1269.2868 accepted 0
E: -1290.0002 accepted 1
E: -1252.1121 accepted 0
E: -1268.4294 accepted 0
E: -1295.7487 accepted 1
E: -1306.5961 accepted 1
E: -1313.4281 accepted 1
E: -1314.4013 accepted 1
E: -1329.3558 accepted 1
E: -1323.6853 accepted 0
E: -1302.8740 accepted 0
E: -1312.8747 accepted 0
E: -1307.3025 accepted 0
E: -1339.2794 accepted 1
E: -1335.1519 accepted 0
E: -1340.7709 accepted 1
E: -1310.1888 accepted 0
E: -1346.3093 accepted 1
E: -1361.7653 accepted 1
E: -1330.8897 accepted 0
E: -1327.3187 accepted 0
E: -1356.2874 accepted 0
E: -1355.7135 accepted 0
E: -1355.8081 accepted 0
E: -1341.7271 accepted 0
Runtime = 6887.491174


