[[  5.01367722   5.02291982   1.        ]
 [  6.09335485   5.00393926   1.        ]
 [  7.08781469   5.05079512   1.        ]
 [  8.086379     5.07722536   1.        ]
 [  9.01831611   5.0964918    1.        ]
 [ 10.09929493   5.07748156   1.        ]
 [ 11.02962821   5.02052299   1.        ]
 [ 12.08442999   5.09480493   1.        ]
 [ 13.05312833   5.00590329   1.        ]
 [ 14.09369701   5.09421403   1.        ]
 [  5.07342425   6.06330892   1.        ]
 [  6.09626503   6.00344428   1.        ]
 [  7.06213682   6.09950067   1.        ]
 [  8.04338805   6.03933524   1.        ]
 [  9.09696862   6.09572099   1.        ]
 [ 10.02487176   6.04089866   1.        ]
 [ 11.06384751   6.04544333   1.        ]
 [ 12.01112908   6.04649326   1.        ]
 [ 13.05862849   6.08225272   1.        ]
 [ 14.0369624    6.01182375   1.        ]
 [  5.06610266   7.06278812   1.        ]
 [  6.07811205   7.05280971   1.        ]
 [  7.03502236   7.05395663   1.        ]
 [  8.01054365   7.00155272   1.        ]
 [  9.01474228   7.05654679   1.        ]
 [ 10.0186006    7.04240447   1.        ]
 [ 11.07569531   7.05339293   1.        ]
 [ 12.09349536   7.08447451   1.        ]
 [ 13.00677692   7.02839848   1.        ]
 [ 14.00676113   7.08431841   1.        ]
 [  5.01698723   8.0844223    1.        ]
 [  6.08582998   8.05961361   1.        ]
 [  7.093796     8.07815327   1.        ]
 [  8.05588678   8.09142142   1.        ]
 [  9.04603681   8.06863467   1.        ]
 [ 10.09270624   8.06466202   1.        ]
 [ 11.01974513   8.09898058   1.        ]
 [ 12.0233749    8.01116614   1.        ]
 [ 13.04093594   8.07871301   1.        ]
 [ 14.02159522   8.09580642   1.        ]
 [  5.05790953   9.00803315   1.        ]
 [  6.03220736   9.09679142   1.        ]
 [  7.08943094   9.03960044   1.        ]
 [  8.09345886   9.06232755   1.        ]
 [  9.04776501   9.00269957   1.        ]
 [ 10.01286555   9.06902294   1.        ]
 [ 11.03826436   9.00166635   1.        ]
 [ 12.01809619   9.04461409   1.        ]
 [ 13.03909639   9.04859737   1.        ]
 [ 14.02326056   9.08315891   1.        ]
 [  5.06813439  10.06955442   1.        ]
 [  6.04690813  10.08234371   1.        ]
 [  7.04909973  10.07338166   1.        ]
 [  8.04631953  10.08534708   1.        ]
 [  9.0075647   10.07328732   1.        ]
 [ 10.01537259  10.08261819   1.        ]
 [ 11.08677757  10.04038868   1.        ]
 [ 12.04493899  10.04978009   1.        ]
 [ 13.05534859  10.00032386   1.        ]
 [ 14.03006363  10.09207205   1.        ]
 [  5.08360859  11.06570724   1.        ]
 [  6.0311684   11.09451896   1.        ]
 [  7.01519931  11.05623681   1.        ]
 [  8.03293134  11.04313521   1.        ]
 [  9.03072917  11.07841049   1.        ]
 [ 10.09018893  11.08577033   1.        ]
 [ 11.02384492  11.04559597   1.        ]
 [ 12.07848745  11.06151045   1.        ]
 [ 13.08362279  11.00826525   1.        ]
 [ 14.02511247  11.06754809   1.        ]
 [  5.04960219  12.02394387   1.        ]
 [  6.09445774  12.07773881   1.        ]
 [  7.0933382   12.09558846   1.        ]
 [  8.09058062  12.0850193    1.        ]
 [  9.06050193  12.03192428   1.        ]
 [ 10.03523422  12.0816587    1.        ]
 [ 11.07284841  12.06839346   1.        ]
 [ 12.00781555  12.02481109   1.        ]
 [ 13.00175671  12.03675832   1.        ]
 [ 14.0866495   12.00514629   1.        ]
 [  5.09937871  13.06067986   1.        ]
 [  6.01460758  13.05811635   1.        ]
 [  7.0305029   13.05779474   1.        ]
 [  8.00280119  13.00892189   1.        ]
 [  9.0820348   13.06836028   1.        ]
 [ 10.02414342  13.01008623   1.        ]
 [ 11.05147198  13.02690461   1.        ]
 [ 12.08638175  13.03392077   1.        ]
 [ 13.09116156  13.02033031   1.        ]
 [ 14.07280848  13.06053806   1.        ]
 [  5.09090211  14.03389378   1.        ]
 [  6.07129573  14.09473681   1.        ]
 [  7.09964838  14.05884758   1.        ]
 [  8.04267105  14.05250117   1.        ]
 [  9.05411231  14.03699162   1.        ]
 [ 10.0922374   14.01628892   1.        ]
 [ 11.06090655  14.02568163   1.        ]
 [ 12.09073644  14.01391692   1.        ]
 [ 13.00906093  14.04233983   1.        ]
 [ 14.06156885  14.00202554   1.        ]]
Running basin hopping with paramerters:
PARAMETERS BEGIN

epsilon=4.700000
r0=1.400000
sigma=0.141421
PARAMETERS END


E: -1004.9854 accepted 1
E: -999.3748 accepted 0
E: -999.6245 accepted 0
E: -1035.2138 accepted 1
E: -1086.4755 accepted 1
E: -1079.6132 accepted 0
E: -1087.3357 accepted 1
E: -1092.6063 accepted 1
E: -1078.5044 accepted 0
E: -1125.6395 accepted 1
E: -1124.5069 accepted 0
E: -1139.9692 accepted 1
E: -1148.4433 accepted 1
E: -1137.6396 accepted 0
E: -1134.2488 accepted 0
E: -1170.9064 accepted 1
E: -1179.4268 accepted 1
E: -1163.6221 accepted 0
E: -1119.5246 accepted 0
E: -1139.2379 accepted 0
E: -1191.8696 accepted 1
E: -1237.7102 accepted 1
E: -1246.0472 accepted 1
E: -1231.7750 accepted 0
E: -1223.7004 accepted 0
E: -1229.2502 accepted 0
E: -1246.0472 accepted 1
E: -1246.0472 accepted 1
E: -1225.4249 accepted 0
E: -1246.0472 accepted 1
E: -1246.0472 accepted 1
E: -1210.2666 accepted 0
E: -1214.7329 accepted 0
E: -1246.0472 accepted 1
E: -1225.3286 accepted 0
E: -1197.5481 accepted 0
Runtime = 8974.581700


