[[  5.0989691    5.03154526   1.        ]
 [  6.07112633   5.03473499   1.        ]
 [  7.06271203   5.039213     1.        ]
 [  8.07611215   5.05486618   1.        ]
 [  9.03492233   5.09717059   1.        ]
 [ 10.04412096   5.04701022   1.        ]
 [ 11.02447048   5.02771488   1.        ]
 [ 12.06458702   5.07059326   1.        ]
 [ 13.05533793   5.05714105   1.        ]
 [ 14.01019938   5.08088859   1.        ]
 [  5.09619416   6.05381691   1.        ]
 [  6.05082124   6.0107497    1.        ]
 [  7.00214415   6.06792681   1.        ]
 [  8.03419416   6.00388193   1.        ]
 [  9.09791846   6.04727319   1.        ]
 [ 10.06829025   6.00687159   1.        ]
 [ 11.02853129   6.09233668   1.        ]
 [ 12.09073      6.08702881   1.        ]
 [ 13.04664277   6.09235199   1.        ]
 [ 14.04265725   6.06480769   1.        ]
 [  5.01694817   7.03600392   1.        ]
 [  6.0126802    7.01935942   1.        ]
 [  7.08761296   7.00370416   1.        ]
 [  8.02694895   7.03576468   1.        ]
 [  9.0295785    7.08209678   1.        ]
 [ 10.07893701   7.02365564   1.        ]
 [ 11.09649938   7.09595999   1.        ]
 [ 12.0283299    7.00022489   1.        ]
 [ 13.03852306   7.0793292    1.        ]
 [ 14.06599685   7.02072578   1.        ]
 [  5.0646382    8.02356798   1.        ]
 [  6.0787346    8.08664749   1.        ]
 [  7.0704368    8.00619221   1.        ]
 [  8.04984873   8.07584943   1.        ]
 [  9.09567039   8.03783532   1.        ]
 [ 10.04181196   8.01603263   1.        ]
 [ 11.04785272   8.05200525   1.        ]
 [ 12.05287689   8.01581199   1.        ]
 [ 13.09584281   8.07676648   1.        ]
 [ 14.00974643   8.04316161   1.        ]
 [  5.09255937   9.09778861   1.        ]
 [  6.08980913   9.05286815   1.        ]
 [  7.01928202   9.01030853   1.        ]
 [  8.03622122   9.07309219   1.        ]
 [  9.09536755   9.05328911   1.        ]
 [ 10.00775735   9.00681216   1.        ]
 [ 11.07149763   9.0326179    1.        ]
 [ 12.04144457   9.05088927   1.        ]
 [ 13.0044443    9.03490402   1.        ]
 [ 14.01025095   9.05113669   1.        ]
 [  5.06898017  10.03817326   1.        ]
 [  6.07902522  10.05583618   1.        ]
 [  7.0292534   10.07312875   1.        ]
 [  8.05337224  10.01474045   1.        ]
 [  9.03438724  10.09480368   1.        ]
 [ 10.09637937  10.04070863   1.        ]
 [ 11.06745611  10.07965718   1.        ]
 [ 12.05310747  10.01141998   1.        ]
 [ 13.00447577  10.01672322   1.        ]
 [ 14.0090519   10.00142436   1.        ]
 [  5.05286402  11.01647068   1.        ]
 [  6.05937448  11.05877478   1.        ]
 [  7.00812012  11.01064551   1.        ]
 [  8.07048249  11.06750182   1.        ]
 [  9.09214394  11.08943613   1.        ]
 [ 10.03146774  11.00061082   1.        ]
 [ 11.01603294  11.05631633   1.        ]
 [ 12.07829004  11.05398686   1.        ]
 [ 13.02136371  11.09811522   1.        ]
 [ 14.06400451  11.0900308    1.        ]
 [  5.0899755   12.02597282   1.        ]
 [  6.04403968  12.0140135    1.        ]
 [  7.01687923  12.07490727   1.        ]
 [  8.02760471  12.05758696   1.        ]
 [  9.09743664  12.02891572   1.        ]
 [ 10.01280785  12.06183094   1.        ]
 [ 11.03696839  12.07120343   1.        ]
 [ 12.09934746  12.02835841   1.        ]
 [ 13.05041228  12.01207995   1.        ]
 [ 14.03983376  12.0700894    1.        ]
 [  5.09898534  13.03322563   1.        ]
 [  6.03971533  13.097372     1.        ]
 [  7.05353461  13.03644258   1.        ]
 [  8.04184713  13.0995994    1.        ]
 [  9.01955234  13.08954671   1.        ]
 [ 10.05174653  13.0654298    1.        ]
 [ 11.04872837  13.07068888   1.        ]
 [ 12.09658027  13.09477415   1.        ]
 [ 13.0532906   13.01070016   1.        ]
 [ 14.08499276  13.03212177   1.        ]
 [  5.0924514   14.08143929   1.        ]
 [  6.00314267  14.03596394   1.        ]
 [  7.00473201  14.00303827   1.        ]
 [  8.08336029  14.07313372   1.        ]
 [  9.05851185  14.05809917   1.        ]
 [ 10.09212421  14.06123678   1.        ]
 [ 11.06305225  14.00424835   1.        ]
 [ 12.0822936   14.05673945   1.        ]
 [ 13.03410235  14.08161811   1.        ]
 [ 14.04818845  14.01316404   1.        ]]
Running basin hopping with paramerters:
PARAMETERS BEGIN

epsilon=4.700000
r0=1.500000
sigma=0.141421
PARAMETERS END


E: -960.3193 accepted 1
E: -960.5398 accepted 1
E: -996.9148 accepted 1
E: -1002.9972 accepted 1
E: -990.2490 accepted 0
E: -1035.9995 accepted 1
E: -1042.2116 accepted 1
E: -1074.6195 accepted 1
E: -1061.9711 accepted 0
E: -1063.1475 accepted 0
E: -1107.8664 accepted 1
E: -1069.7412 accepted 0
E: -1130.1638 accepted 1
E: -1066.9325 accepted 0
E: -1133.6150 accepted 1
E: -1066.5763 accepted 0
E: -1098.5408 accepted 0
E: -1132.4857 accepted 0
E: -1106.6118 accepted 0
E: -1086.0690 accepted 0
E: -1112.6921 accepted 0
Runtime = 6007.116783


