[[  5.01300173   5.03438734   1.        ]
 [  6.02413501   5.07709417   1.        ]
 [  7.07305291   5.03128696   1.        ]
 [  8.04770377   5.0156731    1.        ]
 [  9.0898611    5.09037135   1.        ]
 [ 10.01507361   5.08019569   1.        ]
 [ 11.0150787    5.08168312   1.        ]
 [ 12.05625667   5.07494026   1.        ]
 [ 13.08342135   5.05605895   1.        ]
 [ 14.07959084   5.04936498   1.        ]
 [  5.08599238   6.05671251   1.        ]
 [  6.01725897   6.06016459   1.        ]
 [  7.00615956   6.00613543   1.        ]
 [  8.08585236   6.0293264    1.        ]
 [  9.01927643   6.06281015   1.        ]
 [ 10.06482931   6.04892136   1.        ]
 [ 11.01282237   6.02591897   1.        ]
 [ 12.00742943   6.09793442   1.        ]
 [ 13.03600062   6.04116248   1.        ]
 [ 14.06251064   6.06307645   1.        ]
 [  5.0557283    7.07262443   1.        ]
 [  6.09496409   7.08595759   1.        ]
 [  7.04481032   7.05881032   1.        ]
 [  8.01731921   7.05115847   1.        ]
 [  9.03695305   7.0443513    1.        ]
 [ 10.02570842   7.03631103   1.        ]
 [ 11.01143219   7.06430601   1.        ]
 [ 12.01751562   7.00041682   1.        ]
 [ 13.05635678   7.06467541   1.        ]
 [ 14.04959055   7.04057004   1.        ]
 [  5.07339072   8.0813488    1.        ]
 [  6.09142452   8.03167349   1.        ]
 [  7.04150735   8.0112552    1.        ]
 [  8.06903793   8.04940692   1.        ]
 [  9.00096759   8.05656568   1.        ]
 [ 10.0570434    8.01567964   1.        ]
 [ 11.00610411   8.01252174   1.        ]
 [ 12.04999472   8.0773018    1.        ]
 [ 13.05640041   8.08774328   1.        ]
 [ 14.06487925   8.07452855   1.        ]
 [  5.0378098    9.05357989   1.        ]
 [  6.05031344   9.06953379   1.        ]
 [  7.08083147   9.04098683   1.        ]
 [  8.02141877   9.00302485   1.        ]
 [  9.06197467   9.02810237   1.        ]
 [ 10.07562802   9.04972054   1.        ]
 [ 11.02961833   9.08295625   1.        ]
 [ 12.08998482   9.04516787   1.        ]
 [ 13.04205839   9.09263367   1.        ]
 [ 14.02191653   9.07632537   1.        ]
 [  5.03967145  10.07361758   1.        ]
 [  6.06651641  10.07527712   1.        ]
 [  7.00546765  10.03386397   1.        ]
 [  8.04634636  10.04417003   1.        ]
 [  9.09408897  10.02376708   1.        ]
 [ 10.04966598  10.09938771   1.        ]
 [ 11.08174865  10.08387071   1.        ]
 [ 12.05213094  10.04011971   1.        ]
 [ 13.01191388  10.0975086    1.        ]
 [ 14.03665674  10.00571581   1.        ]
 [  5.02034998  11.03903127   1.        ]
 [  6.05198008  11.04876395   1.        ]
 [  7.07500935  11.02273272   1.        ]
 [  8.06685693  11.03308062   1.        ]
 [  9.04421518  11.043519     1.        ]
 [ 10.0997881   11.08585478   1.        ]
 [ 11.01956449  11.01999904   1.        ]
 [ 12.07628216  11.06353152   1.        ]
 [ 13.07759872  11.02718907   1.        ]
 [ 14.09341959  11.0247634    1.        ]
 [  5.09822548  12.09992952   1.        ]
 [  6.04059771  12.06754635   1.        ]
 [  7.01311509  12.02818366   1.        ]
 [  8.02257157  12.04722471   1.        ]
 [  9.06880133  12.06110586   1.        ]
 [ 10.03734543  12.0952847    1.        ]
 [ 11.07758012  12.06458562   1.        ]
 [ 12.05207244  12.0475486    1.        ]
 [ 13.06887356  12.0458806    1.        ]
 [ 14.02898848  12.09067412   1.        ]
 [  5.05326998  13.02462254   1.        ]
 [  6.0984777   13.05442558   1.        ]
 [  7.09599627  13.08267986   1.        ]
 [  8.04235567  13.06351989   1.        ]
 [  9.00665365  13.05553438   1.        ]
 [ 10.01867851  13.0708989    1.        ]
 [ 11.00366034  13.03880685   1.        ]
 [ 12.06120486  13.09719184   1.        ]
 [ 13.07321203  13.03194843   1.        ]
 [ 14.09492385  13.01684962   1.        ]
 [  5.07021909  14.00856562   1.        ]
 [  6.0414321   14.07763573   1.        ]
 [  7.08825347  14.00120849   1.        ]
 [  8.09911175  14.0561158    1.        ]
 [  9.09058526  14.06054716   1.        ]
 [ 10.00904558  14.03617773   1.        ]
 [ 11.01406512  14.00001653   1.        ]
 [ 12.01243519  14.02296046   1.        ]
 [ 13.0542372   14.09535101   1.        ]
 [ 14.09023852  14.04316718   1.        ]]
Running basin hopping with paramerters:
PARAMETERS BEGIN

epsilon=4.700000
r0=1.520000
sigma=0.141421
PARAMETERS END


E: -949.1468 accepted 1
E: -972.4507 accepted 1
E: -997.9163 accepted 1
E: -1026.6587 accepted 1
E: -974.1633 accepted 0
E: -1002.7620 accepted 0
E: -1013.1336 accepted 0
E: -1012.0712 accepted 0
E: -974.1249 accepted 0
E: -1025.5402 accepted 0
Runtime = 4192.738433


