[[  5.04461057   5.08086077   1.        ]
 [  6.03494249   5.00220147   1.        ]
 [  7.03854232   5.07505014   1.        ]
 [  8.09920963   5.01569065   1.        ]
 [  9.09307469   5.01425155   1.        ]
 [ 10.01270167   5.04830009   1.        ]
 [ 11.03698437   5.08380077   1.        ]
 [ 12.01879968   5.03078018   1.        ]
 [ 13.03064057   5.09450018   1.        ]
 [ 14.09556166   5.03033796   1.        ]
 [  5.00622369   6.0931756    1.        ]
 [  6.08033853   6.03932567   1.        ]
 [  7.00057752   6.08748139   1.        ]
 [  8.05056909   6.08402152   1.        ]
 [  9.05173196   6.0180308    1.        ]
 [ 10.06939037   6.01630542   1.        ]
 [ 11.04626925   6.07622515   1.        ]
 [ 12.04897645   6.05087752   1.        ]
 [ 13.06509165   6.04971161   1.        ]
 [ 14.07944971   6.00878472   1.        ]
 [  5.08644549   7.01277799   1.        ]
 [  6.01129701   7.04957294   1.        ]
 [  7.08745057   7.07047733   1.        ]
 [  8.0621944    7.04009505   1.        ]
 [  9.03331223   7.00816684   1.        ]
 [ 10.03463926   7.02519113   1.        ]
 [ 11.08694808   7.03037353   1.        ]
 [ 12.06702206   7.0917882    1.        ]
 [ 13.08110669   7.08939343   1.        ]
 [ 14.02132456   7.00427367   1.        ]
 [  5.0427424    8.02295587   1.        ]
 [  6.04530182   8.04634294   1.        ]
 [  7.05047645   8.02148706   1.        ]
 [  8.08437733   8.05950972   1.        ]
 [  9.03854311   8.09018004   1.        ]
 [ 10.06018819   8.04392365   1.        ]
 [ 11.01227909   8.08799335   1.        ]
 [ 12.09420093   8.05594748   1.        ]
 [ 13.07712633   8.05865371   1.        ]
 [ 14.03812912   8.00575511   1.        ]
 [  5.01044761   9.09958687   1.        ]
 [  6.04589639   9.07467064   1.        ]
 [  7.07221091   9.0974891    1.        ]
 [  8.0298715    9.06918623   1.        ]
 [  9.00192661   9.0879772    1.        ]
 [ 10.0117707    9.07903333   1.        ]
 [ 11.0966182    9.00714777   1.        ]
 [ 12.09866835   9.03394815   1.        ]
 [ 13.04038283   9.00645175   1.        ]
 [ 14.03989931   9.03152226   1.        ]
 [  5.02567513  10.03384725   1.        ]
 [  6.0316023   10.05079553   1.        ]
 [  7.05843948  10.04679568   1.        ]
 [  8.05902114  10.0217581    1.        ]
 [  9.04831676  10.02286807   1.        ]
 [ 10.09205213  10.0514141    1.        ]
 [ 11.0116688   10.02171266   1.        ]
 [ 12.04544488  10.08495962   1.        ]
 [ 13.07670184  10.08336212   1.        ]
 [ 14.07413887  10.02406322   1.        ]
 [  5.02182466  11.08655512   1.        ]
 [  6.02772171  11.04583353   1.        ]
 [  7.03766428  11.08313678   1.        ]
 [  8.02507372  11.08010335   1.        ]
 [  9.02502263  11.04552718   1.        ]
 [ 10.03401995  11.0971344    1.        ]
 [ 11.09481061  11.04355483   1.        ]
 [ 12.0514866   11.00358463   1.        ]
 [ 13.08295797  11.00369596   1.        ]
 [ 14.06227484  11.00618661   1.        ]
 [  5.05788189  12.04395173   1.        ]
 [  6.06226307  12.08102704   1.        ]
 [  7.0113537   12.07647033   1.        ]
 [  8.07906904  12.00049363   1.        ]
 [  9.02594856  12.02023611   1.        ]
 [ 10.0761987   12.03254378   1.        ]
 [ 11.03410634  12.09761861   1.        ]
 [ 12.00436373  12.01673069   1.        ]
 [ 13.09232551  12.03141884   1.        ]
 [ 14.05940113  12.06461955   1.        ]
 [  5.04113628  13.05508314   1.        ]
 [  6.08435554  13.01587399   1.        ]
 [  7.09595532  13.06865056   1.        ]
 [  8.01332305  13.06289538   1.        ]
 [  9.03379249  13.0772682    1.        ]
 [ 10.05879359  13.08796027   1.        ]
 [ 11.02025836  13.04378616   1.        ]
 [ 12.06301872  13.06463348   1.        ]
 [ 13.07334975  13.04784147   1.        ]
 [ 14.06435297  13.06835608   1.        ]
 [  5.04121706  14.02039625   1.        ]
 [  6.06026489  14.08946301   1.        ]
 [  7.01097708  14.06711712   1.        ]
 [  8.02745985  14.04103064   1.        ]
 [  9.06825304  14.07576544   1.        ]
 [ 10.02779943  14.02713852   1.        ]
 [ 11.07719103  14.02296944   1.        ]
 [ 12.08617545  14.01451177   1.        ]
 [ 13.05198598  14.05751879   1.        ]
 [ 14.07354267  14.00111348   1.        ]]
Running basin hopping with paramerters:
PARAMETERS BEGIN

epsilon=4.700000
r0=1.560000
sigma=0.141421
PARAMETERS END


E: -1003.4086 accepted 1
E: -1030.7676 accepted 1
E: -1051.1636 accepted 1
E: -1053.3469 accepted 1
E: -1075.3421 accepted 1
E: -1051.1887 accepted 0
E: -1139.4340 accepted 1
E: -1130.8200 accepted 0
E: -1124.8554 accepted 0
E: -1144.1447 accepted 1
E: -1157.3669 accepted 1
E: -1139.6961 accepted 0
E: -1134.6576 accepted 0
E: -1129.0370 accepted 0
E: -1133.9925 accepted 0
E: -1097.3153 accepted 0
E: -1128.8890 accepted 0
Runtime = 6635.226379


