[[  5.00131166   5.00671284   1.        ]
 [  6.02242573   5.0792532    1.        ]
 [  7.05217205   5.00369961   1.        ]
 [  8.03292662   5.09135412   1.        ]
 [  9.08143356   5.03277465   1.        ]
 [ 10.08678707   5.05210717   1.        ]
 [ 11.07956191   5.02267702   1.        ]
 [ 12.04547942   5.06721055   1.        ]
 [ 13.01355809   5.00524543   1.        ]
 [ 14.01970353   5.03640101   1.        ]
 [  5.05444211   6.02965355   1.        ]
 [  6.07885813   6.01620537   1.        ]
 [  7.02904222   6.08042321   1.        ]
 [  8.0080182    6.07816841   1.        ]
 [  9.01626077   6.00101833   1.        ]
 [ 10.04771476   6.00669252   1.        ]
 [ 11.03124606   6.01593226   1.        ]
 [ 12.05022024   6.06970492   1.        ]
 [ 13.06779424   6.0412954    1.        ]
 [ 14.09400226   6.02770195   1.        ]
 [  5.01301431   7.04110822   1.        ]
 [  6.01905238   7.00631124   1.        ]
 [  7.05546908   7.01306271   1.        ]
 [  8.09009985   7.07146309   1.        ]
 [  9.01164953   7.03119142   1.        ]
 [ 10.07045881   7.0048563    1.        ]
 [ 11.0715014    7.08918289   1.        ]
 [ 12.06801542   7.02386812   1.        ]
 [ 13.02390838   7.09551086   1.        ]
 [ 14.08300152   7.02464859   1.        ]
 [  5.06981967   8.03756026   1.        ]
 [  6.01254173   8.07419551   1.        ]
 [  7.0932825    8.06839457   1.        ]
 [  8.08883969   8.0318303    1.        ]
 [  9.0452539    8.05281501   1.        ]
 [ 10.06582633   8.08942826   1.        ]
 [ 11.03199231   8.04460959   1.        ]
 [ 12.01094077   8.02056865   1.        ]
 [ 13.04801381   8.01585818   1.        ]
 [ 14.06136784   8.06695074   1.        ]
 [  5.04514708   9.01794639   1.        ]
 [  6.06270509   9.08257065   1.        ]
 [  7.05140949   9.00068248   1.        ]
 [  8.02019721   9.07668312   1.        ]
 [  9.04495147   9.03672148   1.        ]
 [ 10.06506386   9.00645685   1.        ]
 [ 11.0995478    9.00252034   1.        ]
 [ 12.07465255   9.02013175   1.        ]
 [ 13.02004779   9.0467707    1.        ]
 [ 14.06229543   9.01468644   1.        ]
 [  5.04836605  10.02820533   1.        ]
 [  6.08018924  10.02377806   1.        ]
 [  7.08980005  10.00739492   1.        ]
 [  8.01814919  10.00840362   1.        ]
 [  9.08915061  10.00897627   1.        ]
 [ 10.07984926  10.001474     1.        ]
 [ 11.06820064  10.08749928   1.        ]
 [ 12.08569185  10.02715983   1.        ]
 [ 13.05079269  10.03867245   1.        ]
 [ 14.04835609  10.09527572   1.        ]
 [  5.093255    11.07646154   1.        ]
 [  6.00833713  11.00983628   1.        ]
 [  7.07002227  11.09088758   1.        ]
 [  8.04072452  11.00145759   1.        ]
 [  9.08858857  11.08573917   1.        ]
 [ 10.04834225  11.04993367   1.        ]
 [ 11.0174784   11.05635124   1.        ]
 [ 12.01345138  11.03733748   1.        ]
 [ 13.02234301  11.05689819   1.        ]
 [ 14.0380901   11.0745857    1.        ]
 [  5.03158362  12.05750417   1.        ]
 [  6.05234777  12.02295355   1.        ]
 [  7.05329842  12.04906152   1.        ]
 [  8.04151294  12.03226513   1.        ]
 [  9.08498578  12.08812876   1.        ]
 [ 10.06836013  12.06795848   1.        ]
 [ 11.08653657  12.01116077   1.        ]
 [ 12.08047033  12.04927004   1.        ]
 [ 13.09599345  12.01762075   1.        ]
 [ 14.00795172  12.06841362   1.        ]
 [  5.08108155  13.04599785   1.        ]
 [  6.08003904  13.02741145   1.        ]
 [  7.05854406  13.06680668   1.        ]
 [  8.06072491  13.09290908   1.        ]
 [  9.06476676  13.03012751   1.        ]
 [ 10.0775165   13.08031914   1.        ]
 [ 11.06180066  13.01347321   1.        ]
 [ 12.07111177  13.02450014   1.        ]
 [ 13.08213367  13.02717994   1.        ]
 [ 14.02910502  13.05955316   1.        ]
 [  5.06790364  14.06328846   1.        ]
 [  6.09716886  14.05534038   1.        ]
 [  7.03026243  14.04909369   1.        ]
 [  8.05489929  14.06765075   1.        ]
 [  9.0856079   14.0822584    1.        ]
 [ 10.08858649  14.02496117   1.        ]
 [ 11.08346799  14.07064654   1.        ]
 [ 12.00390013  14.03387081   1.        ]
 [ 13.04746529  14.09814829   1.        ]
 [ 14.09739759  14.02783475   1.        ]]
Running basin hopping with paramerters:
PARAMETERS BEGIN

epsilon=4.700000
r0=1.660000
sigma=0.141421
PARAMETERS END


E: -1005.4028 accepted 1
E: -1039.3229 accepted 1
E: -1122.9169 accepted 1
E: -1127.0143 accepted 1
E: -1161.4702 accepted 1
E: -1201.3823 accepted 1
E: -1237.5330 accepted 1
E: -1188.1908 accepted 0
E: -1246.3063 accepted 1
E: -1345.8029 accepted 1
E: -1277.3726 accepted 0
E: -1348.3911 accepted 1
E: -1326.4432 accepted 0
E: -1325.4150 accepted 0
E: -1301.2445 accepted 0
E: -1334.6131 accepted 0
E: -1250.7084 accepted 0
E: -1342.9436 accepted 0
Runtime = 6232.933163


