[[  5.04899689   5.04860362   1.        ]
 [  6.02340708   5.0111776    1.        ]
 [  7.04417522   5.06150909   1.        ]
 [  8.08047334   5.00560434   1.        ]
 [  9.01902478   5.00893647   1.        ]
 [ 10.07208931   5.03205765   1.        ]
 [ 11.01109325   5.09529498   1.        ]
 [ 12.06584188   5.05461808   1.        ]
 [ 13.07703731   5.07736334   1.        ]
 [ 14.0621806    5.05837337   1.        ]
 [  5.08801443   6.05363955   1.        ]
 [  6.07839508   6.09247015   1.        ]
 [  7.08296233   6.00053521   1.        ]
 [  8.01901872   6.01630666   1.        ]
 [  9.07129191   6.09618152   1.        ]
 [ 10.08577825   6.03357606   1.        ]
 [ 11.02119812   6.03036751   1.        ]
 [ 12.00837255   6.07481888   1.        ]
 [ 13.06805565   6.00835112   1.        ]
 [ 14.06043065   6.06208892   1.        ]
 [  5.02613393   7.04688038   1.        ]
 [  6.0961019    7.02468963   1.        ]
 [  7.07854404   7.08276345   1.        ]
 [  8.02763344   7.05889443   1.        ]
 [  9.01557341   7.00997276   1.        ]
 [ 10.00695904   7.08873883   1.        ]
 [ 11.01346637   7.07578953   1.        ]
 [ 12.02548019   7.02075707   1.        ]
 [ 13.09254014   7.01180418   1.        ]
 [ 14.09244239   7.06946685   1.        ]
 [  5.08711118   8.00154966   1.        ]
 [  6.02280382   8.03880011   1.        ]
 [  7.02451032   8.01648927   1.        ]
 [  8.08538874   8.02073194   1.        ]
 [  9.03849699   8.03718898   1.        ]
 [ 10.04040472   8.0280968    1.        ]
 [ 11.03808861   8.07765428   1.        ]
 [ 12.05537542   8.08266932   1.        ]
 [ 13.05036059   8.01706778   1.        ]
 [ 14.06612387   8.0378386    1.        ]
 [  5.09232032   9.0696674    1.        ]
 [  6.00956032   9.03167222   1.        ]
 [  7.00656215   9.02823546   1.        ]
 [  8.09883024   9.03240825   1.        ]
 [  9.03038626   9.049491     1.        ]
 [ 10.03441906   9.02006774   1.        ]
 [ 11.0219071    9.02696329   1.        ]
 [ 12.01520255   9.09613088   1.        ]
 [ 13.00395291   9.08370399   1.        ]
 [ 14.00909531   9.06711491   1.        ]
 [  5.08068419  10.02278533   1.        ]
 [  6.07381712  10.04518234   1.        ]
 [  7.05557309  10.04891992   1.        ]
 [  8.06615962  10.030043     1.        ]
 [  9.01673912  10.07199111   1.        ]
 [ 10.03441696  10.02737151   1.        ]
 [ 11.0556373   10.00627273   1.        ]
 [ 12.07046596  10.07391809   1.        ]
 [ 13.01898823  10.02130754   1.        ]
 [ 14.03897968  10.0117987    1.        ]
 [  5.08576948  11.09984212   1.        ]
 [  6.07982201  11.01268832   1.        ]
 [  7.09209715  11.09720997   1.        ]
 [  8.06131471  11.05268247   1.        ]
 [  9.00986497  11.05083581   1.        ]
 [ 10.09706867  11.03854431   1.        ]
 [ 11.0918993   11.06743674   1.        ]
 [ 12.03454947  11.01070663   1.        ]
 [ 13.0617431   11.02767079   1.        ]
 [ 14.05615911  11.04215993   1.        ]
 [  5.01517203  12.08616108   1.        ]
 [  6.09750016  12.04262539   1.        ]
 [  7.02837469  12.00028506   1.        ]
 [  8.01788009  12.08178672   1.        ]
 [  9.0100217   12.02011818   1.        ]
 [ 10.04907512  12.01893489   1.        ]
 [ 11.0065581   12.09831076   1.        ]
 [ 12.05406437  12.05733736   1.        ]
 [ 13.02489728  12.01262774   1.        ]
 [ 14.07230706  12.0452485    1.        ]
 [  5.04163646  13.03409506   1.        ]
 [  6.04140128  13.00698613   1.        ]
 [  7.02629982  13.04424987   1.        ]
 [  8.06449111  13.03017742   1.        ]
 [  9.09879571  13.06732304   1.        ]
 [ 10.06975356  13.06681146   1.        ]
 [ 11.00139134  13.06723372   1.        ]
 [ 12.01030263  13.02045814   1.        ]
 [ 13.05413041  13.08048232   1.        ]
 [ 14.08833988  13.08102872   1.        ]
 [  5.0553349   14.03377365   1.        ]
 [  6.00458474  14.03820259   1.        ]
 [  7.02986206  14.00314844   1.        ]
 [  8.06485261  14.00932393   1.        ]
 [  9.00214563  14.01022257   1.        ]
 [ 10.01859762  14.01289357   1.        ]
 [ 11.03421801  14.08822163   1.        ]
 [ 12.00363694  14.03389366   1.        ]
 [ 13.06192829  14.00579998   1.        ]
 [ 14.04259377  14.0164638    1.        ]]
Running basin hopping with paramerters:
PARAMETERS BEGIN

epsilon=1.000000
r0=1.520000
sigma=0.141421
PARAMETERS END


E: -368.1201 accepted 1
E: -367.6716 accepted 0
E: -387.4078 accepted 1
E: -370.8831 accepted 0
E: -385.7419 accepted 0
E: -400.0967 accepted 1
E: -387.2204 accepted 0
E: -380.6069 accepted 0
E: -385.0225 accepted 0
E: -385.6499 accepted 0
E: -401.7203 accepted 1
E: -387.1274 accepted 0
E: 4292637484.0478 accepted 0
E: -378.7963 accepted 0
E: -382.7922 accepted 0
E: -399.9658 accepted 1
E: -383.0258 accepted 0
Runtime = 3442.831091


