[[  5.04550922   5.04165755   1.        ]
 [  6.07275208   5.08100196   1.        ]
 [  7.05866548   5.08331731   1.        ]
 [  8.03221108   5.03523256   1.        ]
 [  9.04257053   5.02860204   1.        ]
 [ 10.07324711   5.04080126   1.        ]
 [ 11.05143078   5.04227471   1.        ]
 [ 12.06305067   5.09965785   1.        ]
 [ 13.04173551   5.05360977   1.        ]
 [ 14.03549863   5.06290628   1.        ]
 [  5.07632696   6.03328964   1.        ]
 [  6.06491044   6.09968624   1.        ]
 [  7.05588342   6.02279529   1.        ]
 [  8.05513685   6.06445661   1.        ]
 [  9.06565554   6.06328271   1.        ]
 [ 10.03035953   6.04401694   1.        ]
 [ 11.01898748   6.04189632   1.        ]
 [ 12.03011944   6.06010363   1.        ]
 [ 13.02862868   6.04976367   1.        ]
 [ 14.01482212   6.09876858   1.        ]
 [  5.01105981   7.03203241   1.        ]
 [  6.07123124   7.09456318   1.        ]
 [  7.04885971   7.09711223   1.        ]
 [  8.03953418   7.02296223   1.        ]
 [  9.0686441    7.0651275    1.        ]
 [ 10.03359048   7.08824037   1.        ]
 [ 11.01925768   7.00703678   1.        ]
 [ 12.09037314   7.09153985   1.        ]
 [ 13.01562172   7.09210969   1.        ]
 [ 14.06373452   7.00589584   1.        ]
 [  5.01112229   8.03500794   1.        ]
 [  6.07818416   8.08319331   1.        ]
 [  7.01610086   8.03253527   1.        ]
 [  8.00881812   8.09522569   1.        ]
 [  9.0385044    8.06934902   1.        ]
 [ 10.01082976   8.0904772    1.        ]
 [ 11.0866492    8.09266206   1.        ]
 [ 12.00670607   8.07852227   1.        ]
 [ 13.06203576   8.04077528   1.        ]
 [ 14.02532838   8.03544562   1.        ]
 [  5.02411699   9.08572706   1.        ]
 [  6.07281788   9.04010547   1.        ]
 [  7.01271044   9.07530842   1.        ]
 [  8.02325383   9.07004952   1.        ]
 [  9.03902037   9.09002095   1.        ]
 [ 10.01259788   9.07254825   1.        ]
 [ 11.02442466   9.09151727   1.        ]
 [ 12.02418658   9.05196376   1.        ]
 [ 13.05602897   9.07188146   1.        ]
 [ 14.0356955    9.09378254   1.        ]
 [  5.00299921  10.01106364   1.        ]
 [  6.05515718  10.09178381   1.        ]
 [  7.07757435  10.08636884   1.        ]
 [  8.08960204  10.04104837   1.        ]
 [  9.06574737  10.05119989   1.        ]
 [ 10.0091201   10.07457344   1.        ]
 [ 11.04315831  10.05080884   1.        ]
 [ 12.03063739  10.05177255   1.        ]
 [ 13.07136028  10.09843011   1.        ]
 [ 14.00909036  10.07586686   1.        ]
 [  5.07352033  11.06011583   1.        ]
 [  6.05763366  11.09766768   1.        ]
 [  7.01946775  11.03031949   1.        ]
 [  8.09969955  11.08963646   1.        ]
 [  9.02687974  11.00250725   1.        ]
 [ 10.01019119  11.05665887   1.        ]
 [ 11.0307541   11.05409253   1.        ]
 [ 12.09259483  11.03492699   1.        ]
 [ 13.01425618  11.06448816   1.        ]
 [ 14.02252106  11.09369657   1.        ]
 [  5.02213899  12.05217802   1.        ]
 [  6.0330363   12.01714765   1.        ]
 [  7.07653993  12.09124271   1.        ]
 [  8.05606645  12.0829928    1.        ]
 [  9.03002766  12.03138549   1.        ]
 [ 10.01411062  12.02475026   1.        ]
 [ 11.04046743  12.09029321   1.        ]
 [ 12.00749493  12.07773976   1.        ]
 [ 13.01587673  12.07899563   1.        ]
 [ 14.08233097  12.03393458   1.        ]
 [  5.02561342  13.02266354   1.        ]
 [  6.07759614  13.08552261   1.        ]
 [  7.01754275  13.05009065   1.        ]
 [  8.09580916  13.09337923   1.        ]
 [  9.02404268  13.00292721   1.        ]
 [ 10.08392157  13.01813303   1.        ]
 [ 11.0935201   13.09099993   1.        ]
 [ 12.04698002  13.09881206   1.        ]
 [ 13.03213311  13.05488676   1.        ]
 [ 14.0582169   13.00253926   1.        ]
 [  5.0790435   14.04009851   1.        ]
 [  6.04872251  14.03450769   1.        ]
 [  7.09304363  14.07279921   1.        ]
 [  8.0316716   14.09993492   1.        ]
 [  9.02149085  14.08523791   1.        ]
 [ 10.00575096  14.08368351   1.        ]
 [ 11.023122    14.09078119   1.        ]
 [ 12.02250036  14.07757043   1.        ]
 [ 13.0681829   14.09994235   1.        ]
 [ 14.0115792   14.04272994   1.        ]]
Running basin hopping with paramerters:
PARAMETERS BEGIN

epsilon=4.700000
r0=1.900000
sigma=0.141421
PARAMETERS END


E: -1135.5397 accepted 1
E: -1177.0410 accepted 1
E: -1237.6059 accepted 1
E: -1299.2368 accepted 1
E: -1309.2395 accepted 1
E: -1403.6925 accepted 1
E: -1422.9906 accepted 1
E: -1572.8050 accepted 1
E: -1592.6752 accepted 1
E: -1583.2923 accepted 0
E: -1565.0693 accepted 0
E: -1642.7775 accepted 1
E: -1622.3741 accepted 0
E: -1626.5109 accepted 0
E: -1592.4639 accepted 0
E: -1598.8167 accepted 0
E: -1621.9049 accepted 0
E: -1635.2514 accepted 0
Runtime = 4627.093246


