[[  5.03714616   5.01079246   1.        ]
 [  6.07593148   5.06263693   1.        ]
 [  7.02750944   5.02817772   1.        ]
 [  8.00340005   5.01673706   1.        ]
 [  9.06359072   5.07286814   1.        ]
 [ 10.04970602   5.0008271    1.        ]
 [ 11.07171435   5.02983255   1.        ]
 [ 12.09259151   5.07109358   1.        ]
 [ 13.01337373   5.02167388   1.        ]
 [ 14.02161986   5.05785577   1.        ]
 [  5.09869222   6.0312023    1.        ]
 [  6.01083789   6.02711267   1.        ]
 [  7.08342474   6.09373785   1.        ]
 [  8.06157363   6.0912613    1.        ]
 [  9.05601769   6.04189602   1.        ]
 [ 10.06751741   6.09860278   1.        ]
 [ 11.03968621   6.04475098   1.        ]
 [ 12.08592061   6.05697099   1.        ]
 [ 13.02577985   6.05855729   1.        ]
 [ 14.02909385   6.05220554   1.        ]
 [  5.0960081    7.09429795   1.        ]
 [  6.0294559    7.07266041   1.        ]
 [  7.06350737   7.03338988   1.        ]
 [  8.05133083   7.05915568   1.        ]
 [  9.08859507   7.07375477   1.        ]
 [ 10.04059902   7.06499803   1.        ]
 [ 11.05987562   7.05968927   1.        ]
 [ 12.07273884   7.06685101   1.        ]
 [ 13.02818309   7.09831261   1.        ]
 [ 14.04781154   7.09413172   1.        ]
 [  5.04926626   8.04124817   1.        ]
 [  6.04685001   8.07674184   1.        ]
 [  7.04672844   8.02135057   1.        ]
 [  8.09389701   8.08973841   1.        ]
 [  9.000789     8.03003508   1.        ]
 [ 10.07436346   8.09079971   1.        ]
 [ 11.03215383   8.00687826   1.        ]
 [ 12.07220552   8.09743766   1.        ]
 [ 13.02441348   8.0512037    1.        ]
 [ 14.08464154   8.09685897   1.        ]
 [  5.06955136   9.08202189   1.        ]
 [  6.0676086    9.02387162   1.        ]
 [  7.02761222   9.06972784   1.        ]
 [  8.08119564   9.02890654   1.        ]
 [  9.05229057   9.03371682   1.        ]
 [ 10.02283168   9.06667399   1.        ]
 [ 11.08825254   9.05546314   1.        ]
 [ 12.03077959   9.03116721   1.        ]
 [ 13.02385315   9.00398156   1.        ]
 [ 14.09121127   9.01851563   1.        ]
 [  5.0688193   10.03140963   1.        ]
 [  6.09505316  10.09764539   1.        ]
 [  7.01583176  10.07790858   1.        ]
 [  8.02620555  10.01192988   1.        ]
 [  9.08482809  10.0226173    1.        ]
 [ 10.07220715  10.02322788   1.        ]
 [ 11.03920106  10.08494988   1.        ]
 [ 12.01517307  10.02729689   1.        ]
 [ 13.05334224  10.07248903   1.        ]
 [ 14.04245093  10.05751429   1.        ]
 [  5.02991148  11.06955836   1.        ]
 [  6.05907895  11.07358091   1.        ]
 [  7.06534637  11.0640939    1.        ]
 [  8.01841865  11.02287821   1.        ]
 [  9.06227542  11.09932397   1.        ]
 [ 10.07717714  11.03729759   1.        ]
 [ 11.06230062  11.06615839   1.        ]
 [ 12.09059987  11.07827674   1.        ]
 [ 13.09158872  11.0017599    1.        ]
 [ 14.07188525  11.00090195   1.        ]
 [  5.00880118  12.01846096   1.        ]
 [  6.03489395  12.00435745   1.        ]
 [  7.08616474  12.03502117   1.        ]
 [  8.08122253  12.05681624   1.        ]
 [  9.08821473  12.08996501   1.        ]
 [ 10.0175319   12.02302053   1.        ]
 [ 11.013161    12.04308362   1.        ]
 [ 12.01572614  12.0656567    1.        ]
 [ 13.08802824  12.03025551   1.        ]
 [ 14.00110014  12.07336689   1.        ]
 [  5.06768998  13.00931679   1.        ]
 [  6.02593376  13.09348888   1.        ]
 [  7.07869606  13.00441201   1.        ]
 [  8.07789326  13.06524082   1.        ]
 [  9.0290622   13.04847011   1.        ]
 [ 10.01583521  13.09343134   1.        ]
 [ 11.06521025  13.07169292   1.        ]
 [ 12.07803     13.08126522   1.        ]
 [ 13.08628174  13.0551623    1.        ]
 [ 14.08406627  13.05371842   1.        ]
 [  5.04233181  14.02347373   1.        ]
 [  6.05814309  14.04801119   1.        ]
 [  7.08206398  14.01239104   1.        ]
 [  8.03010441  14.07818982   1.        ]
 [  9.05700113  14.05368618   1.        ]
 [ 10.07073268  14.02482296   1.        ]
 [ 11.07512706  14.06512493   1.        ]
 [ 12.04096565  14.02669048   1.        ]
 [ 13.02898481  14.00226771   1.        ]
 [ 14.00164147  14.09891948   1.        ]]
Running basin hopping with paramerters:
PARAMETERS BEGIN

epsilon=4.700000
r0=2.060000
sigma=0.141421
PARAMETERS END


E: -1113.8383 accepted 1
E: -1093.0720 accepted 0
E: -1151.2051 accepted 1
E: -1150.7731 accepted 1
E: -1182.0782 accepted 1
E: -1180.2477 accepted 0
E: -1204.7984 accepted 1
E: -1218.5034 accepted 1
E: -1224.8133 accepted 1
E: -1288.4978 accepted 1
E: -1284.8980 accepted 0
E: -1339.2673 accepted 1
E: -1314.4972 accepted 0
E: -1375.6990 accepted 1
E: -1377.9659 accepted 1
E: -1360.8889 accepted 0
E: -1409.7166 accepted 1
E: -1468.9686 accepted 1
E: -1454.3893 accepted 0
E: -1434.5383 accepted 0
E: -1406.1362 accepted 0
E: -1408.5478 accepted 0
E: -1433.7031 accepted 0
E: -1442.9351 accepted 0
Runtime = 5642.182113


