[[  5.07802157   5.08406562   1.        ]
 [  6.08769795   5.02204677   1.        ]
 [  7.05592313   5.09212207   1.        ]
 [  8.00535978   5.05245299   1.        ]
 [  9.03146937   5.01436612   1.        ]
 [ 10.09350162   5.09318723   1.        ]
 [ 11.076712     5.09311137   1.        ]
 [ 12.069403     5.02627019   1.        ]
 [ 13.05089852   5.09875223   1.        ]
 [ 14.04056337   5.08789918   1.        ]
 [  5.02988769   6.09909575   1.        ]
 [  6.04480521   6.06055652   1.        ]
 [  7.00370281   6.06910599   1.        ]
 [  8.02955599   6.07739947   1.        ]
 [  9.08203898   6.03958754   1.        ]
 [ 10.05356841   6.00131083   1.        ]
 [ 11.07645921   6.08936377   1.        ]
 [ 12.00496887   6.04616152   1.        ]
 [ 13.07046742   6.08737608   1.        ]
 [ 14.03332767   6.09984063   1.        ]
 [  5.09611476   7.09232811   1.        ]
 [  6.05475651   7.06415487   1.        ]
 [  7.05747083   7.01586557   1.        ]
 [  8.03206427   7.00137331   1.        ]
 [  9.02925624   7.01035387   1.        ]
 [ 10.02899293   7.0268944    1.        ]
 [ 11.06121319   7.0637961    1.        ]
 [ 12.06601334   7.00042837   1.        ]
 [ 13.04650557   7.04413026   1.        ]
 [ 14.01709773   7.0430614    1.        ]
 [  5.02754242   8.06790433   1.        ]
 [  6.07070768   8.05329215   1.        ]
 [  7.08247796   8.07762426   1.        ]
 [  8.09902128   8.03897486   1.        ]
 [  9.05619165   8.03456272   1.        ]
 [ 10.09448401   8.07229412   1.        ]
 [ 11.08067157   8.04772598   1.        ]
 [ 12.00105471   8.037573     1.        ]
 [ 13.08561559   8.09912665   1.        ]
 [ 14.03330174   8.00825644   1.        ]
 [  5.00030138   9.07344047   1.        ]
 [  6.07672441   9.03665513   1.        ]
 [  7.0402645    9.03756782   1.        ]
 [  8.05568579   9.09187055   1.        ]
 [  9.07070676   9.04245373   1.        ]
 [ 10.07884888   9.02954475   1.        ]
 [ 11.05968536   9.03104516   1.        ]
 [ 12.00759419   9.04575073   1.        ]
 [ 13.01019105   9.0526385    1.        ]
 [ 14.04947479   9.0388491    1.        ]
 [  5.09970724  10.0312616    1.        ]
 [  6.04134169  10.06929906   1.        ]
 [  7.03193585  10.05266896   1.        ]
 [  8.01290227  10.01824281   1.        ]
 [  9.00907337  10.0537883    1.        ]
 [ 10.01311371  10.0328458    1.        ]
 [ 11.01860263  10.03184976   1.        ]
 [ 12.0674168   10.0660084    1.        ]
 [ 13.09798559  10.04353561   1.        ]
 [ 14.05941329  10.02308476   1.        ]
 [  5.09843919  11.08994348   1.        ]
 [  6.08926258  11.0630329    1.        ]
 [  7.08658505  11.07610087   1.        ]
 [  8.06998457  11.03258248   1.        ]
 [  9.00100083  11.00050822   1.        ]
 [ 10.05919302  11.09626051   1.        ]
 [ 11.07477799  11.07590239   1.        ]
 [ 12.07677399  11.02983383   1.        ]
 [ 13.03445079  11.02264085   1.        ]
 [ 14.09656616  11.08936358   1.        ]
 [  5.06483005  12.0929407    1.        ]
 [  6.08739518  12.07936633   1.        ]
 [  7.06763306  12.06469623   1.        ]
 [  8.03266902  12.08943162   1.        ]
 [  9.08012017  12.03864692   1.        ]
 [ 10.08815019  12.04183569   1.        ]
 [ 11.03820077  12.0347814    1.        ]
 [ 12.08335698  12.06798185   1.        ]
 [ 13.00759085  12.03936195   1.        ]
 [ 14.09618053  12.01906703   1.        ]
 [  5.0988851   13.08813141   1.        ]
 [  6.07630807  13.06540321   1.        ]
 [  7.01344017  13.0305931    1.        ]
 [  8.05641628  13.08326054   1.        ]
 [  9.07955206  13.02053894   1.        ]
 [ 10.00197853  13.01634455   1.        ]
 [ 11.05744359  13.08577118   1.        ]
 [ 12.01942186  13.08878875   1.        ]
 [ 13.06405829  13.00899027   1.        ]
 [ 14.09195362  13.02849528   1.        ]
 [  5.00480377  14.02180261   1.        ]
 [  6.06781813  14.08302561   1.        ]
 [  7.04994416  14.03727197   1.        ]
 [  8.06127016  14.03242186   1.        ]
 [  9.07059815  14.08621238   1.        ]
 [ 10.08038247  14.09071333   1.        ]
 [ 11.09626046  14.0986461    1.        ]
 [ 12.03856645  14.03021245   1.        ]
 [ 13.06518076  14.03698675   1.        ]
 [ 14.08745053  14.03136323   1.        ]]
Running basin hopping with paramerters:
PARAMETERS BEGIN

epsilon=1.000000
r0=1.560000
sigma=0.141421
PARAMETERS END


E: -351.6518 accepted 1
E: -376.6382 accepted 1
E: 34107253720269.6445 accepted 0
E: -405.7462 accepted 1
E: -405.4864 accepted 0
E: -386.7313 accepted 0
E: -409.4394 accepted 1
E: -405.9547 accepted 0
E: -423.2096 accepted 1
E: -418.9604 accepted 0
E: -414.5437 accepted 0
E: -415.6001 accepted 0
E: -416.4287 accepted 0
E: -407.1542 accepted 0
E: -423.3952 accepted 1
E: -420.4868 accepted 0
E: -409.7943 accepted 0
E: -407.6410 accepted 0
E: -417.6028 accepted 0
E: -419.8546 accepted 0
E: -405.0164 accepted 0
Runtime = 4862.134758


