[[  5.06494926   5.07055033   1.        ]
 [  6.00394467   5.06841176   1.        ]
 [  7.05445445   5.06183605   1.        ]
 [  8.06633507   5.07753644   1.        ]
 [  9.04372301   5.05343228   1.        ]
 [ 10.05933713   5.07064538   1.        ]
 [ 11.08191858   5.00128885   1.        ]
 [ 12.02368541   5.02612891   1.        ]
 [ 13.00928299   5.04449917   1.        ]
 [ 14.06508312   5.0855403    1.        ]
 [  5.08838468   6.08363703   1.        ]
 [  6.04609545   6.04951049   1.        ]
 [  7.0916345    6.09677171   1.        ]
 [  8.02712442   6.03925019   1.        ]
 [  9.03728053   6.07835448   1.        ]
 [ 10.03332809   6.05035724   1.        ]
 [ 11.04585731   6.09613271   1.        ]
 [ 12.06422848   6.01006425   1.        ]
 [ 13.07117693   6.0319523    1.        ]
 [ 14.02915995   6.07701089   1.        ]
 [  5.07342079   7.05074101   1.        ]
 [  6.05347792   7.09058165   1.        ]
 [  7.03359558   7.01023298   1.        ]
 [  8.090021     7.09006462   1.        ]
 [  9.07219287   7.04327707   1.        ]
 [ 10.07780743   7.06373298   1.        ]
 [ 11.02561563   7.02731804   1.        ]
 [ 12.03657695   7.03843928   1.        ]
 [ 13.06576493   7.05456713   1.        ]
 [ 14.04855971   7.01862103   1.        ]
 [  5.01244666   8.03843892   1.        ]
 [  6.06863149   8.0939324    1.        ]
 [  7.02697931   8.08881429   1.        ]
 [  8.03690126   8.07033644   1.        ]
 [  9.04611604   8.01361937   1.        ]
 [ 10.03094851   8.06827626   1.        ]
 [ 11.05795631   8.08637236   1.        ]
 [ 12.00972977   8.0703246    1.        ]
 [ 13.01872809   8.06317354   1.        ]
 [ 14.04854558   8.06282002   1.        ]
 [  5.07767537   9.08230962   1.        ]
 [  6.02720366   9.04567638   1.        ]
 [  7.00677403   9.05755229   1.        ]
 [  8.03626278   9.02011856   1.        ]
 [  9.03301709   9.05197823   1.        ]
 [ 10.09701712   9.03374122   1.        ]
 [ 11.01796722   9.06120499   1.        ]
 [ 12.07096596   9.00861211   1.        ]
 [ 13.01808009   9.02516495   1.        ]
 [ 14.07972255   9.02954323   1.        ]
 [  5.08298588  10.00408524   1.        ]
 [  6.09649655  10.04952067   1.        ]
 [  7.07196672  10.01543479   1.        ]
 [  8.08027362  10.05280008   1.        ]
 [  9.06410372  10.00127702   1.        ]
 [ 10.00120105  10.05154334   1.        ]
 [ 11.01331511  10.0847986    1.        ]
 [ 12.01669199  10.06312969   1.        ]
 [ 13.00844668  10.04688802   1.        ]
 [ 14.07451077  10.09645898   1.        ]
 [  5.06989942  11.02177901   1.        ]
 [  6.01603435  11.01868696   1.        ]
 [  7.02355235  11.04468008   1.        ]
 [  8.07861527  11.00781374   1.        ]
 [  9.06661588  11.07608432   1.        ]
 [ 10.00067572  11.04990524   1.        ]
 [ 11.05425021  11.06159198   1.        ]
 [ 12.06735882  11.00819252   1.        ]
 [ 13.08028807  11.09169074   1.        ]
 [ 14.02015548  11.0925117    1.        ]
 [  5.07804414  12.00276039   1.        ]
 [  6.01082488  12.05281459   1.        ]
 [  7.05939879  12.08197818   1.        ]
 [  8.07749684  12.03768418   1.        ]
 [  9.01835331  12.09453531   1.        ]
 [ 10.04824337  12.0056068    1.        ]
 [ 11.08890811  12.04659339   1.        ]
 [ 12.06743032  12.00340611   1.        ]
 [ 13.01523208  12.05444517   1.        ]
 [ 14.0401576   12.06992116   1.        ]
 [  5.04000605  13.03867141   1.        ]
 [  6.04901147  13.00907539   1.        ]
 [  7.0026319   13.04953786   1.        ]
 [  8.07254984  13.03655758   1.        ]
 [  9.04977995  13.0800799    1.        ]
 [ 10.03656118  13.05487206   1.        ]
 [ 11.04632184  13.09683576   1.        ]
 [ 12.04226682  13.00699605   1.        ]
 [ 13.0978994   13.05642306   1.        ]
 [ 14.04431846  13.04126077   1.        ]
 [  5.0741261   14.04026462   1.        ]
 [  6.08607077  14.0008166    1.        ]
 [  7.07124656  14.01876082   1.        ]
 [  8.09593864  14.01921998   1.        ]
 [  9.08329827  14.00466244   1.        ]
 [ 10.09425535  14.05984671   1.        ]
 [ 11.0563311   14.08662947   1.        ]
 [ 12.05882795  14.01944006   1.        ]
 [ 13.03771397  14.04366537   1.        ]
 [ 14.01428315  14.06990075   1.        ]]
Running basin hopping with paramerters:
PARAMETERS BEGIN

epsilon=1.000000
r0=1.660000
sigma=0.141421
PARAMETERS END


E: -313.9764 accepted 1
E: -356.5928 accepted 1
E: -390.5688 accepted 1
E: -398.0943 accepted 1
E: -408.9745 accepted 1
E: -440.5680 accepted 1
E: -442.2784 accepted 1
E: -464.5451 accepted 1
E: -451.7357 accepted 0
E: -435.7298 accepted 0
E: -454.8340 accepted 0
E: -443.9741 accepted 0
E: -450.0989 accepted 0
E: -467.8554 accepted 1
E: -457.4994 accepted 0
E: -465.9108 accepted 0
E: -464.7315 accepted 0
E: -438.3358 accepted 0
E: -458.9033 accepted 0
E: -474.7076 accepted 1
E: -453.0951 accepted 0
E: -458.2435 accepted 0
E: -472.4899 accepted 0
E: -470.3933 accepted 0
E: -471.8546 accepted 0
E: -462.0883 accepted 0
Runtime = 9605.415108


