[[  5.05405597   5.09119121   1.        ]
 [  6.06939966   5.02397021   1.        ]
 [  7.09967356   5.08425648   1.        ]
 [  8.00250878   5.07384346   1.        ]
 [  9.09187704   5.01620394   1.        ]
 [ 10.06067436   5.00803355   1.        ]
 [ 11.00090669   5.08338446   1.        ]
 [ 12.04658181   5.04700417   1.        ]
 [ 13.0315134    5.03146933   1.        ]
 [ 14.01646398   5.0267607    1.        ]
 [  5.09309522   6.00413185   1.        ]
 [  6.0007817    6.02698818   1.        ]
 [  7.07752257   6.09202441   1.        ]
 [  8.06128514   6.01656777   1.        ]
 [  9.06028772   6.00293854   1.        ]
 [ 10.04984105   6.05504508   1.        ]
 [ 11.05752554   6.00951275   1.        ]
 [ 12.0010595    6.03367687   1.        ]
 [ 13.01419656   6.00626031   1.        ]
 [ 14.00376405   6.08029242   1.        ]
 [  5.074855     7.0213819    1.        ]
 [  6.09528164   7.07691482   1.        ]
 [  7.01777919   7.0362945    1.        ]
 [  8.07718509   7.086241     1.        ]
 [  9.06880531   7.05842973   1.        ]
 [ 10.02906469   7.03352086   1.        ]
 [ 11.0158349    7.08822164   1.        ]
 [ 12.06440102   7.03043897   1.        ]
 [ 13.02502515   7.02335501   1.        ]
 [ 14.07854506   7.02369252   1.        ]
 [  5.04200034   8.00165727   1.        ]
 [  6.03933336   8.07594006   1.        ]
 [  7.05773578   8.02597523   1.        ]
 [  8.08486435   8.07565021   1.        ]
 [  9.0240552    8.00079333   1.        ]
 [ 10.02080622   8.00023811   1.        ]
 [ 11.05659084   8.02284645   1.        ]
 [ 12.06251469   8.03288431   1.        ]
 [ 13.07380307   8.0561449    1.        ]
 [ 14.02712675   8.01392509   1.        ]
 [  5.00441581   9.00819148   1.        ]
 [  6.08250584   9.04708162   1.        ]
 [  7.02652746   9.07402238   1.        ]
 [  8.03228033   9.06934746   1.        ]
 [  9.09306609   9.01264611   1.        ]
 [ 10.01304262   9.0316486    1.        ]
 [ 11.09362383   9.02199615   1.        ]
 [ 12.06800473   9.00307796   1.        ]
 [ 13.07943422   9.04383918   1.        ]
 [ 14.08845244   9.09979263   1.        ]
 [  5.0200783   10.09414989   1.        ]
 [  6.05618274  10.02523432   1.        ]
 [  7.02321585  10.0310461    1.        ]
 [  8.04866146  10.07668384   1.        ]
 [  9.02070005  10.00572536   1.        ]
 [ 10.02905506  10.00239611   1.        ]
 [ 11.04461287  10.05351156   1.        ]
 [ 12.08937893  10.08520371   1.        ]
 [ 13.00396757  10.04043778   1.        ]
 [ 14.07838265  10.06372352   1.        ]
 [  5.01868729  11.01625419   1.        ]
 [  6.06455066  11.02222158   1.        ]
 [  7.00184591  11.01899869   1.        ]
 [  8.00364314  11.08139659   1.        ]
 [  9.07150253  11.09152434   1.        ]
 [ 10.05744287  11.02537296   1.        ]
 [ 11.09940059  11.08660884   1.        ]
 [ 12.0826752   11.00968481   1.        ]
 [ 13.02687349  11.09100421   1.        ]
 [ 14.03869138  11.03122034   1.        ]
 [  5.05186908  12.09555313   1.        ]
 [  6.05893595  12.01522666   1.        ]
 [  7.08538028  12.02940599   1.        ]
 [  8.04938467  12.07266941   1.        ]
 [  9.08832661  12.09619339   1.        ]
 [ 10.08867949  12.03847858   1.        ]
 [ 11.02957679  12.02851389   1.        ]
 [ 12.06991682  12.03680846   1.        ]
 [ 13.06138025  12.034584     1.        ]
 [ 14.08668488  12.09654835   1.        ]
 [  5.02766413  13.01527634   1.        ]
 [  6.07585886  13.03402031   1.        ]
 [  7.04695037  13.07132525   1.        ]
 [  8.07013613  13.09671504   1.        ]
 [  9.01101785  13.03039931   1.        ]
 [ 10.02393253  13.05400484   1.        ]
 [ 11.04523701  13.07913561   1.        ]
 [ 12.03692659  13.05823403   1.        ]
 [ 13.01598546  13.09754758   1.        ]
 [ 14.01796712  13.01424961   1.        ]
 [  5.05110765  14.08291529   1.        ]
 [  6.06523146  14.0891862    1.        ]
 [  7.04779898  14.04408508   1.        ]
 [  8.01117775  14.09687595   1.        ]
 [  9.08540081  14.07239344   1.        ]
 [ 10.09140337  14.07167065   1.        ]
 [ 11.07869531  14.07246787   1.        ]
 [ 12.00112222  14.04968388   1.        ]
 [ 13.01034331  14.03748658   1.        ]
 [ 14.04264667  14.02744034   1.        ]]
Running basin hopping with paramerters:
PARAMETERS BEGIN

epsilon=1.000000
r0=1.900000
sigma=0.141421
PARAMETERS END


E: -436.4192 accepted 1
E: -506.1057 accepted 1
E: -529.0308 accepted 1
E: -534.1277 accepted 1
E: -541.8923 accepted 1
E: -561.0804 accepted 1
E: -560.7141 accepted 1
E: -562.0725 accepted 1
E: -552.8129 accepted 0
E: -553.0598 accepted 0
E: -543.2438 accepted 0
E: -565.5662 accepted 1
E: -564.5276 accepted 0
E: -556.3708 accepted 0
E: -566.0135 accepted 1
E: -561.8055 accepted 0
E: -559.5560 accepted 0
E: -554.6868 accepted 0
E: -558.1202 accepted 0
E: -570.2085 accepted 1
E: -570.4694 accepted 1
E: -562.1749 accepted 0
E: -550.4420 accepted 0
E: -573.9151 accepted 1
E: 370737.4313 accepted 0
E: -563.0001 accepted 0
E: -567.4033 accepted 0
E: -559.9258 accepted 0
E: -553.3049 accepted 0
E: -557.7725 accepted 0
Runtime = 4108.086476


