[[  5.00887303   5.09287614   1.        ]
 [  6.04353978   5.03469042   1.        ]
 [  7.0762635    5.02543972   1.        ]
 [  8.0342946    5.02952265   1.        ]
 [  9.09861576   5.08915718   1.        ]
 [ 10.05943449   5.02365628   1.        ]
 [ 11.06549588   5.08463467   1.        ]
 [ 12.03214113   5.09911488   1.        ]
 [ 13.09472185   5.00636236   1.        ]
 [ 14.00496706   5.06264115   1.        ]
 [  5.01077527   6.0036986    1.        ]
 [  6.029192     6.07695948   1.        ]
 [  7.05776571   6.00624378   1.        ]
 [  8.06395724   6.06565324   1.        ]
 [  9.02006281   6.09174608   1.        ]
 [ 10.05041699   6.00853513   1.        ]
 [ 11.05407517   6.07202262   1.        ]
 [ 12.08434448   6.00431382   1.        ]
 [ 13.05612942   6.03305703   1.        ]
 [ 14.08244148   6.03232261   1.        ]
 [  5.0243739    7.02974005   1.        ]
 [  6.0463037    7.09471265   1.        ]
 [  7.06570482   7.09512532   1.        ]
 [  8.03411754   7.01657629   1.        ]
 [  9.07335647   7.04483783   1.        ]
 [ 10.04801512   7.05147983   1.        ]
 [ 11.09526784   7.08620826   1.        ]
 [ 12.09614381   7.06169874   1.        ]
 [ 13.09941814   7.03196877   1.        ]
 [ 14.08789085   7.0663083    1.        ]
 [  5.08850472   8.06771035   1.        ]
 [  6.08466082   8.08953572   1.        ]
 [  7.06569124   8.05895975   1.        ]
 [  8.05598171   8.02037596   1.        ]
 [  9.0897382    8.07525608   1.        ]
 [ 10.01819905   8.01565623   1.        ]
 [ 11.03890133   8.00734219   1.        ]
 [ 12.06179567   8.02293059   1.        ]
 [ 13.01842439   8.01262521   1.        ]
 [ 14.06438155   8.03745319   1.        ]
 [  5.00697136   9.01846599   1.        ]
 [  6.01972693   9.04337887   1.        ]
 [  7.0584676    9.04342524   1.        ]
 [  8.05310298   9.05106892   1.        ]
 [  9.01517758   9.04693136   1.        ]
 [ 10.02238016   9.01751839   1.        ]
 [ 11.00163849   9.0868075    1.        ]
 [ 12.0503252    9.00938771   1.        ]
 [ 13.03833858   9.0956065    1.        ]
 [ 14.00042001   9.01331048   1.        ]
 [  5.07723843  10.04883025   1.        ]
 [  6.08618152  10.01484006   1.        ]
 [  7.08717775  10.06285972   1.        ]
 [  8.04705941  10.02358573   1.        ]
 [  9.0752193   10.00472318   1.        ]
 [ 10.08126825  10.07428437   1.        ]
 [ 11.09208357  10.05631049   1.        ]
 [ 12.01340723  10.09795587   1.        ]
 [ 13.06575913  10.04122878   1.        ]
 [ 14.04904247  10.0221077    1.        ]
 [  5.00704368  11.08397613   1.        ]
 [  6.05486395  11.05551129   1.        ]
 [  7.00027124  11.0431364    1.        ]
 [  8.05306138  11.06981563   1.        ]
 [  9.07079549  11.06979377   1.        ]
 [ 10.02255077  11.01503902   1.        ]
 [ 11.01305812  11.06947227   1.        ]
 [ 12.04239984  11.07149057   1.        ]
 [ 13.00680698  11.02161574   1.        ]
 [ 14.06188365  11.08418393   1.        ]
 [  5.03261251  12.03117962   1.        ]
 [  6.03684351  12.0207377    1.        ]
 [  7.06029466  12.02324117   1.        ]
 [  8.01335515  12.03524858   1.        ]
 [  9.0310192   12.02313195   1.        ]
 [ 10.04366446  12.07053946   1.        ]
 [ 11.04939419  12.03581062   1.        ]
 [ 12.05898596  12.03535721   1.        ]
 [ 13.08176038  12.04626621   1.        ]
 [ 14.03942414  12.05884376   1.        ]
 [  5.02621807  13.07377144   1.        ]
 [  6.01219665  13.02732823   1.        ]
 [  7.03102076  13.06422902   1.        ]
 [  8.08358402  13.08828245   1.        ]
 [  9.07480485  13.05930727   1.        ]
 [ 10.09922156  13.00497024   1.        ]
 [ 11.06162135  13.03098783   1.        ]
 [ 12.01613996  13.06708435   1.        ]
 [ 13.06456783  13.03630194   1.        ]
 [ 14.01279387  13.06888708   1.        ]
 [  5.01666107  14.03041313   1.        ]
 [  6.05224591  14.0995759    1.        ]
 [  7.00519203  14.03638169   1.        ]
 [  8.03007941  14.07847017   1.        ]
 [  9.00734342  14.08396573   1.        ]
 [ 10.03445559  14.04195479   1.        ]
 [ 11.09673938  14.03329103   1.        ]
 [ 12.04854478  14.00818698   1.        ]
 [ 13.08301115  14.09468627   1.        ]
 [ 14.07201953  14.08524645   1.        ]]
Running basin hopping with paramerters:
PARAMETERS BEGIN

epsilon=1.000000
r0=2.060000
sigma=0.141421
PARAMETERS END


E: -363.5027 accepted 1
E: -402.7319 accepted 1
E: -433.6569 accepted 1
E: -436.7266 accepted 1
E: -475.9825 accepted 1
E: -494.4585 accepted 1
E: -483.5560 accepted 0
E: -481.0273 accepted 0
E: -490.9512 accepted 0
E: -497.6379 accepted 1
E: -495.9672 accepted 0
E: -500.5321 accepted 1
E: -519.4638 accepted 1
E: -508.8568 accepted 0
E: -505.1324 accepted 0
E: -500.8119 accepted 0
E: -521.7604 accepted 1
E: -509.2539 accepted 0
E: -507.3077 accepted 0
E: -503.3063 accepted 0
E: -509.2711 accepted 0
E: -517.9371 accepted 0
E: -519.5142 accepted 0
Runtime = 5682.317991


