[[  5.02812313   5.06248526   1.        ]
 [  6.09487709   5.08368058   1.        ]
 [  7.06116391   5.00591271   1.        ]
 [  8.0505031    5.03375028   1.        ]
 [  9.04481192   5.02347308   1.        ]
 [ 10.09236316   5.0917221    1.        ]
 [ 11.06716723   5.02963513   1.        ]
 [ 12.05874539   5.00220442   1.        ]
 [ 13.00716624   5.07135718   1.        ]
 [ 14.0775811    5.07918538   1.        ]
 [  5.0834275    6.06629098   1.        ]
 [  6.01446555   6.0462689    1.        ]
 [  7.02245178   6.04370566   1.        ]
 [  8.09623471   6.02045287   1.        ]
 [  9.07763189   6.02280911   1.        ]
 [ 10.07695686   6.02843944   1.        ]
 [ 11.05561099   6.04592792   1.        ]
 [ 12.04878477   6.04686508   1.        ]
 [ 13.03460424   6.02592454   1.        ]
 [ 14.0433669    6.08847395   1.        ]
 [  5.03641581   7.09720279   1.        ]
 [  6.02788481   7.00991772   1.        ]
 [  7.00623622   7.04190203   1.        ]
 [  8.07370195   7.05125232   1.        ]
 [  9.03441952   7.06271981   1.        ]
 [ 10.03948031   7.00256336   1.        ]
 [ 11.02321142   7.04260189   1.        ]
 [ 12.0385031    7.08178492   1.        ]
 [ 13.05865635   7.0672528    1.        ]
 [ 14.0338819    7.07394045   1.        ]
 [  5.03060678   8.01162013   1.        ]
 [  6.0737003    8.00194526   1.        ]
 [  7.01572321   8.01536482   1.        ]
 [  8.06412129   8.0684013    1.        ]
 [  9.00357588   8.07056167   1.        ]
 [ 10.06232059   8.00539924   1.        ]
 [ 11.05739877   8.07588125   1.        ]
 [ 12.01359351   8.06609793   1.        ]
 [ 13.05835001   8.06981976   1.        ]
 [ 14.08375509   8.0034973    1.        ]
 [  5.04451298   9.06100395   1.        ]
 [  6.01891732   9.0375506    1.        ]
 [  7.01444117   9.09026078   1.        ]
 [  8.04809833   9.03796382   1.        ]
 [  9.05414815   9.00979439   1.        ]
 [ 10.03262037   9.08596016   1.        ]
 [ 11.08685848   9.04858298   1.        ]
 [ 12.01767854   9.07787272   1.        ]
 [ 13.00131442   9.01072578   1.        ]
 [ 14.08669926   9.04227109   1.        ]
 [  5.00364159  10.0653565    1.        ]
 [  6.04660398  10.06917769   1.        ]
 [  7.07459626  10.07488709   1.        ]
 [  8.06180809  10.03199355   1.        ]
 [  9.01063518  10.00780613   1.        ]
 [ 10.00817955  10.04658444   1.        ]
 [ 11.069407    10.05054297   1.        ]
 [ 12.01735209  10.0451509    1.        ]
 [ 13.00113285  10.08616325   1.        ]
 [ 14.00624705  10.03407649   1.        ]
 [  5.04401791  11.04535093   1.        ]
 [  6.0550486   11.02065911   1.        ]
 [  7.0888244   11.03235204   1.        ]
 [  8.02559273  11.04718607   1.        ]
 [  9.00603252  11.01680244   1.        ]
 [ 10.0739316   11.00674982   1.        ]
 [ 11.04455775  11.00221568   1.        ]
 [ 12.0225457   11.08638016   1.        ]
 [ 13.09065553  11.06359603   1.        ]
 [ 14.09879849  11.08891676   1.        ]
 [  5.03850777  12.06471828   1.        ]
 [  6.04602897  12.03394359   1.        ]
 [  7.04235583  12.02495143   1.        ]
 [  8.07048567  12.0182122    1.        ]
 [  9.03077504  12.00233904   1.        ]
 [ 10.07563349  12.0652197    1.        ]
 [ 11.01124594  12.07547343   1.        ]
 [ 12.02873267  12.07875933   1.        ]
 [ 13.0976063   12.01995898   1.        ]
 [ 14.09324371  12.05593022   1.        ]
 [  5.01540004  13.08345873   1.        ]
 [  6.06418886  13.061315     1.        ]
 [  7.05503472  13.01798032   1.        ]
 [  8.00395438  13.00068933   1.        ]
 [  9.05138559  13.04846566   1.        ]
 [ 10.00963307  13.00532331   1.        ]
 [ 11.02514962  13.05553107   1.        ]
 [ 12.09633238  13.06431764   1.        ]
 [ 13.09116364  13.01622719   1.        ]
 [ 14.06425337  13.03591711   1.        ]
 [  5.09664138  14.07105095   1.        ]
 [  6.04010271  14.08239476   1.        ]
 [  7.06455584  14.09491608   1.        ]
 [  8.0452317   14.04086878   1.        ]
 [  9.05265683  14.08153051   1.        ]
 [ 10.08198287  14.05430746   1.        ]
 [ 11.03671928  14.03478411   1.        ]
 [ 12.04249012  14.00502421   1.        ]
 [ 13.05874818  14.02092693   1.        ]
 [ 14.08883114  14.08718704   1.        ]]
Running basin hopping with paramerters:
PARAMETERS BEGIN

epsilon=1.450000
r0=1.100000
sigma=0.141421
PARAMETERS END


E: -522.2005 accepted 1
E: -515.5983 accepted 0
E: -543.0279 accepted 1
E: -540.2315 accepted 0
E: -529.8098 accepted 0
E: -562.4142 accepted 1
E: -557.7343 accepted 0
E: -565.4564 accepted 1
E: -563.3996 accepted 0
E: -568.1195 accepted 1
E: -572.6245 accepted 1
E: -574.9790 accepted 1
E: -552.7686 accepted 0
E: -574.7680 accepted 1
E: -567.5159 accepted 0
E: -574.7680 accepted 1
E: -582.3416 accepted 1
E: -580.0160 accepted 0
E: -568.0979 accepted 0
E: -579.9778 accepted 0
E: -569.2300 accepted 0
E: -570.6871 accepted 0
E: -577.5549 accepted 0
Runtime = 4529.964199


