[[  5.07006072   5.02725208   1.        ]
 [  6.09395064   5.05993045   1.        ]
 [  7.00201596   5.05077737   1.        ]
 [  8.07778062   5.09244893   1.        ]
 [  9.04322773   5.04037291   1.        ]
 [ 10.06784746   5.03727086   1.        ]
 [ 11.0578852    5.02683078   1.        ]
 [ 12.00801712   5.0654655    1.        ]
 [ 13.06687648   5.02206918   1.        ]
 [ 14.03527596   5.09886485   1.        ]
 [  5.00706701   6.03093902   1.        ]
 [  6.084999     6.04146336   1.        ]
 [  7.09710776   6.08407844   1.        ]
 [  8.08935678   6.03250865   1.        ]
 [  9.03026562   6.01672595   1.        ]
 [ 10.07133277   6.05186743   1.        ]
 [ 11.06816577   6.04248608   1.        ]
 [ 12.05355911   6.03209342   1.        ]
 [ 13.02928838   6.00493711   1.        ]
 [ 14.0944227    6.07212324   1.        ]
 [  5.07521799   7.00293901   1.        ]
 [  6.06076606   7.0267802    1.        ]
 [  7.09684144   7.00678006   1.        ]
 [  8.00979813   7.04465821   1.        ]
 [  9.04590995   7.08781258   1.        ]
 [ 10.03421301   7.03687607   1.        ]
 [ 11.035547     7.01098133   1.        ]
 [ 12.05670012   7.08056715   1.        ]
 [ 13.05834223   7.07999339   1.        ]
 [ 14.08782027   7.06561333   1.        ]
 [  5.01096514   8.07551889   1.        ]
 [  6.03171861   8.05274225   1.        ]
 [  7.06431864   8.02387627   1.        ]
 [  8.03986011   8.07941708   1.        ]
 [  9.0631671    8.04679196   1.        ]
 [ 10.07957939   8.09756295   1.        ]
 [ 11.09687241   8.04878962   1.        ]
 [ 12.07252912   8.05838651   1.        ]
 [ 13.01802914   8.00104307   1.        ]
 [ 14.02645106   8.02322988   1.        ]
 [  5.07199073   9.09148498   1.        ]
 [  6.07727211   9.00544478   1.        ]
 [  7.05184966   9.00531443   1.        ]
 [  8.04957492   9.0341206    1.        ]
 [  9.02146713   9.01785525   1.        ]
 [ 10.08382309   9.05594574   1.        ]
 [ 11.08548943   9.02692168   1.        ]
 [ 12.01085139   9.06217003   1.        ]
 [ 13.06775793   9.01059607   1.        ]
 [ 14.09031698   9.03905074   1.        ]
 [  5.07479252  10.09408758   1.        ]
 [  6.00136477  10.01288077   1.        ]
 [  7.03742362  10.06514366   1.        ]
 [  8.05681156  10.07594894   1.        ]
 [  9.08935731  10.06994274   1.        ]
 [ 10.03230607  10.00521628   1.        ]
 [ 11.09899876  10.00922684   1.        ]
 [ 12.00796631  10.0391559    1.        ]
 [ 13.08625496  10.06886256   1.        ]
 [ 14.05594203  10.06900928   1.        ]
 [  5.08738669  11.07988337   1.        ]
 [  6.05355651  11.01004761   1.        ]
 [  7.05193591  11.07779562   1.        ]
 [  8.0574354   11.04206734   1.        ]
 [  9.0915867   11.01558253   1.        ]
 [ 10.00772018  11.05908247   1.        ]
 [ 11.07497149  11.03763338   1.        ]
 [ 12.05238452  11.06723405   1.        ]
 [ 13.06010482  11.05741983   1.        ]
 [ 14.00550569  11.0868022    1.        ]
 [  5.05137013  12.01747681   1.        ]
 [  6.05364656  12.03892314   1.        ]
 [  7.09367152  12.07634682   1.        ]
 [  8.09907955  12.06217703   1.        ]
 [  9.03544255  12.04652897   1.        ]
 [ 10.06914502  12.09968765   1.        ]
 [ 11.02011733  12.00899765   1.        ]
 [ 12.00398579  12.01120997   1.        ]
 [ 13.07314965  12.01264437   1.        ]
 [ 14.05384838  12.06776134   1.        ]
 [  5.00065106  13.09929923   1.        ]
 [  6.05273003  13.0966357    1.        ]
 [  7.05889876  13.05182079   1.        ]
 [  8.0075177   13.01090352   1.        ]
 [  9.08713918  13.08049402   1.        ]
 [ 10.08837641  13.07138055   1.        ]
 [ 11.03413558  13.06081079   1.        ]
 [ 12.04607894  13.04386257   1.        ]
 [ 13.07589434  13.0972951    1.        ]
 [ 14.04402225  13.09633531   1.        ]
 [  5.05349268  14.09828861   1.        ]
 [  6.07902323  14.09596106   1.        ]
 [  7.00676829  14.0453703    1.        ]
 [  8.04992615  14.01694312   1.        ]
 [  9.09766895  14.00501831   1.        ]
 [ 10.06829461  14.0644477    1.        ]
 [ 11.06683167  14.08713512   1.        ]
 [ 12.02798048  14.01592476   1.        ]
 [ 13.07210474  14.05659052   1.        ]
 [ 14.05463027  14.04291818   1.        ]]
Running basin hopping with paramerters:
PARAMETERS BEGIN

epsilon=1.450000
r0=1.400000
sigma=0.141421
PARAMETERS END


E: -363.4849 accepted 1
E: -358.1739 accepted 0
E: -371.1005 accepted 1
E: -387.4980 accepted 1
E: -386.5516 accepted 0
E: -378.8946 accepted 0
E: -377.0468 accepted 0
E: -386.9831 accepted 0
E: -382.2786 accepted 0
E: -368.7190 accepted 0
Runtime = 3157.270093


